
       ==============================================
       |                                            |
       |                 C R E S T                  |
       |                                            |
       |  Conformer-Rotamer Ensemble Sampling Tool  |
       |          based on the GFN methods          |
       |             P.Pracht, S.Grimme             |
       |          Universitaet Bonn, MCTC           |
       ==============================================
       Version 2.12,   Thu 19. Mai 16:32:32 CEST 2022
  Using the xTB program. Compatible with xTB version 6.4.0

   Cite work conducted with this code as

   • P.Pracht, F.Bohle, S.Grimme, PCCP, 2020, 22, 7169-7192.
   • S.Grimme, JCTC, 2019, 15, 2847-2862.

   and for works involving QCG as

   • S.Spicher, C.Plett, P.Pracht, A.Hansen, S.Grimme,
     JCTC, 2022, 18 (5), 3174-3189.

   with help from:
   C.Bannwarth, F.Bohle, S.Ehlert, S.Grimme,
   C.Plett, P.Pracht, S.Spicher

   This program is distributed in the hope that it will be useful,
   but WITHOUT ANY WARRANTY; without even the implied warranty of
   MERCHANTABILITY or FITNESS FOR A PARTICULAR PURPOSE.

 Command line input:
 > crest xtbopt.xyz --gfn2//gfnff --chrg 1 --uhf 0 --nci --cbonds -T 128

  -gfn2//gfnff : energy reweighting
  --chrg 1
  --uhf 0
  --nci  : Special NCI mode for non-covalently bound complexes or clusters.
  -T 128 (CPUs/Threads selected)
  Automatically generated ellipsoide potential for NCI mode:
> $wall
>   potential=polynomial
>   ellipsoid: 65.744005890551591, 33.393790376300259, 32.988170423110581, all


 -------------------------
 xTB Geometry Optimization
 -------------------------
 Geometry successfully optimized.

------------------------------------------------
Generating MTD length from a flexibility measure
------------------------------------------------
 System flexiblity is set to 1.0 for NCI mode
 flexibility measure :   1.000
 t(MTD) / ps    :    19.0
 Σ(t(MTD)) / ps :   114.0 (6 MTDs)

-------------------------------------
Starting a trial MTD to test settings
-------------------------------------
 Estimated runtime for one MTD (19.0 ps) on a single thread: 51 min 41 sec
 Estimated runtime for a batch of 6 MTDs on 128 threads: 2 min 28 sec

 list of Vbias parameters applied:
$metadyn    0.00100   1.000
$metadyn    0.00050   1.000
$metadyn    0.00100   0.500
$metadyn    0.00050   0.500
$metadyn    0.00100   0.250
$metadyn    0.00050   0.250

*******************************************************************************************
**                        N E W    I T E R A T I O N    C Y C L E                        **
*******************************************************************************************

========================================
            MTD Iteration  1
========================================

     ========================================
     |         Meta-MD (MTD) Sampling       |
     ========================================

Starting Meta-MD   1 with the settings:
     MD time /ps        :    19.0
     dt /fs             :     2.0
     dumpstep(trj) /fs  :     100
     dumpstep(Vbias)/ps :     1.0
     Vbias factor k /Eh :  0.0390
     Vbias exp α /bohr⁻²:    1.00
Starting Meta-MD   2 with the settings:
     MD time /ps        :    19.0
     dt /fs             :     2.0
     dumpstep(trj) /fs  :     100
     dumpstep(Vbias)/ps :     1.0
     Vbias factor k /Eh :  0.0195
     Vbias exp α /bohr⁻²:    1.00
Starting Meta-MD   6 with the settings:
     MD time /ps        :    19.0
     dt /fs             :     2.0
     dumpstep(trj) /fs  :     100
     dumpstep(Vbias)/ps :     1.0
     Vbias factor k /Eh :  0.0195
     Vbias exp α /bohr⁻²:    0.25
Starting Meta-MD   3 with the settings:
     MD time /ps        :    19.0
     dt /fs             :     2.0
     dumpstep(trj) /fs  :     100
     dumpstep(Vbias)/ps :     1.0
     Vbias factor k /Eh :  0.0390
     Vbias exp α /bohr⁻²:    0.50
Starting Meta-MD   4 with the settings:
     MD time /ps        :    19.0
     dt /fs             :     2.0
     dumpstep(trj) /fs  :     100
     dumpstep(Vbias)/ps :     1.0
     Vbias factor k /Eh :  0.0195
     Vbias exp α /bohr⁻²:    0.50
Starting Meta-MD   5 with the settings:
     MD time /ps        :    19.0
     dt /fs             :     2.0
     dumpstep(trj) /fs  :     100
     dumpstep(Vbias)/ps :     1.0
     Vbias factor k /Eh :  0.0390
     Vbias exp α /bohr⁻²:    0.25
*Meta-MTD 5 finished*
*Meta-MTD 1 finished*
*Meta-MTD 3 finished*
*Meta-MTD 4 finished*
*Meta-MTD 2 finished*
*Meta-MTD 6 finished*

-----------------------
Multilevel Optimization
-----------------------

 -------------------------
 1. crude pre-optimization
 -------------------------
 Optimizing all 1134 structures from file "crest_rotamers_0.xyz" ...
 1 2 3 4 5 6 7 8 9 10 11 12 13 14 15 16 17 18 19 20 21 22 23 24 25 26 27 28 29 30 31 32 33 34 35 36 37 38 39 40 41 42 43 44 45 46 47 48 49 50 51 52 53 54 55 56 57 58 59 60 61 62 63 64 65 66 67 68 69 70 71 72 73 74 75 76 77 78 79 80 81 82 83 84 85 86 87 88 89 90 91 92 93 94 95 96 97 98 99 100 101 102 103 104 105 106 107 108 109 110 111 112 113 114 115 116 117 118 119 120 121 122 123 124 125 126 127 128 129 130 131 132 133 134 135 136 137 138 139 140 141 142 143 144 145 146 147 148 149 150 151 152 153 154 155 156 157 158 159 160 161 162 163 164 165 166 167 168 169 170 171 172 173 174 175 176 177 178 179 180 181 182 183 184 185 186 187 188 189 190 191 192 193 194 195 196 197 198 199 200 201 202 203 204 205 206 207 208 209 210 211 212 213 214 215 216 217 218 219 220 221 222 223 224 225 226 227 228 229 230 231 232 233 234 235 236 237 238 239 240 241 242 243 244 245 246 247 248 249 250 251 252 253 254 255 256 257 258 259 260 261 262 263 264 265 266 267 268 269 270 271 272 273 274 275 276 277 278 279 280 281 282 283 284 285 286 287 288 289 290 291 292 293 294 295 296 297 298 299 300 301 302 303 304 305 306 307 308 309 310 311 312 313 314 315 316 317 318 319 320 321 322 323 324 325 326 327 328 329 330 331 332 333 334 335 336 337 338 339 340 341 342 343 344 345 346 347 348 349 350 351 352 353 354 355 356 357 358 359 360 361 362 363 364 365 366 367 368 369 370 371 372 373 374 375 376 377 378 379 380 381 382 383 384 385 386 387 388 389 390 391 392 393 394 395 396 397 398 399 400 401 402 403 404 405 406 407 408 409 410 411 412 413 414 415 416 417 418 419 420 421 422 423 424 425 426 427 428 429 430 431 432 433 434 435 436 437 438 439 440 441 442 443 444 445 446 447 448 449 450 451 452 453 454 455 456 457 458 459 460 461 462 463 464 465 466 467 468 469 470 471 472 473 474 475 476 477 478 479 480 481 482 483 484 485 486 487 488 489 490 491 492 493 494 495 496 497 498 499 500 501 502 503 504 505 506 507 508 509 510 511 512 513 514 515 516 517 518 519 520 521 522 523 524 525 526 527 528 529 530 531 532 533 534 535 536 537 538 539 540 541 542 543 544 545 546 547 548 549 550 551 552 553 554 555 556 557 558 559 560 561 562 563 564 565 566 567 568 569 570 571 572 573 574 575 576 577 578 579 580 581 582 583 584 585 586 587 588 589 590 591 592 593 594 595 596 597 598 599 600 601 602 603 604 605 606 607 608 609 610 611 612 613 614 615 616 617 618 619 620 621 622 623 624 625 626 627 628 629 630 631 632 633 634 635 636 637 638 639 640 641 642 643 644 645 646 647 648 649 650 651 652 653 654 655 656 657 658 659 660 661 662 663 664 665 666 667 668 669 670 671 672 673 674 675 676 677 678 679 680 681 682 683 684 685 686 687 688 689 690 691 692 693 694 695 696 697 698 699 700 701 702 703 704 705 706 707 708 709 710 711 712 713 714 715 716 717 718 719 720 721 722 723 724 725 726 727 728 729 730 731 732 733 734 735 736 737 738 739 740 741 742 743 744 745 746 747 748 749 750 751 752 753 754 755 756 757 758 759 760 761 762 763 764 765 766 767 768 769 770 771 772 773 774 775 776 777 778 779 780 781 782 783 784 785 786 787 788 789 790 791 792 793 794 795 796 797 798 799 800 801 802 803 804 805 806 807 808 809 810 811 812 813 814 815 816 817 818 819 820 821 822 823 824 825 826 827 828 829 830 831 832 833 834 835 836 837 838 839 840 841 842 843 844 845 846 847 848 849 850 851 852 853 854 855 856 857 858 859 860 861 862 863 864 865 866 867 868 869 870 871 872 873 874 875 876 877 878 879 880 881 882 883 884 885 886 887 888 889 890 891 892 893 894 895 896 897 898 899 900 901 902 903 904 905 906 907 908 909 910 911 912 913 914 915 916 917 918 919 920 921 922 923 924 925 926 927 928 929 930 931 932 933 934 935 936 937 938 939 940 941 942 943 944 945 946 947 948 949 950 951 952 953 954 955 956 957 958 959 960 961 962 963 964 965 966 967 968 969 970 971 972 973 974 975 976 977 978 979 980 981 982 983 984 985 986 987 988 989 990 991 992 993 994 995 996 997 998 999 1000 1001 1002 1003 1004 1005 1006 1007 1008 1009 1010 1011 1012 1013 1014 1015 1016 1017 1018 1019 1020 1021 1022 1023 1024 1025 1026 1027 1028 1029 1030 1031 1032 1033 1034 1035 1036 1037 1038 1039 1040 1041 1042 1043 1044 1045 1046 1047 1048 1049 1050 1051 1052 1053 1054 1055 1056 1057 1058 1059 1060 1061 1062 1063 1064 1065 1066 1067 1068 1069 1070 1071 1072 1073 1074 1075 1076 1077 1078 1079 1080 1081 1082 1083 1084 1085 1086 1087 1088 1089 1090 1091 1092 1093 1094 1095 1096 1097 1098 1099 1100 1101 1102 1103 1104 1105 1106 1107 1108 1109 1110 1111 1112 1113 1114 1115 1116 1117 1118 1119 1120 1121 1122 1123 1124 1125 1126 1127 1128 1129 1130 1131 1132 1133 1134
 done.
 running RMSDs...
 done.
 E lowest :   -62.15224
 1081 structures remain within    12.00 kcal/mol window

 -------------------------------------
 2. optimization with tight thresholds
 -------------------------------------
 Optimizing all 1082 structures from file "crest_rotamers_1.xyz" ...
 1 2 3 4 5 6 7 8 9 10 11 12 13 14 15 16 17 18 19 20 21 22 23 24 25 26 27 28 29 30 31 32 33 34 35 36 37 38 39 40 41 42 43 44 45 46 47 48 49 50 51 52 53 54 55 56 57 58 59 60 61 62 63 64 65 66 67 68 69 70 71 72 73 74 75 76 77 78 79 80 81 82 83 84 85 86 87 88 89 90 91 92 93 94 95 96 97 98 99 100 101 102 103 104 105 106 107 108 109 110 111 112 113 114 115 116 117 118 119 120 121 122 123 124 125 126 127 128 129 130 131 132 133 134 135 136 137 138 139 140 141 142 143 144 145 146 147 148 149 150 151 152 153 154 155 156 157 158 159 160 161 162 163 164 165 166 167 168 169 170 171 172 173 174 175 176 177 178 179 180 181 182 183 184 185 186 187 188 189 190 191 192 193 194 195 196 197 198 199 200 201 202 203 204 205 206 207 208 209 210 211 212 213 214 215 216 217 218 219 220 221 222 223 224 225 226 227 228 229 230 231 232 233 234 235 236 237 238 239 240 241 242 243 244 245 246 247 248 249 250 251 252 253 254 255 256 257 258 259 260 261 262 263 264 265 266 267 268 269 270 271 272 273 274 275 276 277 278 279 280 281 282 283 284 285 286 287 288 289 290 291 292 293 294 295 296 297 298 299 300 301 302 303 304 305 306 307 308 309 310 311 312 313 314 315 316 317 318 319 320 321 322 323 324 325 326 327 328 329 330 331 332 333 334 335 336 337 338 339 340 341 342 343 344 345 346 347 348 349 350 351 352 353 354 355 356 357 358 359 360 361 362 363 364 365 366 367 368 369 370 371 372 373 374 375 376 377 378 379 380 381 382 383 384 385 386 387 388 389 390 391 392 393 394 395 396 397 398 399 400 401 402 403 404 405 406 407 408 409 410 411 412 413 414 415 416 417 418 419 420 421 422 423 424 425 426 427 428 429 430 431 432 433 434 435 436 437 438 439 440 441 442 443 444 445 446 447 448 449 450 451 452 453 454 455 456 457 458 459 460 461 462 463 464 465 466 467 468 469 470 471 472 473 474 475 476 477 478 479 480 481 482 483 484 485 486 487 488 489 490 491 492 493 494 495 496 497 498 499 500 501 502 503 504 505 506 507 508 509 510 511 512 513 514 515 516 517 518 519 520 521 522 523 524 525 526 527 528 529 530 531 532 533 534 535 536 537 538 539 540 541 542 543 544 545 546 547 548 549 550 551 552 553 554 555 556 557 558 559 560 561 562 563 564 565 566 567 568 569 570 571 572 573 574 575 576 577 578 579 580 581 582 583 584 585 586 587 588 589 590 591 592 593 594 595 596 597 598 599 600 601 602 603 604 605 606 607 608 609 610 611 612 613 614 615 616 617 618 619 620 621 622 623 624 625 626 627 628 629 630 631 632 633 634 635 636 637 638 639 640 641 642 643 644 645 646 647 648 649 650 651 652 653 654 655 656 657 658 659 660 661 662 663 664 665 666 667 668 669 670 671 672 673 674 675 676 677 678 679 680 681 682 683 684 685 686 687 688 689 690 691 692 693 694 695 696 697 698 699 700 701 702 703 704 705 706 707 708 709 710 711 712 713 714 715 716 717 718 719 720 721 722 723 724 725 726 727 728 729 730 731 732 733 734 735 736 737 738 739 740 741 742 743 744 745 746 747 748 749 750 751 752 753 754 755 756 757 758 759 760 761 762 763 764 765 766 767 768 769 770 771 772 773 774 775 776 777 778 779 780 781 782 783 784 785 786 787 788 789 790 791 792 793 794 795 796 797 798 799 800 801 802 803 804 805 806 807 808 809 810 811 812 813 814 815 816 817 818 819 820 821 822 823 824 825 826 827 828 829 830 831 832 833 834 835 836 837 838 839 840 841 842 843 844 845 846 847 848 849 850 851 852 853 854 855 856 857 858 859 860 861 862 863 864 865 866 867 868 869 870 871 872 873 874 875 876 877 878 879 880 881 882 883 884 885 886 887 888 889 890 891 892 893 894 895 896 897 898 899 900 901 902 903 904 905 906 907 908 909 910 911 912 913 914 915 916 917 918 919 920 921 922 923 924 925 926 927 928 929 930 931 932 933 934 935 936 937 938 939 940 941 942 943 944 945 946 947 948 949 950 951 952 953 954 955 956 957 958 959 960 961 962 963 964 965 966 967 968 969 970 971 972 973 974 975 976 977 978 979 980 981 982 983 984 985 986 987 988 989 990 991 992 993 994 995 996 997 998 999 1000 1001 1002 1003 1004 1005 1006 1007 1008 1009 1010 1011 1012 1013 1014 1015 1016 1017 1018 1019 1020 1021 1022 1023 1024 1025 1026 1027 1028 1029 1030 1031 1032 1033 1034 1035 1036 1037 1038 1039 1040 1041 1042 1043 1044 1045 1046 1047 1048 1049 1050 1051 1052 1053 1054 1055 1056 1057 1058 1059 1060 1061 1062 1063 1064 1065 1066 1067 1068 1069 1070 1071 1072 1073 1074 1075 1076 1077 1078 1079 1080 1081 1082
 done.
 running RMSDs...
 done.
 E lowest :   -62.15249
 332 structures remain within     6.00 kcal/mol window


========================================
            MTD Iteration  2
========================================

     ========================================
     |         Meta-MD (MTD) Sampling       |
     ========================================

Starting Meta-MD   1 with the settings:
     MD time /ps        :    19.0
     dt /fs             :     2.0
     dumpstep(trj) /fs  :     100
     dumpstep(Vbias)/ps :     1.0
     Vbias factor k /Eh :  0.0390
     Vbias exp α /bohr⁻²:    1.00
Starting Meta-MD   2 with the settings:
     MD time /ps        :    19.0
     dt /fs             :     2.0
     dumpstep(trj) /fs  :     100
     dumpstep(Vbias)/ps :     1.0
     Vbias factor k /Eh :  0.0195
     Vbias exp α /bohr⁻²:    1.00
Starting Meta-MD   4 with the settings:
     MD time /ps        :    19.0
     dt /fs             :     2.0
     dumpstep(trj) /fs  :     100
     dumpstep(Vbias)/ps :     1.0
     Vbias factor k /Eh :  0.0195
     Vbias exp α /bohr⁻²:    0.50
Starting Meta-MD   3 with the settings:
     MD time /ps        :    19.0
     dt /fs             :     2.0
     dumpstep(trj) /fs  :     100
     dumpstep(Vbias)/ps :     1.0
     Vbias factor k /Eh :  0.0390
     Vbias exp α /bohr⁻²:    0.50
*Meta-MTD 4 finished*
*Meta-MTD 3 finished*
*Meta-MTD 2 finished*
*Meta-MTD 1 finished*

-----------------------
Multilevel Optimization
-----------------------

 -------------------------
 1. crude pre-optimization
 -------------------------
 Optimizing all 756 structures from file "crest_rotamers_0.xyz" ...
 1 2 3 4 5 6 7 8 9 10 11 12 13 14 15 16 17 18 19 20 21 22 23 24 25 26 27 28 29 30 31 32 33 34 35 36 37 38 39 40 41 42 43 44 45 46 47 48 49 50 51 52 53 54 55 56 57 58 59 60 61 62 63 64 65 66 67 68 69 70 71 72 73 74 75 76 77 78 79 80 81 82 83 84 85 86 87 88 89 90 91 92 93 94 95 96 97 98 99 100 101 102 103 104 105 106 107 108 109 110 111 112 113 114 115 116 117 118 119 120 121 122 123 124 125 126 127 128 129 130 131 132 133 134 135 136 137 138 139 140 141 142 143 144 145 146 147 148 149 150 151 152 153 154 155 156 157 158 159 160 161 162 163 164 165 166 167 168 169 170 171 172 173 174 175 176 177 178 179 180 181 182 183 184 185 186 187 188 189 190 191 192 193 194 195 196 197 198 199 200 201 202 203 204 205 206 207 208 209 210 211 212 213 214 215 216 217 218 219 220 221 222 223 224 225 226 227 228 229 230 231 232 233 234 235 236 237 238 239 240 241 242 243 244 245 246 247 248 249 250 251 252 253 254 255 256 257 258 259 260 261 262 263 264 265 266 267 268 269 270 271 272 273 274 275 276 277 278 279 280 281 282 283 284 285 286 287 288 289 290 291 292 293 294 295 296 297 298 299 300 301 302 303 304 305 306 307 308 309 310 311 312 313 314 315 316 317 318 319 320 321 322 323 324 325 326 327 328 329 330 331 332 333 334 335 336 337 338 339 340 341 342 343 344 345 346 347 348 349 350 351 352 353 354 355 356 357 358 359 360 361 362 363 364 365 366 367 368 369 370 371 372 373 374 375 376 377 378 379 380 381 382 383 384 385 386 387 388 389 390 391 392 393 394 395 396 397 398 399 400 401 402 403 404 405 406 407 408 409 410 411 412 413 414 415 416 417 418 419 420 421 422 423 424 425 426 427 428 429 430 431 432 433 434 435 436 437 438 439 440 441 442 443 444 445 446 447 448 449 450 451 452 453 454 455 456 457 458 459 460 461 462 463 464 465 466 467 468 469 470 471 472 473 474 475 476 477 478 479 480 481 482 483 484 485 486 487 488 489 490 491 492 493 494 495 496 497 498 499 500 501 502 503 504 505 506 507 508 509 510 511 512 513 514 515 516 517 518 519 520 521 522 523 524 525 526 527 528 529 530 531 532 533 534 535 536 537 538 539 540 541 542 543 544 545 546 547 548 549 550 551 552 553 554 555 556 557 558 559 560 561 562 563 564 565 566 567 568 569 570 571 572 573 574 575 576 577 578 579 580 581 582 583 584 585 586 587 588 589 590 591 592 593 594 595 596 597 598 599 600 601 602 603 604 605 606 607 608 609 610 611 612 613 614 615 616 617 618 619 620 621 622 623 624 625 626 627 628 629 630 631 632 633 634 635 636 637 638 639 640 641 642 643 644 645 646 647 648 649 650 651 652 653 654 655 656 657 658 659 660 661 662 663 664 665 666 667 668 669 670 671 672 673 674 675 676 677 678 679 680 681 682 683 684 685 686 687 688 689 690 691 692 693 694 695 696 697 698 699 700 701 702 703 704 705 706 707 708 709 710 711 712 713 714 715 716 717 718 719 720 721 722 723 724 725 726 727 728 729 730 731 732 733 734 735 736 737 738 739 740 741 742 743 744 745 746 747 748 749 750 751 752 753 754 755 756
 done.
 running RMSDs...
 done.
 E lowest :   -62.15297
 713 structures remain within    12.00 kcal/mol window

 -------------------------------------
 2. optimization with tight thresholds
 -------------------------------------
 Optimizing all 714 structures from file "crest_rotamers_1.xyz" ...
 1 2 3 4 5 6 7 8 9 10 11 12 13 14 15 16 17 18 19 20 21 22 23 24 25 26 27 28 29 30 31 32 33 34 35 36 37 38 39 40 41 42 43 44 45 46 47 48 49 50 51 52 53 54 55 56 57 58 59 60 61 62 63 64 65 66 67 68 69 70 71 72 73 74 75 76 77 78 79 80 81 82 83 84 85 86 87 88 89 90 91 92 93 94 95 96 97 98 99 100 101 102 103 104 105 106 107 108 109 110 111 112 113 114 115 116 117 118 119 120 121 122 123 124 125 126 127 128 129 130 131 132 133 134 135 136 137 138 139 140 141 142 143 144 145 146 147 148 149 150 151 152 153 154 155 156 157 158 159 160 161 162 163 164 165 166 167 168 169 170 171 172 173 174 175 176 177 178 179 180 181 182 183 184 185 186 187 188 189 190 191 192 193 194 195 196 197 198 199 200 201 202 203 204 205 206 207 208 209 210 211 212 213 214 215 216 217 218 219 220 221 222 223 224 225 226 227 228 229 230 231 232 233 234 235 236 237 238 239 240 241 242 243 244 245 246 247 248 249 250 251 252 253 254 255 256 257 258 259 260 261 262 263 264 265 266 267 268 269 270 271 272 273 274 275 276 277 278 279 280 281 282 283 284 285 286 287 288 289 290 291 292 293 294 295 296 297 298 299 300 301 302 303 304 305 306 307 308 309 310 311 312 313 314 315 316 317 318 319 320 321 322 323 324 325 326 327 328 329 330 331 332 333 334 335 336 337 338 339 340 341 342 343 344 345 346 347 348 349 350 351 352 353 354 355 356 357 358 359 360 361 362 363 364 365 366 367 368 369 370 371 372 373 374 375 376 377 378 379 380 381 382 383 384 385 386 387 388 389 390 391 392 393 394 395 396 397 398 399 400 401 402 403 404 405 406 407 408 409 410 411 412 413 414 415 416 417 418 419 420 421 422 423 424 425 426 427 428 429 430 431 432 433 434 435 436 437 438 439 440 441 442 443 444 445 446 447 448 449 450 451 452 453 454 455 456 457 458 459 460 461 462 463 464 465 466 467 468 469 470 471 472 473 474 475 476 477 478 479 480 481 482 483 484 485 486 487 488 489 490 491 492 493 494 495 496 497 498 499 500 501 502 503 504 505 506 507 508 509 510 511 512 513 514 515 516 517 518 519 520 521 522 523 524 525 526 527 528 529 530 531 532 533 534 535 536 537 538 539 540 541 542 543 544 545 546 547 548 549 550 551 552 553 554 555 556 557 558 559 560 561 562 563 564 565 566 567 568 569 570 571 572 573 574 575 576 577 578 579 580 581 582 583 584 585 586 587 588 589 590 591 592 593 594 595 596 597 598 599 600 601 602 603 604 605 606 607 608 609 610 611 612 613 614 615 616 617 618 619 620 621 622 623 624 625 626 627 628 629 630 631 632 633 634 635 636 637 638 639 640 641 642 643 644 645 646 647 648 649 650 651 652 653 654 655 656 657 658 659 660 661 662 663 664 665 666 667 668 669 670 671 672 673 674 675 676 677 678 679 680 681 682 683 684 685 686 687 688 689 690 691 692 693 694 695 696 697 698 699 700 701 702 703 704 705 706 707 708 709 710 711 712 713 714
 done.
 running RMSDs...
 done.
 E lowest :   -62.15258
 227 structures remain within     6.00 kcal/mol window

 ...............................................
 A new lower conformer was found!
 Improved by    0.00009 Eh or    0.05378kcal/mol
 ...............................................

========================================
            MTD Iteration  3
========================================

     ========================================
     |         Meta-MD (MTD) Sampling       |
     ========================================

Starting Meta-MD   1 with the settings:
     MD time /ps        :    19.0
     dt /fs             :     2.0
     dumpstep(trj) /fs  :     100
     dumpstep(Vbias)/ps :     1.0
     Vbias factor k /Eh :  0.0390
     Vbias exp α /bohr⁻²:    1.00
Starting Meta-MD   2 with the settings:
     MD time /ps        :    19.0
     dt /fs             :     2.0
     dumpstep(trj) /fs  :     100
     dumpstep(Vbias)/ps :     1.0
     Vbias factor k /Eh :  0.0195
     Vbias exp α /bohr⁻²:    1.00
Starting Meta-MD   3 with the settings:
     MD time /ps        :    19.0
     dt /fs             :     2.0
     dumpstep(trj) /fs  :     100
     dumpstep(Vbias)/ps :     1.0
     Vbias factor k /Eh :  0.0390
     Vbias exp α /bohr⁻²:    0.50
Starting Meta-MD   4 with the settings:
     MD time /ps        :    19.0
     dt /fs             :     2.0
     dumpstep(trj) /fs  :     100
     dumpstep(Vbias)/ps :     1.0
     Vbias factor k /Eh :  0.0195
     Vbias exp α /bohr⁻²:    0.50
*Meta-MTD 1 finished*
*Meta-MTD 3 finished*
*Meta-MTD 2 finished*
*Meta-MTD 4 finished*

-----------------------
Multilevel Optimization
-----------------------

 -------------------------
 1. crude pre-optimization
 -------------------------
 Optimizing all 756 structures from file "crest_rotamers_0.xyz" ...
 1 2 3 4 5 6 7 8 9 10 11 12 13 14 15 16 17 18 19 20 21 22 23 24 25 26 27 28 29 30 31 32 33 34 35 36 37 38 39 40 41 42 43 44 45 46 47 48 49 50 51 52 53 54 55 56 57 58 59 60 61 62 63 64 65 66 67 68 69 70 71 72 73 74 75 76 77 78 79 80 81 82 83 84 85 86 87 88 89 90 91 92 93 94 95 96 97 98 99 100 101 102 103 104 105 106 107 108 109 110 111 112 113 114 115 116 117 118 119 120 121 122 123 124 125 126 127 128 129 130 131 132 133 134 135 136 137 138 139 140 141 142 143 144 145 146 147 148 149 150 151 152 153 154 155 156 157 158 159 160 161 162 163 164 165 166 167 168 169 170 171 172 173 174 175 176 177 178 179 180 181 182 183 184 185 186 187 188 189 190 191 192 193 194 195 196 197 198 199 200 201 202 203 204 205 206 207 208 209 210 211 212 213 214 215 216 217 218 219 220 221 222 223 224 225 226 227 228 229 230 231 232 233 234 235 236 237 238 239 240 241 242 243 244 245 246 247 248 249 250 251 252 253 254 255 256 257 258 259 260 261 262 263 264 265 266 267 268 269 270 271 272 273 274 275 276 277 278 279 280 281 282 283 284 285 286 287 288 289 290 291 292 293 294 295 296 297 298 299 300 301 302 303 304 305 306 307 308 309 310 311 312 313 314 315 316 317 318 319 320 321 322 323 324 325 326 327 328 329 330 331 332 333 334 335 336 337 338 339 340 341 342 343 344 345 346 347 348 349 350 351 352 353 354 355 356 357 358 359 360 361 362 363 364 365 366 367 368 369 370 371 372 373 374 375 376 377 378 379 380 381 382 383 384 385 386 387 388 389 390 391 392 393 394 395 396 397 398 399 400 401 402 403 404 405 406 407 408 409 410 411 412 413 414 415 416 417 418 419 420 421 422 423 424 425 426 427 428 429 430 431 432 433 434 435 436 437 438 439 440 441 442 443 444 445 446 447 448 449 450 451 452 453 454 455 456 457 458 459 460 461 462 463 464 465 466 467 468 469 470 471 472 473 474 475 476 477 478 479 480 481 482 483 484 485 486 487 488 489 490 491 492 493 494 495 496 497 498 499 500 501 502 503 504 505 506 507 508 509 510 511 512 513 514 515 516 517 518 519 520 521 522 523 524 525 526 527 528 529 530 531 532 533 534 535 536 537 538 539 540 541 542 543 544 545 546 547 548 549 550 551 552 553 554 555 556 557 558 559 560 561 562 563 564 565 566 567 568 569 570 571 572 573 574 575 576 577 578 579 580 581 582 583 584 585 586 587 588 589 590 591 592 593 594 595 596 597 598 599 600 601 602 603 604 605 606 607 608 609 610 611 612 613 614 615 616 617 618 619 620 621 622 623 624 625 626 627 628 629 630 631 632 633 634 635 636 637 638 639 640 641 642 643 644 645 646 647 648 649 650 651 652 653 654 655 656 657 658 659 660 661 662 663 664 665 666 667 668 669 670 671 672 673 674 675 676 677 678 679 680 681 682 683 684 685 686 687 688 689 690 691 692 693 694 695 696 697 698 699 700 701 702 703 704 705 706 707 708 709 710 711 712 713 714 715 716 717 718 719 720 721 722 723 724 725 726 727 728 729 730 731 732 733 734 735 736 737 738 739 740 741 742 743 744 745 746 747 748 749 750 751 752 753 754 755 756
 done.
 running RMSDs...
 done.
 E lowest :   -62.15281
 712 structures remain within    12.00 kcal/mol window

 -------------------------------------
 2. optimization with tight thresholds
 -------------------------------------
 Optimizing all 713 structures from file "crest_rotamers_1.xyz" ...
 1 2 3 4 5 6 7 8 9 10 11 12 13 14 15 16 17 18 19 20 21 22 23 24 25 26 27 28 29 30 31 32 33 34 35 36 37 38 39 40 41 42 43 44 45 46 47 48 49 50 51 52 53 54 55 56 57 58 59 60 61 62 63 64 65 66 67 68 69 70 71 72 73 74 75 76 77 78 79 80 81 82 83 84 85 86 87 88 89 90 91 92 93 94 95 96 97 98 99 100 101 102 103 104 105 106 107 108 109 110 111 112 113 114 115 116 117 118 119 120 121 122 123 124 125 126 127 128 129 130 131 132 133 134 135 136 137 138 139 140 141 142 143 144 145 146 147 148 149 150 151 152 153 154 155 156 157 158 159 160 161 162 163 164 165 166 167 168 169 170 171 172 173 174 175 176 177 178 179 180 181 182 183 184 185 186 187 188 189 190 191 192 193 194 195 196 197 198 199 200 201 202 203 204 205 206 207 208 209 210 211 212 213 214 215 216 217 218 219 220 221 222 223 224 225 226 227 228 229 230 231 232 233 234 235 236 237 238 239 240 241 242 243 244 245 246 247 248 249 250 251 252 253 254 255 256 257 258 259 260 261 262 263 264 265 266 267 268 269 270 271 272 273 274 275 276 277 278 279 280 281 282 283 284 285 286 287 288 289 290 291 292 293 294 295 296 297 298 299 300 301 302 303 304 305 306 307 308 309 310 311 312 313 314 315 316 317 318 319 320 321 322 323 324 325 326 327 328 329 330 331 332 333 334 335 336 337 338 339 340 341 342 343 344 345 346 347 348 349 350 351 352 353 354 355 356 357 358 359 360 361 362 363 364 365 366 367 368 369 370 371 372 373 374 375 376 377 378 379 380 381 382 383 384 385 386 387 388 389 390 391 392 393 394 395 396 397 398 399 400 401 402 403 404 405 406 407 408 409 410 411 412 413 414 415 416 417 418 419 420 421 422 423 424 425 426 427 428 429 430 431 432 433 434 435 436 437 438 439 440 441 442 443 444 445 446 447 448 449 450 451 452 453 454 455 456 457 458 459 460 461 462 463 464 465 466 467 468 469 470 471 472 473 474 475 476 477 478 479 480 481 482 483 484 485 486 487 488 489 490 491 492 493 494 495 496 497 498 499 500 501 502 503 504 505 506 507 508 509 510 511 512 513 514 515 516 517 518 519 520 521 522 523 524 525 526 527 528 529 530 531 532 533 534 535 536 537 538 539 540 541 542 543 544 545 546 547 548 549 550 551 552 553 554 555 556 557 558 559 560 561 562 563 564 565 566 567 568 569 570 571 572 573 574 575 576 577 578 579 580 581 582 583 584 585 586 587 588 589 590 591 592 593 594 595 596 597 598 599 600 601 602 603 604 605 606 607 608 609 610 611 612 613 614 615 616 617 618 619 620 621 622 623 624 625 626 627 628 629 630 631 632 633 634 635 636 637 638 639 640 641 642 643 644 645 646 647 648 649 650 651 652 653 654 655 656 657 658 659 660 661 662 663 664 665 666 667 668 669 670 671 672 673 674 675 676 677 678 679 680 681 682 683 684 685 686 687 688 689 690 691 692 693 694 695 696 697 698 699 700 701 702 703 704 705 706 707 708 709 710 711 712 713
 done.
 running RMSDs...
 done.
 E lowest :   -62.15258
 256 structures remain within     6.00 kcal/mol window

========================================
            MTD Iterations done         
========================================
 Collecting ensmbles.
 running RMSDs...
 done.
 E lowest :   -62.15258
 611 structures remain within     6.00 kcal/mol window



   ================================================
   |           Final Geometry Optimization        |
   ================================================
 ------------------------------------------------
 Ensemble optimization with very tight thresholds
 ------------------------------------------------
 Optimizing all 611 structures from file "crest_rotamers_1.xyz" ...
 1 2 3 4 5 6 7 8 9 10 11 12 13 14 15 16 17 18 19 20 21 22 23 24 25 26 27 28 29 30 31 32 33 34 35 36 37 38 39 40 41 42 43 44 45 46 47 48 49 50 51 52 53 54 55 56 57 58 59 60 61 62 63 64 65 66 67 68 69 70 71 72 73 74 75 76 77 78 79 80 81 82 83 84 85 86 87 88 89 90 91 92 93 94 95 96 97 98 99 100 101 102 103 104 105 106 107 108 109 110 111 112 113 114 115 116 117 118 119 120 121 122 123 124 125 126 127 128 129 130 131 132 133 134 135 136 137 138 139 140 141 142 143 144 145 146 147 148 149 150 151 152 153 154 155 156 157 158 159 160 161 162 163 164 165 166 167 168 169 170 171 172 173 174 175 176 177 178 179 180 181 182 183 184 185 186 187 188 189 190 191 192 193 194 195 196 197 198 199 200 201 202 203 204 205 206 207 208 209 210 211 212 213 214 215 216 217 218 219 220 221 222 223 224 225 226 227 228 229 230 231 232 233 234 235 236 237 238 239 240 241 242 243 244 245 246 247 248 249 250 251 252 253 254 255 256 257 258 259 260 261 262 263 264 265 266 267 268 269 270 271 272 273 274 275 276 277 278 279 280 281 282 283 284 285 286 287 288 289 290 291 292 293 294 295 296 297 298 299 300 301 302 303 304 305 306 307 308 309 310 311 312 313 314 315 316 317 318 319 320 321 322 323 324 325 326 327 328 329 330 331 332 333 334 335 336 337 338 339 340 341 342 343 344 345 346 347 348 349 350 351 352 353 354 355 356 357 358 359 360 361 362 363 364 365 366 367 368 369 370 371 372 373 374 375 376 377 378 379 380 381 382 383 384 385 386 387 388 389 390 391 392 393 394 395 396 397 398 399 400 401 402 403 404 405 406 407 408 409 410 411 412 413 414 415 416 417 418 419 420 421 422 423 424 425 426 427 428 429 430 431 432 433 434 435 436 437 438 439 440 441 442 443 444 445 446 447 448 449 450 451 452 453 454 455 456 457 458 459 460 461 462 463 464 465 466 467 468 469 470 471 472 473 474 475 476 477 478 479 480 481 482 483 484 485 486 487 488 489 490 491 492 493 494 495 496 497 498 499 500 501 502 503 504 505 506 507 508 509 510 511 512 513 514 515 516 517 518 519 520 521 522 523 524 525 526 527 528 529 530 531 532 533 534 535 536 537 538 539 540 541 542 543 544 545 546 547 548 549 550 551 552 553 554 555 556 557 558 559 560 561 562 563 564 565 566 567 568 569 570 571 572 573 574 575 576 577 578 579 580 581 582 583 584 585 586 587 588 589 590 591 592 593 594 595 596 597 598 599 600 601 602 603 604 605 606 607 608 609 610 611
 done.
 running RMSDs...
 done.
 E lowest :   -62.15257
 429 structures remain within     6.00 kcal/mol window

 input  file name : crest_rotamers_2.xyz
 output file name : crest_rotamers_3.xyz
 number of atoms                :   39
 number of points on xyz files  :   611
 RMSD threshold                 :   0.1250
 Bconst threshold               :   0.0100
 population threshold           :   0.0500
 conformer energy window  /kcal :   6.0000
 # fragment in coord            :     1
 # bonds in reference structure :    42
   => # of C=C bonds :     4
 number of reliable points      :   611
 number of removed by energy    :    28
 number of remaining points     :   583
 reference state Etot :  -62.152572149999997
 number of doubles removed by rot/RMSD         :         154
 total number unique points considered further :         429
       Erel/kcal        Etot weight/tot  conformer     set   degen     origin
       1   0.000   -62.15257    0.01961    0.03767       1       2     mtd4
       2   0.048   -62.15249    0.01807                                mtd5
       3   0.019   -62.15254    0.01899    0.01899       2       1     mtd1
       4   0.070   -62.15246    0.01742    0.08523       3       5     mtd5
       5   0.071   -62.15246    0.01740                                mtd2
       6   0.085   -62.15244    0.01700                                mtd4
       7   0.095   -62.15242    0.01672                                mtd1
       8   0.095   -62.15242    0.01671                                mtd4
       9   0.135   -62.15236    0.01560    0.04632       4       3     mtd2
      10   0.136   -62.15236    0.01559                                mtd4
      11   0.154   -62.15233    0.01513                                mtd1
      12   0.179   -62.15229    0.01450    0.08427       5       6     mtd4
      13   0.184   -62.15228    0.01438                                mtd2
      14   0.185   -62.15228    0.01435                                mtd3
      15   0.222   -62.15222    0.01348                                mtd1
      16   0.196   -62.15226    0.01408                                mtd2
      17   0.222   -62.15222    0.01348                                mtd6
      18   0.202   -62.15225    0.01394    0.01394       6       1     mtd4
      19   0.208   -62.15224    0.01382    0.01382       7       1     mtd4
      20   0.282   -62.15212    0.01220    0.02412       8       2     mtd1
      21   0.295   -62.15210    0.01193                                mtd1
      22   0.312   -62.15208    0.01159    0.04573       9       4     mtd4
      23   0.294   -62.15210    0.01195                                mtd4
      24   0.341   -62.15203    0.01103                                mtd3
      25   0.334   -62.15204    0.01116                                mtd1
      26   0.337   -62.15204    0.01111    0.03286      10       3     mtd3
      27   0.353   -62.15201    0.01081                                mtd5
      28   0.346   -62.15202    0.01094                                mtd3
      29   0.363   -62.15199    0.01064    0.02123      11       2     mtd5
      30   0.365   -62.15199    0.01060                                mtd5
      31   0.352   -62.15201    0.01083    0.01083      12       1     mtd4
      32   0.389   -62.15195    0.01017    0.02018      13       2     mtd2
      33   0.398   -62.15194    0.01002                                mtd1
      34   0.430   -62.15189    0.00950    0.00950      14       1     mtd5
      35   0.444   -62.15186    0.00927    0.04479      15       5     mtd1
      36   0.455   -62.15185    0.00910                                mtd6
      37   0.459   -62.15184    0.00904                                mtd4
      38   0.478   -62.15181    0.00875                                mtd4
      39   0.486   -62.15180    0.00863                                mtd4
      40   0.528   -62.15173    0.00805    0.00805      16       1     mtd5
      41   0.550   -62.15170    0.00775    0.02264      17       3     mtd4
      42   0.572   -62.15166    0.00747                                mtd4
      43   0.577   -62.15165    0.00742                                mtd1
      44   0.578   -62.15165    0.00740    0.01442      18       2     mtd6
      45   0.608   -62.15160    0.00703                                mtd2
      46   0.627   -62.15157    0.00681    0.02054      19       3     mtd3
      47   0.605   -62.15161    0.00707                                mtd5
      48   0.640   -62.15155    0.00667                                mtd3
      49   0.639   -62.15155    0.00668    0.02573      20       4     mtd4
      50   0.655   -62.15153    0.00650                                mtd4
      51   0.686   -62.15148    0.00617                                mtd5
      52   0.666   -62.15151    0.00638                                mtd2
      53   0.667   -62.15151    0.00636    0.01252      21       2     mtd5
      54   0.687   -62.15148    0.00615                                mtd3
      55   0.719   -62.15143    0.00583    0.00583      22       1     mtd5
      56   0.745   -62.15139    0.00559    0.01652      23       3     mtd2
      57   0.757   -62.15137    0.00547                                mtd2
      58   0.757   -62.15137    0.00547                                mtd3
      59   0.772   -62.15134    0.00533    0.00533      24       1     mtd4
      60   0.785   -62.15132    0.00522    0.00522      25       1     mtd3
      61   0.822   -62.15126    0.00490    0.00490      26       1     mtd3
      62   0.823   -62.15126    0.00489    0.01452      27       3     mtd2
      63   0.843   -62.15123    0.00473                                mtd6
      64   0.823   -62.15126    0.00489                                mtd1
      65   0.824   -62.15126    0.00489    0.00489      28       1     mtd5
      66   0.880   -62.15117    0.00445    0.00445      29       1     mtd2
      67   0.881   -62.15117    0.00444    0.00872      30       2     mtd3
      68   0.902   -62.15113    0.00428                                mtd3
      69   0.919   -62.15111    0.00416    0.00416      31       1     mtd4
      70   0.886   -62.15116    0.00440    0.00440      32       1     input
      71   0.939   -62.15108    0.00402    0.01193      33       3     mtd1
      72   0.947   -62.15106    0.00397                                mtd2
      73   0.953   -62.15105    0.00393                                mtd6
      74   0.987   -62.15100    0.00371    0.01536      34       4     mtd1
      75   0.968   -62.15103    0.00383                                mtd2
      76   0.941   -62.15107    0.00401                                mtd3
      77   0.972   -62.15102    0.00380                                mtd5
      78   0.941   -62.15107    0.00401    0.00401      35       1     mtd3
      79   0.997   -62.15098    0.00365    0.00365      36       1     mtd3
      80   1.007   -62.15097    0.00359    0.00359      37       1     mtd3
      81   1.052   -62.15090    0.00333    0.01932      38       6     mtd2
      82   1.053   -62.15089    0.00332                                mtd3
      83   1.074   -62.15086    0.00320                                mtd1
      84   1.080   -62.15085    0.00317                                mtd5
      85   1.085   -62.15084    0.00315                                mtd1
      86   1.085   -62.15084    0.00314                                mtd2
      87   1.102   -62.15082    0.00306    0.00623      39       2     mtd3
      88   1.079   -62.15085    0.00318                                mtd3
      89   1.057   -62.15089    0.00330    0.00656      40       2     mtd3
      90   1.063   -62.15088    0.00326                                mtd3
      91   1.065   -62.15087    0.00325    0.00325      41       1     mtd5
      92   1.082   -62.15085    0.00316    0.00941      42       3     mtd3
      93   1.071   -62.15087    0.00322                                mtd1
      94   1.109   -62.15080    0.00302                                mtd1
      95   1.086   -62.15084    0.00314    0.00314      43       1     mtd1
      96   1.093   -62.15083    0.00311    0.00901      44       3     mtd6
      97   1.128   -62.15077    0.00293                                mtd2
      98   1.117   -62.15079    0.00298                                mtd6
      99   1.129   -62.15077    0.00292    0.00292      45       1     mtd4
     100   1.135   -62.15076    0.00289    0.00868      46       3     mtd3
     101   1.130   -62.15077    0.00292                                mtd1
     102   1.139   -62.15076    0.00287                                mtd2
     103   1.135   -62.15076    0.00289    0.01154      47       4     mtd1
     104   1.118   -62.15079    0.00298                                mtd1
     105   1.145   -62.15075    0.00284                                mtd1
     106   1.147   -62.15074    0.00283                                mtd6
     107   1.150   -62.15074    0.00282    0.01120      48       4     mtd4
     108   1.152   -62.15074    0.00281                                mtd3
     109   1.146   -62.15075    0.00284                                mtd1
     110   1.167   -62.15071    0.00274                                mtd1
     111   1.182   -62.15069    0.00267    0.00793      49       3     mtd1
     112   1.188   -62.15068    0.00265                                mtd1
     113   1.194   -62.15067    0.00262                                mtd3
     114   1.192   -62.15067    0.00263    0.00517      50       2     mtd3
     115   1.212   -62.15064    0.00254                                mtd3
     116   1.199   -62.15066    0.00260    0.00260      51       1     mtd1
     117   1.234   -62.15061    0.00245    0.00952      52       4     mtd1
     118   1.255   -62.15057    0.00236                                mtd4
     119   1.273   -62.15054    0.00229                                mtd3
     120   1.242   -62.15059    0.00241                                mtd2
     121   1.245   -62.15059    0.00240    0.00714      53       3     mtd3
     122   1.250   -62.15058    0.00238                                mtd2
     123   1.257   -62.15057    0.00236                                mtd1
     124   1.267   -62.15055    0.00232    0.00460      54       2     mtd1
     125   1.276   -62.15054    0.00228                                mtd2
     126   1.298   -62.15050    0.00220    0.00220      55       1     mtd2
     127   1.312   -62.15048    0.00214    0.00214      56       1     mtd5
     128   1.319   -62.15047    0.00212    0.00628      57       3     mtd2
     129   1.326   -62.15046    0.00210                                mtd3
     130   1.336   -62.15044    0.00206                                mtd5
     131   1.358   -62.15041    0.00199    0.00601      58       3     mtd2
     132   1.331   -62.15045    0.00208                                mtd4
     133   1.369   -62.15039    0.00195                                mtd4
     134   1.379   -62.15037    0.00192    0.00574      59       3     mtd3
     135   1.369   -62.15039    0.00195                                mtd2
     136   1.392   -62.15035    0.00187                                mtd6
     137   1.392   -62.15035    0.00187    0.00755      60       4     mtd3
     138   1.362   -62.15040    0.00197                                mtd2
     139   1.397   -62.15035    0.00186                                mtd1
     140   1.401   -62.15034    0.00185                                mtd1
     141   1.403   -62.15034    0.00184    0.00569      61       3     mtd3
     142   1.371   -62.15039    0.00194                                mtd3
     143   1.380   -62.15037    0.00191                                mtd4
     144   1.386   -62.15036    0.00189    0.00557      62       3     mtd3
     145   1.387   -62.15036    0.00189                                mtd6
     146   1.421   -62.15031    0.00179                                mtd3
     147   1.393   -62.15035    0.00187    0.00365      63       2     mtd1
     148   1.423   -62.15030    0.00178                                mtd3
     149   1.433   -62.15029    0.00175    0.00504      64       3     mtd2
     150   1.462   -62.15024    0.00167                                mtd2
     151   1.479   -62.15022    0.00162                                mtd3
     152   1.469   -62.15023    0.00165    0.00165      65       1     mtd1
     153   1.480   -62.15021    0.00162    0.00317      66       2     mtd3
     154   1.502   -62.15018    0.00156                                mtd1
     155   1.492   -62.15019    0.00158    0.00158      67       1     mtd3
     156   1.557   -62.15009    0.00142    0.00280      68       2     mtd3
     157   1.574   -62.15006    0.00138                                mtd2
     158   1.571   -62.15007    0.00139    0.00405      69       3     mtd1
     159   1.601   -62.15002    0.00132                                mtd4
     160   1.588   -62.15004    0.00135                                mtd2
     161   1.605   -62.15001    0.00131    0.00131      70       1     mtd2
     162   1.609   -62.15001    0.00130    0.00130      71       1     mtd4
     163   1.618   -62.14999    0.00128    0.00261      72       2     mtd4
     164   1.596   -62.15003    0.00133                                mtd1
     165   1.618   -62.14999    0.00128    0.00128      73       1     mtd3
     166   1.652   -62.14994    0.00121    0.00237      74       2     mtd3
     167   1.676   -62.14990    0.00116                                mtd5
     168   1.687   -62.14988    0.00114    0.00231      75       2     mtd5
     169   1.674   -62.14991    0.00117                                mtd1
     170   1.698   -62.14987    0.00112    0.00334      76       3     mtd2
     171   1.683   -62.14989    0.00115                                mtd6
     172   1.725   -62.14982    0.00107                                mtd5
     173   1.737   -62.14980    0.00105    0.00205      77       2     mtd5
     174   1.766   -62.14976    0.00100                                mtd1
     175   1.766   -62.14976    0.00100    0.00100      78       1     mtd2
     176   1.774   -62.14975    0.00099    0.00200      79       2     mtd1
     177   1.759   -62.14977    0.00101                                mtd6
     178   1.770   -62.14975    0.00099    0.00384      80       4     mtd4
     179   1.787   -62.14973    0.00096                                mtd4
     180   1.791   -62.14972    0.00096                                mtd2
     181   1.807   -62.14969    0.00093                                mtd2
     182   1.816   -62.14968    0.00092    0.00181      81       2     mtd1
     183   1.831   -62.14965    0.00089                                mtd2
     184   1.845   -62.14963    0.00087    0.00177      82       2     mtd3
     185   1.831   -62.14965    0.00089                                mtd1
     186   1.850   -62.14962    0.00087    0.00087      83       1     mtd5
     187   1.850   -62.14962    0.00087    0.00348      84       4     mtd3
     188   1.828   -62.14966    0.00090                                mtd2
     189   1.851   -62.14962    0.00086                                mtd4
     190   1.862   -62.14961    0.00085                                mtd5
     191   1.877   -62.14958    0.00083    0.00239      85       3     mtd2
     192   1.905   -62.14954    0.00079                                mtd3
     193   1.913   -62.14952    0.00078                                mtd3
     194   1.916   -62.14952    0.00077    0.00153      86       2     mtd3
     195   1.930   -62.14950    0.00076                                mtd6
     196   1.947   -62.14947    0.00074    0.00145      87       2     mtd1
     197   1.962   -62.14945    0.00072                                mtd5
     198   1.930   -62.14950    0.00076    0.00152      88       2     mtd1
     199   1.927   -62.14950    0.00076                                mtd2
     200   2.000   -62.14938    0.00067    0.00133      89       2     mtd5
     201   2.016   -62.14936    0.00065                                mtd6
     202   2.019   -62.14935    0.00065    0.00065      90       1     mtd3
     203   2.031   -62.14934    0.00064    0.00064      91       1     mtd3
     204   2.039   -62.14932    0.00063    0.00191      92       3     mtd5
     205   2.009   -62.14937    0.00066                                mtd6
     206   2.053   -62.14930    0.00061                                mtd4
     207   2.054   -62.14930    0.00061    0.00243      93       4     mtd6
     208   2.071   -62.14927    0.00060                                mtd4
     209   2.043   -62.14932    0.00063                                mtd1
     210   2.078   -62.14926    0.00059                                mtd1
     211   2.088   -62.14924    0.00058    0.00118      94       2     mtd4
     212   2.063   -62.14928    0.00060                                mtd1
     213   2.075   -62.14927    0.00059    0.00177      95       3     mtd6
     214   2.068   -62.14928    0.00060                                mtd4
     215   2.090   -62.14924    0.00058                                mtd3
     216   2.094   -62.14924    0.00057    0.00171      96       3     mtd4
     217   2.098   -62.14923    0.00057                                mtd1
     218   2.102   -62.14922    0.00057                                mtd1
     219   2.120   -62.14919    0.00055    0.00270      97       5     mtd6
     220   2.127   -62.14918    0.00054                                mtd4
     221   2.132   -62.14917    0.00054                                mtd4
     222   2.132   -62.14917    0.00054                                mtd2
     223   2.141   -62.14916    0.00053                                mtd4
     224   2.143   -62.14916    0.00053    0.00159      98       3     mtd1
     225   2.135   -62.14917    0.00054                                mtd4
     226   2.148   -62.14915    0.00052                                mtd3
     227   2.160   -62.14913    0.00051    0.00100      99       2     mtd4
     228   2.188   -62.14909    0.00049                                mtd5
     229   2.221   -62.14903    0.00046    0.00046     100       1     mtd1
     230   2.236   -62.14901    0.00045    0.00090     101       2     mtd4
     231   2.240   -62.14900    0.00045                                mtd4
     232   2.247   -62.14899    0.00044    0.00086     102       2     mtd5
     233   2.280   -62.14894    0.00042                                mtd1
     234   2.295   -62.14891    0.00041    0.00041     103       1     mtd4
     235   2.258   -62.14897    0.00044    0.00083     104       2     mtd4
     236   2.314   -62.14888    0.00040                                mtd1
     237   2.317   -62.14888    0.00039    0.00079     105       2     mtd1
     238   2.309   -62.14889    0.00040                                mtd4
     239   2.331   -62.14886    0.00038    0.00038     106       1     mtd3
     240   2.370   -62.14879    0.00036    0.00036     107       1     mtd1
     241   2.382   -62.14878    0.00035    0.00035     108       1     mtd1
     242   2.413   -62.14873    0.00034    0.00066     109       2     mtd2
     243   2.432   -62.14870    0.00032                                mtd1
     244   2.444   -62.14868    0.00032    0.00032     110       1     mtd1
     245   2.450   -62.14867    0.00031    0.00096     111       3     mtd2
     246   2.413   -62.14873    0.00034                                mtd5
     247   2.466   -62.14864    0.00031                                mtd2
     248   2.501   -62.14859    0.00029    0.00056     112       2     mtd1
     249   2.534   -62.14853    0.00027                                mtd2
     250   2.537   -62.14853    0.00027    0.00027     113       1     mtd1
     251   2.524   -62.14855    0.00028    0.00081     114       3     mtd6
     252   2.542   -62.14852    0.00027                                mtd2
     253   2.550   -62.14851    0.00027                                mtd2
     254   2.596   -62.14843    0.00025    0.00025     115       1     mtd1
     255   2.597   -62.14843    0.00025    0.00025     116       1     mtd3
     256   2.603   -62.14842    0.00024    0.00047     117       2     mtd4
     257   2.640   -62.14836    0.00023                                mtd6
     258   2.625   -62.14839    0.00023    0.00023     118       1     mtd3
     259   2.687   -62.14829    0.00021    0.00084     119       4     mtd1
     260   2.688   -62.14829    0.00021                                mtd1
     261   2.698   -62.14827    0.00021                                mtd2
     262   2.688   -62.14829    0.00021                                mtd3
     263   2.700   -62.14827    0.00021    0.00021     120       1     mtd2
     264   2.703   -62.14826    0.00021    0.00062     121       3     mtd4
     265   2.713   -62.14825    0.00020                                mtd1
     266   2.698   -62.14827    0.00021                                mtd1
     267   2.737   -62.14821    0.00019    0.00076     122       4     mtd1
     268   2.743   -62.14820    0.00019                                mtd1
     269   2.755   -62.14818    0.00019                                mtd1
     270   2.764   -62.14817    0.00019                                mtd2
     271   2.744   -62.14820    0.00019    0.00038     123       2     mtd3
     272   2.768   -62.14816    0.00018                                mtd1
     273   2.771   -62.14816    0.00018    0.00037     124       2     mtd4
     274   2.746   -62.14820    0.00019                                mtd3
     275   2.755   -62.14818    0.00019    0.00054     125       3     mtd4
     276   2.805   -62.14810    0.00017                                mtd2
     277   2.793   -62.14812    0.00018                                mtd1
     278   2.802   -62.14811    0.00017    0.00051     126       3     mtd2
     279   2.810   -62.14809    0.00017                                mtd1
     280   2.819   -62.14808    0.00017                                mtd3
     281   2.818   -62.14808    0.00017    0.00049     127       3     mtd2
     282   2.860   -62.14801    0.00016                                mtd6
     283   2.824   -62.14807    0.00017                                mtd1
     284   2.830   -62.14806    0.00017    0.00017     128       1     mtd4
     285   2.880   -62.14798    0.00015    0.00015     129       1     mtd1
     286   2.882   -62.14798    0.00015    0.00074     130       5     mtd6
     287   2.888   -62.14797    0.00015                                mtd2
     288   2.917   -62.14792    0.00014                                mtd3
     289   2.906   -62.14794    0.00015                                mtd6
     290   2.908   -62.14794    0.00015                                mtd3
     291   2.930   -62.14790    0.00014    0.00042     131       3     mtd4
     292   2.916   -62.14793    0.00014                                mtd4
     293   2.946   -62.14788    0.00014                                mtd3
     294   2.946   -62.14788    0.00014    0.00014     132       1     mtd3
     295   2.942   -62.14788    0.00014    0.00041     133       3     mtd4
     296   2.947   -62.14788    0.00014                                mtd3
     297   2.962   -62.14785    0.00013                                mtd6
     298   2.998   -62.14780    0.00013    0.00061     134       5     mtd2
     299   3.013   -62.14777    0.00012                                mtd4
     300   3.019   -62.14776    0.00012                                mtd4
     301   3.020   -62.14776    0.00012                                mtd2
     302   3.001   -62.14779    0.00012                                mtd3
     303   3.005   -62.14778    0.00012    0.00024     135       2     mtd4
     304   3.046   -62.14772    0.00012                                mtd3
     305   3.007   -62.14778    0.00012    0.00012     136       1     mtd4
     306   3.010   -62.14778    0.00012    0.00024     137       2     mtd2
     307   3.015   -62.14777    0.00012                                mtd3
     308   3.021   -62.14776    0.00012    0.00012     138       1     mtd3
     309   3.055   -62.14770    0.00011    0.00023     139       2     mtd4
     310   3.060   -62.14770    0.00011                                mtd1
     311   3.068   -62.14768    0.00011    0.00044     140       4     mtd2
     312   3.059   -62.14770    0.00011                                mtd1
     313   3.070   -62.14768    0.00011                                mtd2
     314   3.076   -62.14767    0.00011                                mtd3
     315   3.071   -62.14768    0.00011    0.00011     141       1     mtd5
     316   3.095   -62.14764    0.00011    0.00011     142       1     mtd3
     317   3.104   -62.14763    0.00010    0.00010     143       1     mtd1
     318   3.105   -62.14762    0.00010    0.00010     144       1     mtd1
     319   3.126   -62.14759    0.00010    0.00010     145       1     mtd1
     320   3.137   -62.14757    0.00010    0.00020     146       2     mtd6
     321   3.145   -62.14756    0.00010                                mtd1
     322   3.137   -62.14757    0.00010    0.00029     147       3     mtd5
     323   3.150   -62.14755    0.00010                                mtd3
     324   3.164   -62.14753    0.00009                                mtd4
     325   3.164   -62.14753    0.00009    0.00018     148       2     mtd1
     326   3.206   -62.14746    0.00009                                mtd4
     327   3.241   -62.14741    0.00008    0.00016     149       2     mtd3
     328   3.267   -62.14737    0.00008                                mtd6
     329   3.273   -62.14736    0.00008    0.00016     150       2     mtd3
     330   3.283   -62.14734    0.00008                                mtd2
     331   3.301   -62.14731    0.00008    0.00015     151       2     mtd5
     332   3.309   -62.14730    0.00007                                mtd4
     333   3.350   -62.14723    0.00007    0.00007     152       1     mtd1
     334   3.357   -62.14722    0.00007    0.00007     153       1     mtd4
     335   3.403   -62.14715    0.00006    0.00006     154       1     mtd3
     336   3.441   -62.14709    0.00006    0.00006     155       1     mtd2
     337   3.455   -62.14707    0.00006    0.00006     156       1     mtd3
     338   3.456   -62.14707    0.00006    0.00017     157       3     mtd4
     339   3.482   -62.14702    0.00006                                mtd3
     340   3.484   -62.14702    0.00006                                mtd1
     341   3.510   -62.14698    0.00005    0.00005     158       1     mtd4
     342   3.517   -62.14697    0.00005    0.00005     159       1     mtd2
     343   3.546   -62.14692    0.00005    0.00005     160       1     mtd4
     344   3.582   -62.14686    0.00005    0.00005     161       1     mtd2
     345   3.607   -62.14682    0.00004    0.00009     162       2     mtd4
     346   3.631   -62.14679    0.00004                                mtd4
     347   3.635   -62.14678    0.00004    0.00004     163       1     mtd3
     348   3.653   -62.14675    0.00004    0.00004     164       1     mtd3
     349   3.678   -62.14671    0.00004    0.00008     165       2     mtd5
     350   3.689   -62.14669    0.00004                                mtd1
     351   3.708   -62.14666    0.00004    0.00008     166       2     mtd4
     352   3.712   -62.14666    0.00004                                mtd5
     353   3.689   -62.14669    0.00004    0.00007     167       2     mtd4
     354   3.743   -62.14661    0.00004                                mtd2
     355   3.751   -62.14659    0.00004    0.00004     168       1     mtd1
     356   3.743   -62.14661    0.00004    0.00007     169       2     mtd2
     357   3.759   -62.14658    0.00003                                mtd4
     358   3.790   -62.14653    0.00003    0.00007     170       2     mtd4
     359   3.753   -62.14659    0.00003                                mtd3
     360   3.822   -62.14648    0.00003    0.00006     171       2     mtd2
     361   3.863   -62.14642    0.00003                                mtd4
     362   3.833   -62.14646    0.00003    0.00006     172       2     mtd4
     363   3.882   -62.14639    0.00003                                mtd4
     364   3.879   -62.14639    0.00003    0.00006     173       2     mtd4
     365   3.889   -62.14637    0.00003                                mtd4
     366   3.890   -62.14637    0.00003    0.00016     174       6     mtd4
     367   3.896   -62.14636    0.00003                                mtd4
     368   3.886   -62.14638    0.00003                                mtd4
     369   3.911   -62.14634    0.00003                                mtd4
     370   3.900   -62.14636    0.00003                                mtd2
     371   3.905   -62.14635    0.00003                                mtd2
     372   3.909   -62.14634    0.00003    0.00003     175       1     mtd1
     373   3.935   -62.14630    0.00003    0.00003     176       1     mtd5
     374   3.948   -62.14628    0.00003    0.00010     177       4     mtd4
     375   3.951   -62.14628    0.00003                                mtd4
     376   3.987   -62.14622    0.00002                                mtd1
     377   3.998   -62.14620    0.00002                                mtd4
     378   4.028   -62.14615    0.00002    0.00006     178       3     mtd1
     379   4.048   -62.14612    0.00002                                mtd1
     380   4.077   -62.14607    0.00002                                mtd1
     381   4.067   -62.14609    0.00002    0.00002     179       1     mtd1
     382   4.103   -62.14603    0.00002    0.00002     180       1     mtd4
     383   4.131   -62.14599    0.00002    0.00005     181       3     mtd4
     384   4.132   -62.14599    0.00002                                mtd1
     385   4.147   -62.14596    0.00002                                mtd1
     386   4.186   -62.14590    0.00002    0.00006     182       4     mtd1
     387   4.207   -62.14587    0.00002                                mtd1
     388   4.216   -62.14585    0.00002                                mtd1
     389   4.229   -62.14583    0.00002                                mtd1
     390   4.488   -62.14542    0.00001    0.00001     183       1     mtd2
     391   4.552   -62.14532    0.00001    0.00001     184       1     mtd2
     392   4.639   -62.14518    0.00001    0.00001     185       1     mtd5
     393   4.770   -62.14497    0.00001    0.00001     186       2     mtd5
     394   4.803   -62.14492    0.00001                                mtd2
     395   4.851   -62.14484    0.00001    0.00001     187       2     mtd2
     396   4.871   -62.14481    0.00001                                mtd2
     397   4.905   -62.14475    0.00001    0.00001     188       1     mtd3
     398   4.959   -62.14467    0.00000    0.00000     189       1     mtd4
     399   4.992   -62.14462    0.00000    0.00001     190       2     mtd1
     400   4.993   -62.14462    0.00000                                mtd2
     401   5.044   -62.14453    0.00000    0.00001     191       2     mtd1
     402   5.070   -62.14449    0.00000                                mtd4
     403   5.106   -62.14443    0.00000    0.00002     192       6     mtd3
     404   5.107   -62.14443    0.00000                                mtd3
     405   5.115   -62.14442    0.00000                                mtd5
     406   5.129   -62.14440    0.00000                                mtd2
     407   5.143   -62.14438    0.00000                                mtd2
     408   5.151   -62.14436    0.00000                                mtd2
     409   5.160   -62.14435    0.00000    0.00000     193       1     mtd3
     410   5.248   -62.14421    0.00000    0.00001     194       5     mtd2
     411   5.258   -62.14419    0.00000                                mtd4
     412   5.260   -62.14419    0.00000                                mtd1
     413   5.281   -62.14416    0.00000                                mtd2
     414   5.290   -62.14414    0.00000                                mtd5
     415   5.336   -62.14407    0.00000    0.00000     195       1     mtd1
     416   5.535   -62.14375    0.00000    0.00000     196       1     mtd3
     417   5.801   -62.14333    0.00000    0.00000     197       2     mtd3
     418   5.815   -62.14330    0.00000                                mtd3
     419   5.890   -62.14319    0.00000    0.00000     198       5     mtd3
     420   5.899   -62.14317    0.00000                                mtd5
     421   5.899   -62.14317    0.00000                                mtd4
     422   5.906   -62.14316    0.00000                                mtd6
     423   5.926   -62.14313    0.00000                                mtd2
     424   5.928   -62.14312    0.00000    0.00000     199       1     mtd3
     425   5.924   -62.14313    0.00000    0.00000     200       1     mtd1
     426   5.953   -62.14309    0.00000    0.00000     201       3     mtd3
     427   5.973   -62.14305    0.00000                                mtd3
     428   5.981   -62.14304    0.00000                                mtd3
     429   5.987   -62.14303    0.00000    0.00000     202       1     mtd3
T /K                                  :   298.15
E lowest                              :   -62.15257
ensemble average energy (kcal)        :    0.680
ensemble entropy (J/mol K, cal/mol K) :   42.229   10.093
ensemble free energy (kcal/mol)       :   -3.009
population of lowest in %             :    3.767
 number of unique conformers for further calc          202
 list of relative energies saved as "crest.energies"

 -----------------
 Wall Time Summary
 -----------------
             test MD wall time :         0h : 0m : 0s
                 MTD wall time :         0h : 0m :31s
      multilevel OPT wall time :         0h : 0m :46s
--------------------
Overall wall time  : 0h : 1m :24s

 CREST terminated normally.
