
       ==============================================
       |                                            |
       |                 C R E S T                  |
       |                                            |
       |  Conformer-Rotamer Ensemble Sampling Tool  |
       |          based on the GFN methods          |
       |             P.Pracht, S.Grimme             |
       |          Universitaet Bonn, MCTC           |
       ==============================================
       Version 2.12,   Thu 19. Mai 16:32:32 CEST 2022
  Using the xTB program. Compatible with xTB version 6.4.0

   Cite work conducted with this code as

   • P.Pracht, F.Bohle, S.Grimme, PCCP, 2020, 22, 7169-7192.
   • S.Grimme, JCTC, 2019, 15, 2847-2862.

   and for works involving QCG as

   • S.Spicher, C.Plett, P.Pracht, A.Hansen, S.Grimme,
     JCTC, 2022, 18 (5), 3174-3189.

   with help from:
   C.Bannwarth, F.Bohle, S.Ehlert, S.Grimme,
   C.Plett, P.Pracht, S.Spicher

   This program is distributed in the hope that it will be useful,
   but WITHOUT ANY WARRANTY; without even the implied warranty of
   MERCHANTABILITY or FITNESS FOR A PARTICULAR PURPOSE.

 Command line input:
 > crest xtbopt.xyz --gfn2//gfnff --chrg 0 --uhf 0 --nci --cbonds -T 128

  -gfn2//gfnff : energy reweighting
  --chrg 0
  --uhf 0
  --nci  : Special NCI mode for non-covalently bound complexes or clusters.
  -T 128 (CPUs/Threads selected)
  Automatically generated ellipsoide potential for NCI mode:
> $wall
>   potential=polynomial
>   ellipsoid: 27.181661931734510, 24.730510828663888, 22.728015468395430, all


 -------------------------
 xTB Geometry Optimization
 -------------------------
 Geometry successfully optimized.

------------------------------------------------
Generating MTD length from a flexibility measure
------------------------------------------------
 System flexiblity is set to 1.0 for NCI mode
 flexibility measure :   1.000
 t(MTD) / ps    :     7.0
 Σ(t(MTD)) / ps :    42.0 (6 MTDs)

-------------------------------------
Starting a trial MTD to test settings
-------------------------------------
 Estimated runtime for one MTD (7.0 ps) on a single thread: 14 min 0 sec
 Estimated runtime for a batch of 6 MTDs on 128 threads: 40 sec

 list of Vbias parameters applied:
$metadyn    0.00100   1.000
$metadyn    0.00050   1.000
$metadyn    0.00100   0.500
$metadyn    0.00050   0.500
$metadyn    0.00100   0.250
$metadyn    0.00050   0.250

*******************************************************************************************
**                        N E W    I T E R A T I O N    C Y C L E                        **
*******************************************************************************************

========================================
            MTD Iteration  1
========================================

     ========================================
     |         Meta-MD (MTD) Sampling       |
     ========================================

Starting Meta-MD   1 with the settings:
     MD time /ps        :     7.0
     dt /fs             :     2.0
     dumpstep(trj) /fs  :     100
     dumpstep(Vbias)/ps :     1.0
     Vbias factor k /Eh :  0.0220
     Vbias exp α /bohr⁻²:    1.00
Starting Meta-MD   2 with the settings:
     MD time /ps        :     7.0
     dt /fs             :     2.0
     dumpstep(trj) /fs  :     100
     dumpstep(Vbias)/ps :     1.0
     Vbias factor k /Eh :  0.0110
     Vbias exp α /bohr⁻²:    1.00
Starting Meta-MD   6 with the settings:
     MD time /ps        :     7.0
     dt /fs             :     2.0
     dumpstep(trj) /fs  :     100
     dumpstep(Vbias)/ps :     1.0
     Vbias factor k /Eh :  0.0110
     Vbias exp α /bohr⁻²:    0.25
Starting Meta-MD   3 with the settings:
     MD time /ps        :     7.0
     dt /fs             :     2.0
     dumpstep(trj) /fs  :     100
     dumpstep(Vbias)/ps :     1.0
     Vbias factor k /Eh :  0.0220
     Vbias exp α /bohr⁻²:    0.50
Starting Meta-MD   4 with the settings:
     MD time /ps        :     7.0
     dt /fs             :     2.0
     dumpstep(trj) /fs  :     100
     dumpstep(Vbias)/ps :     1.0
     Vbias factor k /Eh :  0.0110
     Vbias exp α /bohr⁻²:    0.50
Starting Meta-MD   5 with the settings:
     MD time /ps        :     7.0
     dt /fs             :     2.0
     dumpstep(trj) /fs  :     100
     dumpstep(Vbias)/ps :     1.0
     Vbias factor k /Eh :  0.0220
     Vbias exp α /bohr⁻²:    0.25
*Meta-MTD 4 finished*
*Meta-MTD 6 finished*
*Meta-MTD 3 finished*
*Meta-MTD 5 finished*
*Meta-MTD 2 finished*
*Meta-MTD 1 finished*

-----------------------
Multilevel Optimization
-----------------------

 -------------------------
 1. crude pre-optimization
 -------------------------
 Optimizing all 414 structures from file "crest_rotamers_0.xyz" ...
 1 2 3 4 5 6 7 8 9 10 11 12 13 14 15 16 17 18 19 20 21 22 23 24 25 26 27 28 29 30 31 32 33 34 35 36 37 38 39 40 41 42 43 44 45 46 47 48 49 50 51 52 53 54 55 56 57 58 59 60 61 62 63 64 65 66 67 68 69 70 71 72 73 74 75 76 77 78 79 80 81 82 83 84 85 86 87 88 89 90 91 92 93 94 95 96 97 98 99 100 101 102 103 104 105 106 107 108 109 110 111 112 113 114 115 116 117 118 119 120 121 122 123 124 125 126 127 128 129 130 131 132 133 134 135 136 137 138 139 140 141 142 143 144 145 146 147 148 149 150 151 152 153 154 155 156 157 158 159 160 161 162 163 164 165 166 167 168 169 170 171 172 173 174 175 176 177 178 179 180 181 182 183 184 185 186 187 188 189 190 191 192 193 194 195 196 197 198 199 200 201 202 203 204 205 206 207 208 209 210 211 212 213 214 215 216 217 218 219 220 221 222 223 224 225 226 227 228 229 230 231 232 233 234 235 236 237 238 239 240 241 242 243 244 245 246 247 248 249 250 251 252 253 254 255 256 257 258 259 260 261 262 263 264 265 266 267 268 269 270 271 272 273 274 275 276 277 278 279 280 281 282 283 284 285 286 287 288 289 290 291 292 293 294 295 296 297 298 299 300 301 302 303 304 305 306 307 308 309 310 311 312 313 314 315 316 317 318 319 320 321 322 323 324 325 326 327 328 329 330 331 332 333 334 335 336 337 338 339 340 341 342 343 344 345 346 347 348 349 350 351 352 353 354 355 356 357 358 359 360 361 362 363 364 365 366 367 368 369 370 371 372 373 374 375 376 377 378 379 380 381 382 383 384 385 386 387 388 389 390 391 392 393 394 395 396 397 398 399 400 401 402 403 404 405 406 407 408 409 410 411 412 413 414
 done.
 running RMSDs...
 done.
 E lowest :   -30.69838
 395 structures remain within    12.00 kcal/mol window

 -------------------------------------
 2. optimization with tight thresholds
 -------------------------------------
 Optimizing all 396 structures from file "crest_rotamers_1.xyz" ...
 1 2 3 4 5 6 7 8 9 10 11 12 13 14 15 16 17 18 19 20 21 22 23 24 25 26 27 28 29 30 31 32 33 34 35 36 37 38 39 40 41 42 43 44 45 46 47 48 49 50 51 52 53 54 55 56 57 58 59 60 61 62 63 64 65 66 67 68 69 70 71 72 73 74 75 76 77 78 79 80 81 82 83 84 85 86 87 88 89 90 91 92 93 94 95 96 97 98 99 100 101 102 103 104 105 106 107 108 109 110 111 112 113 114 115 116 117 118 119 120 121 122 123 124 125 126 127 128 129 130 131 132 133 134 135 136 137 138 139 140 141 142 143 144 145 146 147 148 149 150 151 152 153 154 155 156 157 158 159 160 161 162 163 164 165 166 167 168 169 170 171 172 173 174 175 176 177 178 179 180 181 182 183 184 185 186 187 188 189 190 191 192 193 194 195 196 197 198 199 200 201 202 203 204 205 206 207 208 209 210 211 212 213 214 215 216 217 218 219 220 221 222 223 224 225 226 227 228 229 230 231 232 233 234 235 236 237 238 239 240 241 242 243 244 245 246 247 248 249 250 251 252 253 254 255 256 257 258 259 260 261 262 263 264 265 266 267 268 269 270 271 272 273 274 275 276 277 278 279 280 281 282 283 284 285 286 287 288 289 290 291 292 293 294 295 296 297 298 299 300 301 302 303 304 305 306 307 308 309 310 311 312 313 314 315 316 317 318 319 320 321 322 323 324 325 326 327 328 329 330 331 332 333 334 335 336 337 338 339 340 341 342 343 344 345 346 347 348 349 350 351 352 353 354 355 356 357 358 359 360 361 362 363 364 365 366 367 368 369 370 371 372 373 374 375 376 377 378 379 380 381 382 383 384 385 386 387 388 389 390 391 392 393 394 395 396
 done.
 running RMSDs...
 done.
 E lowest :   -30.69964
 35 structures remain within     6.00 kcal/mol window


========================================
            MTD Iteration  2
========================================

     ========================================
     |         Meta-MD (MTD) Sampling       |
     ========================================

Starting Meta-MD   1 with the settings:
     MD time /ps        :     7.0
     dt /fs             :     2.0
     dumpstep(trj) /fs  :     100
     dumpstep(Vbias)/ps :     1.0
     Vbias factor k /Eh :  0.0220
     Vbias exp α /bohr⁻²:    1.00
Starting Meta-MD   2 with the settings:
     MD time /ps        :     7.0
     dt /fs             :     2.0
     dumpstep(trj) /fs  :     100
     dumpstep(Vbias)/ps :     1.0
     Vbias factor k /Eh :  0.0110
     Vbias exp α /bohr⁻²:    1.00
Starting Meta-MD   4 with the settings:
     MD time /ps        :     7.0
     dt /fs             :     2.0
     dumpstep(trj) /fs  :     100
     dumpstep(Vbias)/ps :     1.0
     Vbias factor k /Eh :  0.0110
     Vbias exp α /bohr⁻²:    0.50
Starting Meta-MD   3 with the settings:
     MD time /ps        :     7.0
     dt /fs             :     2.0
     dumpstep(trj) /fs  :     100
     dumpstep(Vbias)/ps :     1.0
     Vbias factor k /Eh :  0.0220
     Vbias exp α /bohr⁻²:    0.50
*Meta-MTD 1 finished*
*Meta-MTD 2 finished*
*Meta-MTD 4 finished*
*Meta-MTD 3 finished*

-----------------------
Multilevel Optimization
-----------------------

 -------------------------
 1. crude pre-optimization
 -------------------------
 Optimizing all 276 structures from file "crest_rotamers_0.xyz" ...
 1 2 3 4 5 6 7 8 9 10 11 12 13 14 15 16 17 18 19 20 21 22 23 24 25 26 27 28 29 30 31 32 33 34 35 36 37 38 39 40 41 42 43 44 45 46 47 48 49 50 51 52 53 54 55 56 57 58 59 60 61 62 63 64 65 66 67 68 69 70 71 72 73 74 75 76 77 78 79 80 81 82 83 84 85 86 87 88 89 90 91 92 93 94 95 96 97 98 99 100 101 102 103 104 105 106 107 108 109 110 111 112 113 114 115 116 117 118 119 120 121 122 123 124 125 126 127 128 129 130 131 132 133 134 135 136 137 138 139 140 141 142 143 144 145 146 147 148 149 150 151 152 153 154 155 156 157 158 159 160 161 162 163 164 165 166 167 168 169 170 171 172 173 174 175 176 177 178 179 180 181 182 183 184 185 186 187 188 189 190 191 192 193 194 195 196 197 198 199 200 201 202 203 204 205 206 207 208 209 210 211 212 213 214 215 216 217 218 219 220 221 222 223 224 225 226 227 228 229 230 231 232 233 234 235 236 237 238 239 240 241 242 243 244 245 246 247 248 249 250 251 252 253 254 255 256 257 258 259 260 261 262 263 264 265 266 267 268 269 270 271 272 273 274 275 276
 done.
 running RMSDs...
 done.
 E lowest :   -30.69941
 273 structures remain within    12.00 kcal/mol window

 -------------------------------------
 2. optimization with tight thresholds
 -------------------------------------
 Optimizing all 274 structures from file "crest_rotamers_1.xyz" ...
 1 2 3 4 5 6 7 8 9 10 11 12 13 14 15 16 17 18 19 20 21 22 23 24 25 26 27 28 29 30 31 32 33 34 35 36 37 38 39 40 41 42 43 44 45 46 47 48 49 50 51 52 53 54 55 56 57 58 59 60 61 62 63 64 65 66 67 68 69 70 71 72 73 74 75 76 77 78 79 80 81 82 83 84 85 86 87 88 89 90 91 92 93 94 95 96 97 98 99 100 101 102 103 104 105 106 107 108 109 110 111 112 113 114 115 116 117 118 119 120 121 122 123 124 125 126 127 128 129 130 131 132 133 134 135 136 137 138 139 140 141 142 143 144 145 146 147 148 149 150 151 152 153 154 155 156 157 158 159 160 161 162 163 164 165 166 167 168 169 170 171 172 173 174 175 176 177 178 179 180 181 182 183 184 185 186 187 188 189 190 191 192 193 194 195 196 197 198 199 200 201 202 203 204 205 206 207 208 209 210 211 212 213 214 215 216 217 218 219 220 221 222 223 224 225 226 227 228 229 230 231 232 233 234 235 236 237 238 239 240 241 242 243 244 245 246 247 248 249 250 251 252 253 254 255 256 257 258 259 260 261 262 263 264 265 266 267 268 269 270 271 272 273 274
 done.
 running RMSDs...
 done.
 E lowest :   -30.69970
 24 structures remain within     6.00 kcal/mol window

========================================
            MTD Iterations done         
========================================
 Collecting ensmbles.
 running RMSDs...
 done.
 E lowest :   -30.69970
 57 structures remain within     6.00 kcal/mol window



   ================================================
   |           Final Geometry Optimization        |
   ================================================
 ------------------------------------------------
 Ensemble optimization with very tight thresholds
 ------------------------------------------------
 Optimizing all 57 structures from file "crest_rotamers_1.xyz" ...
 1 2 3 4 5 6 7 8 9 10 11 12 13 14 15 16 17 18 19 20 21 22 23 24 25 26 27 28 29 30 31 32 33 34 35 36 37 38 39 40 41 42 43 44 45 46 47 48 49 50 51 52 53 54 55 56 57
 done.
 running RMSDs...
 done.
 E lowest :   -30.69964
 52 structures remain within     6.00 kcal/mol window

 input  file name : crest_rotamers_2.xyz
 output file name : crest_rotamers_3.xyz
 number of atoms                :   22
 number of points on xyz files  :   57
 RMSD threshold                 :   0.1250
 Bconst threshold               :   0.0100
 population threshold           :   0.0500
 conformer energy window  /kcal :   6.0000
 # fragment in coord            :     2
 # bonds in reference structure :    21
   => # of C=C bonds :     4
 number of reliable points      :    57
 reference state Etot :  -30.699637540000001
 number of doubles removed by rot/RMSD         :           5
 total number unique points considered further :          52
       Erel/kcal        Etot weight/tot  conformer     set   degen     origin
       1   0.000   -30.69964    0.07524    0.65964       1       9     mtd5
       2   0.004   -30.69963    0.07471                                mtd1
       3   0.010   -30.69962    0.07400                                mtd3
       4   0.012   -30.69962    0.07373                                mtd2
       5   0.016   -30.69961    0.07324                                mtd3
       6   0.017   -30.69961    0.07315                                mtd4
       7   0.020   -30.69961    0.07278                                mtd2
       8   0.022   -30.69960    0.07251                                mtd1
       9   0.040   -30.69957    0.07028                                mtd5
      10   0.693   -30.69853    0.02338    0.16096       2       7     mtd6
      11   0.702   -30.69852    0.02303                                mtd1
      12   0.707   -30.69851    0.02282                                mtd6
      13   0.708   -30.69851    0.02282                                mtd1
      14   0.703   -30.69852    0.02300                                mtd3
      15   0.703   -30.69852    0.02299                                mtd1
      16   0.705   -30.69851    0.02293                                mtd3
      17   0.707   -30.69851    0.02286    0.11393       3       5     mtd5
      18   0.708   -30.69851    0.02278                                mtd4
      19   0.707   -30.69851    0.02284                                mtd3
      20   0.710   -30.69851    0.02273                                mtd4
      21   0.710   -30.69851    0.02272                                mtd3
      22   1.224   -30.69769    0.00955    0.05618       4       6     mtd4
      23   1.225   -30.69769    0.00954                                mtd4
      24   1.227   -30.69768    0.00950                                mtd3
      25   1.243   -30.69766    0.00925                                mtd1
      26   1.246   -30.69765    0.00920                                mtd3
      27   1.250   -30.69765    0.00915                                mtd3
      28   2.202   -30.69613    0.00184    0.00184       5       1     mtd3
      29   2.543   -30.69559    0.00103    0.00297       6       3     mtd3
      30   2.578   -30.69553    0.00097                                mtd3
      31   2.582   -30.69552    0.00097                                mtd1
      32   2.596   -30.69550    0.00094    0.00185       7       2     mtd3
      33   2.618   -30.69546    0.00091                                mtd2
      34   2.650   -30.69541    0.00086    0.00171       8       2     mtd3
      35   2.664   -30.69539    0.00084                                mtd1
      36   2.702   -30.69533    0.00079    0.00079       9       1     mtd3
      37   5.061   -30.69157    0.00001    0.00007      10       5     mtd4
      38   5.067   -30.69156    0.00001                                mtd3
      39   5.068   -30.69156    0.00001                                mtd3
      40   5.076   -30.69155    0.00001                                mtd2
      41   5.096   -30.69152    0.00001                                mtd3
      42   5.598   -30.69072    0.00001    0.00002      11       3     mtd4
      43   5.603   -30.69071    0.00001                                mtd6
      44   5.615   -30.69069    0.00001                                mtd6
      45   5.729   -30.69051    0.00000    0.00000      12       1     mtd2
      46   5.739   -30.69049    0.00000    0.00000      13       1     mtd4
      47   5.772   -30.69044    0.00000    0.00002      14       4     mtd2
      48   5.778   -30.69043    0.00000                                mtd3
      49   5.794   -30.69040    0.00000                                mtd5
      50   5.818   -30.69037    0.00000                                mtd4
      51   5.824   -30.69036    0.00000    0.00000      15       1     mtd5
      52   5.833   -30.69034    0.00000    0.00000      16       1     mtd3
T /K                                  :   298.15
E lowest                              :   -30.69964
ensemble average energy (kcal)        :    0.297
ensemble entropy (J/mol K, cal/mol K) :   25.679    6.137
ensemble free energy (kcal/mol)       :   -1.830
population of lowest in %             :   65.964
 number of unique conformers for further calc           16
 list of relative energies saved as "crest.energies"

 -----------------
 Wall Time Summary
 -----------------
             test MD wall time :         0h : 0m : 0s
                 MTD wall time :         0h : 0m : 5s
      multilevel OPT wall time :         0h : 0m :11s
--------------------
Overall wall time  : 0h : 0m :17s

 CREST terminated normally.
