
       ==============================================
       |                                            |
       |                 C R E S T                  |
       |                                            |
       |  Conformer-Rotamer Ensemble Sampling Tool  |
       |          based on the GFN methods          |
       |             P.Pracht, S.Grimme             |
       |          Universitaet Bonn, MCTC           |
       ==============================================
       Version 2.12,   Thu 19. Mai 16:32:32 CEST 2022
  Using the xTB program. Compatible with xTB version 6.4.0

   Cite work conducted with this code as

   • P.Pracht, F.Bohle, S.Grimme, PCCP, 2020, 22, 7169-7192.
   • S.Grimme, JCTC, 2019, 15, 2847-2862.

   and for works involving QCG as

   • S.Spicher, C.Plett, P.Pracht, A.Hansen, S.Grimme,
     JCTC, 2022, 18 (5), 3174-3189.

   with help from:
   C.Bannwarth, F.Bohle, S.Ehlert, S.Grimme,
   C.Plett, P.Pracht, S.Spicher

   This program is distributed in the hope that it will be useful,
   but WITHOUT ANY WARRANTY; without even the implied warranty of
   MERCHANTABILITY or FITNESS FOR A PARTICULAR PURPOSE.

 Command line input:
 > crest xtbopt.xyz --gfn2//gfnff --chrg 1 --uhf 0 --cbonds --alpb water -T 192 --quick

  -gfn2//gfnff : energy reweighting
  --chrg 1
  --uhf 0
  --alpb water : implicit solvation
  -T 192 (CPUs/Threads selected)

 -------------------------
 xTB Geometry Optimization
 -------------------------
 Geometry successfully optimized.

------------------------------------------------
Generating MTD length from a flexibility measure
------------------------------------------------
 Calculating WBOs... done.
 Calculating NCI flexibility... done.
     covalent flexibility measure :   0.309
 non-covalent flexibility measure :   0.731
 flexibility measure :   0.358
 t(MTD) / ps    :     4.0
 Σ(t(MTD)) / ps :    24.0 (6 MTDs)

-------------------------------------
Starting a trial MTD to test settings
-------------------------------------
 Estimated runtime for one MTD (4.0 ps) on a single thread: 14 min 49 sec
 Estimated runtime for a batch of 6 MTDs on 192 threads: 28 sec

 list of Vbias parameters applied:
$metadyn    0.00200   1.200
$metadyn    0.00100   1.200
$metadyn    0.00200   0.600
$metadyn    0.00100   0.600
$metadyn    0.00200   0.300
$metadyn    0.00100   0.300

*******************************************************************************************
**                        N E W    I T E R A T I O N    C Y C L E                        **
*******************************************************************************************

========================================
            MTD Iteration  1
========================================

     ========================================
     |         Meta-MD (MTD) Sampling       |
     ========================================

Starting Meta-MD   1 with the settings:
     MD time /ps        :     4.0
     dt /fs             :     2.0
     dumpstep(trj) /fs  :     100
     dumpstep(Vbias)/ps :     1.0
     Vbias factor k /Eh :  0.0720
     Vbias exp α /bohr⁻²:    1.20
Starting Meta-MD   2 with the settings:
     MD time /ps        :     4.0
     dt /fs             :     2.0
     dumpstep(trj) /fs  :     100
     dumpstep(Vbias)/ps :     1.0
     Vbias factor k /Eh :  0.0360
     Vbias exp α /bohr⁻²:    1.20
Starting Meta-MD   3 with the settings:
     MD time /ps        :     4.0
     dt /fs             :     2.0
     dumpstep(trj) /fs  :     100
     dumpstep(Vbias)/ps :     1.0
     Vbias factor k /Eh :  0.0720
     Vbias exp α /bohr⁻²:    0.60
Starting Meta-MD   4 with the settings:
     MD time /ps        :     4.0
     dt /fs             :     2.0
     dumpstep(trj) /fs  :     100
     dumpstep(Vbias)/ps :     1.0
     Vbias factor k /Eh :  0.0360
     Vbias exp α /bohr⁻²:    0.60
Starting Meta-MD   6 with the settings:
     MD time /ps        :     4.0
     dt /fs             :     2.0
     dumpstep(trj) /fs  :     100
     dumpstep(Vbias)/ps :     1.0
     Vbias factor k /Eh :  0.0360
     Vbias exp α /bohr⁻²:    0.30
Starting Meta-MD   5 with the settings:
     MD time /ps        :     4.0
     dt /fs             :     2.0
     dumpstep(trj) /fs  :     100
     dumpstep(Vbias)/ps :     1.0
     Vbias factor k /Eh :  0.0720
     Vbias exp α /bohr⁻²:    0.30
*Meta-MTD 5 finished*
*Meta-MTD 1 finished*
*Meta-MTD 3 finished*
*Meta-MTD 2 finished*
*Meta-MTD 4 finished*
*Meta-MTD 6 finished*

-----------------------
Multilevel Optimization
-----------------------

 -------------------------
 1. crude pre-optimization
 -------------------------
 Optimizing all 234 structures from file "crest_rotamers_0.xyz" ...
 1 2 3 4 5 6 7 8 9 10 11 12 13 14 15 16 17 18 19 20 21 22 23 24 25 26 27 28 29 30 31 32 33 34 35 36 37 38 39 40 41 42 43 44 45 46 47 48 49 50 51 52 53 54 55 56 57 58 59 60 61 62 63 64 65 66 67 68 69 70 71 72 73 74 75 76 77 78 79 80 81 82 83 84 85 86 87 88 89 90 91 92 93 94 95 96 97 98 99 100 101 102 103 104 105 106 107 108 109 110 111 112 113 114 115 116 117 118 119 120 121 122 123 124 125 126 127 128 129 130 131 132 133 134 135 136 137 138 139 140 141 142 143 144 145 146 147 148 149 150 151 152 153 154 155 156 157 158 159 160 161 162 163 164 165 166 167 168 169 170 171 172 173 174 175 176 177 178 179 180 181 182 183 184 185 186 187 188 189 190 191 192 193 194 195 196 197 198 199 200 201 202 203 204 205 206 207 208 209 210 211 212 213 214 215 216 217 218 219 220 221 222 223 224 225 226 227 228 229 230 231 232 233 234
 done.
 running RMSDs...
 done.
 E lowest :   -53.38915
 217 structures remain within    10.00 kcal/mol window

 -------------------------------------
 2. optimization with tight thresholds
 -------------------------------------
 Optimizing all 218 structures from file "crest_rotamers_1.xyz" ...
 1 2 3 4 5 6 7 8 9 10 11 12 13 14 15 16 17 18 19 20 21 22 23 24 25 26 27 28 29 30 31 32 33 34 35 36 37 38 39 40 41 42 43 44 45 46 47 48 49 50 51 52 53 54 55 56 57 58 59 60 61 62 63 64 65 66 67 68 69 70 71 72 73 74 75 76 77 78 79 80 81 82 83 84 85 86 87 88 89 90 91 92 93 94 95 96 97 98 99 100 101 102 103 104 105 106 107 108 109 110 111 112 113 114 115 116 117 118 119 120 121 122 123 124 125 126 127 128 129 130 131 132 133 134 135 136 137 138 139 140 141 142 143 144 145 146 147 148 149 150 151 152 153 154 155 156 157 158 159 160 161 162 163 164 165 166 167 168 169 170 171 172 173 174 175 176 177 178 179 180 181 182 183 184 185 186 187 188 189 190 191 192 193 194 195 196 197 198 199 200 201 202 203 204 205 206 207 208 209 210 211 212 213 214 215 216 217 218
 done.
 running RMSDs...
 done.
 E lowest :   -53.38956
 34 structures remain within     5.00 kcal/mol window


========================================
            MTD Iteration  2
========================================

     ========================================
     |         Meta-MD (MTD) Sampling       |
     ========================================

Starting Meta-MD   1 with the settings:
     MD time /ps        :     4.0
     dt /fs             :     2.0
     dumpstep(trj) /fs  :     100
     dumpstep(Vbias)/ps :     1.0
     Vbias factor k /Eh :  0.0720
     Vbias exp α /bohr⁻²:    1.20
Starting Meta-MD   2 with the settings:
     MD time /ps        :     4.0
     dt /fs             :     2.0
     dumpstep(trj) /fs  :     100
     dumpstep(Vbias)/ps :     1.0
     Vbias factor k /Eh :  0.0360
     Vbias exp α /bohr⁻²:    1.20
Starting Meta-MD   3 with the settings:
     MD time /ps        :     4.0
     dt /fs             :     2.0
     dumpstep(trj) /fs  :     100
     dumpstep(Vbias)/ps :     1.0
     Vbias factor k /Eh :  0.0720
     Vbias exp α /bohr⁻²:    0.60
Starting Meta-MD   4 with the settings:
     MD time /ps        :     4.0
     dt /fs             :     2.0
     dumpstep(trj) /fs  :     100
     dumpstep(Vbias)/ps :     1.0
     Vbias factor k /Eh :  0.0360
     Vbias exp α /bohr⁻²:    0.60
*Meta-MTD 1 finished*
*Meta-MTD 3 finished*
*Meta-MTD 4 finished*
*Meta-MTD 2 finished*

-----------------------
Multilevel Optimization
-----------------------

 -------------------------
 1. crude pre-optimization
 -------------------------
 Optimizing all 156 structures from file "crest_rotamers_0.xyz" ...
 1 2 3 4 5 6 7 8 9 10 11 12 13 14 15 16 17 18 19 20 21 22 23 24 25 26 27 28 29 30 31 32 33 34 35 36 37 38 39 40 41 42 43 44 45 46 47 48 49 50 51 52 53 54 55 56 57 58 59 60 61 62 63 64 65 66 67 68 69 70 71 72 73 74 75 76 77 78 79 80 81 82 83 84 85 86 87 88 89 90 91 92 93 94 95 96 97 98 99 100 101 102 103 104 105 106 107 108 109 110 111 112 113 114 115 116 117 118 119 120 121 122 123 124 125 126 127 128 129 130 131 132 133 134 135 136 137 138 139 140 141 142 143 144 145 146 147 148 149 150 151 152 153 154 155 156
 done.
 running RMSDs...
 done.
 E lowest :   -53.38919
 139 structures remain within    10.00 kcal/mol window

 -------------------------------------
 2. optimization with tight thresholds
 -------------------------------------
 Optimizing all 140 structures from file "crest_rotamers_1.xyz" ...
 1 2 3 4 5 6 7 8 9 10 11 12 13 14 15 16 17 18 19 20 21 22 23 24 25 26 27 28 29 30 31 32 33 34 35 36 37 38 39 40 41 42 43 44 45 46 47 48 49 50 51 52 53 54 55 56 57 58 59 60 61 62 63 64 65 66 67 68 69 70 71 72 73 74 75 76 77 78 79 80 81 82 83 84 85 86 87 88 89 90 91 92 93 94 95 96 97 98 99 100 101 102 103 104 105 106 107 108 109 110 111 112 113 114 115 116 117 118 119 120 121 122 123 124 125 126 127 128 129 130 131 132 133 134 135 136 137 138 139 140
 done.
 running RMSDs...
 done.
 E lowest :   -53.38955
 28 structures remain within     5.00 kcal/mol window

========================================
            MTD Iterations done         
========================================
 Collecting ensmbles.
 running RMSDs...
 done.
 E lowest :   -53.38956
 40 structures remain within     5.00 kcal/mol window

-----------------------------------------------
Additional regular MDs on lowest 2 conformer(s)
-----------------------------------------------
Starting MD   1 with the settings:
     MD time /ps        :     2.0
     MD Temperature /K  :   400.0
     dt /fs             :     2.0
     dumpstep(trj) /fs  :     100
Starting MD   2 with the settings:
     MD time /ps        :     2.0
     MD Temperature /K  :   500.0
     dt /fs             :     2.0
     dumpstep(trj) /fs  :     100
Starting MD   3 with the settings:
     MD time /ps        :     2.0
     MD Temperature /K  :   400.0
     dt /fs             :     2.0
     dumpstep(trj) /fs  :     100
Starting MD   4 with the settings:
     MD time /ps        :     2.0
     MD Temperature /K  :   500.0
     dt /fs             :     2.0
     dumpstep(trj) /fs  :     100
*MD 1 finished*
*MD 2 finished*
*MD 4 finished*
*MD 3 finished*
 Appending file crest_rotamers_1.xyz with new structures

 -------------------------------------------
 Ensemble optimization with tight thresholds
 -------------------------------------------
 Optimizing all 116 structures from file "crest_rotamers_1.xyz" ...
 1 2 3 4 5 6 7 8 9 10 11 12 13 14 15 16 17 18 19 20 21 22 23 24 25 26 27 28 29 30 31 32 33 34 35 36 37 38 39 40 41 42 43 44 45 46 47 48 49 50 51 52 53 54 55 56 57 58 59 60 61 62 63 64 65 66 67 68 69 70 71 72 73 74 75 76 77 78 79 80 81 82 83 84 85 86 87 88 89 90 91 92 93 94 95 96 97 98 99 100 101 102 103 104 105 106 107 108 109 110 111 112 113 114 115 116
 done.
 running RMSDs...
 done.
 E lowest :   -53.38954
 37 structures remain within     5.00 kcal/mol window


     ========================================
     |        Structure Crossing (GC)       |
     ========================================
 =============================
  # threads =         192
 =============================
 input  file name : crest_rotamers_3.xyz
number of atoms                :    36
number of points on xyz files  :    37
conformer energy window  /kcal :    5.00
CN per atom difference cut-off :  0.3000
RMSD threshold                 :  0.2500
max. # of generated structures : 100
 reading xyz file ...
 # in E window                 37
 generating pairs ...         702
 generated pairs           :         361
 number of clash discarded :         305
 average rmsd w.r.t input  : 2.06376
 sd of ensemble            : 0.65231
 number of new structures      :          37
 removed identical structures  :         163
 writing           37  TMPCONF* dirs ...
 --------------------------
 GC: loose pre-optimization
 --------------------------
 Starting optimization of generated structures
 37 jobs to do.
 1 2 3 4 5 6 7 8 9 10 11 12 13 14 15 16 17 18 19 20 21 22 23 24 25 26 27 28 29 30 31 32 33 34 35 36 37 
 done.
 Now appending opt.xyz file with new structures
 running RMSDs...
 done.
 E lowest :   -53.38948
 35 structures remain within     8.00 kcal/mol window
 --------------------------------------
 GC: optimization with tight thresholds
 --------------------------------------
 Optimizing all 35 structures from file "crest_rotamers_1.xyz" ...
 1 2 3 4 5 6 7 8 9 10 11 12 13 14 15 16 17 18 19 20 21 22 23 24 25 26 27 28 29 30 31 32 33 34 35
 done.
 running RMSDs...
 done.
 E lowest :   -53.38954


   ================================================
   |           Final Geometry Optimization        |
   ================================================
 -------------------------------------------
 Ensemble optimization with tight thresholds
 -------------------------------------------
 Optimizing all 43 structures from file "crest_rotamers_4.xyz" ...
 1 2 3 4 5 6 7 8 9 10 11 12 13 14 15 16 17 18 19 20 21 22 23 24 25 26 27 28 29 30 31 32 33 34 35 36 37 38 39 40 41 42 43
 done.
 running RMSDs...
 done.
 E lowest :   -53.38953
 38 structures remain within     5.00 kcal/mol window

 input  file name : crest_rotamers_5.xyz
 output file name : crest_rotamers_6.xyz
 number of atoms                :   36
 number of points on xyz files  :   43
 RMSD threshold                 :   0.1250
 Bconst threshold               :   0.0100
 population threshold           :   0.0500
 conformer energy window  /kcal :   5.0000
 # fragment in coord            :     1
 # bonds in reference structure :    39
   => # of C=C bonds :     5
 number of reliable points      :    43
 reference state Etot :  -53.389525239999998
 number of doubles removed by rot/RMSD         :           5
 total number unique points considered further :          38
       Erel/kcal        Etot weight/tot  conformer     set   degen     origin
       1   0.000   -53.38953    0.07110    0.42251       1       6     md1
       2   0.002   -53.38952    0.07089                                gc
       3   0.005   -53.38952    0.07054                                gc
       4   0.005   -53.38952    0.07047                                mtd3
       5   0.006   -53.38952    0.07039                                md1
       6   0.017   -53.38950    0.06911                                md2
       7   0.090   -53.38938    0.06108    0.36053       2       6     md4
       8   0.091   -53.38938    0.06093                                mtd1
       9   0.092   -53.38938    0.06093                                gc
      10   0.097   -53.38937    0.06039                                mtd4
      11   0.107   -53.38936    0.05939                                mtd3
      12   0.123   -53.38933    0.05780                                gc
      13   0.169   -53.38926    0.05348    0.20889       3       4     gc
      14   0.175   -53.38925    0.05293                                mtd3
      15   0.187   -53.38923    0.05184                                gc
      16   0.201   -53.38920    0.05065                                mtd4
      17   2.781   -53.38509    0.00065    0.00380       4       6     mtd5
      18   2.790   -53.38508    0.00064                                gc
      19   2.799   -53.38506    0.00063                                mtd4
      20   2.801   -53.38506    0.00063                                md3
      21   2.808   -53.38505    0.00062                                mtd1
      22   2.817   -53.38504    0.00061                                mtd5
      23   2.848   -53.38499    0.00058    0.00115       5       2     mtd1
      24   2.865   -53.38496    0.00057                                gc
      25   2.952   -53.38482    0.00049    0.00146       6       3     gc
      26   2.957   -53.38481    0.00049                                mtd2
      27   2.959   -53.38481    0.00048                                mtd1
      28   3.389   -53.38412    0.00023    0.00112       7       5     mtd3
      29   3.410   -53.38409    0.00023                                mtd2
      30   3.411   -53.38409    0.00023                                mtd5
      31   3.432   -53.38406    0.00022                                mtd2
      32   3.436   -53.38405    0.00022                                mtd4
      33   3.440   -53.38404    0.00022    0.00043       8       2     mtd2
      34   3.454   -53.38402    0.00021                                gc
      35   4.643   -53.38213    0.00003    0.00011       9       4     mtd1
      36   4.644   -53.38212    0.00003                                mtd2
      37   4.655   -53.38211    0.00003                                mtd1
      38   4.683   -53.38206    0.00003                                mtd3
T /K                                  :   298.15
E lowest                              :   -53.38953
ensemble average energy (kcal)        :    0.101
ensemble entropy (J/mol K, cal/mol K) :   23.391    5.591
ensemble free energy (kcal/mol)       :   -1.667
population of lowest in %             :   42.251
 number of unique conformers for further calc            9
 list of relative energies saved as "crest.energies"

 -----------------
 Wall Time Summary
 -----------------
             test MD wall time :         0h : 0m : 0s
                 MTD wall time :         0h : 0m :13s
      multilevel OPT wall time :         0h : 0m : 7s
                  MD wall time :         0h : 0m : 5s
                  GC wall time :         0h : 0m : 1s
--------------------
Overall wall time  : 0h : 0m :28s

 CREST terminated normally.
