
       ==============================================
       |                                            |
       |                 C R E S T                  |
       |                                            |
       |  Conformer-Rotamer Ensemble Sampling Tool  |
       |          based on the GFN methods          |
       |             P.Pracht, S.Grimme             |
       |          Universitaet Bonn, MCTC           |
       ==============================================
       Version 2.12,   Thu 19. Mai 16:32:32 CEST 2022
  Using the xTB program. Compatible with xTB version 6.4.0

   Cite work conducted with this code as

   • P.Pracht, F.Bohle, S.Grimme, PCCP, 2020, 22, 7169-7192.
   • S.Grimme, JCTC, 2019, 15, 2847-2862.

   and for works involving QCG as

   • S.Spicher, C.Plett, P.Pracht, A.Hansen, S.Grimme,
     JCTC, 2022, 18 (5), 3174-3189.

   with help from:
   C.Bannwarth, F.Bohle, S.Ehlert, S.Grimme,
   C.Plett, P.Pracht, S.Spicher

   This program is distributed in the hope that it will be useful,
   but WITHOUT ANY WARRANTY; without even the implied warranty of
   MERCHANTABILITY or FITNESS FOR A PARTICULAR PURPOSE.

 Command line input:
 > crest xtbopt.xyz --gfn2//gfnff --chrg 0 --uhf 0 --nci --cbonds -T 128

  -gfn2//gfnff : energy reweighting
  --chrg 0
  --uhf 0
  --nci  : Special NCI mode for non-covalently bound complexes or clusters.
  -T 128 (CPUs/Threads selected)
  Automatically generated ellipsoide potential for NCI mode:
> $wall
>   potential=polynomial
>   ellipsoid: 44.718977433287705, 26.247581556518568, 25.742945208624583, all


 -------------------------
 xTB Geometry Optimization
 -------------------------
 Geometry successfully optimized.

------------------------------------------------
Generating MTD length from a flexibility measure
------------------------------------------------
 System flexiblity is set to 1.0 for NCI mode
 flexibility measure :   1.000
 t(MTD) / ps    :     9.0
 Σ(t(MTD)) / ps :    54.0 (6 MTDs)

-------------------------------------
Starting a trial MTD to test settings
-------------------------------------
 Estimated runtime for one MTD (9.0 ps) on a single thread: 18 min 43 sec
 Estimated runtime for a batch of 6 MTDs on 128 threads: 53 sec

 list of Vbias parameters applied:
$metadyn    0.00100   1.000
$metadyn    0.00050   1.000
$metadyn    0.00100   0.500
$metadyn    0.00050   0.500
$metadyn    0.00100   0.250
$metadyn    0.00050   0.250

*******************************************************************************************
**                        N E W    I T E R A T I O N    C Y C L E                        **
*******************************************************************************************

========================================
            MTD Iteration  1
========================================

     ========================================
     |         Meta-MD (MTD) Sampling       |
     ========================================

Starting Meta-MD   1 with the settings:
     MD time /ps        :     9.0
     dt /fs             :     2.0
     dumpstep(trj) /fs  :     100
     dumpstep(Vbias)/ps :     1.0
     Vbias factor k /Eh :  0.0260
     Vbias exp α /bohr⁻²:    1.00
Starting Meta-MD   2 with the settings:
     MD time /ps        :     9.0
     dt /fs             :     2.0
     dumpstep(trj) /fs  :     100
     dumpstep(Vbias)/ps :     1.0
     Vbias factor k /Eh :  0.0130
     Vbias exp α /bohr⁻²:    1.00
Starting Meta-MD   3 with the settings:
     MD time /ps        :     9.0
     dt /fs             :     2.0
     dumpstep(trj) /fs  :     100
     dumpstep(Vbias)/ps :     1.0
     Vbias factor k /Eh :  0.0260
     Vbias exp α /bohr⁻²:    0.50
Starting Meta-MD   6 with the settings:
     MD time /ps        :     9.0
     dt /fs             :     2.0
     dumpstep(trj) /fs  :     100
     dumpstep(Vbias)/ps :     1.0
     Vbias factor k /Eh :  0.0130
     Vbias exp α /bohr⁻²:    0.25
Starting Meta-MD   4 with the settings:
     MD time /ps        :     9.0
     dt /fs             :     2.0
     dumpstep(trj) /fs  :     100
     dumpstep(Vbias)/ps :     1.0
     Vbias factor k /Eh :  0.0130
     Vbias exp α /bohr⁻²:    0.50
Starting Meta-MD   5 with the settings:
     MD time /ps        :     9.0
     dt /fs             :     2.0
     dumpstep(trj) /fs  :     100
     dumpstep(Vbias)/ps :     1.0
     Vbias factor k /Eh :  0.0260
     Vbias exp α /bohr⁻²:    0.25
*Meta-MTD 1 finished*
*Meta-MTD 3 finished*
*Meta-MTD 5 finished*
*Meta-MTD 2 finished*
*Meta-MTD 4 finished*
*Meta-MTD 6 finished*

-----------------------
Multilevel Optimization
-----------------------

 -------------------------
 1. crude pre-optimization
 -------------------------
 Optimizing all 534 structures from file "crest_rotamers_0.xyz" ...
 1 2 3 4 5 6 7 8 9 10 11 12 13 14 15 16 17 18 19 20 21 22 23 24 25 26 27 28 29 30 31 32 33 34 35 36 37 38 39 40 41 42 43 44 45 46 47 48 49 50 51 52 53 54 55 56 57 58 59 60 61 62 63 64 65 66 67 68 69 70 71 72 73 74 75 76 77 78 79 80 81 82 83 84 85 86 87 88 89 90 91 92 93 94 95 96 97 98 99 100 101 102 103 104 105 106 107 108 109 110 111 112 113 114 115 116 117 118 119 120 121 122 123 124 125 126 127 128 129 130 131 132 133 134 135 136 137 138 139 140 141 142 143 144 145 146 147 148 149 150 151 152 153 154 155 156 157 158 159 160 161 162 163 164 165 166 167 168 169 170 171 172 173 174 175 176 177 178 179 180 181 182 183 184 185 186 187 188 189 190 191 192 193 194 195 196 197 198 199 200 201 202 203 204 205 206 207 208 209 210 211 212 213 214 215 216 217 218 219 220 221 222 223 224 225 226 227 228 229 230 231 232 233 234 235 236 237 238 239 240 241 242 243 244 245 246 247 248 249 250 251 252 253 254 255 256 257 258 259 260 261 262 263 264 265 266 267 268 269 270 271 272 273 274 275 276 277 278 279 280 281 282 283 284 285 286 287 288 289 290 291 292 293 294 295 296 297 298 299 300 301 302 303 304 305 306 307 308 309 310 311 312 313 314 315 316 317 318 319 320 321 322 323 324 325 326 327 328 329 330 331 332 333 334 335 336 337 338 339 340 341 342 343 344 345 346 347 348 349 350 351 352 353 354 355 356 357 358 359 360 361 362 363 364 365 366 367 368 369 370 371 372 373 374 375 376 377 378 379 380 381 382 383 384 385 386 387 388 389 390 391 392 393 394 395 396 397 398 399 400 401 402 403 404 405 406 407 408 409 410 411 412 413 414 415 416 417 418 419 420 421 422 423 424 425 426 427 428 429 430 431 432 433 434 435 436 437 438 439 440 441 442 443 444 445 446 447 448 449 450 451 452 453 454 455 456 457 458 459 460 461 462 463 464 465 466 467 468 469 470 471 472 473 474 475 476 477 478 479 480 481 482 483 484 485 486 487 488 489 490 491 492 493 494 495 496 497 498 499 500 501 502 503 504 505 506 507 508 509 510 511 512 513 514 515 516 517 518 519 520 521 522 523 524 525 526 527 528 529 530 531 532 533 534
 done.
 running RMSDs...
 done.
 E lowest :   -37.92807
 457 structures remain within    12.00 kcal/mol window

 -------------------------------------
 2. optimization with tight thresholds
 -------------------------------------
 Optimizing all 458 structures from file "crest_rotamers_1.xyz" ...
 1 2 3 4 5 6 7 8 9 10 11 12 13 14 15 16 17 18 19 20 21 22 23 24 25 26 27 28 29 30 31 32 33 34 35 36 37 38 39 40 41 42 43 44 45 46 47 48 49 50 51 52 53 54 55 56 57 58 59 60 61 62 63 64 65 66 67 68 69 70 71 72 73 74 75 76 77 78 79 80 81 82 83 84 85 86 87 88 89 90 91 92 93 94 95 96 97 98 99 100 101 102 103 104 105 106 107 108 109 110 111 112 113 114 115 116 117 118 119 120 121 122 123 124 125 126 127 128 129 130 131 132 133 134 135 136 137 138 139 140 141 142 143 144 145 146 147 148 149 150 151 152 153 154 155 156 157 158 159 160 161 162 163 164 165 166 167 168 169 170 171 172 173 174 175 176 177 178 179 180 181 182 183 184 185 186 187 188 189 190 191 192 193 194 195 196 197 198 199 200 201 202 203 204 205 206 207 208 209 210 211 212 213 214 215 216 217 218 219 220 221 222 223 224 225 226 227 228 229 230 231 232 233 234 235 236 237 238 239 240 241 242 243 244 245 246 247 248 249 250 251 252 253 254 255 256 257 258 259 260 261 262 263 264 265 266 267 268 269 270 271 272 273 274 275 276 277 278 279 280 281 282 283 284 285 286 287 288 289 290 291 292 293 294 295 296 297 298 299 300 301 302 303 304 305 306 307 308 309 310 311 312 313 314 315 316 317 318 319 320 321 322 323 324 325 326 327 328 329 330 331 332 333 334 335 336 337 338 339 340 341 342 343 344 345 346 347 348 349 350 351 352 353 354 355 356 357 358 359 360 361 362 363 364 365 366 367 368 369 370 371 372 373 374 375 376 377 378 379 380 381 382 383 384 385 386 387 388 389 390 391 392 393 394 395 396 397 398 399 400 401 402 403 404 405 406 407 408 409 410 411 412 413 414 415 416 417 418 419 420 421 422 423 424 425 426 427 428 429 430 431 432 433 434 435 436 437 438 439 440 441 442 443 444 445 446 447 448 449 450 451 452 453 454 455 456 457 458
 done.
 running RMSDs...
 done.
 E lowest :   -37.92932
 87 structures remain within     6.00 kcal/mol window


========================================
            MTD Iteration  2
========================================

     ========================================
     |         Meta-MD (MTD) Sampling       |
     ========================================

Starting Meta-MD   1 with the settings:
     MD time /ps        :     9.0
     dt /fs             :     2.0
     dumpstep(trj) /fs  :     100
     dumpstep(Vbias)/ps :     1.0
     Vbias factor k /Eh :  0.0260
     Vbias exp α /bohr⁻²:    1.00
Starting Meta-MD   2 with the settings:
     MD time /ps        :     9.0
     dt /fs             :     2.0
     dumpstep(trj) /fs  :     100
     dumpstep(Vbias)/ps :     1.0
     Vbias factor k /Eh :  0.0130
     Vbias exp α /bohr⁻²:    1.00
Starting Meta-MD   3 with the settings:
     MD time /ps        :     9.0
     dt /fs             :     2.0
     dumpstep(trj) /fs  :     100
     dumpstep(Vbias)/ps :     1.0
     Vbias factor k /Eh :  0.0260
     Vbias exp α /bohr⁻²:    0.50
Starting Meta-MD   4 with the settings:
     MD time /ps        :     9.0
     dt /fs             :     2.0
     dumpstep(trj) /fs  :     100
     dumpstep(Vbias)/ps :     1.0
     Vbias factor k /Eh :  0.0130
     Vbias exp α /bohr⁻²:    0.50
*Meta-MTD 1 finished*
*Meta-MTD 2 finished*
*Meta-MTD 3 finished*
*Meta-MTD 4 finished*

-----------------------
Multilevel Optimization
-----------------------

 -------------------------
 1. crude pre-optimization
 -------------------------
 Optimizing all 356 structures from file "crest_rotamers_0.xyz" ...
 1 2 3 4 5 6 7 8 9 10 11 12 13 14 15 16 17 18 19 20 21 22 23 24 25 26 27 28 29 30 31 32 33 34 35 36 37 38 39 40 41 42 43 44 45 46 47 48 49 50 51 52 53 54 55 56 57 58 59 60 61 62 63 64 65 66 67 68 69 70 71 72 73 74 75 76 77 78 79 80 81 82 83 84 85 86 87 88 89 90 91 92 93 94 95 96 97 98 99 100 101 102 103 104 105 106 107 108 109 110 111 112 113 114 115 116 117 118 119 120 121 122 123 124 125 126 127 128 129 130 131 132 133 134 135 136 137 138 139 140 141 142 143 144 145 146 147 148 149 150 151 152 153 154 155 156 157 158 159 160 161 162 163 164 165 166 167 168 169 170 171 172 173 174 175 176 177 178 179 180 181 182 183 184 185 186 187 188 189 190 191 192 193 194 195 196 197 198 199 200 201 202 203 204 205 206 207 208 209 210 211 212 213 214 215 216 217 218 219 220 221 222 223 224 225 226 227 228 229 230 231 232 233 234 235 236 237 238 239 240 241 242 243 244 245 246 247 248 249 250 251 252 253 254 255 256 257 258 259 260 261 262 263 264 265 266 267 268 269 270 271 272 273 274 275 276 277 278 279 280 281 282 283 284 285 286 287 288 289 290 291 292 293 294 295 296 297 298 299 300 301 302 303 304 305 306 307 308 309 310 311 312 313 314 315 316 317 318 319 320 321 322 323 324 325 326 327 328 329 330 331 332 333 334 335 336 337 338 339 340 341 342 343 344 345 346 347 348 349 350 351 352 353 354 355 356
 done.
 running RMSDs...
 done.
 E lowest :   -37.92870
 297 structures remain within    12.00 kcal/mol window

 -------------------------------------
 2. optimization with tight thresholds
 -------------------------------------
 Optimizing all 298 structures from file "crest_rotamers_1.xyz" ...
 1 2 3 4 5 6 7 8 9 10 11 12 13 14 15 16 17 18 19 20 21 22 23 24 25 26 27 28 29 30 31 32 33 34 35 36 37 38 39 40 41 42 43 44 45 46 47 48 49 50 51 52 53 54 55 56 57 58 59 60 61 62 63 64 65 66 67 68 69 70 71 72 73 74 75 76 77 78 79 80 81 82 83 84 85 86 87 88 89 90 91 92 93 94 95 96 97 98 99 100 101 102 103 104 105 106 107 108 109 110 111 112 113 114 115 116 117 118 119 120 121 122 123 124 125 126 127 128 129 130 131 132 133 134 135 136 137 138 139 140 141 142 143 144 145 146 147 148 149 150 151 152 153 154 155 156 157 158 159 160 161 162 163 164 165 166 167 168 169 170 171 172 173 174 175 176 177 178 179 180 181 182 183 184 185 186 187 188 189 190 191 192 193 194 195 196 197 198 199 200 201 202 203 204 205 206 207 208 209 210 211 212 213 214 215 216 217 218 219 220 221 222 223 224 225 226 227 228 229 230 231 232 233 234 235 236 237 238 239 240 241 242 243 244 245 246 247 248 249 250 251 252 253 254 255 256 257 258 259 260 261 262 263 264 265 266 267 268 269 270 271 272 273 274 275 276 277 278 279 280 281 282 283 284 285 286 287 288 289 290 291 292 293 294 295 296 297 298
 done.
 running RMSDs...
 done.
 E lowest :   -37.92933
 73 structures remain within     6.00 kcal/mol window

========================================
            MTD Iterations done         
========================================
 Collecting ensmbles.
 running RMSDs...
 done.
 E lowest :   -37.92933
 158 structures remain within     6.00 kcal/mol window



   ================================================
   |           Final Geometry Optimization        |
   ================================================
 ------------------------------------------------
 Ensemble optimization with very tight thresholds
 ------------------------------------------------
 Optimizing all 158 structures from file "crest_rotamers_1.xyz" ...
 1 2 3 4 5 6 7 8 9 10 11 12 13 14 15 16 17 18 19 20 21 22 23 24 25 26 27 28 29 30 31 32 33 34 35 36 37 38 39 40 41 42 43 44 45 46 47 48 49 50 51 52 53 54 55 56 57 58 59 60 61 62 63 64 65 66 67 68 69 70 71 72 73 74 75 76 77 78 79 80 81 82 83 84 85 86 87 88 89 90 91 92 93 94 95 96 97 98 99 100 101 102 103 104 105 106 107 108 109 110 111 112 113 114 115 116 117 118 119 120 121 122 123 124 125 126 127 128 129 130 131 132 133 134 135 136 137 138 139 140 141 142 143 144 145 146 147 148 149 150 151 152 153 154 155 156 157 158
 done.
 running RMSDs...
 done.
 E lowest :   -37.92932
 121 structures remain within     6.00 kcal/mol window

 input  file name : crest_rotamers_2.xyz
 output file name : crest_rotamers_3.xyz
 number of atoms                :   26
 number of points on xyz files  :   158
 RMSD threshold                 :   0.1250
 Bconst threshold               :   0.0100
 population threshold           :   0.0500
 conformer energy window  /kcal :   6.0000
 # fragment in coord            :     2
 # bonds in reference structure :    25
   => # of C=C bonds :     2
 number of reliable points      :   158
 reference state Etot :  -37.929317709999999
 number of doubles removed by rot/RMSD         :          37
 total number unique points considered further :         121
       Erel/kcal        Etot weight/tot  conformer     set   degen     origin
       1   0.000   -37.92932    0.04143    0.36364       1       9     mtd1
       2   0.008   -37.92930    0.04084                                mtd1
       3   0.012   -37.92930    0.04059                                mtd2
       4   0.015   -37.92929    0.04042                                input
       5   0.016   -37.92929    0.04033                                mtd1
       6   0.018   -37.92929    0.04016                                mtd6
       7   0.019   -37.92929    0.04013                                mtd6
       8   0.021   -37.92928    0.04001                                mtd2
       9   0.025   -37.92928    0.03973                                mtd5
      10   0.106   -37.92915    0.03463    0.23856       2       7     mtd2
      11   0.110   -37.92914    0.03441                                mtd1
      12   0.114   -37.92914    0.03420                                mtd2
      13   0.118   -37.92913    0.03395                                mtd2
      14   0.120   -37.92913    0.03384                                mtd1
      15   0.121   -37.92913    0.03379                                mtd2
      16   0.121   -37.92912    0.03375                                mtd1
      17   0.745   -37.92813    0.01180    0.06976       3       6     mtd6
      18   0.751   -37.92812    0.01167                                mtd2
      19   0.752   -37.92812    0.01166                                mtd2
      20   0.754   -37.92812    0.01161                                mtd2
      21   0.756   -37.92811    0.01158                                mtd1
      22   0.763   -37.92810    0.01145                                mtd2
      23   0.825   -37.92800    0.01030    0.12291       4      12     mtd2
      24   0.826   -37.92800    0.01030                                mtd5
      25   0.826   -37.92800    0.01029                                mtd5
      26   0.826   -37.92800    0.01029                                mtd1
      27   0.826   -37.92800    0.01028                                mtd1
      28   0.828   -37.92800    0.01025                                mtd4
      29   0.830   -37.92800    0.01023                                mtd3
      30   0.830   -37.92800    0.01022                                mtd4
      31   0.831   -37.92799    0.01020                                mtd3
      32   0.832   -37.92799    0.01019                                mtd5
      33   0.832   -37.92799    0.01018                                mtd4
      34   0.833   -37.92799    0.01017                                mtd3
      35   0.917   -37.92786    0.00882    0.05165       5       6     mtd5
      36   0.927   -37.92784    0.00867                                mtd2
      37   0.932   -37.92783    0.00861                                mtd3
      38   0.934   -37.92783    0.00858                                mtd6
      39   0.935   -37.92783    0.00855                                mtd5
      40   0.945   -37.92781    0.00842                                mtd5
      41   1.199   -37.92741    0.00549    0.02634       6       5     mtd3
      42   1.235   -37.92735    0.00516                                mtd1
      43   1.238   -37.92734    0.00513                                mtd2
      44   1.205   -37.92740    0.00543                                mtd4
      45   1.239   -37.92734    0.00513                                mtd1
      46   1.213   -37.92738    0.00535    0.04114       7       8     mtd1
      47   1.226   -37.92736    0.00524                                mtd2
      48   1.239   -37.92734    0.00513                                mtd2
      49   1.233   -37.92735    0.00518                                mtd1
      50   1.243   -37.92734    0.00510                                mtd3
      51   1.246   -37.92733    0.00506                                mtd4
      52   1.247   -37.92733    0.00506                                mtd6
      53   1.251   -37.92732    0.00502                                mtd4
      54   1.257   -37.92731    0.00498    0.01958       8       4     mtd2
      55   1.267   -37.92730    0.00489                                mtd5
      56   1.270   -37.92729    0.00487                                mtd1
      57   1.273   -37.92729    0.00484                                mtd3
      58   1.285   -37.92727    0.00475    0.00475       9       1     mtd3
      59   1.334   -37.92719    0.00437    0.01298      10       3     mtd3
      60   1.337   -37.92719    0.00434                                mtd4
      61   1.347   -37.92717    0.00427                                mtd1
      62   1.357   -37.92716    0.00420    0.03742      11       9     mtd5
      63   1.357   -37.92716    0.00420                                mtd2
      64   1.361   -37.92715    0.00418                                mtd6
      65   1.342   -37.92718    0.00431                                mtd4
      66   1.361   -37.92715    0.00417                                mtd1
      67   1.361   -37.92715    0.00417                                mtd4
      68   1.370   -37.92713    0.00411                                input
      69   1.376   -37.92713    0.00407                                mtd5
      70   1.385   -37.92711    0.00401                                mtd1
      71   1.400   -37.92709    0.00391    0.00391      12       1     mtd1
      72   2.234   -37.92576    0.00096    0.00096      13       1     mtd2
      73   2.239   -37.92575    0.00095    0.00095      14       1     mtd3
      74   2.325   -37.92561    0.00082    0.00082      15       1     mtd4
      75   2.326   -37.92561    0.00082    0.00082      16       1     mtd2
      76   2.722   -37.92498    0.00042    0.00122      17       3     mtd2
      77   2.744   -37.92494    0.00041                                mtd2
      78   2.758   -37.92492    0.00040                                mtd4
      79   2.832   -37.92481    0.00035    0.00135      18       4     mtd1
      80   2.850   -37.92478    0.00034                                mtd3
      81   2.864   -37.92475    0.00033                                mtd1
      82   2.870   -37.92474    0.00033                                mtd2
      83   2.975   -37.92458    0.00027    0.00027      19       1     mtd1
      84   3.614   -37.92356    0.00009    0.00018      20       2     mtd2
      85   3.631   -37.92353    0.00009                                mtd2
      86   3.616   -37.92356    0.00009    0.00027      21       3     mtd1
      87   3.639   -37.92352    0.00009                                mtd5
      88   3.653   -37.92350    0.00009                                mtd5
      89   3.748   -37.92334    0.00007    0.00007      22       1     mtd3
      90   4.150   -37.92270    0.00004    0.00004      23       1     mtd2
      91   4.214   -37.92260    0.00003    0.00010      24       3     mtd3
      92   4.223   -37.92259    0.00003                                mtd2
      93   4.214   -37.92260    0.00003                                mtd2
      94   4.218   -37.92260    0.00003    0.00003      25       1     mtd2
      95   4.390   -37.92232    0.00003    0.00003      26       1     mtd6
      96   4.423   -37.92227    0.00002    0.00002      27       1     mtd3
      97   4.589   -37.92201    0.00002    0.00002      28       1     mtd5
      98   4.699   -37.92183    0.00001    0.00004      29       3     mtd2
      99   4.721   -37.92179    0.00001                                mtd6
     100   4.706   -37.92182    0.00001                                mtd6
     101   4.715   -37.92180    0.00001    0.00003      30       2     mtd3
     102   4.722   -37.92179    0.00001                                mtd6
     103   4.748   -37.92175    0.00001    0.00001      31       1     mtd3
     104   4.845   -37.92160    0.00001    0.00003      32       3     mtd3
     105   4.847   -37.92159    0.00001                                mtd1
     106   4.883   -37.92154    0.00001                                mtd6
     107   4.847   -37.92159    0.00001    0.00001      33       1     mtd4
     108   4.905   -37.92150    0.00001    0.00002      34       2     mtd1
     109   4.906   -37.92150    0.00001                                mtd3
     110   5.206   -37.92102    0.00001    0.00001      35       2     mtd4
     111   5.237   -37.92097    0.00001                                mtd4
     112   5.440   -37.92065    0.00000    0.00001      36       3     mtd4
     113   5.441   -37.92065    0.00000                                mtd5
     114   5.450   -37.92063    0.00000                                mtd4
     115   5.558   -37.92046    0.00000    0.00001      37       2     mtd4
     116   5.583   -37.92042    0.00000                                mtd4
     117   5.621   -37.92036    0.00000    0.00000      38       1     mtd2
     118   5.634   -37.92034    0.00000    0.00001      39       2     mtd4
     119   5.647   -37.92032    0.00000                                mtd4
     120   5.649   -37.92032    0.00000    0.00000      40       1     mtd4
     121   5.945   -37.91984    0.00000    0.00000      41       1     mtd1
T /K                                  :   298.15
E lowest                              :   -37.92932
ensemble average energy (kcal)        :    0.443
ensemble entropy (J/mol K, cal/mol K) :   32.689    7.813
ensemble free energy (kcal/mol)       :   -2.329
population of lowest in %             :   36.364
 number of unique conformers for further calc           41
 list of relative energies saved as "crest.energies"

 -----------------
 Wall Time Summary
 -----------------
             test MD wall time :         0h : 0m : 0s
                 MTD wall time :         0h : 0m : 7s
      multilevel OPT wall time :         0h : 0m :14s
--------------------
Overall wall time  : 0h : 0m :23s

 CREST terminated normally.
