
       ==============================================
       |                                            |
       |                 C R E S T                  |
       |                                            |
       |  Conformer-Rotamer Ensemble Sampling Tool  |
       |          based on the GFN methods          |
       |             P.Pracht, S.Grimme             |
       |          Universitaet Bonn, MCTC           |
       ==============================================
       Version 2.12,   Thu 19. Mai 16:32:32 CEST 2022
  Using the xTB program. Compatible with xTB version 6.4.0

   Cite work conducted with this code as

   • P.Pracht, F.Bohle, S.Grimme, PCCP, 2020, 22, 7169-7192.
   • S.Grimme, JCTC, 2019, 15, 2847-2862.

   and for works involving QCG as

   • S.Spicher, C.Plett, P.Pracht, A.Hansen, S.Grimme,
     JCTC, 2022, 18 (5), 3174-3189.

   with help from:
   C.Bannwarth, F.Bohle, S.Ehlert, S.Grimme,
   C.Plett, P.Pracht, S.Spicher

   This program is distributed in the hope that it will be useful,
   but WITHOUT ANY WARRANTY; without even the implied warranty of
   MERCHANTABILITY or FITNESS FOR A PARTICULAR PURPOSE.

 Command line input:
 > crest xtbopt.xyz --gfn2//gfnff --chrg 0 --uhf 0 --nci --cbonds -T 128

  -gfn2//gfnff : energy reweighting
  --chrg 0
  --uhf 0
  --nci  : Special NCI mode for non-covalently bound complexes or clusters.
  -T 128 (CPUs/Threads selected)
  Automatically generated ellipsoide potential for NCI mode:
> $wall
>   potential=polynomial
>   ellipsoid: 59.009194648906572, 31.179126293392120, 30.718098831927744, all


 -------------------------
 xTB Geometry Optimization
 -------------------------
 Geometry successfully optimized.

------------------------------------------------
Generating MTD length from a flexibility measure
------------------------------------------------
 System flexiblity is set to 1.0 for NCI mode
 flexibility measure :   1.000
 t(MTD) / ps    :    17.0
 Σ(t(MTD)) / ps :   102.0 (6 MTDs)

-------------------------------------
Starting a trial MTD to test settings
-------------------------------------
 Estimated runtime for one MTD (17.0 ps) on a single thread: 44 min 43 sec
 Estimated runtime for a batch of 6 MTDs on 128 threads: 2 min 8 sec

 list of Vbias parameters applied:
$metadyn    0.00100   1.000
$metadyn    0.00050   1.000
$metadyn    0.00100   0.500
$metadyn    0.00050   0.500
$metadyn    0.00100   0.250
$metadyn    0.00050   0.250

*******************************************************************************************
**                        N E W    I T E R A T I O N    C Y C L E                        **
*******************************************************************************************

========================================
            MTD Iteration  1
========================================

     ========================================
     |         Meta-MD (MTD) Sampling       |
     ========================================

Starting Meta-MD   3 with the settings:
     MD time /ps        :    17.0
     dt /fs             :     2.0
     dumpstep(trj) /fs  :     100
     dumpstep(Vbias)/ps :     1.0
     Vbias factor k /Eh :  0.0360
     Vbias exp α /bohr⁻²:    0.50
Starting Meta-MD   1 with the settings:
     MD time /ps        :    17.0
     dt /fs             :     2.0
     dumpstep(trj) /fs  :     100
     dumpstep(Vbias)/ps :     1.0
     Vbias factor k /Eh :  0.0360
     Vbias exp α /bohr⁻²:    1.00
Starting Meta-MD   2 with the settings:
     MD time /ps        :    17.0
     dt /fs             :     2.0
     dumpstep(trj) /fs  :     100
     dumpstep(Vbias)/ps :     1.0
     Vbias factor k /Eh :  0.0180
     Vbias exp α /bohr⁻²:    1.00
Starting Meta-MD   6 with the settings:
     MD time /ps        :    17.0
     dt /fs             :     2.0
     dumpstep(trj) /fs  :     100
     dumpstep(Vbias)/ps :     1.0
     Vbias factor k /Eh :  0.0180
     Vbias exp α /bohr⁻²:    0.25
Starting Meta-MD   4 with the settings:
     MD time /ps        :    17.0
     dt /fs             :     2.0
     dumpstep(trj) /fs  :     100
     dumpstep(Vbias)/ps :     1.0
     Vbias factor k /Eh :  0.0180
     Vbias exp α /bohr⁻²:    0.50
Starting Meta-MD   5 with the settings:
     MD time /ps        :    17.0
     dt /fs             :     2.0
     dumpstep(trj) /fs  :     100
     dumpstep(Vbias)/ps :     1.0
     Vbias factor k /Eh :  0.0360
     Vbias exp α /bohr⁻²:    0.25
*Meta-MTD 5 finished*
*Meta-MTD 6 finished*
*Meta-MTD 2 finished*
*Meta-MTD 3 finished*
*Meta-MTD 4 finished*
*Meta-MTD 1 finished*

-----------------------
Multilevel Optimization
-----------------------

 -------------------------
 1. crude pre-optimization
 -------------------------
 Optimizing all 1014 structures from file "crest_rotamers_0.xyz" ...
 1 2 3 4 5 6 7 8 9 10 11 12 13 14 15 16 17 18 19 20 21 22 23 24 25 26 27 28 29 30 31 32 33 34 35 36 37 38 39 40 41 42 43 44 45 46 47 48 49 50 51 52 53 54 55 56 57 58 59 60 61 62 63 64 65 66 67 68 69 70 71 72 73 74 75 76 77 78 79 80 81 82 83 84 85 86 87 88 89 90 91 92 93 94 95 96 97 98 99 100 101 102 103 104 105 106 107 108 109 110 111 112 113 114 115 116 117 118 119 120 121 122 123 124 125 126 127 128 129 130 131 132 133 134 135 136 137 138 139 140 141 142 143 144 145 146 147 148 149 150 151 152 153 154 155 156 157 158 159 160 161 162 163 164 165 166 167 168 169 170 171 172 173 174 175 176 177 178 179 180 181 182 183 184 185 186 187 188 189 190 191 192 193 194 195 196 197 198 199 200 201 202 203 204 205 206 207 208 209 210 211 212 213 214 215 216 217 218 219 220 221 222 223 224 225 226 227 228 229 230 231 232 233 234 235 236 237 238 239 240 241 242 243 244 245 246 247 248 249 250 251 252 253 254 255 256 257 258 259 260 261 262 263 264 265 266 267 268 269 270 271 272 273 274 275 276 277 278 279 280 281 282 283 284 285 286 287 288 289 290 291 292 293 294 295 296 297 298 299 300 301 302 303 304 305 306 307 308 309 310 311 312 313 314 315 316 317 318 319 320 321 322 323 324 325 326 327 328 329 330 331 332 333 334 335 336 337 338 339 340 341 342 343 344 345 346 347 348 349 350 351 352 353 354 355 356 357 358 359 360 361 362 363 364 365 366 367 368 369 370 371 372 373 374 375 376 377 378 379 380 381 382 383 384 385 386 387 388 389 390 391 392 393 394 395 396 397 398 399 400 401 402 403 404 405 406 407 408 409 410 411 412 413 414 415 416 417 418 419 420 421 422 423 424 425 426 427 428 429 430 431 432 433 434 435 436 437 438 439 440 441 442 443 444 445 446 447 448 449 450 451 452 453 454 455 456 457 458 459 460 461 462 463 464 465 466 467 468 469 470 471 472 473 474 475 476 477 478 479 480 481 482 483 484 485 486 487 488 489 490 491 492 493 494 495 496 497 498 499 500 501 502 503 504 505 506 507 508 509 510 511 512 513 514 515 516 517 518 519 520 521 522 523 524 525 526 527 528 529 530 531 532 533 534 535 536 537 538 539 540 541 542 543 544 545 546 547 548 549 550 551 552 553 554 555 556 557 558 559 560 561 562 563 564 565 566 567 568 569 570 571 572 573 574 575 576 577 578 579 580 581 582 583 584 585 586 587 588 589 590 591 592 593 594 595 596 597 598 599 600 601 602 603 604 605 606 607 608 609 610 611 612 613 614 615 616 617 618 619 620 621 622 623 624 625 626 627 628 629 630 631 632 633 634 635 636 637 638 639 640 641 642 643 644 645 646 647 648 649 650 651 652 653 654 655 656 657 658 659 660 661 662 663 664 665 666 667 668 669 670 671 672 673 674 675 676 677 678 679 680 681 682 683 684 685 686 687 688 689 690 691 692 693 694 695 696 697 698 699 700 701 702 703 704 705 706 707 708 709 710 711 712 713 714 715 716 717 718 719 720 721 722 723 724 725 726 727 728 729 730 731 732 733 734 735 736 737 738 739 740 741 742 743 744 745 746 747 748 749 750 751 752 753 754 755 756 757 758 759 760 761 762 763 764 765 766 767 768 769 770 771 772 773 774 775 776 777 778 779 780 781 782 783 784 785 786 787 788 789 790 791 792 793 794 795 796 797 798 799 800 801 802 803 804 805 806 807 808 809 810 811 812 813 814 815 816 817 818 819 820 821 822 823 824 825 826 827 828 829 830 831 832 833 834 835 836 837 838 839 840 841 842 843 844 845 846 847 848 849 850 851 852 853 854 855 856 857 858 859 860 861 862 863 864 865 866 867 868 869 870 871 872 873 874 875 876 877 878 879 880 881 882 883 884 885 886 887 888 889 890 891 892 893 894 895 896 897 898 899 900 901 902 903 904 905 906 907 908 909 910 911 912 913 914 915 916 917 918 919 920 921 922 923 924 925 926 927 928 929 930 931 932 933 934 935 936 937 938 939 940 941 942 943 944 945 946 947 948 949 950 951 952 953 954 955 956 957 958 959 960 961 962 963 964 965 966 967 968 969 970 971 972 973 974 975 976 977 978 979 980 981 982 983 984 985 986 987 988 989 990 991 992 993 994 995 996 997 998 999 1000 1001 1002 1003 1004 1005 1006 1007 1008 1009 1010 1011 1012 1013 1014
 done.
 running RMSDs...
 done.
 E lowest :   -50.86450
 835 structures remain within    12.00 kcal/mol window

 -------------------------------------
 2. optimization with tight thresholds
 -------------------------------------
 Optimizing all 836 structures from file "crest_rotamers_1.xyz" ...
 1 2 3 4 5 6 7 8 9 10 11 12 13 14 15 16 17 18 19 20 21 22 23 24 25 26 27 28 29 30 31 32 33 34 35 36 37 38 39 40 41 42 43 44 45 46 47 48 49 50 51 52 53 54 55 56 57 58 59 60 61 62 63 64 65 66 67 68 69 70 71 72 73 74 75 76 77 78 79 80 81 82 83 84 85 86 87 88 89 90 91 92 93 94 95 96 97 98 99 100 101 102 103 104 105 106 107 108 109 110 111 112 113 114 115 116 117 118 119 120 121 122 123 124 125 126 127 128 129 130 131 132 133 134 135 136 137 138 139 140 141 142 143 144 145 146 147 148 149 150 151 152 153 154 155 156 157 158 159 160 161 162 163 164 165 166 167 168 169 170 171 172 173 174 175 176 177 178 179 180 181 182 183 184 185 186 187 188 189 190 191 192 193 194 195 196 197 198 199 200 201 202 203 204 205 206 207 208 209 210 211 212 213 214 215 216 217 218 219 220 221 222 223 224 225 226 227 228 229 230 231 232 233 234 235 236 237 238 239 240 241 242 243 244 245 246 247 248 249 250 251 252 253 254 255 256 257 258 259 260 261 262 263 264 265 266 267 268 269 270 271 272 273 274 275 276 277 278 279 280 281 282 283 284 285 286 287 288 289 290 291 292 293 294 295 296 297 298 299 300 301 302 303 304 305 306 307 308 309 310 311 312 313 314 315 316 317 318 319 320 321 322 323 324 325 326 327 328 329 330 331 332 333 334 335 336 337 338 339 340 341 342 343 344 345 346 347 348 349 350 351 352 353 354 355 356 357 358 359 360 361 362 363 364 365 366 367 368 369 370 371 372 373 374 375 376 377 378 379 380 381 382 383 384 385 386 387 388 389 390 391 392 393 394 395 396 397 398 399 400 401 402 403 404 405 406 407 408 409 410 411 412 413 414 415 416 417 418 419 420 421 422 423 424 425 426 427 428 429 430 431 432 433 434 435 436 437 438 439 440 441 442 443 444 445 446 447 448 449 450 451 452 453 454 455 456 457 458 459 460 461 462 463 464 465 466 467 468 469 470 471 472 473 474 475 476 477 478 479 480 481 482 483 484 485 486 487 488 489 490 491 492 493 494 495 496 497 498 499 500 501 502 503 504 505 506 507 508 509 510 511 512 513 514 515 516 517 518 519 520 521 522 523 524 525 526 527 528 529 530 531 532 533 534 535 536 537 538 539 540 541 542 543 544 545 546 547 548 549 550 551 552 553 554 555 556 557 558 559 560 561 562 563 564 565 566 567 568 569 570 571 572 573 574 575 576 577 578 579 580 581 582 583 584 585 586 587 588 589 590 591 592 593 594 595 596 597 598 599 600 601 602 603 604 605 606 607 608 609 610 611 612 613 614 615 616 617 618 619 620 621 622 623 624 625 626 627 628 629 630 631 632 633 634 635 636 637 638 639 640 641 642 643 644 645 646 647 648 649 650 651 652 653 654 655 656 657 658 659 660 661 662 663 664 665 666 667 668 669 670 671 672 673 674 675 676 677 678 679 680 681 682 683 684 685 686 687 688 689 690 691 692 693 694 695 696 697 698 699 700 701 702 703 704 705 706 707 708 709 710 711 712 713 714 715 716 717 718 719 720 721 722 723 724 725 726 727 728 729 730 731 732 733 734 735 736 737 738 739 740 741 742 743 744 745 746 747 748 749 750 751 752 753 754 755 756 757 758 759 760 761 762 763 764 765 766 767 768 769 770 771 772 773 774 775 776 777 778 779 780 781 782 783 784 785 786 787 788 789 790 791 792 793 794 795 796 797 798 799 800 801 802 803 804 805 806 807 808 809 810 811 812 813 814 815 816 817 818 819 820 821 822 823 824 825 826 827 828 829 830 831 832 833 834 835 836
 done.
 running RMSDs...
 done.
 E lowest :   -50.86625
 98 structures remain within     6.00 kcal/mol window


========================================
            MTD Iteration  2
========================================

     ========================================
     |         Meta-MD (MTD) Sampling       |
     ========================================

Starting Meta-MD   1 with the settings:
     MD time /ps        :    17.0
     dt /fs             :     2.0
     dumpstep(trj) /fs  :     100
     dumpstep(Vbias)/ps :     1.0
     Vbias factor k /Eh :  0.0360
     Vbias exp α /bohr⁻²:    1.00
Starting Meta-MD   2 with the settings:
     MD time /ps        :    17.0
     dt /fs             :     2.0
     dumpstep(trj) /fs  :     100
     dumpstep(Vbias)/ps :     1.0
     Vbias factor k /Eh :  0.0180
     Vbias exp α /bohr⁻²:    1.00
Starting Meta-MD   3 with the settings:
     MD time /ps        :    17.0
     dt /fs             :     2.0
     dumpstep(trj) /fs  :     100
     dumpstep(Vbias)/ps :     1.0
     Vbias factor k /Eh :  0.0360
     Vbias exp α /bohr⁻²:    0.50
Starting Meta-MD   4 with the settings:
     MD time /ps        :    17.0
     dt /fs             :     2.0
     dumpstep(trj) /fs  :     100
     dumpstep(Vbias)/ps :     1.0
     Vbias factor k /Eh :  0.0180
     Vbias exp α /bohr⁻²:    0.50
*Meta-MTD 4 finished*
*Meta-MTD 3 finished*
*Meta-MTD 1 finished*
*Meta-MTD 2 finished*

-----------------------
Multilevel Optimization
-----------------------

 -------------------------
 1. crude pre-optimization
 -------------------------
 Optimizing all 676 structures from file "crest_rotamers_0.xyz" ...
 1 2 3 4 5 6 7 8 9 10 11 12 13 14 15 16 17 18 19 20 21 22 23 24 25 26 27 28 29 30 31 32 33 34 35 36 37 38 39 40 41 42 43 44 45 46 47 48 49 50 51 52 53 54 55 56 57 58 59 60 61 62 63 64 65 66 67 68 69 70 71 72 73 74 75 76 77 78 79 80 81 82 83 84 85 86 87 88 89 90 91 92 93 94 95 96 97 98 99 100 101 102 103 104 105 106 107 108 109 110 111 112 113 114 115 116 117 118 119 120 121 122 123 124 125 126 127 128 129 130 131 132 133 134 135 136 137 138 139 140 141 142 143 144 145 146 147 148 149 150 151 152 153 154 155 156 157 158 159 160 161 162 163 164 165 166 167 168 169 170 171 172 173 174 175 176 177 178 179 180 181 182 183 184 185 186 187 188 189 190 191 192 193 194 195 196 197 198 199 200 201 202 203 204 205 206 207 208 209 210 211 212 213 214 215 216 217 218 219 220 221 222 223 224 225 226 227 228 229 230 231 232 233 234 235 236 237 238 239 240 241 242 243 244 245 246 247 248 249 250 251 252 253 254 255 256 257 258 259 260 261 262 263 264 265 266 267 268 269 270 271 272 273 274 275 276 277 278 279 280 281 282 283 284 285 286 287 288 289 290 291 292 293 294 295 296 297 298 299 300 301 302 303 304 305 306 307 308 309 310 311 312 313 314 315 316 317 318 319 320 321 322 323 324 325 326 327 328 329 330 331 332 333 334 335 336 337 338 339 340 341 342 343 344 345 346 347 348 349 350 351 352 353 354 355 356 357 358 359 360 361 362 363 364 365 366 367 368 369 370 371 372 373 374 375 376 377 378 379 380 381 382 383 384 385 386 387 388 389 390 391 392 393 394 395 396 397 398 399 400 401 402 403 404 405 406 407 408 409 410 411 412 413 414 415 416 417 418 419 420 421 422 423 424 425 426 427 428 429 430 431 432 433 434 435 436 437 438 439 440 441 442 443 444 445 446 447 448 449 450 451 452 453 454 455 456 457 458 459 460 461 462 463 464 465 466 467 468 469 470 471 472 473 474 475 476 477 478 479 480 481 482 483 484 485 486 487 488 489 490 491 492 493 494 495 496 497 498 499 500 501 502 503 504 505 506 507 508 509 510 511 512 513 514 515 516 517 518 519 520 521 522 523 524 525 526 527 528 529 530 531 532 533 534 535 536 537 538 539 540 541 542 543 544 545 546 547 548 549 550 551 552 553 554 555 556 557 558 559 560 561 562 563 564 565 566 567 568 569 570 571 572 573 574 575 576 577 578 579 580 581 582 583 584 585 586 587 588 589 590 591 592 593 594 595 596 597 598 599 600 601 602 603 604 605 606 607 608 609 610 611 612 613 614 615 616 617 618 619 620 621 622 623 624 625 626 627 628 629 630 631 632 633 634 635 636 637 638 639 640 641 642 643 644 645 646 647 648 649 650 651 652 653 654 655 656 657 658 659 660 661 662 663 664 665 666 667 668 669 670 671 672 673 674 675 676
 done.
 running RMSDs...
 done.
 E lowest :   -50.86563
 564 structures remain within    12.00 kcal/mol window

 -------------------------------------
 2. optimization with tight thresholds
 -------------------------------------
 Optimizing all 565 structures from file "crest_rotamers_1.xyz" ...
 1 2 3 4 5 6 7 8 9 10 11 12 13 14 15 16 17 18 19 20 21 22 23 24 25 26 27 28 29 30 31 32 33 34 35 36 37 38 39 40 41 42 43 44 45 46 47 48 49 50 51 52 53 54 55 56 57 58 59 60 61 62 63 64 65 66 67 68 69 70 71 72 73 74 75 76 77 78 79 80 81 82 83 84 85 86 87 88 89 90 91 92 93 94 95 96 97 98 99 100 101 102 103 104 105 106 107 108 109 110 111 112 113 114 115 116 117 118 119 120 121 122 123 124 125 126 127 128 129 130 131 132 133 134 135 136 137 138 139 140 141 142 143 144 145 146 147 148 149 150 151 152 153 154 155 156 157 158 159 160 161 162 163 164 165 166 167 168 169 170 171 172 173 174 175 176 177 178 179 180 181 182 183 184 185 186 187 188 189 190 191 192 193 194 195 196 197 198 199 200 201 202 203 204 205 206 207 208 209 210 211 212 213 214 215 216 217 218 219 220 221 222 223 224 225 226 227 228 229 230 231 232 233 234 235 236 237 238 239 240 241 242 243 244 245 246 247 248 249 250 251 252 253 254 255 256 257 258 259 260 261 262 263 264 265 266 267 268 269 270 271 272 273 274 275 276 277 278 279 280 281 282 283 284 285 286 287 288 289 290 291 292 293 294 295 296 297 298 299 300 301 302 303 304 305 306 307 308 309 310 311 312 313 314 315 316 317 318 319 320 321 322 323 324 325 326 327 328 329 330 331 332 333 334 335 336 337 338 339 340 341 342 343 344 345 346 347 348 349 350 351 352 353 354 355 356 357 358 359 360 361 362 363 364 365 366 367 368 369 370 371 372 373 374 375 376 377 378 379 380 381 382 383 384 385 386 387 388 389 390 391 392 393 394 395 396 397 398 399 400 401 402 403 404 405 406 407 408 409 410 411 412 413 414 415 416 417 418 419 420 421 422 423 424 425 426 427 428 429 430 431 432 433 434 435 436 437 438 439 440 441 442 443 444 445 446 447 448 449 450 451 452 453 454 455 456 457 458 459 460 461 462 463 464 465 466 467 468 469 470 471 472 473 474 475 476 477 478 479 480 481 482 483 484 485 486 487 488 489 490 491 492 493 494 495 496 497 498 499 500 501 502 503 504 505 506 507 508 509 510 511 512 513 514 515 516 517 518 519 520 521 522 523 524 525 526 527 528 529 530 531 532 533 534 535 536 537 538 539 540 541 542 543 544 545 546 547 548 549 550 551 552 553 554 555 556 557 558 559 560 561 562 563 564 565
 done.
 running RMSDs...
 done.
 E lowest :   -50.86619
 101 structures remain within     6.00 kcal/mol window

========================================
            MTD Iterations done         
========================================
 Collecting ensmbles.
 running RMSDs...
 done.
 E lowest :   -50.86625
 195 structures remain within     6.00 kcal/mol window



   ================================================
   |           Final Geometry Optimization        |
   ================================================
 ------------------------------------------------
 Ensemble optimization with very tight thresholds
 ------------------------------------------------
 Optimizing all 195 structures from file "crest_rotamers_1.xyz" ...
 1 2 3 4 5 6 7 8 9 10 11 12 13 14 15 16 17 18 19 20 21 22 23 24 25 26 27 28 29 30 31 32 33 34 35 36 37 38 39 40 41 42 43 44 45 46 47 48 49 50 51 52 53 54 55 56 57 58 59 60 61 62 63 64 65 66 67 68 69 70 71 72 73 74 75 76 77 78 79 80 81 82 83 84 85 86 87 88 89 90 91 92 93 94 95 96 97 98 99 100 101 102 103 104 105 106 107 108 109 110 111 112 113 114 115 116 117 118 119 120 121 122 123 124 125 126 127 128 129 130 131 132 133 134 135 136 137 138 139 140 141 142 143 144 145 146 147 148 149 150 151 152 153 154 155 156 157 158 159 160 161 162 163 164 165 166 167 168 169 170 171 172 173 174 175 176 177 178 179 180 181 182 183 184 185 186 187 188 189 190 191 192 193 194 195
 done.
 running RMSDs...
 done.
 E lowest :   -50.86618
 166 structures remain within     6.00 kcal/mol window

 input  file name : crest_rotamers_2.xyz
 output file name : crest_rotamers_3.xyz
 number of atoms                :   36
 number of points on xyz files  :   195
 RMSD threshold                 :   0.1250
 Bconst threshold               :   0.0100
 population threshold           :   0.0500
 conformer energy window  /kcal :   6.0000
 # fragment in coord            :     2
 # bonds in reference structure :    36
   => # of C=C bonds :     7
 number of reliable points      :   195
 reference state Etot :  -50.866175009999999
 number of doubles removed by rot/RMSD         :          29
 total number unique points considered further :         166
       Erel/kcal        Etot weight/tot  conformer     set   degen     origin
       1   0.000   -50.86618    0.02132    0.20606       1      10     mtd4
       2   0.011   -50.86616    0.02093                                mtd6
       3   0.024   -50.86614    0.02046                                mtd2
       4   0.029   -50.86613    0.02030                                mtd2
       5   0.029   -50.86613    0.02029                                mtd1
       6   0.025   -50.86614    0.02045                                mtd2
       7   0.025   -50.86613    0.02043                                mtd1
       8   0.016   -50.86615    0.02075                                mtd2
       9   0.027   -50.86613    0.02038                                mtd4
      10   0.016   -50.86615    0.02074                                mtd3
      11   0.017   -50.86615    0.02073    0.12270       2       6     mtd1
      12   0.017   -50.86615    0.02071                                mtd2
      13   0.019   -50.86614    0.02065                                mtd4
      14   0.033   -50.86612    0.02018                                mtd3
      15   0.033   -50.86612    0.02016                                mtd3
      16   0.030   -50.86613    0.02027                                mtd6
      17   0.030   -50.86613    0.02026    0.14180       3       7     mtd3
      18   0.034   -50.86612    0.02014                                mtd2
      19   0.035   -50.86612    0.02009                                mtd3
      20   0.036   -50.86612    0.02006                                mtd3
      21   0.020   -50.86614    0.02062                                mtd2
      22   0.020   -50.86614    0.02060                                mtd3
      23   0.037   -50.86612    0.02002                                mtd3
      24   0.038   -50.86611    0.01999    0.20085       4      10     mtd6
      25   0.031   -50.86612    0.02022                                mtd1
      26   0.027   -50.86613    0.02037                                mtd1
      27   0.040   -50.86611    0.01995                                mtd4
      28   0.022   -50.86614    0.02054                                mtd4
      29   0.033   -50.86612    0.02018                                mtd6
      30   0.033   -50.86612    0.02018                                mtd2
      31   0.029   -50.86613    0.02031                                mtd4
      32   0.050   -50.86609    0.01958                                mtd4
      33   0.052   -50.86609    0.01952                                mtd6
      34   0.687   -50.86508    0.00670    0.03294       5       5     mtd2
      35   0.700   -50.86506    0.00655                                mtd1
      36   0.704   -50.86505    0.00651                                mtd2
      37   0.687   -50.86508    0.00669                                mtd3
      38   0.705   -50.86505    0.00650                                mtd2
      39   0.705   -50.86505    0.00649    0.03277       6       5     mtd2
      40   0.708   -50.86505    0.00647                                mtd3
      41   0.689   -50.86508    0.00667                                mtd2
      42   0.694   -50.86507    0.00662                                mtd4
      43   0.701   -50.86506    0.00653                                mtd2
      44   0.702   -50.86506    0.00653    0.03260       7       5     mtd4
      45   0.698   -50.86506    0.00657                                mtd1
      46   0.702   -50.86506    0.00652                                mtd3
      47   0.704   -50.86505    0.00651                                mtd3
      48   0.707   -50.86505    0.00647                                mtd2
      49   0.708   -50.86505    0.00646    0.05144       8       8     mtd1
      50   0.709   -50.86505    0.00645                                mtd5
      51   0.709   -50.86504    0.00645                                mtd1
      52   0.710   -50.86504    0.00644                                mtd5
      53   0.711   -50.86504    0.00643                                mtd2
      54   0.707   -50.86505    0.00647                                mtd2
      55   0.715   -50.86504    0.00639                                mtd4
      56   0.718   -50.86503    0.00635                                mtd3
      57   0.716   -50.86503    0.00637    0.00637       9       1     mtd6
      58   0.991   -50.86460    0.00401    0.03916      10      10     mtd4
      59   0.996   -50.86459    0.00397                                mtd2
      60   1.001   -50.86458    0.00394                                mtd1
      61   1.001   -50.86458    0.00394                                mtd4
      62   1.004   -50.86458    0.00392                                mtd2
      63   1.004   -50.86457    0.00392                                mtd1
      64   1.005   -50.86457    0.00391                                mtd2
      65   1.016   -50.86456    0.00385                                mtd1
      66   1.021   -50.86455    0.00381                                mtd2
      67   1.009   -50.86457    0.00389                                mtd6
      68   1.012   -50.86456    0.00387    0.01151      11       3     mtd2
      69   1.026   -50.86454    0.00378                                mtd3
      70   1.013   -50.86456    0.00387                                mtd4
      71   1.041   -50.86452    0.00369    0.01857      12       5     mtd4
      72   1.033   -50.86453    0.00373                                mtd2
      73   1.047   -50.86451    0.00365                                mtd4
      74   1.025   -50.86454    0.00379                                mtd1
      75   1.035   -50.86453    0.00372                                mtd3
      76   1.050   -50.86450    0.00363    0.02539      13       7     mtd4
      77   1.052   -50.86450    0.00361                                mtd1
      78   1.053   -50.86450    0.00361                                mtd1
      79   1.058   -50.86449    0.00358                                mtd4
      80   1.038   -50.86452    0.00370                                mtd2
      81   1.040   -50.86452    0.00369                                mtd3
      82   1.060   -50.86449    0.00357                                mtd4
      83   1.129   -50.86438    0.00318    0.01862      14       6     mtd2
      84   1.141   -50.86436    0.00311                                mtd2
      85   1.141   -50.86436    0.00311                                mtd4
      86   1.146   -50.86435    0.00309                                mtd2
      87   1.153   -50.86434    0.00305                                mtd6
      88   1.147   -50.86435    0.00308                                mtd2
      89   1.155   -50.86433    0.00304    0.03905      15      13     mtd1
      90   1.152   -50.86434    0.00306                                mtd2
      91   1.155   -50.86433    0.00304                                mtd4
      92   1.155   -50.86433    0.00304                                mtd5
      93   1.156   -50.86433    0.00304                                mtd4
      94   1.157   -50.86433    0.00303                                mtd2
      95   1.157   -50.86433    0.00303                                mtd6
      96   1.176   -50.86430    0.00294                                mtd4
      97   1.165   -50.86432    0.00299                                mtd3
      98   1.166   -50.86432    0.00298                                mtd5
      99   1.168   -50.86431    0.00298                                mtd3
     100   1.178   -50.86430    0.00292                                mtd2
     101   1.170   -50.86431    0.00296                                mtd3
     102   1.172   -50.86431    0.00295    0.01748      16       6     mtd4
     103   1.179   -50.86430    0.00292                                mtd2
     104   1.181   -50.86429    0.00291                                mtd4
     105   1.187   -50.86428    0.00288                                mtd3
     106   1.188   -50.86428    0.00287                                mtd4
     107   1.175   -50.86430    0.00294                                mtd2
     108   2.620   -50.86200    0.00026    0.00026      17       1     mtd4
     109   2.688   -50.86189    0.00023    0.00088      18       4     mtd2
     110   2.734   -50.86182    0.00021                                mtd4
     111   2.738   -50.86181    0.00021                                mtd2
     112   2.690   -50.86189    0.00023                                mtd2
     113   2.719   -50.86184    0.00022    0.00064      19       3     mtd1
     114   2.726   -50.86183    0.00022                                mtd4
     115   2.738   -50.86181    0.00021                                mtd2
     116   2.739   -50.86181    0.00021    0.00042      20       2     mtd2
     117   2.742   -50.86181    0.00021                                mtd4
     118   2.748   -50.86180    0.00021    0.00021      21       1     mtd4
     119   4.305   -50.85931    0.00001    0.00006      22       4     mtd4
     120   4.315   -50.85930    0.00001                                mtd4
     121   4.317   -50.85930    0.00001                                mtd1
     122   4.318   -50.85929    0.00001                                mtd1
     123   4.360   -50.85923    0.00001    0.00001      23       1     mtd4
     124   4.539   -50.85894    0.00001    0.00002      24       2     mtd6
     125   4.556   -50.85891    0.00001                                mtd6
     126   4.577   -50.85888    0.00001    0.00002      25       2     mtd3
     127   4.571   -50.85889    0.00001                                mtd3
     128   4.583   -50.85887    0.00001    0.00002      26       2     mtd3
     129   4.546   -50.85893    0.00001                                mtd1
     130   4.618   -50.85881    0.00001    0.00001      27       1     mtd3
     131   4.624   -50.85881    0.00001    0.00001      28       1     mtd1
     132   4.625   -50.85880    0.00001    0.00003      29       3     mtd4
     133   4.631   -50.85880    0.00001                                mtd4
     134   4.665   -50.85874    0.00001                                mtd1
     135   4.878   -50.85840    0.00001    0.00001      30       1     mtd3
     136   4.933   -50.85831    0.00001    0.00001      31       1     mtd3
     137   4.939   -50.85830    0.00001    0.00001      32       1     mtd1
     138   5.054   -50.85812    0.00000    0.00000      33       1     mtd1
     139   5.064   -50.85811    0.00000    0.00002      34       4     mtd1
     140   5.101   -50.85805    0.00000                                mtd3
     141   5.072   -50.85809    0.00000                                mtd4
     142   5.084   -50.85807    0.00000                                mtd4
     143   5.103   -50.85804    0.00000    0.00000      35       1     mtd3
     144   5.105   -50.85804    0.00000    0.00001      36       2     mtd1
     145   5.084   -50.85807    0.00000                                mtd3
     146   5.107   -50.85804    0.00000    0.00000      37       1     mtd1
     147   5.114   -50.85802    0.00000    0.00001      38       2     mtd1
     148   5.115   -50.85802    0.00000                                mtd3
     149   5.124   -50.85801    0.00000    0.00001      39       2     mtd1
     150   5.134   -50.85799    0.00000                                mtd4
     151   5.140   -50.85798    0.00000    0.00001      40       2     mtd5
     152   5.127   -50.85801    0.00000                                mtd4
     153   5.142   -50.85798    0.00000    0.00001      41       2     mtd3
     154   5.143   -50.85798    0.00000                                mtd4
     155   5.288   -50.85775    0.00000    0.00000      42       1     mtd6
     156   5.429   -50.85752    0.00000    0.00001      43       3     mtd4
     157   5.433   -50.85752    0.00000                                mtd3
     158   5.434   -50.85752    0.00000                                mtd3
     159   5.623   -50.85721    0.00000    0.00000      44       1     mtd2
     160   5.729   -50.85705    0.00000    0.00000      45       1     mtd3
     161   5.841   -50.85687    0.00000    0.00000      46       1     mtd1
     162   5.845   -50.85686    0.00000    0.00000      47       1     mtd2
     163   5.920   -50.85674    0.00000    0.00000      48       1     mtd3
     164   5.940   -50.85671    0.00000    0.00000      49       2     mtd2
     165   5.953   -50.85669    0.00000                                mtd3
     166   5.970   -50.85666    0.00000    0.00000      50       1     mtd2
T /K                                  :   298.15
E lowest                              :   -50.86618
ensemble average energy (kcal)        :    0.321
ensemble entropy (J/mol K, cal/mol K) :   36.490    8.721
ensemble free energy (kcal/mol)       :   -2.600
population of lowest in %             :   20.606
 number of unique conformers for further calc           50
 list of relative energies saved as "crest.energies"

 -----------------
 Wall Time Summary
 -----------------
             test MD wall time :         0h : 0m : 0s
                 MTD wall time :         0h : 0m :15s
      multilevel OPT wall time :         0h : 0m :27s
--------------------
Overall wall time  : 0h : 0m :45s

 CREST terminated normally.
