
       ==============================================
       |                                            |
       |                 C R E S T                  |
       |                                            |
       |  Conformer-Rotamer Ensemble Sampling Tool  |
       |          based on the GFN methods          |
       |             P.Pracht, S.Grimme             |
       |          Universitaet Bonn, MCTC           |
       ==============================================
       Version 2.12,   Thu 19. Mai 16:32:32 CEST 2022
  Using the xTB program. Compatible with xTB version 6.4.0

   Cite work conducted with this code as

   • P.Pracht, F.Bohle, S.Grimme, PCCP, 2020, 22, 7169-7192.
   • S.Grimme, JCTC, 2019, 15, 2847-2862.

   and for works involving QCG as

   • S.Spicher, C.Plett, P.Pracht, A.Hansen, S.Grimme,
     JCTC, 2022, 18 (5), 3174-3189.

   with help from:
   C.Bannwarth, F.Bohle, S.Ehlert, S.Grimme,
   C.Plett, P.Pracht, S.Spicher

   This program is distributed in the hope that it will be useful,
   but WITHOUT ANY WARRANTY; without even the implied warranty of
   MERCHANTABILITY or FITNESS FOR A PARTICULAR PURPOSE.

 Command line input:
 > crest xtbopt.xyz --gfn2//gfnff --chrg 1 --uhf 0 --nci --cbonds -T 128

  -gfn2//gfnff : energy reweighting
  --chrg 1
  --uhf 0
  --nci  : Special NCI mode for non-covalently bound complexes or clusters.
  -T 128 (CPUs/Threads selected)
  Automatically generated ellipsoide potential for NCI mode:
> $wall
>   potential=polynomial
>   ellipsoid: 36.444652821712083, 24.506738166076602, 24.083036833583304, all


 -------------------------
 xTB Geometry Optimization
 -------------------------
 Geometry successfully optimized.

------------------------------------------------
Generating MTD length from a flexibility measure
------------------------------------------------
 System flexiblity is set to 1.0 for NCI mode
 flexibility measure :   1.000
 t(MTD) / ps    :     9.0
 Σ(t(MTD)) / ps :    54.0 (6 MTDs)

-------------------------------------
Starting a trial MTD to test settings
-------------------------------------
 Estimated runtime for one MTD (9.0 ps) on a single thread: 19 min 10 sec
 Estimated runtime for a batch of 6 MTDs on 128 threads: 55 sec

 list of Vbias parameters applied:
$metadyn    0.00100   1.000
$metadyn    0.00050   1.000
$metadyn    0.00100   0.500
$metadyn    0.00050   0.500
$metadyn    0.00100   0.250
$metadyn    0.00050   0.250

*******************************************************************************************
**                        N E W    I T E R A T I O N    C Y C L E                        **
*******************************************************************************************

========================================
            MTD Iteration  1
========================================

     ========================================
     |         Meta-MD (MTD) Sampling       |
     ========================================

Starting Meta-MD   2 with the settings:
     MD time /ps        :     9.0
     dt /fs             :     2.0
     dumpstep(trj) /fs  :     100
     dumpstep(Vbias)/ps :     1.0
     Vbias factor k /Eh :  0.0125
     Vbias exp α /bohr⁻²:    1.00
Starting Meta-MD   1 with the settings:
     MD time /ps        :     9.0
     dt /fs             :     2.0
     dumpstep(trj) /fs  :     100
     dumpstep(Vbias)/ps :     1.0
     Vbias factor k /Eh :  0.0250
     Vbias exp α /bohr⁻²:    1.00
Starting Meta-MD   6 with the settings:
     MD time /ps        :     9.0
     dt /fs             :     2.0
     dumpstep(trj) /fs  :     100
     dumpstep(Vbias)/ps :     1.0
     Vbias factor k /Eh :  0.0125
     Vbias exp α /bohr⁻²:    0.25
Starting Meta-MD   4 with the settings:
     MD time /ps        :     9.0
     dt /fs             :     2.0
     dumpstep(trj) /fs  :     100
     dumpstep(Vbias)/ps :     1.0
     Vbias factor k /Eh :  0.0125
     Vbias exp α /bohr⁻²:    0.50
Starting Meta-MD   5 with the settings:
     MD time /ps        :     9.0
     dt /fs             :     2.0
     dumpstep(trj) /fs  :     100
     dumpstep(Vbias)/ps :     1.0
     Vbias factor k /Eh :  0.0250
     Vbias exp α /bohr⁻²:    0.25
Starting Meta-MD   3 with the settings:
     MD time /ps        :     9.0
     dt /fs             :     2.0
     dumpstep(trj) /fs  :     100
     dumpstep(Vbias)/ps :     1.0
     Vbias factor k /Eh :  0.0250
     Vbias exp α /bohr⁻²:    0.50
*Meta-MTD 3 finished*
*Meta-MTD 6 finished*
*Meta-MTD 4 finished*
*Meta-MTD 1 finished*
*Meta-MTD 5 finished*
*Meta-MTD 2 finished*

-----------------------
Multilevel Optimization
-----------------------

 -------------------------
 1. crude pre-optimization
 -------------------------
 Optimizing all 534 structures from file "crest_rotamers_0.xyz" ...
 1 2 3 4 5 6 7 8 9 10 11 12 13 14 15 16 17 18 19 20 21 22 23 24 25 26 27 28 29 30 31 32 33 34 35 36 37 38 39 40 41 42 43 44 45 46 47 48 49 50 51 52 53 54 55 56 57 58 59 60 61 62 63 64 65 66 67 68 69 70 71 72 73 74 75 76 77 78 79 80 81 82 83 84 85 86 87 88 89 90 91 92 93 94 95 96 97 98 99 100 101 102 103 104 105 106 107 108 109 110 111 112 113 114 115 116 117 118 119 120 121 122 123 124 125 126 127 128 129 130 131 132 133 134 135 136 137 138 139 140 141 142 143 144 145 146 147 148 149 150 151 152 153 154 155 156 157 158 159 160 161 162 163 164 165 166 167 168 169 170 171 172 173 174 175 176 177 178 179 180 181 182 183 184 185 186 187 188 189 190 191 192 193 194 195 196 197 198 199 200 201 202 203 204 205 206 207 208 209 210 211 212 213 214 215 216 217 218 219 220 221 222 223 224 225 226 227 228 229 230 231 232 233 234 235 236 237 238 239 240 241 242 243 244 245 246 247 248 249 250 251 252 253 254 255 256 257 258 259 260 261 262 263 264 265 266 267 268 269 270 271 272 273 274 275 276 277 278 279 280 281 282 283 284 285 286 287 288 289 290 291 292 293 294 295 296 297 298 299 300 301 302 303 304 305 306 307 308 309 310 311 312 313 314 315 316 317 318 319 320 321 322 323 324 325 326 327 328 329 330 331 332 333 334 335 336 337 338 339 340 341 342 343 344 345 346 347 348 349 350 351 352 353 354 355 356 357 358 359 360 361 362 363 364 365 366 367 368 369 370 371 372 373 374 375 376 377 378 379 380 381 382 383 384 385 386 387 388 389 390 391 392 393 394 395 396 397 398 399 400 401 402 403 404 405 406 407 408 409 410 411 412 413 414 415 416 417 418 419 420 421 422 423 424 425 426 427 428 429 430 431 432 433 434 435 436 437 438 439 440 441 442 443 444 445 446 447 448 449 450 451 452 453 454 455 456 457 458 459 460 461 462 463 464 465 466 467 468 469 470 471 472 473 474 475 476 477 478 479 480 481 482 483 484 485 486 487 488 489 490 491 492 493 494 495 496 497 498 499 500 501 502 503 504 505 506 507 508 509 510 511 512 513 514 515 516 517 518 519 520 521 522 523 524 525 526 527 528 529 530 531 532 533 534
 done.
 running RMSDs...
 done.
 E lowest :   -32.95386
 521 structures remain within    12.00 kcal/mol window

 -------------------------------------
 2. optimization with tight thresholds
 -------------------------------------
 Optimizing all 522 structures from file "crest_rotamers_1.xyz" ...
 1 2 3 4 5 6 7 8 9 10 11 12 13 14 15 16 17 18 19 20 21 22 23 24 25 26 27 28 29 30 31 32 33 34 35 36 37 38 39 40 41 42 43 44 45 46 47 48 49 50 51 52 53 54 55 56 57 58 59 60 61 62 63 64 65 66 67 68 69 70 71 72 73 74 75 76 77 78 79 80 81 82 83 84 85 86 87 88 89 90 91 92 93 94 95 96 97 98 99 100 101 102 103 104 105 106 107 108 109 110 111 112 113 114 115 116 117 118 119 120 121 122 123 124 125 126 127 128 129 130 131 132 133 134 135 136 137 138 139 140 141 142 143 144 145 146 147 148 149 150 151 152 153 154 155 156 157 158 159 160 161 162 163 164 165 166 167 168 169 170 171 172 173 174 175 176 177 178 179 180 181 182 183 184 185 186 187 188 189 190 191 192 193 194 195 196 197 198 199 200 201 202 203 204 205 206 207 208 209 210 211 212 213 214 215 216 217 218 219 220 221 222 223 224 225 226 227 228 229 230 231 232 233 234 235 236 237 238 239 240 241 242 243 244 245 246 247 248 249 250 251 252 253 254 255 256 257 258 259 260 261 262 263 264 265 266 267 268 269 270 271 272 273 274 275 276 277 278 279 280 281 282 283 284 285 286 287 288 289 290 291 292 293 294 295 296 297 298 299 300 301 302 303 304 305 306 307 308 309 310 311 312 313 314 315 316 317 318 319 320 321 322 323 324 325 326 327 328 329 330 331 332 333 334 335 336 337 338 339 340 341 342 343 344 345 346 347 348 349 350 351 352 353 354 355 356 357 358 359 360 361 362 363 364 365 366 367 368 369 370 371 372 373 374 375 376 377 378 379 380 381 382 383 384 385 386 387 388 389 390 391 392 393 394 395 396 397 398 399 400 401 402 403 404 405 406 407 408 409 410 411 412 413 414 415 416 417 418 419 420 421 422 423 424 425 426 427 428 429 430 431 432 433 434 435 436 437 438 439 440 441 442 443 444 445 446 447 448 449 450 451 452 453 454 455 456 457 458 459 460 461 462 463 464 465 466 467 468 469 470 471 472 473 474 475 476 477 478 479 480 481 482 483 484 485 486 487 488 489 490 491 492 493 494 495 496 497 498 499 500 501 502 503 504 505 506 507 508 509 510 511 512 513 514 515 516 517 518 519 520 521 522
 done.
 running RMSDs...
 done.
 E lowest :   -32.95406
 105 structures remain within     6.00 kcal/mol window


========================================
            MTD Iteration  2
========================================

     ========================================
     |         Meta-MD (MTD) Sampling       |
     ========================================

Starting Meta-MD   1 with the settings:
     MD time /ps        :     9.0
     dt /fs             :     2.0
     dumpstep(trj) /fs  :     100
     dumpstep(Vbias)/ps :     1.0
     Vbias factor k /Eh :  0.0250
     Vbias exp α /bohr⁻²:    1.00
Starting Meta-MD   2 with the settings:
     MD time /ps        :     9.0
     dt /fs             :     2.0
     dumpstep(trj) /fs  :     100
     dumpstep(Vbias)/ps :     1.0
     Vbias factor k /Eh :  0.0125
     Vbias exp α /bohr⁻²:    1.00
Starting Meta-MD   3 with the settings:
     MD time /ps        :     9.0
     dt /fs             :     2.0
     dumpstep(trj) /fs  :     100
     dumpstep(Vbias)/ps :     1.0
     Vbias factor k /Eh :  0.0250
     Vbias exp α /bohr⁻²:    0.50
Starting Meta-MD   4 with the settings:
     MD time /ps        :     9.0
     dt /fs             :     2.0
     dumpstep(trj) /fs  :     100
     dumpstep(Vbias)/ps :     1.0
     Vbias factor k /Eh :  0.0125
     Vbias exp α /bohr⁻²:    0.50
*Meta-MTD 4 finished*
*Meta-MTD 3 finished*
*Meta-MTD 2 finished*
*Meta-MTD 1 finished*

-----------------------
Multilevel Optimization
-----------------------

 -------------------------
 1. crude pre-optimization
 -------------------------
 Optimizing all 356 structures from file "crest_rotamers_0.xyz" ...
 1 2 3 4 5 6 7 8 9 10 11 12 13 14 15 16 17 18 19 20 21 22 23 24 25 26 27 28 29 30 31 32 33 34 35 36 37 38 39 40 41 42 43 44 45 46 47 48 49 50 51 52 53 54 55 56 57 58 59 60 61 62 63 64 65 66 67 68 69 70 71 72 73 74 75 76 77 78 79 80 81 82 83 84 85 86 87 88 89 90 91 92 93 94 95 96 97 98 99 100 101 102 103 104 105 106 107 108 109 110 111 112 113 114 115 116 117 118 119 120 121 122 123 124 125 126 127 128 129 130 131 132 133 134 135 136 137 138 139 140 141 142 143 144 145 146 147 148 149 150 151 152 153 154 155 156 157 158 159 160 161 162 163 164 165 166 167 168 169 170 171 172 173 174 175 176 177 178 179 180 181 182 183 184 185 186 187 188 189 190 191 192 193 194 195 196 197 198 199 200 201 202 203 204 205 206 207 208 209 210 211 212 213 214 215 216 217 218 219 220 221 222 223 224 225 226 227 228 229 230 231 232 233 234 235 236 237 238 239 240 241 242 243 244 245 246 247 248 249 250 251 252 253 254 255 256 257 258 259 260 261 262 263 264 265 266 267 268 269 270 271 272 273 274 275 276 277 278 279 280 281 282 283 284 285 286 287 288 289 290 291 292 293 294 295 296 297 298 299 300 301 302 303 304 305 306 307 308 309 310 311 312 313 314 315 316 317 318 319 320 321 322 323 324 325 326 327 328 329 330 331 332 333 334 335 336 337 338 339 340 341 342 343 344 345 346 347 348 349 350 351 352 353 354 355 356
 done.
 running RMSDs...
 done.
 E lowest :   -32.95375
 351 structures remain within    12.00 kcal/mol window

 -------------------------------------
 2. optimization with tight thresholds
 -------------------------------------
 Optimizing all 352 structures from file "crest_rotamers_1.xyz" ...
 1 2 3 4 5 6 7 8 9 10 11 12 13 14 15 16 17 18 19 20 21 22 23 24 25 26 27 28 29 30 31 32 33 34 35 36 37 38 39 40 41 42 43 44 45 46 47 48 49 50 51 52 53 54 55 56 57 58 59 60 61 62 63 64 65 66 67 68 69 70 71 72 73 74 75 76 77 78 79 80 81 82 83 84 85 86 87 88 89 90 91 92 93 94 95 96 97 98 99 100 101 102 103 104 105 106 107 108 109 110 111 112 113 114 115 116 117 118 119 120 121 122 123 124 125 126 127 128 129 130 131 132 133 134 135 136 137 138 139 140 141 142 143 144 145 146 147 148 149 150 151 152 153 154 155 156 157 158 159 160 161 162 163 164 165 166 167 168 169 170 171 172 173 174 175 176 177 178 179 180 181 182 183 184 185 186 187 188 189 190 191 192 193 194 195 196 197 198 199 200 201 202 203 204 205 206 207 208 209 210 211 212 213 214 215 216 217 218 219 220 221 222 223 224 225 226 227 228 229 230 231 232 233 234 235 236 237 238 239 240 241 242 243 244 245 246 247 248 249 250 251 252 253 254 255 256 257 258 259 260 261 262 263 264 265 266 267 268 269 270 271 272 273 274 275 276 277 278 279 280 281 282 283 284 285 286 287 288 289 290 291 292 293 294 295 296 297 298 299 300 301 302 303 304 305 306 307 308 309 310 311 312 313 314 315 316 317 318 319 320 321 322 323 324 325 326 327 328 329 330 331 332 333 334 335 336 337 338 339 340 341 342 343 344 345 346 347 348 349 350 351 352
 done.
 running RMSDs...
 done.
 E lowest :   -32.95404
 85 structures remain within     6.00 kcal/mol window

========================================
            MTD Iterations done         
========================================
 Collecting ensmbles.
 running RMSDs...
 done.
 E lowest :   -32.95406
 119 structures remain within     6.00 kcal/mol window



   ================================================
   |           Final Geometry Optimization        |
   ================================================
 ------------------------------------------------
 Ensemble optimization with very tight thresholds
 ------------------------------------------------
 Optimizing all 119 structures from file "crest_rotamers_1.xyz" ...
 1 2 3 4 5 6 7 8 9 10 11 12 13 14 15 16 17 18 19 20 21 22 23 24 25 26 27 28 29 30 31 32 33 34 35 36 37 38 39 40 41 42 43 44 45 46 47 48 49 50 51 52 53 54 55 56 57 58 59 60 61 62 63 64 65 66 67 68 69 70 71 72 73 74 75 76 77 78 79 80 81 82 83 84 85 86 87 88 89 90 91 92 93 94 95 96 97 98 99 100 101 102 103 104 105 106 107 108 109 110 111 112 113 114 115 116 117 118 119
 done.
 running RMSDs...
 done.
 E lowest :   -32.95399
 111 structures remain within     6.00 kcal/mol window

 input  file name : crest_rotamers_2.xyz
 output file name : crest_rotamers_3.xyz
 number of atoms                :   25
 number of points on xyz files  :   119
 RMSD threshold                 :   0.1250
 Bconst threshold               :   0.0100
 population threshold           :   0.0500
 conformer energy window  /kcal :   6.0000
 # fragment in coord            :     1
 # bonds in reference structure :    25
   => # of C=C bonds :     2
 number of reliable points      :   119
 reference state Etot :  -32.953994680000001
 number of doubles removed by rot/RMSD         :           8
 total number unique points considered further :         111
       Erel/kcal        Etot weight/tot  conformer     set   degen     origin
       1   0.000   -32.95399    0.01772    0.60151       1      35     mtd1
       2   0.002   -32.95399    0.01766                                mtd5
       3   0.007   -32.95398    0.01752                                mtd1
       4   0.008   -32.95398    0.01749                                mtd2
       5   0.010   -32.95398    0.01743                                mtd1
       6   0.010   -32.95398    0.01741                                mtd6
       7   0.011   -32.95398    0.01739                                mtd3
       8   0.011   -32.95398    0.01739                                mtd3
       9   0.012   -32.95398    0.01736                                mtd5
      10   0.012   -32.95397    0.01735                                mtd6
      11   0.014   -32.95397    0.01731                                mtd1
      12   0.014   -32.95397    0.01731                                mtd5
      13   0.016   -32.95397    0.01725                                mtd4
      14   0.016   -32.95397    0.01723                                mtd3
      15   0.017   -32.95397    0.01723                                mtd3
      16   0.017   -32.95397    0.01723                                mtd3
      17   0.017   -32.95397    0.01721                                mtd1
      18   0.018   -32.95397    0.01718                                mtd4
      19   0.018   -32.95397    0.01717                                mtd4
      20   0.019   -32.95396    0.01717                                mtd1
      21   0.019   -32.95396    0.01717                                mtd3
      22   0.019   -32.95396    0.01716                                mtd3
      23   0.020   -32.95396    0.01713                                mtd6
      24   0.021   -32.95396    0.01712                                mtd1
      25   0.041   -32.95393    0.01653                                mtd1
      26   0.021   -32.95396    0.01710                                mtd5
      27   0.023   -32.95396    0.01704                                mtd5
      28   0.025   -32.95396    0.01700                                mtd6
      29   0.026   -32.95395    0.01696                                mtd4
      30   0.028   -32.95395    0.01690                                mtd1
      31   0.028   -32.95395    0.01690                                mtd4
      32   0.028   -32.95395    0.01689                                mtd1
      33   0.028   -32.95395    0.01689                                mtd4
      34   0.029   -32.95395    0.01686                                mtd4
      35   0.030   -32.95395    0.01684                                mtd3
      36   0.038   -32.95393    0.01661    0.01661       2       1     mtd1
      37   0.300   -32.95352    0.01069    0.36116       3      35     mtd3
      38   0.309   -32.95350    0.01052                                mtd2
      39   0.310   -32.95350    0.01050                                mtd6
      40   0.311   -32.95350    0.01049                                mtd4
      41   0.312   -32.95350    0.01047                                mtd1
      42   0.313   -32.95350    0.01046                                mtd6
      43   0.313   -32.95350    0.01045                                mtd3
      44   0.314   -32.95349    0.01044                                mtd2
      45   0.315   -32.95349    0.01043                                mtd5
      46   0.315   -32.95349    0.01042                                mtd3
      47   0.315   -32.95349    0.01042                                mtd3
      48   0.315   -32.95349    0.01041                                mtd1
      49   0.316   -32.95349    0.01040                                mtd1
      50   0.317   -32.95349    0.01038                                mtd4
      51   0.318   -32.95349    0.01036                                mtd4
      52   0.319   -32.95349    0.01035                                mtd1
      53   0.319   -32.95349    0.01034                                mtd2
      54   0.320   -32.95349    0.01034                                mtd6
      55   0.320   -32.95349    0.01033                                mtd5
      56   0.320   -32.95348    0.01033                                mtd4
      57   0.320   -32.95348    0.01032                                mtd1
      58   0.322   -32.95348    0.01030                                mtd5
      59   0.322   -32.95348    0.01029                                mtd3
      60   0.323   -32.95348    0.01028                                mtd1
      61   0.323   -32.95348    0.01028                                mtd6
      62   0.323   -32.95348    0.01028                                mtd1
      63   0.323   -32.95348    0.01027                                mtd1
      64   0.328   -32.95347    0.01019                                mtd5
      65   0.330   -32.95347    0.01016                                mtd4
      66   0.331   -32.95347    0.01015                                mtd2
      67   0.331   -32.95347    0.01014                                mtd3
      68   0.332   -32.95347    0.01013                                mtd5
      69   0.338   -32.95346    0.01002                                mtd6
      70   0.340   -32.95345    0.00998                                mtd3
      71   0.348   -32.95344    0.00985                                mtd3
      72   0.360   -32.95342    0.00966    0.00966       4       1     mtd3
      73   2.402   -32.95017    0.00031    0.01096       5      36     mtd4
      74   2.403   -32.95017    0.00031                                mtd2
      75   2.403   -32.95017    0.00031                                mtd3
      76   2.404   -32.95016    0.00031                                mtd3
      77   2.404   -32.95016    0.00031                                mtd2
      78   2.404   -32.95016    0.00031                                mtd1
      79   2.405   -32.95016    0.00031                                mtd2
      80   2.405   -32.95016    0.00031                                mtd2
      81   2.406   -32.95016    0.00031                                mtd3
      82   2.406   -32.95016    0.00031                                mtd2
      83   2.406   -32.95016    0.00031                                mtd2
      84   2.408   -32.95016    0.00031                                mtd6
      85   2.409   -32.95016    0.00031                                mtd3
      86   2.409   -32.95016    0.00031                                mtd3
      87   2.409   -32.95016    0.00031                                mtd4
      88   2.409   -32.95016    0.00030                                mtd3
      89   2.409   -32.95016    0.00030                                mtd2
      90   2.409   -32.95015    0.00030                                mtd3
      91   2.410   -32.95015    0.00030                                mtd1
      92   2.410   -32.95015    0.00030                                mtd6
      93   2.411   -32.95015    0.00030                                mtd4
      94   2.411   -32.95015    0.00030                                mtd6
      95   2.411   -32.95015    0.00030                                mtd4
      96   2.412   -32.95015    0.00030                                mtd4
      97   2.412   -32.95015    0.00030                                mtd5
      98   2.412   -32.95015    0.00030                                mtd6
      99   2.412   -32.95015    0.00030                                mtd4
     100   2.413   -32.95015    0.00030                                mtd2
     101   2.413   -32.95015    0.00030                                mtd1
     102   2.413   -32.95015    0.00030                                mtd1
     103   2.414   -32.95015    0.00030                                mtd6
     104   2.415   -32.95015    0.00030                                mtd4
     105   2.415   -32.95015    0.00030                                mtd2
     106   2.417   -32.95014    0.00030                                mtd4
     107   2.418   -32.95014    0.00030                                mtd4
     108   2.418   -32.95014    0.00030                                mtd3
     109   3.613   -32.94824    0.00004    0.00008       6       2     mtd3
     110   3.615   -32.94823    0.00004                                mtd1
     111   4.195   -32.94731    0.00002    0.00002       7       1     mtd2
T /K                                  :   298.15
E lowest                              :   -32.95399
ensemble average energy (kcal)        :    0.157
ensemble entropy (J/mol K, cal/mol K) :   35.742    8.542
ensemble free energy (kcal/mol)       :   -2.547
population of lowest in %             :   60.151
 number of unique conformers for further calc            7
 list of relative energies saved as "crest.energies"

 -----------------
 Wall Time Summary
 -----------------
             test MD wall time :         0h : 0m : 0s
                 MTD wall time :         0h : 0m : 7s
      multilevel OPT wall time :         0h : 0m :14s
--------------------
Overall wall time  : 0h : 0m :23s

 CREST terminated normally.
