
       ==============================================
       |                                            |
       |                 C R E S T                  |
       |                                            |
       |  Conformer-Rotamer Ensemble Sampling Tool  |
       |          based on the GFN methods          |
       |             P.Pracht, S.Grimme             |
       |          Universitaet Bonn, MCTC           |
       ==============================================
       Version 2.12,   Thu 19. Mai 16:32:32 CEST 2022
  Using the xTB program. Compatible with xTB version 6.4.0

   Cite work conducted with this code as

   • P.Pracht, F.Bohle, S.Grimme, PCCP, 2020, 22, 7169-7192.
   • S.Grimme, JCTC, 2019, 15, 2847-2862.

   and for works involving QCG as

   • S.Spicher, C.Plett, P.Pracht, A.Hansen, S.Grimme,
     JCTC, 2022, 18 (5), 3174-3189.

   with help from:
   C.Bannwarth, F.Bohle, S.Ehlert, S.Grimme,
   C.Plett, P.Pracht, S.Spicher

   This program is distributed in the hope that it will be useful,
   but WITHOUT ANY WARRANTY; without even the implied warranty of
   MERCHANTABILITY or FITNESS FOR A PARTICULAR PURPOSE.

 Command line input:
 > crest init.xyz --gfn2//gfnff --chrg 1 --uhf 0 --cbonds -T 256 --noreftopo

  -gfn2//gfnff : energy reweighting
  --chrg 1
  --uhf 0
  -T 256 (CPUs/Threads selected)

 -------------------------
 xTB Geometry Optimization
 -------------------------
 Geometry successfully optimized.

------------------------------------------------
Generating MTD length from a flexibility measure
------------------------------------------------
 Calculating WBOs... done.
 Calculating NCI flexibility... done.
     covalent flexibility measure :   0.205
 non-covalent flexibility measure :   0.677
 flexibility measure :   0.256
 t(MTD) / ps    :     8.0
 Σ(t(MTD)) / ps :   112.0 (14 MTDs)

-------------------------------------
Starting a trial MTD to test settings
-------------------------------------
 Estimated runtime for one MTD (8.0 ps) on a single thread: 21 min 28 sec
 Estimated runtime for a batch of 14 MTDs on 256 threads: 1 min 12 sec

 list of Vbias parameters applied:
$metadyn    0.00300   1.300
$metadyn    0.00150   1.300
$metadyn    0.00075   1.300
$metadyn    0.00300   0.780
$metadyn    0.00150   0.780
$metadyn    0.00075   0.780
$metadyn    0.00300   0.468
$metadyn    0.00150   0.468
$metadyn    0.00075   0.468
$metadyn    0.00300   0.281
$metadyn    0.00150   0.281
$metadyn    0.00075   0.281
$metadyn    0.00100   0.100
$metadyn    0.00500   0.800

*******************************************************************************************
**                        N E W    I T E R A T I O N    C Y C L E                        **
*******************************************************************************************

========================================
            MTD Iteration  1
========================================

     ========================================
     |         Meta-MD (MTD) Sampling       |
     ========================================

Starting Meta-MD   1 with the settings:
     MD time /ps        :     8.0
     dt /fs             :     2.0
     dumpstep(trj) /fs  :     100
     dumpstep(Vbias)/ps :     1.0
     Vbias factor k /Eh :  0.1410
     Vbias exp α /bohr⁻²:    1.30
Starting Meta-MD   2 with the settings:
     MD time /ps        :     8.0
     dt /fs             :     2.0
     dumpstep(trj) /fs  :     100
     dumpstep(Vbias)/ps :     1.0
     Vbias factor k /Eh :  0.0705
     Vbias exp α /bohr⁻²:    1.30
Starting Meta-MD   3 with the settings:
     MD time /ps        :     8.0
     dt /fs             :     2.0
     dumpstep(trj) /fs  :     100
     dumpstep(Vbias)/ps :     1.0
     Vbias factor k /Eh :  0.0353
     Vbias exp α /bohr⁻²:    1.30
Starting Meta-MD   4 with the settings:
     MD time /ps        :     8.0
     dt /fs             :     2.0
     dumpstep(trj) /fs  :     100
     dumpstep(Vbias)/ps :     1.0
     Vbias factor k /Eh :  0.1410
     Vbias exp α /bohr⁻²:    0.78
Starting Meta-MD   5 with the settings:
     MD time /ps        :     8.0
     dt /fs             :     2.0
     dumpstep(trj) /fs  :     100
     dumpstep(Vbias)/ps :     1.0
     Vbias factor k /Eh :  0.0705
     Vbias exp α /bohr⁻²:    0.78
Starting Meta-MD   6 with the settings:
     MD time /ps        :     8.0
     dt /fs             :     2.0
     dumpstep(trj) /fs  :     100
     dumpstep(Vbias)/ps :     1.0
     Vbias factor k /Eh :  0.0353
     Vbias exp α /bohr⁻²:    0.78
Starting Meta-MD   7 with the settings:
     MD time /ps        :     8.0
     dt /fs             :     2.0
     dumpstep(trj) /fs  :     100
     dumpstep(Vbias)/ps :     1.0
     Vbias factor k /Eh :  0.1410
     Vbias exp α /bohr⁻²:    0.47
Starting Meta-MD   8 with the settings:
     MD time /ps        :     8.0
     dt /fs             :     2.0
     dumpstep(trj) /fs  :     100
     dumpstep(Vbias)/ps :     1.0
     Vbias factor k /Eh :  0.0705
     Vbias exp α /bohr⁻²:    0.47
Starting Meta-MD   9 with the settings:
     MD time /ps        :     8.0
     dt /fs             :     2.0
     dumpstep(trj) /fs  :     100
     dumpstep(Vbias)/ps :     1.0
     Vbias factor k /Eh :  0.0353
     Vbias exp α /bohr⁻²:    0.47
Starting Meta-MD  10 with the settings:
     MD time /ps        :     8.0
     dt /fs             :     2.0
     dumpstep(trj) /fs  :     100
     dumpstep(Vbias)/ps :     1.0
     Vbias factor k /Eh :  0.1410
     Vbias exp α /bohr⁻²:    0.28
Starting Meta-MD  14 with the settings:
     MD time /ps        :     8.0
     dt /fs             :     2.0
     dumpstep(trj) /fs  :     100
     dumpstep(Vbias)/ps :     1.0
     Vbias factor k /Eh :  0.2350
     Vbias exp α /bohr⁻²:    0.80
Starting Meta-MD  11 with the settings:
     MD time /ps        :     8.0
     dt /fs             :     2.0
     dumpstep(trj) /fs  :     100
     dumpstep(Vbias)/ps :     1.0
     Vbias factor k /Eh :  0.0705
     Vbias exp α /bohr⁻²:    0.28
Starting Meta-MD  12 with the settings:
     MD time /ps        :     8.0
     dt /fs             :     2.0
     dumpstep(trj) /fs  :     100
     dumpstep(Vbias)/ps :     1.0
     Vbias factor k /Eh :  0.0353
     Vbias exp α /bohr⁻²:    0.28
Starting Meta-MD  13 with the settings:
     MD time /ps        :     8.0
     dt /fs             :     2.0
     dumpstep(trj) /fs  :     100
     dumpstep(Vbias)/ps :     1.0
     Vbias factor k /Eh :  0.0470
     Vbias exp α /bohr⁻²:    0.10
*Meta-MTD 13 finished*
*Meta-MTD 1 finished*
*Meta-MTD 11 finished*
*Meta-MTD 12 finished*
*Meta-MTD 8 finished*
*Meta-MTD 10 finished*
*Meta-MTD 7 finished*
*Meta-MTD 2 finished*
*Meta-MTD 5 finished*
*Meta-MTD 4 finished*
*Meta-MTD 14 finished*
*Meta-MTD 3 finished*
*Meta-MTD 6 finished*
*Meta-MTD 9 finished*

-----------------------
Multilevel Optimization
-----------------------

 -------------------------
 1. crude pre-optimization
 -------------------------
 Optimizing all 1106 structures from file "crest_rotamers_0.xyz" ...
 1 2 3 4 5 6 7 8 9 10 11 12 13 14 15 16 17 18 19 20 21 22 23 24 25 26 27 28 29 30 31 32 33 34 35 36 37 38 39 40 41 42 43 44 45 46 47 48 49 50 51 52 53 54 55 56 57 58 59 60 61 62 63 64 65 66 67 68 69 70 71 72 73 74 75 76 77 78 79 80 81 82 83 84 85 86 87 88 89 90 91 92 93 94 95 96 97 98 99 100 101 102 103 104 105 106 107 108 109 110 111 112 113 114 115 116 117 118 119 120 121 122 123 124 125 126 127 128 129 130 131 132 133 134 135 136 137 138 139 140 141 142 143 144 145 146 147 148 149 150 151 152 153 154 155 156 157 158 159 160 161 162 163 164 165 166 167 168 169 170 171 172 173 174 175 176 177 178 179 180 181 182 183 184 185 186 187 188 189 190 191 192 193 194 195 196 197 198 199 200 201 202 203 204 205 206 207 208 209 210 211 212 213 214 215 216 217 218 219 220 221 222 223 224 225 226 227 228 229 230 231 232 233 234 235 236 237 238 239 240 241 242 243 244 245 246 247 248 249 250 251 252 253 254 255 256 257 258 259 260 261 262 263 264 265 266 267 268 269 270 271 272 273 274 275 276 277 278 279 280 281 282 283 284 285 286 287 288 289 290 291 292 293 294 295 296 297 298 299 300 301 302 303 304 305 306 307 308 309 310 311 312 313 314 315 316 317 318 319 320 321 322 323 324 325 326 327 328 329 330 331 332 333 334 335 336 337 338 339 340 341 342 343 344 345 346 347 348 349 350 351 352 353 354 355 356 357 358 359 360 361 362 363 364 365 366 367 368 369 370 371 372 373 374 375 376 377 378 379 380 381 382 383 384 385 386 387 388 389 390 391 392 393 394 395 396 397 398 399 400 401 402 403 404 405 406 407 408 409 410 411 412 413 414 415 416 417 418 419 420 421 422 423 424 425 426 427 428 429 430 431 432 433 434 435 436 437 438 439 440 441 442 443 444 445 446 447 448 449 450 451 452 453 454 455 456 457 458 459 460 461 462 463 464 465 466 467 468 469 470 471 472 473 474 475 476 477 478 479 480 481 482 483 484 485 486 487 488 489 490 491 492 493 494 495 496 497 498 499 500 501 502 503 504 505 506 507 508 509 510 511 512 513 514 515 516 517 518 519 520 521 522 523 524 525 526 527 528 529 530 531 532 533 534 535 536 537 538 539 540 541 542 543 544 545 546 547 548 549 550 551 552 553 554 555 556 557 558 559 560 561 562 563 564 565 566 567 568 569 570 571 572 573 574 575 576 577 578 579 580 581 582 583 584 585 586 587 588 589 590 591 592 593 594 595 596 597 598 599 600 601 602 603 604 605 606 607 608 609 610 611 612 613 614 615 616 617 618 619 620 621 622 623 624 625 626 627 628 629 630 631 632 633 634 635 636 637 638 639 640 641 642 643 644 645 646 647 648 649 650 651 652 653 654 655 656 657 658 659 660 661 662 663 664 665 666 667 668 669 670 671 672 673 674 675 676 677 678 679 680 681 682 683 684 685 686 687 688 689 690 691 692 693 694 695 696 697 698 699 700 701 702 703 704 705 706 707 708 709 710 711 712 713 714 715 716 717 718 719 720 721 722 723 724 725 726 727 728 729 730 731 732 733 734 735 736 737 738 739 740 741 742 743 744 745 746 747 748 749 750 751 752 753 754 755 756 757 758 759 760 761 762 763 764 765 766 767 768 769 770 771 772 773 774 775 776 777 778 779 780 781 782 783 784 785 786 787 788 789 790 791 792 793 794 795 796 797 798 799 800 801 802 803 804 805 806 807 808 809 810 811 812 813 814 815 816 817 818 819 820 821 822 823 824 825 826 827 828 829 830 831 832 833 834 835 836 837 838 839 840 841 842 843 844 845 846 847 848 849 850 851 852 853 854 855 856 857 858 859 860 861 862 863 864 865 866 867 868 869 870 871 872 873 874 875 876 877 878 879 880 881 882 883 884 885 886 887 888 889 890 891 892 893 894 895 896 897 898 899 900 901 902 903 904 905 906 907 908 909 910 911 912 913 914 915 916 917 918 919 920 921 922 923 924 925 926 927 928 929 930 931 932 933 934 935 936 937 938 939 940 941 942 943 944 945 946 947 948 949 950 951 952 953 954 955 956 957 958 959 960 961 962 963 964 965 966 967 968 969 970 971 972 973 974 975 976 977 978 979 980 981 982 983 984 985 986 987 988 989 990 991 992 993 994 995 996 997 998 999 1000 1001 1002 1003 1004 1005 1006 1007 1008 1009 1010 1011 1012 1013 1014 1015 1016 1017 1018 1019 1020 1021 1022 1023 1024 1025 1026 1027 1028 1029 1030 1031 1032 1033 1034 1035 1036 1037 1038 1039 1040 1041 1042 1043 1044 1045 1046 1047 1048 1049 1050 1051 1052 1053 1054 1055 1056 1057 1058 1059 1060 1061 1062 1063 1064 1065 1066 1067 1068 1069 1070 1071 1072 1073 1074 1075 1076 1077 1078 1079 1080 1081 1082 1083 1084 1085 1086 1087 1088 1089 1090 1091 1092 1093 1094 1095 1096 1097 1098 1099 1100 1101 1102 1103 1104 1105 1106
 done.
 running RMSDs...
 done.
 E lowest :   -77.52692
 726 structures remain within    12.00 kcal/mol window

 -------------------------------------
 2. optimization with tight thresholds
 -------------------------------------
 Optimizing all 727 structures from file "crest_rotamers_1.xyz" ...
 1 2 3 4 5 6 7 8 9 10 11 12 13 14 15 16 17 18 19 20 21 22 23 24 25 26 27 28 29 30 31 32 33 34 35 36 37 38 39 40 41 42 43 44 45 46 47 48 49 50 51 52 53 54 55 56 57 58 59 60 61 62 63 64 65 66 67 68 69 70 71 72 73 74 75 76 77 78 79 80 81 82 83 84 85 86 87 88 89 90 91 92 93 94 95 96 97 98 99 100 101 102 103 104 105 106 107 108 109 110 111 112 113 114 115 116 117 118 119 120 121 122 123 124 125 126 127 128 129 130 131 132 133 134 135 136 137 138 139 140 141 142 143 144 145 146 147 148 149 150 151 152 153 154 155 156 157 158 159 160 161 162 163 164 165 166 167 168 169 170 171 172 173 174 175 176 177 178 179 180 181 182 183 184 185 186 187 188 189 190 191 192 193 194 195 196 197 198 199 200 201 202 203 204 205 206 207 208 209 210 211 212 213 214 215 216 217 218 219 220 221 222 223 224 225 226 227 228 229 230 231 232 233 234 235 236 237 238 239 240 241 242 243 244 245 246 247 248 249 250 251 252 253 254 255 256 257 258 259 260 261 262 263 264 265 266 267 268 269 270 271 272 273 274 275 276 277 278 279 280 281 282 283 284 285 286 287 288 289 290 291 292 293 294 295 296 297 298 299 300 301 302 303 304 305 306 307 308 309 310 311 312 313 314 315 316 317 318 319 320 321 322 323 324 325 326 327 328 329 330 331 332 333 334 335 336 337 338 339 340 341 342 343 344 345 346 347 348 349 350 351 352 353 354 355 356 357 358 359 360 361 362 363 364 365 366 367 368 369 370 371 372 373 374 375 376 377 378 379 380 381 382 383 384 385 386 387 388 389 390 391 392 393 394 395 396 397 398 399 400 401 402 403 404 405 406 407 408 409 410 411 412 413 414 415 416 417 418 419 420 421 422 423 424 425 426 427 428 429 430 431 432 433 434 435 436 437 438 439 440 441 442 443 444 445 446 447 448 449 450 451 452 453 454 455 456 457 458 459 460 461 462 463 464 465 466 467 468 469 470 471 472 473 474 475 476 477 478 479 480 481 482 483 484 485 486 487 488 489 490 491 492 493 494 495 496 497 498 499 500 501 502 503 504 505 506 507 508 509 510 511 512 513 514 515 516 517 518 519 520 521 522 523 524 525 526 527 528 529 530 531 532 533 534 535 536 537 538 539 540 541 542 543 544 545 546 547 548 549 550 551 552 553 554 555 556 557 558 559 560 561 562 563 564 565 566 567 568 569 570 571 572 573 574 575 576 577 578 579 580 581 582 583 584 585 586 587 588 589 590 591 592 593 594 595 596 597 598 599 600 601 602 603 604 605 606 607 608 609 610 611 612 613 614 615 616 617 618 619 620 621 622 623 624 625 626 627 628 629 630 631 632 633 634 635 636 637 638 639 640 641 642 643 644 645 646 647 648 649 650 651 652 653 654 655 656 657 658 659 660 661 662 663 664 665 666 667 668 669 670 671 672 673 674 675 676 677 678 679 680 681 682 683 684 685 686 687 688 689 690 691 692 693 694 695 696 697 698 699 700 701 702 703 704 705 706 707 708 709 710 711 712 713 714 715 716 717 718 719 720 721 722 723 724 725 726 727
 done.
 running RMSDs...
 done.
 E lowest :   -77.52759
 261 structures remain within     6.00 kcal/mol window


========================================
            MTD Iteration  2
========================================

     ========================================
     |         Meta-MD (MTD) Sampling       |
     ========================================

Starting Meta-MD   1 with the settings:
     MD time /ps        :     8.0
     dt /fs             :     2.0
     dumpstep(trj) /fs  :     100
     dumpstep(Vbias)/ps :     1.0
     Vbias factor k /Eh :  0.1410
     Vbias exp α /bohr⁻²:    1.30
Starting Meta-MD   2 with the settings:
     MD time /ps        :     8.0
     dt /fs             :     2.0
     dumpstep(trj) /fs  :     100
     dumpstep(Vbias)/ps :     1.0
     Vbias factor k /Eh :  0.0705
     Vbias exp α /bohr⁻²:    1.30
Starting Meta-MD   3 with the settings:
     MD time /ps        :     8.0
     dt /fs             :     2.0
     dumpstep(trj) /fs  :     100
     dumpstep(Vbias)/ps :     1.0
     Vbias factor k /Eh :  0.0353
     Vbias exp α /bohr⁻²:    1.30
Starting Meta-MD   4 with the settings:
     MD time /ps        :     8.0
     dt /fs             :     2.0
     dumpstep(trj) /fs  :     100
     dumpstep(Vbias)/ps :     1.0
     Vbias factor k /Eh :  0.1410
     Vbias exp α /bohr⁻²:    0.78
Starting Meta-MD   5 with the settings:
     MD time /ps        :     8.0
     dt /fs             :     2.0
     dumpstep(trj) /fs  :     100
     dumpstep(Vbias)/ps :     1.0
     Vbias factor k /Eh :  0.0705
     Vbias exp α /bohr⁻²:    0.78
Starting Meta-MD   6 with the settings:
     MD time /ps        :     8.0
     dt /fs             :     2.0
     dumpstep(trj) /fs  :     100
     dumpstep(Vbias)/ps :     1.0
     Vbias factor k /Eh :  0.0353
     Vbias exp α /bohr⁻²:    0.78
Starting Meta-MD   7 with the settings:
     MD time /ps        :     8.0
     dt /fs             :     2.0
     dumpstep(trj) /fs  :     100
     dumpstep(Vbias)/ps :     1.0
     Vbias factor k /Eh :  0.1410
     Vbias exp α /bohr⁻²:    0.47
Starting Meta-MD   8 with the settings:
     MD time /ps        :     8.0
     dt /fs             :     2.0
     dumpstep(trj) /fs  :     100
     dumpstep(Vbias)/ps :     1.0
     Vbias factor k /Eh :  0.0705
     Vbias exp α /bohr⁻²:    0.47
Starting Meta-MD  10 with the settings:
     MD time /ps        :     8.0
     dt /fs             :     2.0
     dumpstep(trj) /fs  :     100
     dumpstep(Vbias)/ps :     1.0
     Vbias factor k /Eh :  0.1410
     Vbias exp α /bohr⁻²:    0.28
Starting Meta-MD   9 with the settings:
     MD time /ps        :     8.0
     dt /fs             :     2.0
     dumpstep(trj) /fs  :     100
     dumpstep(Vbias)/ps :     1.0
     Vbias factor k /Eh :  0.0353
     Vbias exp α /bohr⁻²:    0.47
Starting Meta-MD  12 with the settings:
     MD time /ps        :     8.0
     dt /fs             :     2.0
     dumpstep(trj) /fs  :     100
     dumpstep(Vbias)/ps :     1.0
     Vbias factor k /Eh :  0.0353
     Vbias exp α /bohr⁻²:    0.28
Starting Meta-MD  11 with the settings:
     MD time /ps        :     8.0
     dt /fs             :     2.0
     dumpstep(trj) /fs  :     100
     dumpstep(Vbias)/ps :     1.0
     Vbias factor k /Eh :  0.0705
     Vbias exp α /bohr⁻²:    0.28
*Meta-MTD 7 finished*
*Meta-MTD 9 finished*
*Meta-MTD 3 finished*
*Meta-MTD 1 finished*
*Meta-MTD 6 finished*
*Meta-MTD 12 finished*
*Meta-MTD 5 finished*
*Meta-MTD 2 finished*
*Meta-MTD 8 finished*
*Meta-MTD 11 finished*
*Meta-MTD 4 finished*
*Meta-MTD 10 finished*

-----------------------
Multilevel Optimization
-----------------------

 -------------------------
 1. crude pre-optimization
 -------------------------
 Optimizing all 948 structures from file "crest_rotamers_0.xyz" ...
 1 2 3 4 5 6 7 8 9 10 11 12 13 14 15 16 17 18 19 20 21 22 23 24 25 26 27 28 29 30 31 32 33 34 35 36 37 38 39 40 41 42 43 44 45 46 47 48 49 50 51 52 53 54 55 56 57 58 59 60 61 62 63 64 65 66 67 68 69 70 71 72 73 74 75 76 77 78 79 80 81 82 83 84 85 86 87 88 89 90 91 92 93 94 95 96 97 98 99 100 101 102 103 104 105 106 107 108 109 110 111 112 113 114 115 116 117 118 119 120 121 122 123 124 125 126 127 128 129 130 131 132 133 134 135 136 137 138 139 140 141 142 143 144 145 146 147 148 149 150 151 152 153 154 155 156 157 158 159 160 161 162 163 164 165 166 167 168 169 170 171 172 173 174 175 176 177 178 179 180 181 182 183 184 185 186 187 188 189 190 191 192 193 194 195 196 197 198 199 200 201 202 203 204 205 206 207 208 209 210 211 212 213 214 215 216 217 218 219 220 221 222 223 224 225 226 227 228 229 230 231 232 233 234 235 236 237 238 239 240 241 242 243 244 245 246 247 248 249 250 251 252 253 254 255 256 257 258 259 260 261 262 263 264 265 266 267 268 269 270 271 272 273 274 275 276 277 278 279 280 281 282 283 284 285 286 287 288 289 290 291 292 293 294 295 296 297 298 299 300 301 302 303 304 305 306 307 308 309 310 311 312 313 314 315 316 317 318 319 320 321 322 323 324 325 326 327 328 329 330 331 332 333 334 335 336 337 338 339 340 341 342 343 344 345 346 347 348 349 350 351 352 353 354 355 356 357 358 359 360 361 362 363 364 365 366 367 368 369 370 371 372 373 374 375 376 377 378 379 380 381 382 383 384 385 386 387 388 389 390 391 392 393 394 395 396 397 398 399 400 401 402 403 404 405 406 407 408 409 410 411 412 413 414 415 416 417 418 419 420 421 422 423 424 425 426 427 428 429 430 431 432 433 434 435 436 437 438 439 440 441 442 443 444 445 446 447 448 449 450 451 452 453 454 455 456 457 458 459 460 461 462 463 464 465 466 467 468 469 470 471 472 473 474 475 476 477 478 479 480 481 482 483 484 485 486 487 488 489 490 491 492 493 494 495 496 497 498 499 500 501 502 503 504 505 506 507 508 509 510 511 512 513 514 515 516 517 518 519 520 521 522 523 524 525 526 527 528 529 530 531 532 533 534 535 536 537 538 539 540 541 542 543 544 545 546 547 548 549 550 551 552 553 554 555 556 557 558 559 560 561 562 563 564 565 566 567 568 569 570 571 572 573 574 575 576 577 578 579 580 581 582 583 584 585 586 587 588 589 590 591 592 593 594 595 596 597 598 599 600 601 602 603 604 605 606 607 608 609 610 611 612 613 614 615 616 617 618 619 620 621 622 623 624 625 626 627 628 629 630 631 632 633 634 635 636 637 638 639 640 641 642 643 644 645 646 647 648 649 650 651 652 653 654 655 656 657 658 659 660 661 662 663 664 665 666 667 668 669 670 671 672 673 674 675 676 677 678 679 680 681 682 683 684 685 686 687 688 689 690 691 692 693 694 695 696 697 698 699 700 701 702 703 704 705 706 707 708 709 710 711 712 713 714 715 716 717 718 719 720 721 722 723 724 725 726 727 728 729 730 731 732 733 734 735 736 737 738 739 740 741 742 743 744 745 746 747 748 749 750 751 752 753 754 755 756 757 758 759 760 761 762 763 764 765 766 767 768 769 770 771 772 773 774 775 776 777 778 779 780 781 782 783 784 785 786 787 788 789 790 791 792 793 794 795 796 797 798 799 800 801 802 803 804 805 806 807 808 809 810 811 812 813 814 815 816 817 818 819 820 821 822 823 824 825 826 827 828 829 830 831 832 833 834 835 836 837 838 839 840 841 842 843 844 845 846 847 848 849 850 851 852 853 854 855 856 857 858 859 860 861 862 863 864 865 866 867 868 869 870 871 872 873 874 875 876 877 878 879 880 881 882 883 884 885 886 887 888 889 890 891 892 893 894 895 896 897 898 899 900 901 902 903 904 905 906 907 908 909 910 911 912 913 914 915 916 917 918 919 920 921 922 923 924 925 926 927 928 929 930 931 932 933 934 935 936 937 938 939 940 941 942 943 944 945 946 947 948
 done.
 running RMSDs...
 done.
 E lowest :   -77.52766
 572 structures remain within    12.00 kcal/mol window

 -------------------------------------
 2. optimization with tight thresholds
 -------------------------------------
 Optimizing all 573 structures from file "crest_rotamers_1.xyz" ...
 1 2 3 4 5 6 7 8 9 10 11 12 13 14 15 16 17 18 19 20 21 22 23 24 25 26 27 28 29 30 31 32 33 34 35 36 37 38 39 40 41 42 43 44 45 46 47 48 49 50 51 52 53 54 55 56 57 58 59 60 61 62 63 64 65 66 67 68 69 70 71 72 73 74 75 76 77 78 79 80 81 82 83 84 85 86 87 88 89 90 91 92 93 94 95 96 97 98 99 100 101 102 103 104 105 106 107 108 109 110 111 112 113 114 115 116 117 118 119 120 121 122 123 124 125 126 127 128 129 130 131 132 133 134 135 136 137 138 139 140 141 142 143 144 145 146 147 148 149 150 151 152 153 154 155 156 157 158 159 160 161 162 163 164 165 166 167 168 169 170 171 172 173 174 175 176 177 178 179 180 181 182 183 184 185 186 187 188 189 190 191 192 193 194 195 196 197 198 199 200 201 202 203 204 205 206 207 208 209 210 211 212 213 214 215 216 217 218 219 220 221 222 223 224 225 226 227 228 229 230 231 232 233 234 235 236 237 238 239 240 241 242 243 244 245 246 247 248 249 250 251 252 253 254 255 256 257 258 259 260 261 262 263 264 265 266 267 268 269 270 271 272 273 274 275 276 277 278 279 280 281 282 283 284 285 286 287 288 289 290 291 292 293 294 295 296 297 298 299 300 301 302 303 304 305 306 307 308 309 310 311 312 313 314 315 316 317 318 319 320 321 322 323 324 325 326 327 328 329 330 331 332 333 334 335 336 337 338 339 340 341 342 343 344 345 346 347 348 349 350 351 352 353 354 355 356 357 358 359 360 361 362 363 364 365 366 367 368 369 370 371 372 373 374 375 376 377 378 379 380 381 382 383 384 385 386 387 388 389 390 391 392 393 394 395 396 397 398 399 400 401 402 403 404 405 406 407 408 409 410 411 412 413 414 415 416 417 418 419 420 421 422 423 424 425 426 427 428 429 430 431 432 433 434 435 436 437 438 439 440 441 442 443 444 445 446 447 448 449 450 451 452 453 454 455 456 457 458 459 460 461 462 463 464 465 466 467 468 469 470 471 472 473 474 475 476 477 478 479 480 481 482 483 484 485 486 487 488 489 490 491 492 493 494 495 496 497 498 499 500 501 502 503 504 505 506 507 508 509 510 511 512 513 514 515 516 517 518 519 520 521 522 523 524 525 526 527 528 529 530 531 532 533 534 535 536 537 538 539 540 541 542 543 544 545 546 547 548 549 550 551 552 553 554 555 556 557 558 559 560 561 562 563 564 565 566 567 568 569 570 571 572 573
 done.
 running RMSDs...
 done.
 E lowest :   -77.52763
 199 structures remain within     6.00 kcal/mol window

========================================
            MTD Iterations done         
========================================
 Collecting ensmbles.
 running RMSDs...
 done.
 E lowest :   -77.52763
 436 structures remain within     6.00 kcal/mol window

-----------------------------------------------
Additional regular MDs on lowest 4 conformer(s)
-----------------------------------------------
Starting MD   1 with the settings:
     MD time /ps        :     4.0
     MD Temperature /K  :   400.0
     dt /fs             :     2.0
     dumpstep(trj) /fs  :     100
Starting MD   2 with the settings:
     MD time /ps        :     4.0
     MD Temperature /K  :   500.0
     dt /fs             :     2.0
     dumpstep(trj) /fs  :     100
Starting MD   3 with the settings:
     MD time /ps        :     4.0
     MD Temperature /K  :   400.0
     dt /fs             :     2.0
     dumpstep(trj) /fs  :     100
Starting MD   4 with the settings:
     MD time /ps        :     4.0
     MD Temperature /K  :   500.0
     dt /fs             :     2.0
     dumpstep(trj) /fs  :     100
Starting MD   5 with the settings:
     MD time /ps        :     4.0
     MD Temperature /K  :   400.0
     dt /fs             :     2.0
     dumpstep(trj) /fs  :     100
Starting MD   8 with the settings:
     MD time /ps        :     4.0
     MD Temperature /K  :   500.0
     dt /fs             :     2.0
     dumpstep(trj) /fs  :     100
Starting MD   7 with the settings:
     MD time /ps        :     4.0
     MD Temperature /K  :   400.0
     dt /fs             :     2.0
     dumpstep(trj) /fs  :     100
Starting MD   6 with the settings:
     MD time /ps        :     4.0
     MD Temperature /K  :   500.0
     dt /fs             :     2.0
     dumpstep(trj) /fs  :     100
*MD 8 finished*
*MD 3 finished*
*MD 6 finished*
*MD 4 finished*
*MD 5 finished*
*MD 1 finished*
*MD 2 finished*
*MD 7 finished*
 Appending file crest_rotamers_1.xyz with new structures

 -------------------------------------------
 Ensemble optimization with tight thresholds
 -------------------------------------------
 Optimizing all 748 structures from file "crest_rotamers_1.xyz" ...
 1 2 3 4 5 6 7 8 9 10 11 12 13 14 15 16 17 18 19 20 21 22 23 24 25 26 27 28 29 30 31 32 33 34 35 36 37 38 39 40 41 42 43 44 45 46 47 48 49 50 51 52 53 54 55 56 57 58 59 60 61 62 63 64 65 66 67 68 69 70 71 72 73 74 75 76 77 78 79 80 81 82 83 84 85 86 87 88 89 90 91 92 93 94 95 96 97 98 99 100 101 102 103 104 105 106 107 108 109 110 111 112 113 114 115 116 117 118 119 120 121 122 123 124 125 126 127 128 129 130 131 132 133 134 135 136 137 138 139 140 141 142 143 144 145 146 147 148 149 150 151 152 153 154 155 156 157 158 159 160 161 162 163 164 165 166 167 168 169 170 171 172 173 174 175 176 177 178 179 180 181 182 183 184 185 186 187 188 189 190 191 192 193 194 195 196 197 198 199 200 201 202 203 204 205 206 207 208 209 210 211 212 213 214 215 216 217 218 219 220 221 222 223 224 225 226 227 228 229 230 231 232 233 234 235 236 237 238 239 240 241 242 243 244 245 246 247 248 249 250 251 252 253 254 255 256 257 258 259 260 261 262 263 264 265 266 267 268 269 270 271 272 273 274 275 276 277 278 279 280 281 282 283 284 285 286 287 288 289 290 291 292 293 294 295 296 297 298 299 300 301 302 303 304 305 306 307 308 309 310 311 312 313 314 315 316 317 318 319 320 321 322 323 324 325 326 327 328 329 330 331 332 333 334 335 336 337 338 339 340 341 342 343 344 345 346 347 348 349 350 351 352 353 354 355 356 357 358 359 360 361 362 363 364 365 366 367 368 369 370 371 372 373 374 375 376 377 378 379 380 381 382 383 384 385 386 387 388 389 390 391 392 393 394 395 396 397 398 399 400 401 402 403 404 405 406 407 408 409 410 411 412 413 414 415 416 417 418 419 420 421 422 423 424 425 426 427 428 429 430 431 432 433 434 435 436 437 438 439 440 441 442 443 444 445 446 447 448 449 450 451 452 453 454 455 456 457 458 459 460 461 462 463 464 465 466 467 468 469 470 471 472 473 474 475 476 477 478 479 480 481 482 483 484 485 486 487 488 489 490 491 492 493 494 495 496 497 498 499 500 501 502 503 504 505 506 507 508 509 510 511 512 513 514 515 516 517 518 519 520 521 522 523 524 525 526 527 528 529 530 531 532 533 534 535 536 537 538 539 540 541 542 543 544 545 546 547 548 549 550 551 552 553 554 555 556 557 558 559 560 561 562 563 564 565 566 567 568 569 570 571 572 573 574 575 576 577 578 579 580 581 582 583 584 585 586 587 588 589 590 591 592 593 594 595 596 597 598 599 600 601 602 603 604 605 606 607 608 609 610 611 612 613 614 615 616 617 618 619 620 621 622 623 624 625 626 627 628 629 630 631 632 633 634 635 636 637 638 639 640 641 642 643 644 645 646 647 648 649 650 651 652 653 654 655 656 657 658 659 660 661 662 663 664 665 666 667 668 669 670 671 672 673 674 675 676 677 678 679 680 681 682 683 684 685 686 687 688 689 690 691 692 693 694 695 696 697 698 699 700 701 702 703 704 705 706 707 708 709 710 711 712 713 714 715 716 717 718 719 720 721 722 723 724 725 726 727 728 729 730 731 732 733 734 735 736 737 738 739 740 741 742 743 744 745 746 747 748
 done.
 running RMSDs...
 done.
 E lowest :   -77.52762
 442 structures remain within     6.00 kcal/mol window


     ========================================
     |        Structure Crossing (GC)       |
     ========================================
 =============================
  # threads =         256
 =============================
 input  file name : crest_rotamers_3.xyz
number of atoms                :    47
number of points on xyz files  :   442
conformer energy window  /kcal :    6.00
CN per atom difference cut-off :  0.3000
RMSD threshold                 :  0.2500
max. # of generated structures : 400
 reading xyz file ...
 # in E window                442
 generating pairs ...       97902
  38.0 % done
  47.7 % done
  49.8 % done
  90.7 % done
 generated pairs           :        2765
 number of clash discarded :       94696
 average rmsd w.r.t input  : 1.08606
 sd of ensemble            : 0.39785
 number of new structures      :          39
 removed identical structures  :         761
 writing           39  TMPCONF* dirs ...
 --------------------------
 GC: loose pre-optimization
 --------------------------
 Starting optimization of generated structures
 39 jobs to do.
 1 2 3 4 5 6 7 8 9 10 11 12 13 14 15 16 17 18 19 20 21 22 23 24 25 26 27 28 29 30 31 32 33 34 35 36 37 38 39 
 done.
 Now appending opt.xyz file with new structures
 running RMSDs...
 done.
 E lowest :   -77.52767
 38 structures remain within    10.00 kcal/mol window
 --------------------------------------
 GC: optimization with tight thresholds
 --------------------------------------
 Optimizing all 38 structures from file "crest_rotamers_1.xyz" ...
 1 2 3 4 5 6 7 8 9 10 11 12 13 14 15 16 17 18 19 20 21 22 23 24 25 26 27 28 29 30 31 32 33 34 35 36 37 38
 done.
 running RMSDs...
 done.
 E lowest :   -77.52762


   ================================================
   |           Final Geometry Optimization        |
   ================================================
 ------------------------------------------------
 Ensemble optimization with very tight thresholds
 ------------------------------------------------
 Optimizing all 448 structures from file "crest_rotamers_4.xyz" ...
 1 2 3 4 5 6 7 8 9 10 11 12 13 14 15 16 17 18 19 20 21 22 23 24 25 26 27 28 29 30 31 32 33 34 35 36 37 38 39 40 41 42 43 44 45 46 47 48 49 50 51 52 53 54 55 56 57 58 59 60 61 62 63 64 65 66 67 68 69 70 71 72 73 74 75 76 77 78 79 80 81 82 83 84 85 86 87 88 89 90 91 92 93 94 95 96 97 98 99 100 101 102 103 104 105 106 107 108 109 110 111 112 113 114 115 116 117 118 119 120 121 122 123 124 125 126 127 128 129 130 131 132 133 134 135 136 137 138 139 140 141 142 143 144 145 146 147 148 149 150 151 152 153 154 155 156 157 158 159 160 161 162 163 164 165 166 167 168 169 170 171 172 173 174 175 176 177 178 179 180 181 182 183 184 185 186 187 188 189 190 191 192 193 194 195 196 197 198 199 200 201 202 203 204 205 206 207 208 209 210 211 212 213 214 215 216 217 218 219 220 221 222 223 224 225 226 227 228 229 230 231 232 233 234 235 236 237 238 239 240 241 242 243 244 245 246 247 248 249 250 251 252 253 254 255 256 257 258 259 260 261 262 263 264 265 266 267 268 269 270 271 272 273 274 275 276 277 278 279 280 281 282 283 284 285 286 287 288 289 290 291 292 293 294 295 296 297 298 299 300 301 302 303 304 305 306 307 308 309 310 311 312 313 314 315 316 317 318 319 320 321 322 323 324 325 326 327 328 329 330 331 332 333 334 335 336 337 338 339 340 341 342 343 344 345 346 347 348 349 350 351 352 353 354 355 356 357 358 359 360 361 362 363 364 365 366 367 368 369 370 371 372 373 374 375 376 377 378 379 380 381 382 383 384 385 386 387 388 389 390 391 392 393 394 395 396 397 398 399 400 401 402 403 404 405 406 407 408 409 410 411 412 413 414 415 416 417 418 419 420 421 422 423 424 425 426 427 428 429 430 431 432 433 434 435 436 437 438 439 440 441 442 443 444 445 446 447 448
 done.
 running RMSDs...
 done.
 E lowest :   -77.52760
 393 structures remain within     6.00 kcal/mol window

 input  file name : crest_rotamers_5.xyz
 output file name : crest_rotamers_6.xyz
 number of atoms                :   47
 number of points on xyz files  :   448
 RMSD threshold                 :   0.1250
 Bconst threshold               :   0.0100
 population threshold           :   0.0500
 conformer energy window  /kcal :   6.0000
 # fragment in coord            :     1
 # bonds in reference structure :    50
   => # of C=C bonds :     4
 number of reliable points      :   448
 number of removed by energy    :     1
 number of remaining points     :   447
 reference state Etot :  -77.527598620000006
 number of doubles removed by rot/RMSD         :          54
 total number unique points considered further :         393
       Erel/kcal        Etot weight/tot  conformer     set   degen     origin
       1   0.000   -77.52760    0.02068    0.25186       1      13     gc
       2   0.023   -77.52756    0.01991                                mtd6
       3   0.033   -77.52755    0.01957                                md3
       4   0.034   -77.52755    0.01954                                mtd7
       5   0.041   -77.52753    0.01930                                mtd10
       6   0.041   -77.52753    0.01929                                mtd6
       7   0.043   -77.52753    0.01923                                mtd5
       8   0.047   -77.52752    0.01912                                gc
       9   0.047   -77.52752    0.01909                                mtd4
      10   0.047   -77.52752    0.01909                                mtd5
      11   0.049   -77.52752    0.01904                                md4
      12   0.050   -77.52752    0.01902                                gc
      13   0.050   -77.52752    0.01901                                md8
      14   0.051   -77.52752    0.01897    0.70485       2      38     gc
      15   0.051   -77.52752    0.01897                                mtd12
      16   0.051   -77.52752    0.01896                                md4
      17   0.053   -77.52751    0.01892                                md4
      18   0.053   -77.52751    0.01892                                gc
      19   0.054   -77.52751    0.01888                                md8
      20   0.054   -77.52751    0.01887                                md4
      21   0.054   -77.52751    0.01887                                mtd3
      22   0.055   -77.52751    0.01886                                mtd1
      23   0.055   -77.52751    0.01886                                mtd8
      24   0.056   -77.52751    0.01880                                mtd2
      25   0.056   -77.52751    0.01880                                mtd2
      26   0.057   -77.52751    0.01879                                gc
      27   0.057   -77.52751    0.01878                                mtd6
      28   0.057   -77.52751    0.01878                                mtd2
      29   0.057   -77.52751    0.01878                                mtd1
      30   0.059   -77.52751    0.01873                                gc
      31   0.061   -77.52750    0.01867                                gc
      32   0.062   -77.52750    0.01863                                md5
      33   0.063   -77.52750    0.01858                                gc
      34   0.063   -77.52750    0.01858                                md4
      35   0.064   -77.52750    0.01856                                md1
      36   0.064   -77.52750    0.01856                                mtd6
      37   0.066   -77.52749    0.01849                                mtd13
      38   0.067   -77.52749    0.01847                                md4
      39   0.068   -77.52749    0.01845                                gc
      40   0.071   -77.52749    0.01835                                md4
      41   0.072   -77.52748    0.01832                                mtd2
      42   0.072   -77.52748    0.01831                                md4
      43   0.073   -77.52748    0.01829                                md8
      44   0.075   -77.52748    0.01822                                mtd10
      45   0.075   -77.52748    0.01821                                mtd10
      46   0.076   -77.52748    0.01818                                md4
      47   0.078   -77.52747    0.01812                                md8
      48   0.080   -77.52747    0.01808                                mtd12
      49   0.086   -77.52746    0.01789                                mtd12
      50   0.092   -77.52745    0.01771                                mtd12
      51   0.095   -77.52745    0.01763                                mtd3
      52   0.101   -77.52744    0.01743    0.01743       3       1     md8
      53   2.374   -77.52382    0.00038    0.00072       4       2     mtd2
      54   2.424   -77.52374    0.00035                                mtd5
      55   2.464   -77.52367    0.00032    0.00062       5       2     mtd6
      56   2.513   -77.52359    0.00030                                mtd5
      57   2.516   -77.52359    0.00030    0.00030       6       1     mtd6
      58   2.577   -77.52349    0.00027    0.00051       7       2     mtd3
      59   2.626   -77.52341    0.00025                                mtd3
      60   2.630   -77.52341    0.00025    0.00049       8       2     mtd3
      61   2.640   -77.52339    0.00024                                mtd3
      62   2.762   -77.52320    0.00020    0.00039       9       2     mtd8
      63   2.783   -77.52316    0.00019                                mtd3
      64   2.809   -77.52312    0.00018    0.00055      10       3     mtd10
      65   2.778   -77.52317    0.00019                                md3
      66   2.816   -77.52311    0.00018                                mtd1
      67   2.817   -77.52311    0.00018    0.00536      11      31     mtd1
      68   2.818   -77.52311    0.00018                                mtd1
      69   2.819   -77.52311    0.00018                                mtd2
      70   2.816   -77.52311    0.00018                                mtd8
      71   2.819   -77.52311    0.00018                                mtd2
      72   2.820   -77.52311    0.00018                                mtd7
      73   2.821   -77.52310    0.00018                                mtd10
      74   2.821   -77.52310    0.00018                                mtd8
      75   2.824   -77.52310    0.00018                                mtd8
      76   2.825   -77.52310    0.00018                                mtd10
      77   2.827   -77.52309    0.00018                                mtd10
      78   2.830   -77.52309    0.00018                                mtd8
      79   2.830   -77.52309    0.00017                                mtd8
      80   2.831   -77.52309    0.00017                                mtd2
      81   2.836   -77.52308    0.00017                                mtd1
      82   2.837   -77.52308    0.00017                                mtd8
      83   2.840   -77.52307    0.00017                                mtd1
      84   2.840   -77.52307    0.00017                                mtd8
      85   2.841   -77.52307    0.00017                                mtd1
      86   2.842   -77.52307    0.00017                                mtd4
      87   2.846   -77.52306    0.00017                                mtd11
      88   2.847   -77.52306    0.00017                                mtd4
      89   2.850   -77.52306    0.00017                                mtd11
      90   2.851   -77.52306    0.00017                                mtd10
      91   2.851   -77.52306    0.00017                                mtd2
      92   2.858   -77.52304    0.00017                                mtd10
      93   2.858   -77.52304    0.00017                                mtd2
      94   2.859   -77.52304    0.00017                                mtd8
      95   2.859   -77.52304    0.00017                                mtd3
      96   2.859   -77.52304    0.00017                                mtd4
      97   2.863   -77.52304    0.00017                                mtd12
      98   2.864   -77.52303    0.00017    0.00033      12       2     mtd5
      99   2.879   -77.52301    0.00016                                mtd11
     100   2.885   -77.52300    0.00016    0.00218      13      14     mtd10
     101   2.888   -77.52300    0.00016                                mtd2
     102   2.889   -77.52300    0.00016                                mtd8
     103   2.891   -77.52299    0.00016                                mtd4
     104   2.893   -77.52299    0.00016                                mtd10
     105   2.898   -77.52298    0.00016                                mtd7
     106   2.899   -77.52298    0.00016                                mtd1
     107   2.906   -77.52297    0.00015                                mtd12
     108   2.907   -77.52297    0.00015                                md3
     109   2.874   -77.52302    0.00016                                mtd10
     110   2.908   -77.52296    0.00015                                mtd10
     111   2.918   -77.52295    0.00015                                mtd4
     112   2.919   -77.52295    0.00015                                mtd4
     113   2.921   -77.52294    0.00015                                mtd7
     114   2.924   -77.52294    0.00015    0.00175      14      12     mtd12
     115   2.925   -77.52294    0.00015                                mtd8
     116   2.926   -77.52294    0.00015                                mtd4
     117   2.927   -77.52293    0.00015                                mtd11
     118   2.933   -77.52292    0.00015                                mtd11
     119   2.936   -77.52292    0.00015                                mtd1
     120   2.938   -77.52292    0.00015                                mtd8
     121   2.944   -77.52291    0.00014                                mtd4
     122   2.945   -77.52291    0.00014                                mtd9
     123   2.945   -77.52291    0.00014                                mtd11
     124   2.953   -77.52289    0.00014                                mtd8
     125   2.961   -77.52288    0.00014                                mtd11
     126   2.974   -77.52286    0.00014    0.00027      15       2     mtd3
     127   2.980   -77.52285    0.00014                                md3
     128   2.981   -77.52285    0.00014    0.00027      16       2     mtd12
     129   3.003   -77.52281    0.00013                                mtd8
     130   3.043   -77.52275    0.00012    0.00024      17       2     md3
     131   3.060   -77.52272    0.00012                                mtd6
     132   3.060   -77.52272    0.00012    0.00465      18      40     mtd1
     133   3.060   -77.52272    0.00012                                mtd4
     134   3.063   -77.52272    0.00012                                mtd10
     135   3.063   -77.52272    0.00012                                mtd5
     136   3.065   -77.52271    0.00012                                mtd11
     137   3.065   -77.52271    0.00012                                mtd10
     138   3.065   -77.52271    0.00012                                mtd7
     139   3.065   -77.52271    0.00012                                mtd4
     140   3.066   -77.52271    0.00012                                mtd1
     141   3.067   -77.52271    0.00012                                mtd1
     142   3.067   -77.52271    0.00012                                mtd11
     143   3.067   -77.52271    0.00012                                mtd7
     144   3.067   -77.52271    0.00012                                mtd4
     145   3.067   -77.52271    0.00012                                mtd1
     146   3.068   -77.52271    0.00012                                mtd9
     147   3.068   -77.52271    0.00012                                mtd5
     148   3.068   -77.52271    0.00012                                mtd12
     149   3.070   -77.52271    0.00012                                mtd6
     150   3.071   -77.52271    0.00012                                mtd13
     151   3.071   -77.52270    0.00012                                mtd12
     152   3.071   -77.52270    0.00012                                mtd12
     153   3.071   -77.52270    0.00012                                mtd10
     154   3.072   -77.52270    0.00012                                mtd9
     155   3.073   -77.52270    0.00012                                mtd1
     156   3.073   -77.52270    0.00012                                mtd12
     157   3.074   -77.52270    0.00012                                mtd6
     158   3.074   -77.52270    0.00012                                mtd9
     159   3.074   -77.52270    0.00012                                mtd3
     160   3.076   -77.52270    0.00012                                mtd12
     161   3.077   -77.52270    0.00012                                mtd10
     162   3.078   -77.52269    0.00012                                mtd3
     163   3.079   -77.52269    0.00011                                mtd10
     164   3.080   -77.52269    0.00011                                mtd1
     165   3.081   -77.52269    0.00011                                mtd8
     166   3.081   -77.52269    0.00011                                mtd12
     167   3.083   -77.52269    0.00011                                mtd6
     168   3.083   -77.52268    0.00011                                mtd1
     169   3.084   -77.52268    0.00011                                mtd5
     170   3.094   -77.52267    0.00011                                mtd4
     171   3.105   -77.52265    0.00011                                mtd6
     172   3.105   -77.52265    0.00011    0.00011      19       1     mtd6
     173   3.115   -77.52263    0.00011    0.00032      20       3     mtd6
     174   3.116   -77.52263    0.00011                                mtd6
     175   3.117   -77.52263    0.00011                                mtd12
     176   3.144   -77.52259    0.00010    0.00010      21       1     mtd6
     177   3.201   -77.52250    0.00009    0.00036      22       4     mtd7
     178   3.214   -77.52248    0.00009                                mtd7
     179   3.213   -77.52248    0.00009                                mtd2
     180   3.241   -77.52243    0.00009                                mtd6
     181   3.214   -77.52248    0.00009    0.00018      23       2     mtd3
     182   3.214   -77.52248    0.00009                                mtd12
     183   3.275   -77.52238    0.00008    0.00112      24      14     mtd4
     184   3.283   -77.52237    0.00008                                mtd3
     185   3.287   -77.52236    0.00008                                mtd3
     186   3.289   -77.52236    0.00008                                mtd4
     187   3.290   -77.52236    0.00008                                mtd8
     188   3.296   -77.52235    0.00008                                mtd3
     189   3.298   -77.52234    0.00008                                mtd5
     190   3.300   -77.52234    0.00008                                mtd3
     191   3.301   -77.52234    0.00008                                mtd4
     192   3.301   -77.52234    0.00008                                mtd4
     193   3.301   -77.52234    0.00008                                mtd8
     194   3.303   -77.52234    0.00008                                mtd4
     195   3.305   -77.52233    0.00008                                mtd11
     196   3.308   -77.52233    0.00008                                mtd4
     197   3.327   -77.52230    0.00008    0.00072      25      10     mtd6
     198   3.328   -77.52230    0.00008                                mtd4
     199   3.341   -77.52227    0.00007                                mtd3
     200   3.355   -77.52225    0.00007                                mtd7
     201   3.367   -77.52223    0.00007                                mtd5
     202   3.367   -77.52223    0.00007                                mtd3
     203   3.371   -77.52223    0.00007                                mtd8
     204   3.372   -77.52222    0.00007                                mtd14
     205   3.375   -77.52222    0.00007                                mtd5
     206   3.375   -77.52222    0.00007                                mtd9
     207   3.378   -77.52222    0.00007    0.00061      26       9     mtd5
     208   3.379   -77.52221    0.00007                                mtd5
     209   3.380   -77.52221    0.00007                                mtd3
     210   3.383   -77.52221    0.00007                                mtd3
     211   3.427   -77.52214    0.00006                                mtd10
     212   3.392   -77.52219    0.00007                                mtd6
     213   3.400   -77.52218    0.00007                                mtd6
     214   3.405   -77.52217    0.00007                                mtd8
     215   3.407   -77.52217    0.00007                                mtd3
     216   3.408   -77.52217    0.00007    0.00007      27       1     mtd3
     217   3.430   -77.52213    0.00006    0.00037      28       6     mtd9
     218   3.433   -77.52213    0.00006                                mtd9
     219   3.440   -77.52212    0.00006                                mtd12
     220   3.446   -77.52211    0.00006                                mtd14
     221   3.467   -77.52207    0.00006                                mtd3
     222   3.458   -77.52209    0.00006                                mtd5
     223   3.466   -77.52208    0.00006    0.00012      29       2     mtd5
     224   3.495   -77.52203    0.00006                                mtd14
     225   3.496   -77.52203    0.00006    0.00045      30       8     mtd9
     226   3.496   -77.52203    0.00006                                mtd7
     227   3.505   -77.52201    0.00006                                mtd2
     228   3.489   -77.52204    0.00006                                mtd9
     229   3.513   -77.52200    0.00006                                mtd7
     230   3.513   -77.52200    0.00006                                mtd9
     231   3.522   -77.52199    0.00005                                mtd13
     232   3.528   -77.52198    0.00005                                mtd9
     233   3.542   -77.52195    0.00005    0.00041      31       8     mtd9
     234   3.552   -77.52194    0.00005                                mtd9
     235   3.553   -77.52194    0.00005                                mtd3
     236   3.557   -77.52193    0.00005                                mtd6
     237   3.559   -77.52193    0.00005                                mtd13
     238   3.565   -77.52192    0.00005                                mtd9
     239   3.573   -77.52191    0.00005                                mtd4
     240   3.590   -77.52188    0.00005                                mtd9
     241   3.598   -77.52187    0.00005    0.00023      32       5     mtd4
     242   3.634   -77.52181    0.00005                                mtd9
     243   3.610   -77.52185    0.00005                                mtd1
     244   3.610   -77.52185    0.00005                                mtd4
     245   3.616   -77.52184    0.00005                                mtd9
     246   3.620   -77.52183    0.00005    0.00009      33       2     mtd11
     247   3.645   -77.52179    0.00004                                mtd6
     248   3.655   -77.52177    0.00004    0.00013      34       3     mtd6
     249   3.666   -77.52176    0.00004                                mtd9
     250   3.693   -77.52171    0.00004                                mtd12
     251   3.718   -77.52167    0.00004    0.00019      35       5     mtd1
     252   3.750   -77.52162    0.00004                                mtd6
     253   3.720   -77.52167    0.00004                                mtd3
     254   3.731   -77.52165    0.00004                                md3
     255   3.748   -77.52163    0.00004                                mtd5
     256   3.748   -77.52163    0.00004    0.00007      36       2     mtd5
     257   3.756   -77.52161    0.00004                                mtd6
     258   3.790   -77.52156    0.00003    0.00003      37       1     mtd9
     259   3.842   -77.52148    0.00003    0.00003      38       1     mtd6
     260   3.868   -77.52143    0.00003    0.00003      39       1     mtd9
     261   3.893   -77.52139    0.00003    0.00006      40       2     mtd5
     262   3.903   -77.52138    0.00003                                mtd7
     263   3.950   -77.52130    0.00003    0.00008      41       3     md3
     264   3.952   -77.52130    0.00003                                mtd7
     265   3.955   -77.52130    0.00003                                mtd6
     266   4.005   -77.52122    0.00002    0.00009      42       4     md3
     267   4.017   -77.52120    0.00002                                mtd6
     268   4.032   -77.52117    0.00002                                mtd5
     269   4.039   -77.52116    0.00002                                mtd6
     270   4.079   -77.52110    0.00002    0.00006      43       3     mtd7
     271   4.102   -77.52106    0.00002                                mtd6
     272   4.107   -77.52105    0.00002                                mtd5
     273   4.137   -77.52101    0.00002    0.00006      44       3     md3
     274   4.145   -77.52099    0.00002                                mtd6
     275   4.181   -77.52094    0.00002                                mtd2
     276   4.181   -77.52094    0.00002    0.00067      45      39     mtd5
     277   4.190   -77.52092    0.00002                                mtd14
     278   4.191   -77.52092    0.00002                                mtd14
     279   4.192   -77.52092    0.00002                                mtd9
     280   4.192   -77.52092    0.00002                                mtd5
     281   4.192   -77.52092    0.00002                                mtd5
     282   4.193   -77.52092    0.00002                                mtd10
     283   4.224   -77.52087    0.00002                                mtd11
     284   4.193   -77.52092    0.00002                                mtd1
     285   4.194   -77.52091    0.00002                                mtd9
     286   4.194   -77.52091    0.00002                                mtd9
     287   4.196   -77.52091    0.00002                                mtd5
     288   4.197   -77.52091    0.00002                                mtd11
     289   4.197   -77.52091    0.00002                                mtd10
     290   4.199   -77.52091    0.00002                                mtd9
     291   4.200   -77.52091    0.00002                                mtd9
     292   4.230   -77.52086    0.00002                                mtd4
     293   4.200   -77.52091    0.00002                                mtd7
     294   4.200   -77.52091    0.00002                                mtd1
     295   4.201   -77.52090    0.00002                                mtd6
     296   4.202   -77.52090    0.00002                                mtd14
     297   4.203   -77.52090    0.00002                                mtd5
     298   4.204   -77.52090    0.00002                                mtd5
     299   4.205   -77.52090    0.00002                                mtd5
     300   4.206   -77.52090    0.00002                                mtd9
     301   4.206   -77.52090    0.00002                                mtd5
     302   4.207   -77.52089    0.00002                                mtd6
     303   4.208   -77.52089    0.00002                                mtd12
     304   4.208   -77.52089    0.00002                                mtd14
     305   4.209   -77.52089    0.00002                                mtd6
     306   4.209   -77.52089    0.00002                                mtd5
     307   4.209   -77.52089    0.00002                                mtd14
     308   4.209   -77.52089    0.00002                                mtd9
     309   4.210   -77.52089    0.00002                                mtd5
     310   4.210   -77.52089    0.00002                                mtd6
     311   4.216   -77.52088    0.00002                                mtd11
     312   4.218   -77.52088    0.00002                                mtd12
     313   4.221   -77.52087    0.00002                                mtd3
     314   4.221   -77.52087    0.00002                                mtd1
     315   4.222   -77.52087    0.00002    0.00003      46       2     mtd1
     316   4.223   -77.52087    0.00002                                mtd9
     317   4.253   -77.52082    0.00002    0.00006      47       4     mtd1
     318   4.259   -77.52081    0.00002                                mtd3
     319   4.267   -77.52080    0.00002                                mtd10
     320   4.261   -77.52081    0.00002                                mtd8
     321   4.267   -77.52080    0.00002    0.00013      48       9     mtd4
     322   4.271   -77.52079    0.00002                                mtd8
     323   4.278   -77.52078    0.00002                                mtd9
     324   4.283   -77.52077    0.00002                                mtd14
     325   4.288   -77.52076    0.00001                                mtd8
     326   4.289   -77.52076    0.00001                                mtd14
     327   4.297   -77.52075    0.00001                                mtd9
     328   4.304   -77.52074    0.00001                                mtd10
     329   4.310   -77.52073    0.00001                                mtd8
     330   4.318   -77.52072    0.00001    0.00007      49       5     mtd5
     331   4.330   -77.52070    0.00001                                mtd5
     332   4.331   -77.52070    0.00001                                mtd1
     333   4.336   -77.52069    0.00001                                md3
     334   4.340   -77.52068    0.00001                                mtd3
     335   4.409   -77.52057    0.00001    0.00003      50       3     mtd4
     336   4.451   -77.52051    0.00001                                mtd9
     337   4.459   -77.52049    0.00001                                mtd4
     338   4.464   -77.52048    0.00001    0.00003      51       3     mtd1
     339   4.485   -77.52045    0.00001                                mtd1
     340   4.507   -77.52042    0.00001                                mtd5
     341   4.517   -77.52040    0.00001    0.00002      52       2     mtd1
     342   4.537   -77.52037    0.00001                                mtd10
     343   5.115   -77.51945    0.00000    0.00000      53       1     mtd1
     344   5.427   -77.51895    0.00000    0.00000      54       1     mtd1
     345   5.483   -77.51886    0.00000    0.00002      55      10     mtd5
     346   5.490   -77.51885    0.00000                                mtd8
     347   5.491   -77.51885    0.00000                                mtd14
     348   5.491   -77.51885    0.00000                                mtd11
     349   5.496   -77.51884    0.00000                                mtd8
     350   5.502   -77.51883    0.00000                                mtd7
     351   5.512   -77.51881    0.00000                                mtd5
     352   5.527   -77.51879    0.00000                                mtd14
     353   5.528   -77.51879    0.00000                                mtd5
     354   5.529   -77.51879    0.00000                                mtd8
     355   5.534   -77.51878    0.00000    0.00002      56       9     mtd5
     356   5.535   -77.51878    0.00000                                mtd14
     357   5.535   -77.51878    0.00000                                mtd14
     358   5.536   -77.51878    0.00000                                mtd14
     359   5.579   -77.51871    0.00000                                mtd14
     360   5.539   -77.51877    0.00000                                mtd1
     361   5.542   -77.51877    0.00000                                mtd5
     362   5.543   -77.51877    0.00000                                mtd3
     363   5.553   -77.51875    0.00000                                mtd11
     364   5.560   -77.51874    0.00000    0.00000      57       1     mtd3
     365   5.580   -77.51871    0.00000    0.00000      58       1     mtd8
     366   5.591   -77.51869    0.00000    0.00001      59       5     mtd10
     367   5.617   -77.51865    0.00000                                mtd1
     368   5.621   -77.51864    0.00000                                mtd1
     369   5.638   -77.51861    0.00000                                mtd11
     370   5.641   -77.51861    0.00000                                mtd10
     371   5.660   -77.51858    0.00000    0.00000      60       1     mtd3
     372   5.661   -77.51858    0.00000    0.00001      61       5     mtd3
     373   5.682   -77.51854    0.00000                                mtd1
     374   5.696   -77.51852    0.00000                                mtd11
     375   5.701   -77.51851    0.00000                                mtd10
     376   5.702   -77.51851    0.00000                                mtd11
     377   5.713   -77.51849    0.00000    0.00000      62       1     mtd7
     378   5.750   -77.51844    0.00000    0.00000      63       3     mtd10
     379   5.765   -77.51841    0.00000                                mtd11
     380   5.782   -77.51838    0.00000                                mtd1
     381   5.782   -77.51838    0.00000    0.00000      64       1     mtd1
     382   5.800   -77.51836    0.00000    0.00000      65       2     mtd10
     383   5.816   -77.51833    0.00000                                mtd1
     384   5.813   -77.51833    0.00000    0.00000      66       3     mtd1
     385   5.818   -77.51833    0.00000                                mtd1
     386   5.855   -77.51827    0.00000                                mtd1
     387   5.871   -77.51824    0.00000    0.00001      67       6     mtd14
     388   5.871   -77.51824    0.00000                                mtd4
     389   5.882   -77.51823    0.00000                                mtd1
     390   5.905   -77.51819    0.00000                                mtd5
     391   5.911   -77.51818    0.00000                                mtd5
     392   5.913   -77.51818    0.00000                                mtd5
     393   5.931   -77.51815    0.00000    0.00000      68       1     mtd3
T /K                                  :   298.15
E lowest                              :   -77.52760
ensemble average energy (kcal)        :    0.136
ensemble entropy (J/mol K, cal/mol K) :   34.159    8.164
ensemble free energy (kcal/mol)       :   -2.434
population of lowest in %             :   25.186
 number of unique conformers for further calc           68
 list of relative energies saved as "crest.energies"

 -----------------
 Wall Time Summary
 -----------------
             test MD wall time :         0h : 0m : 0s
                 MTD wall time :         0h : 0m :23s
      multilevel OPT wall time :         0h : 0m :33s
                  MD wall time :         0h : 0m :14s
                  GC wall time :         0h : 0m : 1s
--------------------
Overall wall time  : 0h : 1m :17s

 CREST terminated normally.
