
       ==============================================
       |                                            |
       |                 C R E S T                  |
       |                                            |
       |  Conformer-Rotamer Ensemble Sampling Tool  |
       |          based on the GFN methods          |
       |             P.Pracht, S.Grimme             |
       |          Universitaet Bonn, MCTC           |
       ==============================================
       Version 2.12,   Thu 19. Mai 16:32:32 CEST 2022
  Using the xTB program. Compatible with xTB version 6.4.0

   Cite work conducted with this code as

   • P.Pracht, F.Bohle, S.Grimme, PCCP, 2020, 22, 7169-7192.
   • S.Grimme, JCTC, 2019, 15, 2847-2862.

   and for works involving QCG as

   • S.Spicher, C.Plett, P.Pracht, A.Hansen, S.Grimme,
     JCTC, 2022, 18 (5), 3174-3189.

   with help from:
   C.Bannwarth, F.Bohle, S.Ehlert, S.Grimme,
   C.Plett, P.Pracht, S.Spicher

   This program is distributed in the hope that it will be useful,
   but WITHOUT ANY WARRANTY; without even the implied warranty of
   MERCHANTABILITY or FITNESS FOR A PARTICULAR PURPOSE.

 Command line input:
 > crest xtbopt.xyz --gfn2//gfnff --chrg 0 --uhf 0 --nci --cbonds -T 128

  -gfn2//gfnff : energy reweighting
  --chrg 0
  --uhf 0
  --nci  : Special NCI mode for non-covalently bound complexes or clusters.
  -T 128 (CPUs/Threads selected)
  Automatically generated ellipsoide potential for NCI mode:
> $wall
>   potential=polynomial
>   ellipsoid: 62.885792921130587, 30.293035744630075, 30.204747540671711, all


 -------------------------
 xTB Geometry Optimization
 -------------------------
 Geometry successfully optimized.

------------------------------------------------
Generating MTD length from a flexibility measure
------------------------------------------------
 System flexiblity is set to 1.0 for NCI mode
 flexibility measure :   1.000
 t(MTD) / ps    :    22.0
 Σ(t(MTD)) / ps :   132.0 (6 MTDs)

-------------------------------------
Starting a trial MTD to test settings
-------------------------------------
 Estimated runtime for one MTD (22.0 ps) on a single thread: 53 min 46 sec
 Estimated runtime for a batch of 6 MTDs on 128 threads: 2 min 34 sec

 list of Vbias parameters applied:
$metadyn    0.00100   1.000
$metadyn    0.00050   1.000
$metadyn    0.00100   0.500
$metadyn    0.00050   0.500
$metadyn    0.00100   0.250
$metadyn    0.00050   0.250

*******************************************************************************************
**                        N E W    I T E R A T I O N    C Y C L E                        **
*******************************************************************************************

========================================
            MTD Iteration  1
========================================

     ========================================
     |         Meta-MD (MTD) Sampling       |
     ========================================

Starting Meta-MD   4 with the settings:
     MD time /ps        :    22.0
     dt /fs             :     2.0
     dumpstep(trj) /fs  :     100
     dumpstep(Vbias)/ps :     1.0
     Vbias factor k /Eh :  0.0210
     Vbias exp α /bohr⁻²:    0.50
Starting Meta-MD   1 with the settings:
     MD time /ps        :    22.0
     dt /fs             :     2.0
     dumpstep(trj) /fs  :     100
     dumpstep(Vbias)/ps :     1.0
     Vbias factor k /Eh :  0.0420
     Vbias exp α /bohr⁻²:    1.00
Starting Meta-MD   3 with the settings:
     MD time /ps        :    22.0
     dt /fs             :     2.0
     dumpstep(trj) /fs  :     100
     dumpstep(Vbias)/ps :     1.0
     Vbias factor k /Eh :  0.0420
     Vbias exp α /bohr⁻²:    0.50
Starting Meta-MD   6 with the settings:
     MD time /ps        :    22.0
     dt /fs             :     2.0
     dumpstep(trj) /fs  :     100
     dumpstep(Vbias)/ps :     1.0
     Vbias factor k /Eh :  0.0210
     Vbias exp α /bohr⁻²:    0.25
Starting Meta-MD   2 with the settings:
     MD time /ps        :    22.0
     dt /fs             :     2.0
     dumpstep(trj) /fs  :     100
     dumpstep(Vbias)/ps :     1.0
     Vbias factor k /Eh :  0.0210
     Vbias exp α /bohr⁻²:    1.00
Starting Meta-MD   5 with the settings:
     MD time /ps        :    22.0
     dt /fs             :     2.0
     dumpstep(trj) /fs  :     100
     dumpstep(Vbias)/ps :     1.0
     Vbias factor k /Eh :  0.0420
     Vbias exp α /bohr⁻²:    0.25
*Meta-MTD 6 finished*
*Meta-MTD 4 finished*
*Meta-MTD 2 finished*
*Meta-MTD 3 finished*
*Meta-MTD 5 finished*
*Meta-MTD 1 finished*

-----------------------
Multilevel Optimization
-----------------------

 -------------------------
 1. crude pre-optimization
 -------------------------
 Optimizing all 1314 structures from file "crest_rotamers_0.xyz" ...
 1 2 3 4 5 6 7 8 9 10 11 12 13 14 15 16 17 18 19 20 21 22 23 24 25 26 27 28 29 30 31 32 33 34 35 36 37 38 39 40 41 42 43 44 45 46 47 48 49 50 51 52 53 54 55 56 57 58 59 60 61 62 63 64 65 66 67 68 69 70 71 72 73 74 75 76 77 78 79 80 81 82 83 84 85 86 87 88 89 90 91 92 93 94 95 96 97 98 99 100 101 102 103 104 105 106 107 108 109 110 111 112 113 114 115 116 117 118 119 120 121 122 123 124 125 126 127 128 129 130 131 132 133 134 135 136 137 138 139 140 141 142 143 144 145 146 147 148 149 150 151 152 153 154 155 156 157 158 159 160 161 162 163 164 165 166 167 168 169 170 171 172 173 174 175 176 177 178 179 180 181 182 183 184 185 186 187 188 189 190 191 192 193 194 195 196 197 198 199 200 201 202 203 204 205 206 207 208 209 210 211 212 213 214 215 216 217 218 219 220 221 222 223 224 225 226 227 228 229 230 231 232 233 234 235 236 237 238 239 240 241 242 243 244 245 246 247 248 249 250 251 252 253 254 255 256 257 258 259 260 261 262 263 264 265 266 267 268 269 270 271 272 273 274 275 276 277 278 279 280 281 282 283 284 285 286 287 288 289 290 291 292 293 294 295 296 297 298 299 300 301 302 303 304 305 306 307 308 309 310 311 312 313 314 315 316 317 318 319 320 321 322 323 324 325 326 327 328 329 330 331 332 333 334 335 336 337 338 339 340 341 342 343 344 345 346 347 348 349 350 351 352 353 354 355 356 357 358 359 360 361 362 363 364 365 366 367 368 369 370 371 372 373 374 375 376 377 378 379 380 381 382 383 384 385 386 387 388 389 390 391 392 393 394 395 396 397 398 399 400 401 402 403 404 405 406 407 408 409 410 411 412 413 414 415 416 417 418 419 420 421 422 423 424 425 426 427 428 429 430 431 432 433 434 435 436 437 438 439 440 441 442 443 444 445 446 447 448 449 450 451 452 453 454 455 456 457 458 459 460 461 462 463 464 465 466 467 468 469 470 471 472 473 474 475 476 477 478 479 480 481 482 483 484 485 486 487 488 489 490 491 492 493 494 495 496 497 498 499 500 501 502 503 504 505 506 507 508 509 510 511 512 513 514 515 516 517 518 519 520 521 522 523 524 525 526 527 528 529 530 531 532 533 534 535 536 537 538 539 540 541 542 543 544 545 546 547 548 549 550 551 552 553 554 555 556 557 558 559 560 561 562 563 564 565 566 567 568 569 570 571 572 573 574 575 576 577 578 579 580 581 582 583 584 585 586 587 588 589 590 591 592 593 594 595 596 597 598 599 600 601 602 603 604 605 606 607 608 609 610 611 612 613 614 615 616 617 618 619 620 621 622 623 624 625 626 627 628 629 630 631 632 633 634 635 636 637 638 639 640 641 642 643 644 645 646 647 648 649 650 651 652 653 654 655 656 657 658 659 660 661 662 663 664 665 666 667 668 669 670 671 672 673 674 675 676 677 678 679 680 681 682 683 684 685 686 687 688 689 690 691 692 693 694 695 696 697 698 699 700 701 702 703 704 705 706 707 708 709 710 711 712 713 714 715 716 717 718 719 720 721 722 723 724 725 726 727 728 729 730 731 732 733 734 735 736 737 738 739 740 741 742 743 744 745 746 747 748 749 750 751 752 753 754 755 756 757 758 759 760 761 762 763 764 765 766 767 768 769 770 771 772 773 774 775 776 777 778 779 780 781 782 783 784 785 786 787 788 789 790 791 792 793 794 795 796 797 798 799 800 801 802 803 804 805 806 807 808 809 810 811 812 813 814 815 816 817 818 819 820 821 822 823 824 825 826 827 828 829 830 831 832 833 834 835 836 837 838 839 840 841 842 843 844 845 846 847 848 849 850 851 852 853 854 855 856 857 858 859 860 861 862 863 864 865 866 867 868 869 870 871 872 873 874 875 876 877 878 879 880 881 882 883 884 885 886 887 888 889 890 891 892 893 894 895 896 897 898 899 900 901 902 903 904 905 906 907 908 909 910 911 912 913 914 915 916 917 918 919 920 921 922 923 924 925 926 927 928 929 930 931 932 933 934 935 936 937 938 939 940 941 942 943 944 945 946 947 948 949 950 951 952 953 954 955 956 957 958 959 960 961 962 963 964 965 966 967 968 969 970 971 972 973 974 975 976 977 978 979 980 981 982 983 984 985 986 987 988 989 990 991 992 993 994 995 996 997 998 999 1000 1001 1002 1003 1004 1005 1006 1007 1008 1009 1010 1011 1012 1013 1014 1015 1016 1017 1018 1019 1020 1021 1022 1023 1024 1025 1026 1027 1028 1029 1030 1031 1032 1033 1034 1035 1036 1037 1038 1039 1040 1041 1042 1043 1044 1045 1046 1047 1048 1049 1050 1051 1052 1053 1054 1055 1056 1057 1058 1059 1060 1061 1062 1063 1064 1065 1066 1067 1068 1069 1070 1071 1072 1073 1074 1075 1076 1077 1078 1079 1080 1081 1082 1083 1084 1085 1086 1087 1088 1089 1090 1091 1092 1093 1094 1095 1096 1097 1098 1099 1100 1101 1102 1103 1104 1105 1106 1107 1108 1109 1110 1111 1112 1113 1114 1115 1116 1117 1118 1119 1120 1121 1122 1123 1124 1125 1126 1127 1128 1129 1130 1131 1132 1133 1134 1135 1136 1137 1138 1139 1140 1141 1142 1143 1144 1145 1146 1147 1148 1149 1150 1151 1152 1153 1154 1155 1156 1157 1158 1159 1160 1161 1162 1163 1164 1165 1166 1167 1168 1169 1170 1171 1172 1173 1174 1175 1176 1177 1178 1179 1180 1181 1182 1183 1184 1185 1186 1187 1188 1189 1190 1191 1192 1193 1194 1195 1196 1197 1198 1199 1200 1201 1202 1203 1204 1205 1206 1207 1208 1209 1210 1211 1212 1213 1214 1215 1216 1217 1218 1219 1220 1221 1222 1223 1224 1225 1226 1227 1228 1229 1230 1231 1232 1233 1234 1235 1236 1237 1238 1239 1240 1241 1242 1243 1244 1245 1246 1247 1248 1249 1250 1251 1252 1253 1254 1255 1256 1257 1258 1259 1260 1261 1262 1263 1264 1265 1266 1267 1268 1269 1270 1271 1272 1273 1274 1275 1276 1277 1278 1279 1280 1281 1282 1283 1284 1285 1286 1287 1288 1289 1290 1291 1292 1293 1294 1295 1296 1297 1298 1299 1300 1301 1302 1303 1304 1305 1306 1307 1308 1309 1310 1311 1312 1313 1314
 done.
 running RMSDs...
 done.
 E lowest :   -47.45872
 499 structures remain within    12.00 kcal/mol window

 -------------------------------------
 2. optimization with tight thresholds
 -------------------------------------
 Optimizing all 500 structures from file "crest_rotamers_1.xyz" ...
 1 2 3 4 5 6 7 8 9 10 11 12 13 14 15 16 17 18 19 20 21 22 23 24 25 26 27 28 29 30 31 32 33 34 35 36 37 38 39 40 41 42 43 44 45 46 47 48 49 50 51 52 53 54 55 56 57 58 59 60 61 62 63 64 65 66 67 68 69 70 71 72 73 74 75 76 77 78 79 80 81 82 83 84 85 86 87 88 89 90 91 92 93 94 95 96 97 98 99 100 101 102 103 104 105 106 107 108 109 110 111 112 113 114 115 116 117 118 119 120 121 122 123 124 125 126 127 128 129 130 131 132 133 134 135 136 137 138 139 140 141 142 143 144 145 146 147 148 149 150 151 152 153 154 155 156 157 158 159 160 161 162 163 164 165 166 167 168 169 170 171 172 173 174 175 176 177 178 179 180 181 182 183 184 185 186 187 188 189 190 191 192 193 194 195 196 197 198 199 200 201 202 203 204 205 206 207 208 209 210 211 212 213 214 215 216 217 218 219 220 221 222 223 224 225 226 227 228 229 230 231 232 233 234 235 236 237 238 239 240 241 242 243 244 245 246 247 248 249 250 251 252 253 254 255 256 257 258 259 260 261 262 263 264 265 266 267 268 269 270 271 272 273 274 275 276 277 278 279 280 281 282 283 284 285 286 287 288 289 290 291 292 293 294 295 296 297 298 299 300 301 302 303 304 305 306 307 308 309 310 311 312 313 314 315 316 317 318 319 320 321 322 323 324 325 326 327 328 329 330 331 332 333 334 335 336 337 338 339 340 341 342 343 344 345 346 347 348 349 350 351 352 353 354 355 356 357 358 359 360 361 362 363 364 365 366 367 368 369 370 371 372 373 374 375 376 377 378 379 380 381 382 383 384 385 386 387 388 389 390 391 392 393 394 395 396 397 398 399 400 401 402 403 404 405 406 407 408 409 410 411 412 413 414 415 416 417 418 419 420 421 422 423 424 425 426 427 428 429 430 431 432 433 434 435 436 437 438 439 440 441 442 443 444 445 446 447 448 449 450 451 452 453 454 455 456 457 458 459 460 461 462 463 464 465 466 467 468 469 470 471 472 473 474 475 476 477 478 479 480 481 482 483 484 485 486 487 488 489 490 491 492 493 494 495 496 497 498 499 500
 done.
 running RMSDs...
 done.
 E lowest :   -47.45919
 90 structures remain within     6.00 kcal/mol window


========================================
            MTD Iteration  2
========================================

     ========================================
     |         Meta-MD (MTD) Sampling       |
     ========================================

Starting Meta-MD   1 with the settings:
     MD time /ps        :    22.0
     dt /fs             :     2.0
     dumpstep(trj) /fs  :     100
     dumpstep(Vbias)/ps :     1.0
     Vbias factor k /Eh :  0.0420
     Vbias exp α /bohr⁻²:    1.00
Starting Meta-MD   2 with the settings:
     MD time /ps        :    22.0
     dt /fs             :     2.0
     dumpstep(trj) /fs  :     100
     dumpstep(Vbias)/ps :     1.0
     Vbias factor k /Eh :  0.0210
     Vbias exp α /bohr⁻²:    1.00
Starting Meta-MD   4 with the settings:
     MD time /ps        :    22.0
     dt /fs             :     2.0
     dumpstep(trj) /fs  :     100
     dumpstep(Vbias)/ps :     1.0
     Vbias factor k /Eh :  0.0210
     Vbias exp α /bohr⁻²:    0.50
Starting Meta-MD   3 with the settings:
     MD time /ps        :    22.0
     dt /fs             :     2.0
     dumpstep(trj) /fs  :     100
     dumpstep(Vbias)/ps :     1.0
     Vbias factor k /Eh :  0.0420
     Vbias exp α /bohr⁻²:    0.50
*Meta-MTD 4 finished*
*Meta-MTD 1 finished*
*Meta-MTD 2 finished*
*Meta-MTD 3 finished*

-----------------------
Multilevel Optimization
-----------------------

 -------------------------
 1. crude pre-optimization
 -------------------------
 Optimizing all 876 structures from file "crest_rotamers_0.xyz" ...
 1 2 3 4 5 6 7 8 9 10 11 12 13 14 15 16 17 18 19 20 21 22 23 24 25 26 27 28 29 30 31 32 33 34 35 36 37 38 39 40 41 42 43 44 45 46 47 48 49 50 51 52 53 54 55 56 57 58 59 60 61 62 63 64 65 66 67 68 69 70 71 72 73 74 75 76 77 78 79 80 81 82 83 84 85 86 87 88 89 90 91 92 93 94 95 96 97 98 99 100 101 102 103 104 105 106 107 108 109 110 111 112 113 114 115 116 117 118 119 120 121 122 123 124 125 126 127 128 129 130 131 132 133 134 135 136 137 138 139 140 141 142 143 144 145 146 147 148 149 150 151 152 153 154 155 156 157 158 159 160 161 162 163 164 165 166 167 168 169 170 171 172 173 174 175 176 177 178 179 180 181 182 183 184 185 186 187 188 189 190 191 192 193 194 195 196 197 198 199 200 201 202 203 204 205 206 207 208 209 210 211 212 213 214 215 216 217 218 219 220 221 222 223 224 225 226 227 228 229 230 231 232 233 234 235 236 237 238 239 240 241 242 243 244 245 246 247 248 249 250 251 252 253 254 255 256 257 258 259 260 261 262 263 264 265 266 267 268 269 270 271 272 273 274 275 276 277 278 279 280 281 282 283 284 285 286 287 288 289 290 291 292 293 294 295 296 297 298 299 300 301 302 303 304 305 306 307 308 309 310 311 312 313 314 315 316 317 318 319 320 321 322 323 324 325 326 327 328 329 330 331 332 333 334 335 336 337 338 339 340 341 342 343 344 345 346 347 348 349 350 351 352 353 354 355 356 357 358 359 360 361 362 363 364 365 366 367 368 369 370 371 372 373 374 375 376 377 378 379 380 381 382 383 384 385 386 387 388 389 390 391 392 393 394 395 396 397 398 399 400 401 402 403 404 405 406 407 408 409 410 411 412 413 414 415 416 417 418 419 420 421 422 423 424 425 426 427 428 429 430 431 432 433 434 435 436 437 438 439 440 441 442 443 444 445 446 447 448 449 450 451 452 453 454 455 456 457 458 459 460 461 462 463 464 465 466 467 468 469 470 471 472 473 474 475 476 477 478 479 480 481 482 483 484 485 486 487 488 489 490 491 492 493 494 495 496 497 498 499 500 501 502 503 504 505 506 507 508 509 510 511 512 513 514 515 516 517 518 519 520 521 522 523 524 525 526 527 528 529 530 531 532 533 534 535 536 537 538 539 540 541 542 543 544 545 546 547 548 549 550 551 552 553 554 555 556 557 558 559 560 561 562 563 564 565 566 567 568 569 570 571 572 573 574 575 576 577 578 579 580 581 582 583 584 585 586 587 588 589 590 591 592 593 594 595 596 597 598 599 600 601 602 603 604 605 606 607 608 609 610 611 612 613 614 615 616 617 618 619 620 621 622 623 624 625 626 627 628 629 630 631 632 633 634 635 636 637 638 639 640 641 642 643 644 645 646 647 648 649 650 651 652 653 654 655 656 657 658 659 660 661 662 663 664 665 666 667 668 669 670 671 672 673 674 675 676 677 678 679 680 681 682 683 684 685 686 687 688 689 690 691 692 693 694 695 696 697 698 699 700 701 702 703 704 705 706 707 708 709 710 711 712 713 714 715 716 717 718 719 720 721 722 723 724 725 726 727 728 729 730 731 732 733 734 735 736 737 738 739 740 741 742 743 744 745 746 747 748 749 750 751 752 753 754 755 756 757 758 759 760 761 762 763 764 765 766 767 768 769 770 771 772 773 774 775 776 777 778 779 780 781 782 783 784 785 786 787 788 789 790 791 792 793 794 795 796 797 798 799 800 801 802 803 804 805 806 807 808 809 810 811 812 813 814 815 816 817 818 819 820 821 822 823 824 825 826 827 828 829 830 831 832 833 834 835 836 837 838 839 840 841 842 843 844 845 846 847 848 849 850 851 852 853 854 855 856 857 858 859 860 861 862 863 864 865 866 867 868 869 870 871 872 873 874 875 876
 done.
 running RMSDs...
 done.
 E lowest :   -47.45777
 423 structures remain within    12.00 kcal/mol window

 -------------------------------------
 2. optimization with tight thresholds
 -------------------------------------
 Optimizing all 424 structures from file "crest_rotamers_1.xyz" ...
 1 2 3 4 5 6 7 8 9 10 11 12 13 14 15 16 17 18 19 20 21 22 23 24 25 26 27 28 29 30 31 32 33 34 35 36 37 38 39 40 41 42 43 44 45 46 47 48 49 50 51 52 53 54 55 56 57 58 59 60 61 62 63 64 65 66 67 68 69 70 71 72 73 74 75 76 77 78 79 80 81 82 83 84 85 86 87 88 89 90 91 92 93 94 95 96 97 98 99 100 101 102 103 104 105 106 107 108 109 110 111 112 113 114 115 116 117 118 119 120 121 122 123 124 125 126 127 128 129 130 131 132 133 134 135 136 137 138 139 140 141 142 143 144 145 146 147 148 149 150 151 152 153 154 155 156 157 158 159 160 161 162 163 164 165 166 167 168 169 170 171 172 173 174 175 176 177 178 179 180 181 182 183 184 185 186 187 188 189 190 191 192 193 194 195 196 197 198 199 200 201 202 203 204 205 206 207 208 209 210 211 212 213 214 215 216 217 218 219 220 221 222 223 224 225 226 227 228 229 230 231 232 233 234 235 236 237 238 239 240 241 242 243 244 245 246 247 248 249 250 251 252 253 254 255 256 257 258 259 260 261 262 263 264 265 266 267 268 269 270 271 272 273 274 275 276 277 278 279 280 281 282 283 284 285 286 287 288 289 290 291 292 293 294 295 296 297 298 299 300 301 302 303 304 305 306 307 308 309 310 311 312 313 314 315 316 317 318 319 320 321 322 323 324 325 326 327 328 329 330 331 332 333 334 335 336 337 338 339 340 341 342 343 344 345 346 347 348 349 350 351 352 353 354 355 356 357 358 359 360 361 362 363 364 365 366 367 368 369 370 371 372 373 374 375 376 377 378 379 380 381 382 383 384 385 386 387 388 389 390 391 392 393 394 395 396 397 398 399 400 401 402 403 404 405 406 407 408 409 410 411 412 413 414 415 416 417 418 419 420 421 422 423 424
 done.
 running RMSDs...
 done.
 E lowest :   -47.45943
 101 structures remain within     6.00 kcal/mol window

 ...............................................
 A new lower conformer was found!
 Improved by    0.00023 Eh or    0.14697kcal/mol
 ...............................................

========================================
            MTD Iteration  3
========================================

     ========================================
     |         Meta-MD (MTD) Sampling       |
     ========================================

Starting Meta-MD   1 with the settings:
     MD time /ps        :    22.0
     dt /fs             :     2.0
     dumpstep(trj) /fs  :     100
     dumpstep(Vbias)/ps :     1.0
     Vbias factor k /Eh :  0.0420
     Vbias exp α /bohr⁻²:    1.00
Starting Meta-MD   2 with the settings:
     MD time /ps        :    22.0
     dt /fs             :     2.0
     dumpstep(trj) /fs  :     100
     dumpstep(Vbias)/ps :     1.0
     Vbias factor k /Eh :  0.0210
     Vbias exp α /bohr⁻²:    1.00
Starting Meta-MD   4 with the settings:
     MD time /ps        :    22.0
     dt /fs             :     2.0
     dumpstep(trj) /fs  :     100
     dumpstep(Vbias)/ps :     1.0
     Vbias factor k /Eh :  0.0210
     Vbias exp α /bohr⁻²:    0.50
Starting Meta-MD   3 with the settings:
     MD time /ps        :    22.0
     dt /fs             :     2.0
     dumpstep(trj) /fs  :     100
     dumpstep(Vbias)/ps :     1.0
     Vbias factor k /Eh :  0.0420
     Vbias exp α /bohr⁻²:    0.50
*Meta-MTD 4 finished*
*Meta-MTD 1 finished*
*Meta-MTD 2 finished*
*Meta-MTD 3 finished*

-----------------------
Multilevel Optimization
-----------------------

 -------------------------
 1. crude pre-optimization
 -------------------------
 Optimizing all 876 structures from file "crest_rotamers_0.xyz" ...
 1 2 3 4 5 6 7 8 9 10 11 12 13 14 15 16 17 18 19 20 21 22 23 24 25 26 27 28 29 30 31 32 33 34 35 36 37 38 39 40 41 42 43 44 45 46 47 48 49 50 51 52 53 54 55 56 57 58 59 60 61 62 63 64 65 66 67 68 69 70 71 72 73 74 75 76 77 78 79 80 81 82 83 84 85 86 87 88 89 90 91 92 93 94 95 96 97 98 99 100 101 102 103 104 105 106 107 108 109 110 111 112 113 114 115 116 117 118 119 120 121 122 123 124 125 126 127 128 129 130 131 132 133 134 135 136 137 138 139 140 141 142 143 144 145 146 147 148 149 150 151 152 153 154 155 156 157 158 159 160 161 162 163 164 165 166 167 168 169 170 171 172 173 174 175 176 177 178 179 180 181 182 183 184 185 186 187 188 189 190 191 192 193 194 195 196 197 198 199 200 201 202 203 204 205 206 207 208 209 210 211 212 213 214 215 216 217 218 219 220 221 222 223 224 225 226 227 228 229 230 231 232 233 234 235 236 237 238 239 240 241 242 243 244 245 246 247 248 249 250 251 252 253 254 255 256 257 258 259 260 261 262 263 264 265 266 267 268 269 270 271 272 273 274 275 276 277 278 279 280 281 282 283 284 285 286 287 288 289 290 291 292 293 294 295 296 297 298 299 300 301 302 303 304 305 306 307 308 309 310 311 312 313 314 315 316 317 318 319 320 321 322 323 324 325 326 327 328 329 330 331 332 333 334 335 336 337 338 339 340 341 342 343 344 345 346 347 348 349 350 351 352 353 354 355 356 357 358 359 360 361 362 363 364 365 366 367 368 369 370 371 372 373 374 375 376 377 378 379 380 381 382 383 384 385 386 387 388 389 390 391 392 393 394 395 396 397 398 399 400 401 402 403 404 405 406 407 408 409 410 411 412 413 414 415 416 417 418 419 420 421 422 423 424 425 426 427 428 429 430 431 432 433 434 435 436 437 438 439 440 441 442 443 444 445 446 447 448 449 450 451 452 453 454 455 456 457 458 459 460 461 462 463 464 465 466 467 468 469 470 471 472 473 474 475 476 477 478 479 480 481 482 483 484 485 486 487 488 489 490 491 492 493 494 495 496 497 498 499 500 501 502 503 504 505 506 507 508 509 510 511 512 513 514 515 516 517 518 519 520 521 522 523 524 525 526 527 528 529 530 531 532 533 534 535 536 537 538 539 540 541 542 543 544 545 546 547 548 549 550 551 552 553 554 555 556 557 558 559 560 561 562 563 564 565 566 567 568 569 570 571 572 573 574 575 576 577 578 579 580 581 582 583 584 585 586 587 588 589 590 591 592 593 594 595 596 597 598 599 600 601 602 603 604 605 606 607 608 609 610 611 612 613 614 615 616 617 618 619 620 621 622 623 624 625 626 627 628 629 630 631 632 633 634 635 636 637 638 639 640 641 642 643 644 645 646 647 648 649 650 651 652 653 654 655 656 657 658 659 660 661 662 663 664 665 666 667 668 669 670 671 672 673 674 675 676 677 678 679 680 681 682 683 684 685 686 687 688 689 690 691 692 693 694 695 696 697 698 699 700 701 702 703 704 705 706 707 708 709 710 711 712 713 714 715 716 717 718 719 720 721 722 723 724 725 726 727 728 729 730 731 732 733 734 735 736 737 738 739 740 741 742 743 744 745 746 747 748 749 750 751 752 753 754 755 756 757 758 759 760 761 762 763 764 765 766 767 768 769 770 771 772 773 774 775 776 777 778 779 780 781 782 783 784 785 786 787 788 789 790 791 792 793 794 795 796 797 798 799 800 801 802 803 804 805 806 807 808 809 810 811 812 813 814 815 816 817 818 819 820 821 822 823 824 825 826 827 828 829 830 831 832 833 834 835 836 837 838 839 840 841 842 843 844 845 846 847 848 849 850 851 852 853 854 855 856 857 858 859 860 861 862 863 864 865 866 867 868 869 870 871 872 873 874 875 876
 done.
 running RMSDs...
 done.
 E lowest :   -47.45833
 506 structures remain within    12.00 kcal/mol window

 -------------------------------------
 2. optimization with tight thresholds
 -------------------------------------
 Optimizing all 507 structures from file "crest_rotamers_1.xyz" ...
 1 2 3 4 5 6 7 8 9 10 11 12 13 14 15 16 17 18 19 20 21 22 23 24 25 26 27 28 29 30 31 32 33 34 35 36 37 38 39 40 41 42 43 44 45 46 47 48 49 50 51 52 53 54 55 56 57 58 59 60 61 62 63 64 65 66 67 68 69 70 71 72 73 74 75 76 77 78 79 80 81 82 83 84 85 86 87 88 89 90 91 92 93 94 95 96 97 98 99 100 101 102 103 104 105 106 107 108 109 110 111 112 113 114 115 116 117 118 119 120 121 122 123 124 125 126 127 128 129 130 131 132 133 134 135 136 137 138 139 140 141 142 143 144 145 146 147 148 149 150 151 152 153 154 155 156 157 158 159 160 161 162 163 164 165 166 167 168 169 170 171 172 173 174 175 176 177 178 179 180 181 182 183 184 185 186 187 188 189 190 191 192 193 194 195 196 197 198 199 200 201 202 203 204 205 206 207 208 209 210 211 212 213 214 215 216 217 218 219 220 221 222 223 224 225 226 227 228 229 230 231 232 233 234 235 236 237 238 239 240 241 242 243 244 245 246 247 248 249 250 251 252 253 254 255 256 257 258 259 260 261 262 263 264 265 266 267 268 269 270 271 272 273 274 275 276 277 278 279 280 281 282 283 284 285 286 287 288 289 290 291 292 293 294 295 296 297 298 299 300 301 302 303 304 305 306 307 308 309 310 311 312 313 314 315 316 317 318 319 320 321 322 323 324 325 326 327 328 329 330 331 332 333 334 335 336 337 338 339 340 341 342 343 344 345 346 347 348 349 350 351 352 353 354 355 356 357 358 359 360 361 362 363 364 365 366 367 368 369 370 371 372 373 374 375 376 377 378 379 380 381 382 383 384 385 386 387 388 389 390 391 392 393 394 395 396 397 398 399 400 401 402 403 404 405 406 407 408 409 410 411 412 413 414 415 416 417 418 419 420 421 422 423 424 425 426 427 428 429 430 431 432 433 434 435 436 437 438 439 440 441 442 443 444 445 446 447 448 449 450 451 452 453 454 455 456 457 458 459 460 461 462 463 464 465 466 467 468 469 470 471 472 473 474 475 476 477 478 479 480 481 482 483 484 485 486 487 488 489 490 491 492 493 494 495 496 497 498 499 500 501 502 503 504 505 506 507
 done.
 running RMSDs...
 done.
 E lowest :   -47.45946
 137 structures remain within     6.00 kcal/mol window

========================================
            MTD Iterations done         
========================================
 Collecting ensmbles.
 running RMSDs...
 done.
 E lowest :   -47.45946
 321 structures remain within     6.00 kcal/mol window



   ================================================
   |           Final Geometry Optimization        |
   ================================================
 ------------------------------------------------
 Ensemble optimization with very tight thresholds
 ------------------------------------------------
 Optimizing all 321 structures from file "crest_rotamers_1.xyz" ...
 1 2 3 4 5 6 7 8 9 10 11 12 13 14 15 16 17 18 19 20 21 22 23 24 25 26 27 28 29 30 31 32 33 34 35 36 37 38 39 40 41 42 43 44 45 46 47 48 49 50 51 52 53 54 55 56 57 58 59 60 61 62 63 64 65 66 67 68 69 70 71 72 73 74 75 76 77 78 79 80 81 82 83 84 85 86 87 88 89 90 91 92 93 94 95 96 97 98 99 100 101 102 103 104 105 106 107 108 109 110 111 112 113 114 115 116 117 118 119 120 121 122 123 124 125 126 127 128 129 130 131 132 133 134 135 136 137 138 139 140 141 142 143 144 145 146 147 148 149 150 151 152 153 154 155 156 157 158 159 160 161 162 163 164 165 166 167 168 169 170 171 172 173 174 175 176 177 178 179 180 181 182 183 184 185 186 187 188 189 190 191 192 193 194 195 196 197 198 199 200 201 202 203 204 205 206 207 208 209 210 211 212 213 214 215 216 217 218 219 220 221 222 223 224 225 226 227 228 229 230 231 232 233 234 235 236 237 238 239 240 241 242 243 244 245 246 247 248 249 250 251 252 253 254 255 256 257 258 259 260 261 262 263 264 265 266 267 268 269 270 271 272 273 274 275 276 277 278 279 280 281 282 283 284 285 286 287 288 289 290 291 292 293 294 295 296 297 298 299 300 301 302 303 304 305 306 307 308 309 310 311 312 313 314 315 316 317 318 319 320 321
 done.
 running RMSDs...
 done.
 E lowest :   -47.45942
 293 structures remain within     6.00 kcal/mol window

 input  file name : crest_rotamers_2.xyz
 output file name : crest_rotamers_3.xyz
 number of atoms                :   42
 number of points on xyz files  :   321
 RMSD threshold                 :   0.1250
 Bconst threshold               :   0.0100
 population threshold           :   0.0500
 conformer energy window  /kcal :   6.0000
 # fragment in coord            :     2
 # bonds in reference structure :    40
 number of reliable points      :   321
 reference state Etot :  -47.459423860000001
 number of doubles removed by rot/RMSD         :          28
 total number unique points considered further :         293
       Erel/kcal        Etot weight/tot  conformer     set   degen     origin
       1   0.000   -47.45942    0.04667    0.18401       1       4     mtd2
       2   0.013   -47.45940    0.04568                                mtd2
       3   0.007   -47.45941    0.04615                                mtd3
       4   0.015   -47.45940    0.04550                                mtd3
       5   0.007   -47.45941    0.04610    0.04610       2       1     mtd4
       6   0.011   -47.45941    0.04580    0.04580       3       1     mtd3
       7   0.149   -47.45919    0.03629    0.10810       4       3     mtd2
       8   0.152   -47.45918    0.03609                                mtd1
       9   0.159   -47.45917    0.03572                                mtd4
      10   0.214   -47.45908    0.03252    0.03252       5       1     mtd3
      11   0.531   -47.45858    0.01906    0.01906       6       1     mtd1
      12   0.586   -47.45849    0.01737    0.01737       7       1     mtd3
      13   0.604   -47.45846    0.01686    0.01686       8       1     mtd3
      14   0.617   -47.45844    0.01648    0.01648       9       1     mtd2
      15   0.618   -47.45844    0.01645    0.01645      10       1     mtd3
      16   0.624   -47.45843    0.01631    0.01631      11       1     mtd1
      17   0.642   -47.45840    0.01581    0.03152      12       2     mtd2
      18   0.646   -47.45839    0.01571                                mtd6
      19   0.650   -47.45839    0.01561    0.01561      13       1     mtd4
      20   0.651   -47.45839    0.01558    0.01558      14       1     mtd2
      21   0.645   -47.45840    0.01573    0.01573      15       1     mtd2
      22   0.761   -47.45821    0.01293    0.01293      16       1     mtd1
      23   0.762   -47.45821    0.01292    0.01292      17       1     mtd4
      24   0.789   -47.45817    0.01234    0.01234      18       1     mtd4
      25   0.800   -47.45815    0.01210    0.01210      19       1     mtd2
      26   0.826   -47.45811    0.01159    0.01159      20       1     mtd5
      27   0.843   -47.45808    0.01126    0.01126      21       1     mtd3
      28   0.994   -47.45784    0.00873    0.00873      22       1     mtd1
      29   1.109   -47.45766    0.00719    0.00719      23       1     mtd1
      30   1.137   -47.45761    0.00686    0.00686      24       1     mtd3
      31   1.154   -47.45759    0.00667    0.00667      25       1     mtd2
      32   1.155   -47.45758    0.00666    0.01326      26       2     mtd5
      33   1.159   -47.45758    0.00661                                mtd4
      34   1.191   -47.45753    0.00626    0.01875      27       3     mtd4
      35   1.191   -47.45753    0.00626                                mtd4
      36   1.194   -47.45752    0.00623                                mtd4
      37   1.204   -47.45750    0.00612    0.00612      28       1     mtd4
      38   1.216   -47.45749    0.00600    0.00600      29       1     mtd2
      39   1.220   -47.45748    0.00596    0.00596      30       1     mtd2
      40   1.238   -47.45745    0.00578    0.01147      31       2     mtd2
      41   1.249   -47.45743    0.00568                                mtd3
      42   1.261   -47.45741    0.00556    0.01130      32       2     mtd2
      43   1.243   -47.45744    0.00573                                mtd3
      44   1.263   -47.45741    0.00555    0.01650      33       3     mtd4
      45   1.268   -47.45740    0.00550                                mtd4
      46   1.273   -47.45739    0.00545                                mtd4
      47   1.276   -47.45739    0.00542    0.00542      34       1     mtd2
      48   1.280   -47.45738    0.00539    0.00539      35       1     mtd3
      49   1.298   -47.45736    0.00523    0.00523      36       1     mtd2
      50   1.300   -47.45735    0.00521    0.00521      37       1     mtd4
      51   1.328   -47.45731    0.00497    0.01462      38       3     mtd4
      52   1.333   -47.45730    0.00493                                mtd4
      53   1.359   -47.45726    0.00472                                mtd4
      54   1.379   -47.45723    0.00456    0.00456      39       1     mtd1
      55   1.422   -47.45716    0.00424    0.00424      40       1     mtd4
      56   1.452   -47.45711    0.00403    0.00403      41       1     mtd3
      57   1.454   -47.45711    0.00402    0.00402      42       1     mtd1
      58   1.495   -47.45704    0.00375    0.00375      43       1     mtd1
      59   1.574   -47.45691    0.00328    0.00328      44       1     mtd2
      60   1.621   -47.45684    0.00303    0.00303      45       1     mtd1
      61   1.630   -47.45683    0.00299    0.00299      46       1     mtd1
      62   1.643   -47.45680    0.00292    0.00292      47       1     mtd2
      63   1.646   -47.45680    0.00291    0.00291      48       1     mtd3
      64   1.651   -47.45679    0.00288    0.00288      49       1     mtd1
      65   1.658   -47.45678    0.00285    0.00285      50       1     mtd2
      66   1.660   -47.45678    0.00284    0.00284      51       1     mtd1
      67   1.666   -47.45677    0.00281    0.00281      52       1     mtd2
      68   1.671   -47.45676    0.00279    0.00279      53       1     mtd1
      69   1.757   -47.45662    0.00241    0.00480      54       2     mtd1
      70   1.764   -47.45661    0.00238                                mtd3
      71   1.767   -47.45661    0.00237    0.00237      55       1     mtd1
      72   1.761   -47.45662    0.00240    0.00240      56       1     mtd3
      73   1.777   -47.45659    0.00233    0.00233      57       1     mtd2
      74   1.778   -47.45659    0.00233    0.00233      58       1     mtd4
      75   1.787   -47.45658    0.00229    0.00229      59       1     mtd2
      76   1.788   -47.45657    0.00229    0.00229      60       1     mtd4
      77   1.810   -47.45654    0.00220    0.00220      61       1     mtd4
      78   1.823   -47.45652    0.00216    0.00216      62       1     mtd1
      79   1.832   -47.45650    0.00213    0.00213      63       1     mtd3
      80   1.848   -47.45648    0.00207    0.00207      64       1     mtd2
      81   1.854   -47.45647    0.00205    0.00606      65       3     mtd4
      82   1.860   -47.45646    0.00203                                mtd2
      83   1.872   -47.45644    0.00199                                mtd2
      84   1.876   -47.45643    0.00197    0.00197      66       1     mtd4
      85   1.877   -47.45643    0.00197    0.00197      67       1     mtd1
      86   1.855   -47.45647    0.00204    0.00204      68       1     mtd4
      87   1.882   -47.45642    0.00195    0.00195      69       1     mtd4
      88   1.857   -47.45647    0.00204    0.00204      70       1     mtd2
      89   1.897   -47.45640    0.00191    0.00191      71       1     mtd5
      90   1.917   -47.45637    0.00184    0.00184      72       1     mtd5
      91   1.918   -47.45637    0.00184    0.00184      73       1     mtd3
      92   1.925   -47.45636    0.00182    0.00363      74       2     mtd4
      93   1.928   -47.45635    0.00181                                mtd4
      94   1.943   -47.45633    0.00176    0.00351      75       2     mtd4
      95   1.948   -47.45632    0.00175                                mtd4
      96   1.963   -47.45630    0.00170    0.00170      76       1     mtd6
      97   1.986   -47.45626    0.00164    0.00164      77       1     mtd2
      98   2.006   -47.45623    0.00159    0.00159      78       1     mtd4
      99   2.016   -47.45621    0.00156    0.00156      79       1     mtd3
     100   2.025   -47.45620    0.00153    0.00153      80       1     mtd2
     101   2.055   -47.45615    0.00146    0.00146      81       1     mtd3
     102   2.078   -47.45611    0.00140    0.00140      82       1     mtd4
     103   2.093   -47.45609    0.00137    0.00137      83       1     mtd2
     104   2.096   -47.45608    0.00136    0.00136      84       1     mtd1
     105   2.113   -47.45606    0.00132    0.00132      85       1     mtd2
     106   2.137   -47.45602    0.00127    0.00127      86       1     mtd1
     107   2.140   -47.45601    0.00126    0.00126      87       1     mtd4
     108   2.146   -47.45600    0.00125    0.00125      88       1     mtd2
     109   2.150   -47.45600    0.00124    0.00124      89       1     mtd2
     110   2.168   -47.45597    0.00121    0.00121      90       1     mtd1
     111   2.192   -47.45593    0.00116    0.00116      91       1     mtd1
     112   2.209   -47.45590    0.00113    0.00113      92       1     mtd1
     113   2.229   -47.45587    0.00109    0.00109      93       1     mtd3
     114   2.236   -47.45586    0.00108    0.00108      94       1     mtd1
     115   2.254   -47.45583    0.00104    0.00104      95       1     mtd1
     116   2.258   -47.45583    0.00104    0.00104      96       1     mtd1
     117   2.278   -47.45579    0.00100    0.00100      97       1     mtd6
     118   2.294   -47.45577    0.00098    0.00098      98       1     mtd5
     119   2.312   -47.45574    0.00095    0.00095      99       1     mtd2
     120   2.320   -47.45573    0.00093    0.00093     100       1     mtd2
     121   2.338   -47.45570    0.00091    0.00091     101       1     mtd2
     122   2.343   -47.45569    0.00090    0.00090     102       1     mtd1
     123   2.359   -47.45566    0.00087    0.00175     103       2     mtd1
     124   2.359   -47.45566    0.00087                                mtd1
     125   2.372   -47.45564    0.00086    0.00086     104       1     mtd3
     126   2.386   -47.45562    0.00084    0.00084     105       1     mtd5
     127   2.391   -47.45561    0.00083    0.00083     106       1     mtd5
     128   2.431   -47.45555    0.00077    0.00154     107       2     mtd1
     129   2.435   -47.45554    0.00077                                mtd1
     130   2.431   -47.45555    0.00077    0.00077     108       1     mtd2
     131   2.478   -47.45547    0.00071    0.00071     109       1     mtd2
     132   2.483   -47.45547    0.00071    0.00071     110       1     mtd5
     133   2.495   -47.45545    0.00070    0.00070     111       1     mtd4
     134   2.507   -47.45543    0.00068    0.00068     112       1     mtd2
     135   2.508   -47.45543    0.00068    0.00068     113       1     mtd2
     136   2.520   -47.45541    0.00067    0.00067     114       1     mtd1
     137   2.535   -47.45538    0.00065    0.00065     115       1     mtd4
     138   2.555   -47.45535    0.00063    0.00063     116       1     mtd4
     139   2.558   -47.45535    0.00062    0.00062     117       1     mtd4
     140   2.560   -47.45534    0.00062    0.00062     118       1     mtd4
     141   2.611   -47.45526    0.00057    0.00057     119       1     mtd5
     142   2.638   -47.45522    0.00055    0.00055     120       1     mtd1
     143   2.642   -47.45521    0.00054    0.00054     121       1     mtd2
     144   2.651   -47.45520    0.00053    0.00053     122       1     mtd2
     145   2.660   -47.45518    0.00053    0.00053     123       1     mtd5
     146   2.663   -47.45518    0.00052    0.00052     124       1     mtd1
     147   2.678   -47.45516    0.00051    0.00051     125       1     mtd4
     148   2.681   -47.45515    0.00051    0.00051     126       1     mtd1
     149   2.735   -47.45507    0.00046    0.00046     127       1     mtd1
     150   2.785   -47.45499    0.00043    0.00043     128       1     mtd1
     151   2.805   -47.45495    0.00041    0.00122     129       3     mtd1
     152   2.826   -47.45492    0.00040                                mtd2
     153   2.813   -47.45494    0.00041                                mtd2
     154   2.826   -47.45492    0.00040    0.00040     130       1     mtd1
     155   2.821   -47.45493    0.00040    0.00040     131       1     mtd1
     156   2.838   -47.45490    0.00039    0.00039     132       1     mtd2
     157   2.899   -47.45480    0.00035    0.00035     133       1     mtd6
     158   2.910   -47.45479    0.00035    0.00035     134       1     mtd2
     159   2.922   -47.45477    0.00034    0.00034     135       1     mtd5
     160   2.926   -47.45476    0.00034    0.00034     136       1     mtd3
     161   2.952   -47.45472    0.00032    0.00032     137       1     mtd1
     162   2.970   -47.45469    0.00031    0.00031     138       1     mtd1
     163   2.972   -47.45469    0.00031    0.00031     139       1     mtd1
     164   2.973   -47.45469    0.00031    0.00031     140       1     mtd4
     165   3.001   -47.45464    0.00030    0.00030     141       1     mtd1
     166   3.007   -47.45463    0.00029    0.00029     142       1     mtd3
     167   3.013   -47.45462    0.00029    0.00029     143       1     mtd2
     168   3.013   -47.45462    0.00029    0.00029     144       1     mtd3
     169   3.022   -47.45461    0.00029    0.00029     145       1     mtd1
     170   3.025   -47.45460    0.00028    0.00028     146       1     mtd2
     171   3.038   -47.45458    0.00028    0.00056     147       2     mtd1
     172   3.038   -47.45458    0.00028                                mtd1
     173   3.062   -47.45454    0.00027    0.00027     148       1     mtd3
     174   3.066   -47.45454    0.00027    0.00053     149       2     mtd4
     175   3.072   -47.45453    0.00026                                mtd1
     176   3.081   -47.45451    0.00026    0.00026     150       1     mtd4
     177   3.070   -47.45453    0.00026    0.00026     151       1     mtd3
     178   3.082   -47.45451    0.00026    0.00026     152       1     mtd1
     179   3.100   -47.45448    0.00025    0.00025     153       1     mtd2
     180   3.110   -47.45447    0.00025    0.00025     154       1     mtd2
     181   3.111   -47.45447    0.00025    0.00025     155       1     mtd2
     182   3.116   -47.45446    0.00024    0.00048     156       2     mtd1
     183   3.128   -47.45444    0.00024                                mtd1
     184   3.120   -47.45445    0.00024    0.00024     157       1     mtd4
     185   3.134   -47.45443    0.00024    0.00024     158       1     mtd3
     186   3.141   -47.45442    0.00023    0.00046     159       2     mtd4
     187   3.165   -47.45438    0.00022                                mtd4
     188   3.212   -47.45431    0.00021    0.00021     160       1     mtd3
     189   3.233   -47.45427    0.00020    0.00020     161       1     mtd1
     190   3.315   -47.45414    0.00017    0.00017     162       1     mtd2
     191   3.404   -47.45400    0.00015    0.00015     163       1     mtd2
     192   3.417   -47.45398    0.00015    0.00015     164       1     mtd1
     193   3.447   -47.45393    0.00014    0.00042     165       3     mtd4
     194   3.448   -47.45393    0.00014                                mtd4
     195   3.458   -47.45391    0.00014                                mtd4
     196   3.450   -47.45393    0.00014    0.00014     166       1     mtd2
     197   3.472   -47.45389    0.00013    0.00013     167       1     mtd4
     198   3.499   -47.45385    0.00013    0.00013     168       1     mtd1
     199   3.502   -47.45384    0.00013    0.00013     169       1     mtd3
     200   3.522   -47.45381    0.00012    0.00012     170       1     mtd2
     201   3.539   -47.45378    0.00012    0.00012     171       1     mtd2
     202   3.569   -47.45374    0.00011    0.00011     172       1     mtd4
     203   3.570   -47.45373    0.00011    0.00011     173       1     mtd2
     204   3.590   -47.45370    0.00011    0.00011     174       1     mtd1
     205   3.625   -47.45365    0.00010    0.00010     175       1     mtd2
     206   3.643   -47.45362    0.00010    0.00020     176       2     mtd1
     207   3.645   -47.45362    0.00010                                mtd1
     208   3.645   -47.45361    0.00010    0.00010     177       1     mtd1
     209   3.649   -47.45361    0.00010    0.00010     178       1     mtd2
     210   3.665   -47.45358    0.00010    0.00010     179       1     mtd3
     211   3.716   -47.45350    0.00009    0.00009     180       1     mtd5
     212   3.716   -47.45350    0.00009    0.00018     181       2     mtd4
     213   3.718   -47.45350    0.00009                                mtd4
     214   3.723   -47.45349    0.00009    0.00009     182       1     mtd3
     215   3.765   -47.45342    0.00008    0.00008     183       1     mtd5
     216   3.767   -47.45342    0.00008    0.00008     184       1     mtd2
     217   3.767   -47.45342    0.00008    0.00008     185       1     mtd1
     218   3.768   -47.45342    0.00008    0.00008     186       1     mtd1
     219   3.773   -47.45341    0.00008    0.00008     187       1     mtd3
     220   3.791   -47.45338    0.00008    0.00016     188       2     mtd1
     221   3.795   -47.45338    0.00008                                mtd1
     222   3.794   -47.45338    0.00008    0.00008     189       1     mtd3
     223   3.821   -47.45333    0.00007    0.00007     190       1     mtd2
     224   3.823   -47.45333    0.00007    0.00007     191       1     mtd3
     225   3.858   -47.45328    0.00007    0.00014     192       2     mtd1
     226   3.862   -47.45327    0.00007                                mtd1
     227   3.879   -47.45324    0.00007    0.00007     193       1     mtd2
     228   3.885   -47.45323    0.00007    0.00007     194       1     mtd1
     229   3.923   -47.45317    0.00006    0.00006     195       1     mtd3
     230   3.984   -47.45308    0.00006    0.00006     196       1     mtd5
     231   4.012   -47.45303    0.00005    0.00005     197       1     mtd2
     232   4.075   -47.45293    0.00005    0.00010     198       2     mtd1
     233   4.078   -47.45293    0.00005                                mtd1
     234   4.132   -47.45284    0.00004    0.00004     199       1     mtd4
     235   4.137   -47.45283    0.00004    0.00004     200       1     mtd1
     236   4.154   -47.45280    0.00004    0.00004     201       1     mtd1
     237   4.154   -47.45280    0.00004    0.00004     202       1     mtd2
     238   4.172   -47.45278    0.00004    0.00004     203       1     mtd1
     239   4.192   -47.45274    0.00004    0.00004     204       1     mtd2
     240   4.205   -47.45272    0.00004    0.00004     205       1     mtd6
     241   4.212   -47.45271    0.00004    0.00004     206       1     mtd1
     242   4.214   -47.45271    0.00004    0.00004     207       1     mtd1
     243   4.241   -47.45266    0.00004    0.00004     208       1     mtd3
     244   4.246   -47.45266    0.00004    0.00004     209       1     mtd1
     245   4.274   -47.45261    0.00003    0.00003     210       1     mtd1
     246   4.301   -47.45257    0.00003    0.00003     211       1     mtd5
     247   4.310   -47.45256    0.00003    0.00003     212       1     mtd1
     248   4.340   -47.45251    0.00003    0.00003     213       1     mtd2
     249   4.356   -47.45248    0.00003    0.00003     214       1     mtd1
     250   4.359   -47.45248    0.00003    0.00003     215       1     mtd1
     251   4.381   -47.45244    0.00003    0.00003     216       1     mtd1
     252   4.432   -47.45236    0.00003    0.00003     217       1     mtd1
     253   4.446   -47.45234    0.00003    0.00003     218       1     mtd1
     254   4.466   -47.45231    0.00003    0.00003     219       1     mtd1
     255   4.491   -47.45227    0.00002    0.00002     220       1     mtd2
     256   4.507   -47.45224    0.00002    0.00002     221       1     mtd4
     257   4.547   -47.45218    0.00002    0.00002     222       1     mtd2
     258   4.650   -47.45201    0.00002    0.00002     223       1     mtd2
     259   4.672   -47.45198    0.00002    0.00002     224       1     mtd3
     260   4.678   -47.45197    0.00002    0.00002     225       1     mtd2
     261   4.689   -47.45195    0.00002    0.00002     226       1     mtd2
     262   4.716   -47.45191    0.00002    0.00002     227       1     mtd1
     263   4.726   -47.45189    0.00002    0.00002     228       1     mtd4
     264   4.750   -47.45185    0.00002    0.00002     229       1     mtd1
     265   4.806   -47.45177    0.00001    0.00001     230       1     mtd3
     266   4.819   -47.45174    0.00001    0.00001     231       1     mtd1
     267   4.856   -47.45168    0.00001    0.00001     232       1     mtd2
     268   4.905   -47.45161    0.00001    0.00001     233       1     mtd1
     269   4.925   -47.45158    0.00001    0.00001     234       1     mtd1
     270   4.993   -47.45147    0.00001    0.00001     235       1     mtd2
     271   5.007   -47.45144    0.00001    0.00001     236       1     mtd1
     272   5.026   -47.45141    0.00001    0.00003     237       3     mtd1
     273   5.040   -47.45139    0.00001                                mtd1
     274   5.033   -47.45140    0.00001                                mtd1
     275   5.038   -47.45140    0.00001    0.00001     238       1     mtd1
     276   5.085   -47.45132    0.00001    0.00002     239       2     mtd1
     277   5.096   -47.45130    0.00001                                mtd3
     278   5.111   -47.45128    0.00001    0.00001     240       1     mtd1
     279   5.095   -47.45130    0.00001    0.00001     241       1     mtd1
     280   5.142   -47.45123    0.00001    0.00001     242       1     mtd3
     281   5.151   -47.45121    0.00001    0.00001     243       1     mtd1
     282   5.170   -47.45119    0.00001    0.00001     244       1     mtd2
     283   5.185   -47.45116    0.00001    0.00001     245       1     mtd3
     284   5.222   -47.45110    0.00001    0.00001     246       1     mtd2
     285   5.238   -47.45108    0.00001    0.00001     247       1     mtd3
     286   5.301   -47.45098    0.00001    0.00001     248       1     mtd2
     287   5.521   -47.45063    0.00000    0.00000     249       1     mtd3
     288   5.637   -47.45044    0.00000    0.00000     250       1     mtd3
     289   5.693   -47.45035    0.00000    0.00000     251       1     mtd2
     290   5.727   -47.45030    0.00000    0.00000     252       1     mtd3
     291   5.796   -47.45019    0.00000    0.00000     253       1     mtd3
     292   5.808   -47.45017    0.00000    0.00000     254       1     mtd3
     293   5.907   -47.45001    0.00000    0.00000     255       1     mtd2
T /K                                  :   298.15
E lowest                              :   -47.45942
ensemble average energy (kcal)        :    0.738
ensemble entropy (J/mol K, cal/mol K) :   35.827    8.563
ensemble free energy (kcal/mol)       :   -2.553
population of lowest in %             :   18.401
 number of unique conformers for further calc          255
 list of relative energies saved as "crest.energies"

 -----------------
 Wall Time Summary
 -----------------
             test MD wall time :         0h : 0m : 0s
                 MTD wall time :         0h : 0m :30s
      multilevel OPT wall time :         0h : 0m :39s
--------------------
Overall wall time  : 0h : 1m :13s

 CREST terminated normally.
