
       ==============================================
       |                                            |
       |                 C R E S T                  |
       |                                            |
       |  Conformer-Rotamer Ensemble Sampling Tool  |
       |          based on the GFN methods          |
       |             P.Pracht, S.Grimme             |
       |          Universitaet Bonn, MCTC           |
       ==============================================
       Version 2.12,   Thu 19. Mai 16:32:32 CEST 2022
  Using the xTB program. Compatible with xTB version 6.4.0

   Cite work conducted with this code as

   • P.Pracht, F.Bohle, S.Grimme, PCCP, 2020, 22, 7169-7192.
   • S.Grimme, JCTC, 2019, 15, 2847-2862.

   and for works involving QCG as

   • S.Spicher, C.Plett, P.Pracht, A.Hansen, S.Grimme,
     JCTC, 2022, 18 (5), 3174-3189.

   with help from:
   C.Bannwarth, F.Bohle, S.Ehlert, S.Grimme,
   C.Plett, P.Pracht, S.Spicher

   This program is distributed in the hope that it will be useful,
   but WITHOUT ANY WARRANTY; without even the implied warranty of
   MERCHANTABILITY or FITNESS FOR A PARTICULAR PURPOSE.

 Command line input:
 > crest xtbopt.xyz --gfn2//gfnff --chrg 0 --uhf 0 --cbonds --alpb water -T 192 --quick

  -gfn2//gfnff : energy reweighting
  --chrg 0
  --uhf 0
  --alpb water : implicit solvation
  -T 192 (CPUs/Threads selected)

 -------------------------
 xTB Geometry Optimization
 -------------------------
 Geometry successfully optimized.

------------------------------------------------
Generating MTD length from a flexibility measure
------------------------------------------------
 Calculating WBOs... done.
 Calculating NCI flexibility... done.
     covalent flexibility measure :   0.309
 non-covalent flexibility measure :   0.640
 flexibility measure :   0.333
 t(MTD) / ps    :     4.0
 Σ(t(MTD)) / ps :    24.0 (6 MTDs)

-------------------------------------
Starting a trial MTD to test settings
-------------------------------------
 Estimated runtime for one MTD (4.0 ps) on a single thread: 16 min 16 sec
 Estimated runtime for a batch of 6 MTDs on 192 threads: 31 sec

 list of Vbias parameters applied:
$metadyn    0.00200   1.200
$metadyn    0.00100   1.200
$metadyn    0.00200   0.600
$metadyn    0.00100   0.600
$metadyn    0.00200   0.300
$metadyn    0.00100   0.300

*******************************************************************************************
**                        N E W    I T E R A T I O N    C Y C L E                        **
*******************************************************************************************

========================================
            MTD Iteration  1
========================================

     ========================================
     |         Meta-MD (MTD) Sampling       |
     ========================================

Starting Meta-MD   1 with the settings:
     MD time /ps        :     4.0
     dt /fs             :     2.0
     dumpstep(trj) /fs  :     100
     dumpstep(Vbias)/ps :     1.0
     Vbias factor k /Eh :  0.0740
     Vbias exp α /bohr⁻²:    1.20
Starting Meta-MD   2 with the settings:
     MD time /ps        :     4.0
     dt /fs             :     2.0
     dumpstep(trj) /fs  :     100
     dumpstep(Vbias)/ps :     1.0
     Vbias factor k /Eh :  0.0370
     Vbias exp α /bohr⁻²:    1.20
Starting Meta-MD   3 with the settings:
     MD time /ps        :     4.0
     dt /fs             :     2.0
     dumpstep(trj) /fs  :     100
     dumpstep(Vbias)/ps :     1.0
     Vbias factor k /Eh :  0.0740
     Vbias exp α /bohr⁻²:    0.60
Starting Meta-MD   4 with the settings:
     MD time /ps        :     4.0
     dt /fs             :     2.0
     dumpstep(trj) /fs  :     100
     dumpstep(Vbias)/ps :     1.0
     Vbias factor k /Eh :  0.0370
     Vbias exp α /bohr⁻²:    0.60
Starting Meta-MD   6 with the settings:
     MD time /ps        :     4.0
     dt /fs             :     2.0
     dumpstep(trj) /fs  :     100
     dumpstep(Vbias)/ps :     1.0
     Vbias factor k /Eh :  0.0370
     Vbias exp α /bohr⁻²:    0.30
Starting Meta-MD   5 with the settings:
     MD time /ps        :     4.0
     dt /fs             :     2.0
     dumpstep(trj) /fs  :     100
     dumpstep(Vbias)/ps :     1.0
     Vbias factor k /Eh :  0.0740
     Vbias exp α /bohr⁻²:    0.30
*Meta-MTD 5 finished*
*Meta-MTD 4 finished*
*Meta-MTD 6 finished*
*Meta-MTD 2 finished*
*Meta-MTD 1 finished*
*Meta-MTD 3 finished*

-----------------------
Multilevel Optimization
-----------------------

 -------------------------
 1. crude pre-optimization
 -------------------------
 Optimizing all 234 structures from file "crest_rotamers_0.xyz" ...
 1 2 3 4 5 6 7 8 9 10 11 12 13 14 15 16 17 18 19 20 21 22 23 24 25 26 27 28 29 30 31 32 33 34 35 36 37 38 39 40 41 42 43 44 45 46 47 48 49 50 51 52 53 54 55 56 57 58 59 60 61 62 63 64 65 66 67 68 69 70 71 72 73 74 75 76 77 78 79 80 81 82 83 84 85 86 87 88 89 90 91 92 93 94 95 96 97 98 99 100 101 102 103 104 105 106 107 108 109 110 111 112 113 114 115 116 117 118 119 120 121 122 123 124 125 126 127 128 129 130 131 132 133 134 135 136 137 138 139 140 141 142 143 144 145 146 147 148 149 150 151 152 153 154 155 156 157 158 159 160 161 162 163 164 165 166 167 168 169 170 171 172 173 174 175 176 177 178 179 180 181 182 183 184 185 186 187 188 189 190 191 192 193 194 195 196 197 198 199 200 201 202 203 204 205 206 207 208 209 210 211 212 213 214 215 216 217 218 219 220 221 222 223 224 225 226 227 228 229 230 231 232 233 234
 done.
 running RMSDs...
 done.
 E lowest :   -58.29909
 86 structures remain within    10.00 kcal/mol window

 -------------------------------------
 2. optimization with tight thresholds
 -------------------------------------
 Optimizing all 87 structures from file "crest_rotamers_1.xyz" ...
 1 2 3 4 5 6 7 8 9 10 11 12 13 14 15 16 17 18 19 20 21 22 23 24 25 26 27 28 29 30 31 32 33 34 35 36 37 38 39 40 41 42 43 44 45 46 47 48 49 50 51 52 53 54 55 56 57 58 59 60 61 62 63 64 65 66 67 68 69 70 71 72 73 74 75 76 77 78 79 80 81 82 83 84 85 86 87
 done.
 running RMSDs...
 done.
 E lowest :   -58.30282
 10 structures remain within     5.00 kcal/mol window


========================================
            MTD Iteration  2
========================================

     ========================================
     |         Meta-MD (MTD) Sampling       |
     ========================================

Starting Meta-MD   1 with the settings:
     MD time /ps        :     4.0
     dt /fs             :     2.0
     dumpstep(trj) /fs  :     100
     dumpstep(Vbias)/ps :     1.0
     Vbias factor k /Eh :  0.0740
     Vbias exp α /bohr⁻²:    1.20
Starting Meta-MD   2 with the settings:
     MD time /ps        :     4.0
     dt /fs             :     2.0
     dumpstep(trj) /fs  :     100
     dumpstep(Vbias)/ps :     1.0
     Vbias factor k /Eh :  0.0370
     Vbias exp α /bohr⁻²:    1.20
Starting Meta-MD   4 with the settings:
     MD time /ps        :     4.0
     dt /fs             :     2.0
     dumpstep(trj) /fs  :     100
     dumpstep(Vbias)/ps :     1.0
     Vbias factor k /Eh :  0.0370
     Vbias exp α /bohr⁻²:    0.60
Starting Meta-MD   3 with the settings:
     MD time /ps        :     4.0
     dt /fs             :     2.0
     dumpstep(trj) /fs  :     100
     dumpstep(Vbias)/ps :     1.0
     Vbias factor k /Eh :  0.0740
     Vbias exp α /bohr⁻²:    0.60
*Meta-MTD 2 finished*
*Meta-MTD 4 finished*
*Meta-MTD 3 finished*
*Meta-MTD 1 finished*

-----------------------
Multilevel Optimization
-----------------------

 -------------------------
 1. crude pre-optimization
 -------------------------
 Optimizing all 156 structures from file "crest_rotamers_0.xyz" ...
 1 2 3 4 5 6 7 8 9 10 11 12 13 14 15 16 17 18 19 20 21 22 23 24 25 26 27 28 29 30 31 32 33 34 35 36 37 38 39 40 41 42 43 44 45 46 47 48 49 50 51 52 53 54 55 56 57 58 59 60 61 62 63 64 65 66 67 68 69 70 71 72 73 74 75 76 77 78 79 80 81 82 83 84 85 86 87 88 89 90 91 92 93 94 95 96 97 98 99 100 101 102 103 104 105 106 107 108 109 110 111 112 113 114 115 116 117 118 119 120 121 122 123 124 125 126 127 128 129 130 131 132 133 134 135 136 137 138 139 140 141 142 143 144 145 146 147 148 149 150 151 152 153 154 155 156
 done.
 running RMSDs...
 done.
 E lowest :   -58.30272
 35 structures remain within    10.00 kcal/mol window

 -------------------------------------
 2. optimization with tight thresholds
 -------------------------------------
 Optimizing all 36 structures from file "crest_rotamers_1.xyz" ...
 1 2 3 4 5 6 7 8 9 10 11 12 13 14 15 16 17 18 19 20 21 22 23 24 25 26 27 28 29 30 31 32 33 34 35 36
 done.
 running RMSDs...
 done.
 E lowest :   -58.30281
 5 structures remain within     5.00 kcal/mol window

========================================
            MTD Iterations done         
========================================
 Collecting ensmbles.
 running RMSDs...
 done.
 E lowest :   -58.30282
 14 structures remain within     5.00 kcal/mol window

-----------------------------------------------
Additional regular MDs on lowest 2 conformer(s)
-----------------------------------------------
Starting MD   2 with the settings:
     MD time /ps        :     2.0
     MD Temperature /K  :   500.0
     dt /fs             :     2.0
     dumpstep(trj) /fs  :     100
Starting MD   1 with the settings:
     MD time /ps        :     2.0
     MD Temperature /K  :   400.0
     dt /fs             :     2.0
     dumpstep(trj) /fs  :     100
Starting MD   4 with the settings:
     MD time /ps        :     2.0
     MD Temperature /K  :   500.0
     dt /fs             :     2.0
     dumpstep(trj) /fs  :     100
Starting MD   3 with the settings:
     MD time /ps        :     2.0
     MD Temperature /K  :   400.0
     dt /fs             :     2.0
     dumpstep(trj) /fs  :     100
*MD 1 finished*
*MD 2 finished*
*MD 4 finished*
*MD 3 finished*
 Appending file crest_rotamers_1.xyz with new structures

 -------------------------------------------
 Ensemble optimization with tight thresholds
 -------------------------------------------
 Optimizing all 90 structures from file "crest_rotamers_1.xyz" ...
 1 2 3 4 5 6 7 8 9 10 11 12 13 14 15 16 17 18 19 20 21 22 23 24 25 26 27 28 29 30 31 32 33 34 35 36 37 38 39 40 41 42 43 44 45 46 47 48 49 50 51 52 53 54 55 56 57 58 59 60 61 62 63 64 65 66 67 68 69 70 71 72 73 74 75 76 77 78 79 80 81 82 83 84 85 86 87 88 89 90
 done.
 running RMSDs...
 done.
 E lowest :   -58.30279
 22 structures remain within     5.00 kcal/mol window


     ========================================
     |        Structure Crossing (GC)       |
     ========================================
 =============================
  # threads =         192
 =============================
 input  file name : crest_rotamers_3.xyz
number of atoms                :    37
number of points on xyz files  :    22
conformer energy window  /kcal :    5.00
CN per atom difference cut-off :  0.3000
RMSD threshold                 :  0.2500
max. # of generated structures : 100
 reading xyz file ...
 # in E window                 22
 generating pairs ...         252
 generated pairs           :         101
 number of clash discarded :         130
 average rmsd w.r.t input  : 2.37334
 sd of ensemble            : 0.67949
 number of new structures      :          63
 removed identical structures  :          38
 writing           63  TMPCONF* dirs ...
 --------------------------
 GC: loose pre-optimization
 --------------------------
 Starting optimization of generated structures
 63 jobs to do.
 1 2 3 4 5 6 7 8 9 10 11 12 13 14 15 16 17 18 19 20 21 22 23 24 25 26 27 28 29 30 31 32 33 34 35 36 37 38 39 40 41 42 43 44 45 46 47 48 49 50 51 52 53 54 55 56 57 58 59 60 61 62 63 
 done.
 Now appending opt.xyz file with new structures
 running RMSDs...
 done.
 E lowest :   -58.30267
 60 structures remain within     8.00 kcal/mol window
 --------------------------------------
 GC: optimization with tight thresholds
 --------------------------------------
 Optimizing all 60 structures from file "crest_rotamers_1.xyz" ...
 1 2 3 4 5 6 7 8 9 10 11 12 13 14 15 16 17 18 19 20 21 22 23 24 25 26 27 28 29 30 31 32 33 34 35 36 37 38 39 40 41 42 43 44 45 46 47 48 49 50 51 52 53 54 55 56 57 58 59 60
 done.
 running RMSDs...
 done.
 E lowest :   -58.30280


   ================================================
   |           Final Geometry Optimization        |
   ================================================
 -------------------------------------------
 Ensemble optimization with tight thresholds
 -------------------------------------------
 Optimizing all 66 structures from file "crest_rotamers_4.xyz" ...
 1 2 3 4 5 6 7 8 9 10 11 12 13 14 15 16 17 18 19 20 21 22 23 24 25 26 27 28 29 30 31 32 33 34 35 36 37 38 39 40 41 42 43 44 45 46 47 48 49 50 51 52 53 54 55 56 57 58 59 60 61 62 63 64 65 66
 done.
 running RMSDs...
 done.
 E lowest :   -58.30277
 63 structures remain within     5.00 kcal/mol window

 input  file name : crest_rotamers_5.xyz
 output file name : crest_rotamers_6.xyz
 number of atoms                :   37
 number of points on xyz files  :   66
 RMSD threshold                 :   0.1250
 Bconst threshold               :   0.0100
 population threshold           :   0.0500
 conformer energy window  /kcal :   5.0000
 # fragment in coord            :     2
 # bonds in reference structure :    39
   => # of C=C bonds :     5
 number of reliable points      :    66
 reference state Etot :  -58.302770480000000
 number of doubles removed by rot/RMSD         :           3
 total number unique points considered further :          63
       Erel/kcal        Etot weight/tot  conformer     set   degen     origin
       1   0.000   -58.30277    0.10613    0.31294       1       3     gc
       2   0.006   -58.30276    0.10511                                gc
       3   0.025   -58.30273    0.10170                                gc
       4   0.011   -58.30275    0.10416    0.10416       2       1     gc
       5   0.028   -58.30273    0.10132    0.10132       3       1     gc
       6   0.035   -58.30271    0.09998    0.09998       4       1     gc
       7   0.867   -58.30139    0.02459    0.09495       5       4     gc
       8   0.884   -58.30136    0.02388                                gc
       9   0.888   -58.30135    0.02373                                gc
      10   0.913   -58.30131    0.02275                                gc
      11   0.908   -58.30132    0.02296    0.04550       6       2     gc
      12   0.919   -58.30131    0.02255                                gc
      13   0.926   -58.30129    0.02225    0.04392       7       2     gc
      14   0.942   -58.30127    0.02166                                gc
      15   1.029   -58.30113    0.01871    0.03680       8       2     mtd3
      16   1.049   -58.30110    0.01808                                gc
      17   1.080   -58.30105    0.01719    0.01719       9       1     gc
      18   1.219   -58.30083    0.01359    0.01359      10       1     mtd3
      19   1.349   -58.30062    0.01092    0.02171      11       2     gc
      20   1.356   -58.30061    0.01079                                gc
      21   1.393   -58.30055    0.01014    0.01014      12       1     gc
      22   1.448   -58.30046    0.00924    0.00924      13       1     gc
      23   1.501   -58.30038    0.00844    0.00844      14       1     gc
      24   1.566   -58.30028    0.00757    0.02196      15       3     gc
      25   1.593   -58.30023    0.00723                                gc
      26   1.599   -58.30022    0.00716                                gc
      27   1.618   -58.30019    0.00693    0.02067      16       3     gc
      28   1.620   -58.30019    0.00691                                gc
      29   1.627   -58.30018    0.00682                                gc
      30   1.820   -58.29987    0.00493    0.00493      17       1     gc
      31   1.882   -58.29977    0.00444    0.00444      18       1     gc
      32   2.185   -58.29929    0.00267    0.01288      19       5     gc
      33   2.206   -58.29926    0.00257                                gc
      34   2.209   -58.29925    0.00256                                gc
      35   2.211   -58.29925    0.00255                                gc
      36   2.214   -58.29924    0.00254                                gc
      37   2.265   -58.29916    0.00233    0.00463      20       2     gc
      38   2.273   -58.29915    0.00230                                gc
      39   2.547   -58.29871    0.00145    0.00282      21       2     gc
      40   2.579   -58.29866    0.00137                                mtd5
      41   2.642   -58.29856    0.00123    0.00123      22       1     mtd3
      42   2.702   -58.29847    0.00112    0.00327      23       3     mtd1
      43   2.716   -58.29844    0.00109                                mtd4
      44   2.726   -58.29843    0.00107                                gc
      45   2.838   -58.29825    0.00089    0.00089      24       1     gc
      46   2.962   -58.29805    0.00072    0.00072      25       1     md1
      47   3.753   -58.29679    0.00019    0.00056      26       3     gc
      48   3.766   -58.29677    0.00019                                gc
      49   3.769   -58.29676    0.00018                                gc
      50   3.811   -58.29670    0.00017    0.00034      27       2     gc
      51   3.834   -58.29666    0.00017                                gc
      52   3.993   -58.29641    0.00013    0.00013      28       1     md1
      53   4.177   -58.29611    0.00009    0.00027      29       3     mtd2
      54   4.206   -58.29607    0.00009                                gc
      55   4.209   -58.29606    0.00009                                mtd2
      56   4.416   -58.29573    0.00006    0.00012      30       2     md1
      57   4.441   -58.29569    0.00006                                md4
      58   4.557   -58.29551    0.00005    0.00010      31       2     mtd2
      59   4.577   -58.29548    0.00005                                mtd5
      60   4.560   -58.29550    0.00005    0.00005      32       1     md3
      61   4.607   -58.29543    0.00004    0.00004      33       1     md3
      62   4.638   -58.29538    0.00004    0.00004      34       1     gc
      63   4.694   -58.29529    0.00004    0.00004      35       1     gc
T /K                                  :   298.15
E lowest                              :   -58.30277
ensemble average energy (kcal)        :    0.476
ensemble entropy (J/mol K, cal/mol K) :   25.321    6.052
ensemble free energy (kcal/mol)       :   -1.804
population of lowest in %             :   31.294
 number of unique conformers for further calc           35
 list of relative energies saved as "crest.energies"

 -----------------
 Wall Time Summary
 -----------------
             test MD wall time :         0h : 0m : 0s
                 MTD wall time :         0h : 0m :14s
      multilevel OPT wall time :         0h : 0m : 5s
                  MD wall time :         0h : 0m : 3s
                  GC wall time :         0h : 0m : 1s
--------------------
Overall wall time  : 0h : 0m :25s

 CREST terminated normally.
