
       ==============================================
       |                                            |
       |                 C R E S T                  |
       |                                            |
       |  Conformer-Rotamer Ensemble Sampling Tool  |
       |          based on the GFN methods          |
       |             P.Pracht, S.Grimme             |
       |          Universitaet Bonn, MCTC           |
       ==============================================
       Version 2.12,   Thu 19. Mai 16:32:32 CEST 2022
  Using the xTB program. Compatible with xTB version 6.4.0

   Cite work conducted with this code as

   • P.Pracht, F.Bohle, S.Grimme, PCCP, 2020, 22, 7169-7192.
   • S.Grimme, JCTC, 2019, 15, 2847-2862.

   and for works involving QCG as

   • S.Spicher, C.Plett, P.Pracht, A.Hansen, S.Grimme,
     JCTC, 2022, 18 (5), 3174-3189.

   with help from:
   C.Bannwarth, F.Bohle, S.Ehlert, S.Grimme,
   C.Plett, P.Pracht, S.Spicher

   This program is distributed in the hope that it will be useful,
   but WITHOUT ANY WARRANTY; without even the implied warranty of
   MERCHANTABILITY or FITNESS FOR A PARTICULAR PURPOSE.

 Command line input:
 > crest xtbopt.xyz --gfn2//gfnff --chrg 0 --uhf 0 --cbonds --alpb water -T 128

  -gfn2//gfnff : energy reweighting
  --chrg 0
  --uhf 0
  --alpb water : implicit solvation
  -T 128 (CPUs/Threads selected)

 -------------------------
 xTB Geometry Optimization
 -------------------------
 Geometry successfully optimized.

------------------------------------------------
Generating MTD length from a flexibility measure
------------------------------------------------
 Calculating WBOs... done.
 Calculating NCI flexibility... done.
     covalent flexibility measure :   0.296
 non-covalent flexibility measure :   0.635
 flexibility measure :   0.321
 t(MTD) / ps    :     5.0
 Σ(t(MTD)) / ps :    70.0 (14 MTDs)

-------------------------------------
Starting a trial MTD to test settings
-------------------------------------
 Estimated runtime for one MTD (5.0 ps) on a single thread: 13 min 12 sec
 Estimated runtime for a batch of 14 MTDs on 128 threads: 1 min 28 sec

 list of Vbias parameters applied:
$metadyn    0.00300   1.300
$metadyn    0.00150   1.300
$metadyn    0.00075   1.300
$metadyn    0.00300   0.780
$metadyn    0.00150   0.780
$metadyn    0.00075   0.780
$metadyn    0.00300   0.468
$metadyn    0.00150   0.468
$metadyn    0.00075   0.468
$metadyn    0.00300   0.281
$metadyn    0.00150   0.281
$metadyn    0.00075   0.281
$metadyn    0.00100   0.100
$metadyn    0.00500   0.800

*******************************************************************************************
**                        N E W    I T E R A T I O N    C Y C L E                        **
*******************************************************************************************

========================================
            MTD Iteration  1
========================================

     ========================================
     |         Meta-MD (MTD) Sampling       |
     ========================================

Starting Meta-MD   1 with the settings:
     MD time /ps        :     5.0
     dt /fs             :     2.0
     dumpstep(trj) /fs  :     100
     dumpstep(Vbias)/ps :     1.0
     Vbias factor k /Eh :  0.0780
     Vbias exp α /bohr⁻²:    1.30
Starting Meta-MD   4 with the settings:
     MD time /ps        :     5.0
     dt /fs             :     2.0
     dumpstep(trj) /fs  :     100
     dumpstep(Vbias)/ps :     1.0
     Vbias factor k /Eh :  0.0780
     Vbias exp α /bohr⁻²:    0.78
Starting Meta-MD   2 with the settings:
     MD time /ps        :     5.0
     dt /fs             :     2.0
     dumpstep(trj) /fs  :     100
     dumpstep(Vbias)/ps :     1.0
     Vbias factor k /Eh :  0.0390
     Vbias exp α /bohr⁻²:    1.30
Starting Meta-MD   3 with the settings:
     MD time /ps        :     5.0
     dt /fs             :     2.0
     dumpstep(trj) /fs  :     100
     dumpstep(Vbias)/ps :     1.0
     Vbias factor k /Eh :  0.0195
     Vbias exp α /bohr⁻²:    1.30
Starting Meta-MD   5 with the settings:
     MD time /ps        :     5.0
     dt /fs             :     2.0
     dumpstep(trj) /fs  :     100
     dumpstep(Vbias)/ps :     1.0
     Vbias factor k /Eh :  0.0390
     Vbias exp α /bohr⁻²:    0.78
Starting Meta-MD   6 with the settings:
     MD time /ps        :     5.0
     dt /fs             :     2.0
     dumpstep(trj) /fs  :     100
     dumpstep(Vbias)/ps :     1.0
     Vbias factor k /Eh :  0.0195
     Vbias exp α /bohr⁻²:    0.78
Starting Meta-MD   7 with the settings:
     MD time /ps        :     5.0
     dt /fs             :     2.0
     dumpstep(trj) /fs  :     100
     dumpstep(Vbias)/ps :     1.0
     Vbias factor k /Eh :  0.0780
     Vbias exp α /bohr⁻²:    0.47
Starting Meta-MD   9 with the settings:
     MD time /ps        :     5.0
     dt /fs             :     2.0
     dumpstep(trj) /fs  :     100
     dumpstep(Vbias)/ps :     1.0
     Vbias factor k /Eh :  0.0195
     Vbias exp α /bohr⁻²:    0.47
Starting Meta-MD   8 with the settings:
     MD time /ps        :     5.0
     dt /fs             :     2.0
     dumpstep(trj) /fs  :     100
     dumpstep(Vbias)/ps :     1.0
     Vbias factor k /Eh :  0.0390
     Vbias exp α /bohr⁻²:    0.47
Starting Meta-MD  10 with the settings:
     MD time /ps        :     5.0
     dt /fs             :     2.0
     dumpstep(trj) /fs  :     100
     dumpstep(Vbias)/ps :     1.0
     Vbias factor k /Eh :  0.0780
     Vbias exp α /bohr⁻²:    0.28
Starting Meta-MD  11 with the settings:
     MD time /ps        :     5.0
     dt /fs             :     2.0
     dumpstep(trj) /fs  :     100
     dumpstep(Vbias)/ps :     1.0
     Vbias factor k /Eh :  0.0390
     Vbias exp α /bohr⁻²:    0.28
Starting Meta-MD  12 with the settings:
     MD time /ps        :     5.0
     dt /fs             :     2.0
     dumpstep(trj) /fs  :     100
     dumpstep(Vbias)/ps :     1.0
     Vbias factor k /Eh :  0.0195
     Vbias exp α /bohr⁻²:    0.28
Starting Meta-MD  14 with the settings:
     MD time /ps        :     5.0
     dt /fs             :     2.0
     dumpstep(trj) /fs  :     100
     dumpstep(Vbias)/ps :     1.0
     Vbias factor k /Eh :  0.1300
     Vbias exp α /bohr⁻²:    0.80
Starting Meta-MD  13 with the settings:
     MD time /ps        :     5.0
     dt /fs             :     2.0
     dumpstep(trj) /fs  :     100
     dumpstep(Vbias)/ps :     1.0
     Vbias factor k /Eh :  0.0260
     Vbias exp α /bohr⁻²:    0.10
*Meta-MTD 4 finished*
*Meta-MTD 1 finished*
*Meta-MTD 6 finished*
*Meta-MTD 2 finished*
*Meta-MTD 8 finished*
*Meta-MTD 14 finished*
*Meta-MTD 3 finished*
*Meta-MTD 11 finished*
*Meta-MTD 5 finished*
*Meta-MTD 7 finished*
*Meta-MTD 12 finished*
*Meta-MTD 9 finished*
*Meta-MTD 10 finished*
*Meta-MTD 13 finished*

-----------------------
Multilevel Optimization
-----------------------

 -------------------------
 1. crude pre-optimization
 -------------------------
 Optimizing all 686 structures from file "crest_rotamers_0.xyz" ...
 1 2 3 4 5 6 7 8 9 10 11 12 13 14 15 16 17 18 19 20 21 22 23 24 25 26 27 28 29 30 31 32 33 34 35 36 37 38 39 40 41 42 43 44 45 46 47 48 49 50 51 52 53 54 55 56 57 58 59 60 61 62 63 64 65 66 67 68 69 70 71 72 73 74 75 76 77 78 79 80 81 82 83 84 85 86 87 88 89 90 91 92 93 94 95 96 97 98 99 100 101 102 103 104 105 106 107 108 109 110 111 112 113 114 115 116 117 118 119 120 121 122 123 124 125 126 127 128 129 130 131 132 133 134 135 136 137 138 139 140 141 142 143 144 145 146 147 148 149 150 151 152 153 154 155 156 157 158 159 160 161 162 163 164 165 166 167 168 169 170 171 172 173 174 175 176 177 178 179 180 181 182 183 184 185 186 187 188 189 190 191 192 193 194 195 196 197 198 199 200 201 202 203 204 205 206 207 208 209 210 211 212 213 214 215 216 217 218 219 220 221 222 223 224 225 226 227 228 229 230 231 232 233 234 235 236 237 238 239 240 241 242 243 244 245 246 247 248 249 250 251 252 253 254 255 256 257 258 259 260 261 262 263 264 265 266 267 268 269 270 271 272 273 274 275 276 277 278 279 280 281 282 283 284 285 286 287 288 289 290 291 292 293 294 295 296 297 298 299 300 301 302 303 304 305 306 307 308 309 310 311 312 313 314 315 316 317 318 319 320 321 322 323 324 325 326 327 328 329 330 331 332 333 334 335 336 337 338 339 340 341 342 343 344 345 346 347 348 349 350 351 352 353 354 355 356 357 358 359 360 361 362 363 364 365 366 367 368 369 370 371 372 373 374 375 376 377 378 379 380 381 382 383 384 385 386 387 388 389 390 391 392 393 394 395 396 397 398 399 400 401 402 403 404 405 406 407 408 409 410 411 412 413 414 415 416 417 418 419 420 421 422 423 424 425 426 427 428 429 430 431 432 433 434 435 436 437 438 439 440 441 442 443 444 445 446 447 448 449 450 451 452 453 454 455 456 457 458 459 460 461 462 463 464 465 466 467 468 469 470 471 472 473 474 475 476 477 478 479 480 481 482 483 484 485 486 487 488 489 490 491 492 493 494 495 496 497 498 499 500 501 502 503 504 505 506 507 508 509 510 511 512 513 514 515 516 517 518 519 520 521 522 523 524 525 526 527 528 529 530 531 532 533 534 535 536 537 538 539 540 541 542 543 544 545 546 547 548 549 550 551 552 553 554 555 556 557 558 559 560 561 562 563 564 565 566 567 568 569 570 571 572 573 574 575 576 577 578 579 580 581 582 583 584 585 586 587 588 589 590 591 592 593 594 595 596 597 598 599 600 601 602 603 604 605 606 607 608 609 610 611 612 613 614 615 616 617 618 619 620 621 622 623 624 625 626 627 628 629 630 631 632 633 634 635 636 637 638 639 640 641 642 643 644 645 646 647 648 649 650 651 652 653 654 655 656 657 658 659 660 661 662 663 664 665 666 667 668 669 670 671 672 673 674 675 676 677 678 679 680 681 682 683 684 685 686
 done.
 running RMSDs...
 done.
 E lowest :   -41.50324
 445 structures remain within    12.00 kcal/mol window

 -------------------------------------
 2. optimization with tight thresholds
 -------------------------------------
 Optimizing all 446 structures from file "crest_rotamers_1.xyz" ...
 1 2 3 4 5 6 7 8 9 10 11 12 13 14 15 16 17 18 19 20 21 22 23 24 25 26 27 28 29 30 31 32 33 34 35 36 37 38 39 40 41 42 43 44 45 46 47 48 49 50 51 52 53 54 55 56 57 58 59 60 61 62 63 64 65 66 67 68 69 70 71 72 73 74 75 76 77 78 79 80 81 82 83 84 85 86 87 88 89 90 91 92 93 94 95 96 97 98 99 100 101 102 103 104 105 106 107 108 109 110 111 112 113 114 115 116 117 118 119 120 121 122 123 124 125 126 127 128 129 130 131 132 133 134 135 136 137 138 139 140 141 142 143 144 145 146 147 148 149 150 151 152 153 154 155 156 157 158 159 160 161 162 163 164 165 166 167 168 169 170 171 172 173 174 175 176 177 178 179 180 181 182 183 184 185 186 187 188 189 190 191 192 193 194 195 196 197 198 199 200 201 202 203 204 205 206 207 208 209 210 211 212 213 214 215 216 217 218 219 220 221 222 223 224 225 226 227 228 229 230 231 232 233 234 235 236 237 238 239 240 241 242 243 244 245 246 247 248 249 250 251 252 253 254 255 256 257 258 259 260 261 262 263 264 265 266 267 268 269 270 271 272 273 274 275 276 277 278 279 280 281 282 283 284 285 286 287 288 289 290 291 292 293 294 295 296 297 298 299 300 301 302 303 304 305 306 307 308 309 310 311 312 313 314 315 316 317 318 319 320 321 322 323 324 325 326 327 328 329 330 331 332 333 334 335 336 337 338 339 340 341 342 343 344 345 346 347 348 349 350 351 352 353 354 355 356 357 358 359 360 361 362 363 364 365 366 367 368 369 370 371 372 373 374 375 376 377 378 379 380 381 382 383 384 385 386 387 388 389 390 391 392 393 394 395 396 397 398 399 400 401 402 403 404 405 406 407 408 409 410 411 412 413 414 415 416 417 418 419 420 421 422 423 424 425 426 427 428 429 430 431 432 433 434 435 436 437 438 439 440 441 442 443 444 445 446
 done.
 running RMSDs...
 done.
 E lowest :   -41.50554
 87 structures remain within     6.00 kcal/mol window


========================================
            MTD Iteration  2
========================================

     ========================================
     |         Meta-MD (MTD) Sampling       |
     ========================================

Starting Meta-MD   1 with the settings:
     MD time /ps        :     5.0
     dt /fs             :     2.0
     dumpstep(trj) /fs  :     100
     dumpstep(Vbias)/ps :     1.0
     Vbias factor k /Eh :  0.0780
     Vbias exp α /bohr⁻²:    1.30
Starting Meta-MD   2 with the settings:
     MD time /ps        :     5.0
     dt /fs             :     2.0
     dumpstep(trj) /fs  :     100
     dumpstep(Vbias)/ps :     1.0
     Vbias factor k /Eh :  0.0390
     Vbias exp α /bohr⁻²:    1.30
Starting Meta-MD   3 with the settings:
     MD time /ps        :     5.0
     dt /fs             :     2.0
     dumpstep(trj) /fs  :     100
     dumpstep(Vbias)/ps :     1.0
     Vbias factor k /Eh :  0.0195
     Vbias exp α /bohr⁻²:    1.30
Starting Meta-MD   4 with the settings:
     MD time /ps        :     5.0
     dt /fs             :     2.0
     dumpstep(trj) /fs  :     100
     dumpstep(Vbias)/ps :     1.0
     Vbias factor k /Eh :  0.0780
     Vbias exp α /bohr⁻²:    0.78
Starting Meta-MD   5 with the settings:
     MD time /ps        :     5.0
     dt /fs             :     2.0
     dumpstep(trj) /fs  :     100
     dumpstep(Vbias)/ps :     1.0
     Vbias factor k /Eh :  0.0390
     Vbias exp α /bohr⁻²:    0.78
Starting Meta-MD   6 with the settings:
     MD time /ps        :     5.0
     dt /fs             :     2.0
     dumpstep(trj) /fs  :     100
     dumpstep(Vbias)/ps :     1.0
     Vbias factor k /Eh :  0.0195
     Vbias exp α /bohr⁻²:    0.78
Starting Meta-MD   7 with the settings:
     MD time /ps        :     5.0
     dt /fs             :     2.0
     dumpstep(trj) /fs  :     100
     dumpstep(Vbias)/ps :     1.0
     Vbias factor k /Eh :  0.0780
     Vbias exp α /bohr⁻²:    0.47
Starting Meta-MD   8 with the settings:
     MD time /ps        :     5.0
     dt /fs             :     2.0
     dumpstep(trj) /fs  :     100
     dumpstep(Vbias)/ps :     1.0
     Vbias factor k /Eh :  0.0390
     Vbias exp α /bohr⁻²:    0.47
Starting Meta-MD   9 with the settings:
     MD time /ps        :     5.0
     dt /fs             :     2.0
     dumpstep(trj) /fs  :     100
     dumpstep(Vbias)/ps :     1.0
     Vbias factor k /Eh :  0.0195
     Vbias exp α /bohr⁻²:    0.47
Starting Meta-MD  10 with the settings:
     MD time /ps        :     5.0
     dt /fs             :     2.0
     dumpstep(trj) /fs  :     100
     dumpstep(Vbias)/ps :     1.0
     Vbias factor k /Eh :  0.0780
     Vbias exp α /bohr⁻²:    0.28
Starting Meta-MD  12 with the settings:
     MD time /ps        :     5.0
     dt /fs             :     2.0
     dumpstep(trj) /fs  :     100
     dumpstep(Vbias)/ps :     1.0
     Vbias factor k /Eh :  0.0195
     Vbias exp α /bohr⁻²:    0.28
Starting Meta-MD  11 with the settings:
     MD time /ps        :     5.0
     dt /fs             :     2.0
     dumpstep(trj) /fs  :     100
     dumpstep(Vbias)/ps :     1.0
     Vbias factor k /Eh :  0.0390
     Vbias exp α /bohr⁻²:    0.28
*Meta-MTD 4 finished*
*Meta-MTD 9 finished*
*Meta-MTD 7 finished*
*Meta-MTD 12 finished*
*Meta-MTD 2 finished*
*Meta-MTD 3 finished*
*Meta-MTD 8 finished*
*Meta-MTD 10 finished*
*Meta-MTD 11 finished*
*Meta-MTD 6 finished*
*Meta-MTD 5 finished*
*Meta-MTD 1 finished*

-----------------------
Multilevel Optimization
-----------------------

 -------------------------
 1. crude pre-optimization
 -------------------------
 Optimizing all 588 structures from file "crest_rotamers_0.xyz" ...
 1 2 3 4 5 6 7 8 9 10 11 12 13 14 15 16 17 18 19 20 21 22 23 24 25 26 27 28 29 30 31 32 33 34 35 36 37 38 39 40 41 42 43 44 45 46 47 48 49 50 51 52 53 54 55 56 57 58 59 60 61 62 63 64 65 66 67 68 69 70 71 72 73 74 75 76 77 78 79 80 81 82 83 84 85 86 87 88 89 90 91 92 93 94 95 96 97 98 99 100 101 102 103 104 105 106 107 108 109 110 111 112 113 114 115 116 117 118 119 120 121 122 123 124 125 126 127 128 129 130 131 132 133 134 135 136 137 138 139 140 141 142 143 144 145 146 147 148 149 150 151 152 153 154 155 156 157 158 159 160 161 162 163 164 165 166 167 168 169 170 171 172 173 174 175 176 177 178 179 180 181 182 183 184 185 186 187 188 189 190 191 192 193 194 195 196 197 198 199 200 201 202 203 204 205 206 207 208 209 210 211 212 213 214 215 216 217 218 219 220 221 222 223 224 225 226 227 228 229 230 231 232 233 234 235 236 237 238 239 240 241 242 243 244 245 246 247 248 249 250 251 252 253 254 255 256 257 258 259 260 261 262 263 264 265 266 267 268 269 270 271 272 273 274 275 276 277 278 279 280 281 282 283 284 285 286 287 288 289 290 291 292 293 294 295 296 297 298 299 300 301 302 303 304 305 306 307 308 309 310 311 312 313 314 315 316 317 318 319 320 321 322 323 324 325 326 327 328 329 330 331 332 333 334 335 336 337 338 339 340 341 342 343 344 345 346 347 348 349 350 351 352 353 354 355 356 357 358 359 360 361 362 363 364 365 366 367 368 369 370 371 372 373 374 375 376 377 378 379 380 381 382 383 384 385 386 387 388 389 390 391 392 393 394 395 396 397 398 399 400 401 402 403 404 405 406 407 408 409 410 411 412 413 414 415 416 417 418 419 420 421 422 423 424 425 426 427 428 429 430 431 432 433 434 435 436 437 438 439 440 441 442 443 444 445 446 447 448 449 450 451 452 453 454 455 456 457 458 459 460 461 462 463 464 465 466 467 468 469 470 471 472 473 474 475 476 477 478 479 480 481 482 483 484 485 486 487 488 489 490 491 492 493 494 495 496 497 498 499 500 501 502 503 504 505 506 507 508 509 510 511 512 513 514 515 516 517 518 519 520 521 522 523 524 525 526 527 528 529 530 531 532 533 534 535 536 537 538 539 540 541 542 543 544 545 546 547 548 549 550 551 552 553 554 555 556 557 558 559 560 561 562 563 564 565 566 567 568 569 570 571 572 573 574 575 576 577 578 579 580 581 582 583 584 585 586 587 588
 done.
 running RMSDs...
 done.
 E lowest :   -41.50504
 400 structures remain within    12.00 kcal/mol window

 -------------------------------------
 2. optimization with tight thresholds
 -------------------------------------
 Optimizing all 401 structures from file "crest_rotamers_1.xyz" ...
 1 2 3 4 5 6 7 8 9 10 11 12 13 14 15 16 17 18 19 20 21 22 23 24 25 26 27 28 29 30 31 32 33 34 35 36 37 38 39 40 41 42 43 44 45 46 47 48 49 50 51 52 53 54 55 56 57 58 59 60 61 62 63 64 65 66 67 68 69 70 71 72 73 74 75 76 77 78 79 80 81 82 83 84 85 86 87 88 89 90 91 92 93 94 95 96 97 98 99 100 101 102 103 104 105 106 107 108 109 110 111 112 113 114 115 116 117 118 119 120 121 122 123 124 125 126 127 128 129 130 131 132 133 134 135 136 137 138 139 140 141 142 143 144 145 146 147 148 149 150 151 152 153 154 155 156 157 158 159 160 161 162 163 164 165 166 167 168 169 170 171 172 173 174 175 176 177 178 179 180 181 182 183 184 185 186 187 188 189 190 191 192 193 194 195 196 197 198 199 200 201 202 203 204 205 206 207 208 209 210 211 212 213 214 215 216 217 218 219 220 221 222 223 224 225 226 227 228 229 230 231 232 233 234 235 236 237 238 239 240 241 242 243 244 245 246 247 248 249 250 251 252 253 254 255 256 257 258 259 260 261 262 263 264 265 266 267 268 269 270 271 272 273 274 275 276 277 278 279 280 281 282 283 284 285 286 287 288 289 290 291 292 293 294 295 296 297 298 299 300 301 302 303 304 305 306 307 308 309 310 311 312 313 314 315 316 317 318 319 320 321 322 323 324 325 326 327 328 329 330 331 332 333 334 335 336 337 338 339 340 341 342 343 344 345 346 347 348 349 350 351 352 353 354 355 356 357 358 359 360 361 362 363 364 365 366 367 368 369 370 371 372 373 374 375 376 377 378 379 380 381 382 383 384 385 386 387 388 389 390 391 392 393 394 395 396 397 398 399 400 401
 done.
 running RMSDs...
 done.
 E lowest :   -41.50729
 108 structures remain within     6.00 kcal/mol window

 ...............................................
 A new lower conformer was found!
 Improved by    0.00176 Eh or    1.10208kcal/mol
 ...............................................

========================================
            MTD Iteration  3
========================================

     ========================================
     |         Meta-MD (MTD) Sampling       |
     ========================================

Starting Meta-MD   1 with the settings:
     MD time /ps        :     5.0
     dt /fs             :     2.0
     dumpstep(trj) /fs  :     100
     dumpstep(Vbias)/ps :     1.0
     Vbias factor k /Eh :  0.0780
     Vbias exp α /bohr⁻²:    1.30
Starting Meta-MD   2 with the settings:
     MD time /ps        :     5.0
     dt /fs             :     2.0
     dumpstep(trj) /fs  :     100
     dumpstep(Vbias)/ps :     1.0
     Vbias factor k /Eh :  0.0390
     Vbias exp α /bohr⁻²:    1.30
Starting Meta-MD   3 with the settings:
     MD time /ps        :     5.0
     dt /fs             :     2.0
     dumpstep(trj) /fs  :     100
     dumpstep(Vbias)/ps :     1.0
     Vbias factor k /Eh :  0.0195
     Vbias exp α /bohr⁻²:    1.30
Starting Meta-MD   4 with the settings:
     MD time /ps        :     5.0
     dt /fs             :     2.0
     dumpstep(trj) /fs  :     100
     dumpstep(Vbias)/ps :     1.0
     Vbias factor k /Eh :  0.0780
     Vbias exp α /bohr⁻²:    0.78
Starting Meta-MD   5 with the settings:
     MD time /ps        :     5.0
     dt /fs             :     2.0
     dumpstep(trj) /fs  :     100
     dumpstep(Vbias)/ps :     1.0
     Vbias factor k /Eh :  0.0390
     Vbias exp α /bohr⁻²:    0.78
Starting Meta-MD   6 with the settings:
     MD time /ps        :     5.0
     dt /fs             :     2.0
     dumpstep(trj) /fs  :     100
     dumpstep(Vbias)/ps :     1.0
     Vbias factor k /Eh :  0.0195
     Vbias exp α /bohr⁻²:    0.78
Starting Meta-MD   7 with the settings:
     MD time /ps        :     5.0
     dt /fs             :     2.0
     dumpstep(trj) /fs  :     100
     dumpstep(Vbias)/ps :     1.0
     Vbias factor k /Eh :  0.0780
     Vbias exp α /bohr⁻²:    0.47
Starting Meta-MD   8 with the settings:
     MD time /ps        :     5.0
     dt /fs             :     2.0
     dumpstep(trj) /fs  :     100
     dumpstep(Vbias)/ps :     1.0
     Vbias factor k /Eh :  0.0390
     Vbias exp α /bohr⁻²:    0.47
Starting Meta-MD  10 with the settings:
     MD time /ps        :     5.0
     dt /fs             :     2.0
     dumpstep(trj) /fs  :     100
     dumpstep(Vbias)/ps :     1.0
     Vbias factor k /Eh :  0.0780
     Vbias exp α /bohr⁻²:    0.28
Starting Meta-MD   9 with the settings:
     MD time /ps        :     5.0
     dt /fs             :     2.0
     dumpstep(trj) /fs  :     100
     dumpstep(Vbias)/ps :     1.0
     Vbias factor k /Eh :  0.0195
     Vbias exp α /bohr⁻²:    0.47
Starting Meta-MD  11 with the settings:
     MD time /ps        :     5.0
     dt /fs             :     2.0
     dumpstep(trj) /fs  :     100
     dumpstep(Vbias)/ps :     1.0
     Vbias factor k /Eh :  0.0390
     Vbias exp α /bohr⁻²:    0.28
Starting Meta-MD  12 with the settings:
     MD time /ps        :     5.0
     dt /fs             :     2.0
     dumpstep(trj) /fs  :     100
     dumpstep(Vbias)/ps :     1.0
     Vbias factor k /Eh :  0.0195
     Vbias exp α /bohr⁻²:    0.28
*Meta-MTD 4 finished*
*Meta-MTD 12 finished*
*Meta-MTD 11 finished*
*Meta-MTD 9 finished*
*Meta-MTD 8 finished*
*Meta-MTD 6 finished*
*Meta-MTD 2 finished*
*Meta-MTD 5 finished*
*Meta-MTD 1 finished*
*Meta-MTD 3 finished*
*Meta-MTD 7 finished*
*Meta-MTD 10 finished*

-----------------------
Multilevel Optimization
-----------------------

 -------------------------
 1. crude pre-optimization
 -------------------------
 Optimizing all 588 structures from file "crest_rotamers_0.xyz" ...
 1 2 3 4 5 6 7 8 9 10 11 12 13 14 15 16 17 18 19 20 21 22 23 24 25 26 27 28 29 30 31 32 33 34 35 36 37 38 39 40 41 42 43 44 45 46 47 48 49 50 51 52 53 54 55 56 57 58 59 60 61 62 63 64 65 66 67 68 69 70 71 72 73 74 75 76 77 78 79 80 81 82 83 84 85 86 87 88 89 90 91 92 93 94 95 96 97 98 99 100 101 102 103 104 105 106 107 108 109 110 111 112 113 114 115 116 117 118 119 120 121 122 123 124 125 126 127 128 129 130 131 132 133 134 135 136 137 138 139 140 141 142 143 144 145 146 147 148 149 150 151 152 153 154 155 156 157 158 159 160 161 162 163 164 165 166 167 168 169 170 171 172 173 174 175 176 177 178 179 180 181 182 183 184 185 186 187 188 189 190 191 192 193 194 195 196 197 198 199 200 201 202 203 204 205 206 207 208 209 210 211 212 213 214 215 216 217 218 219 220 221 222 223 224 225 226 227 228 229 230 231 232 233 234 235 236 237 238 239 240 241 242 243 244 245 246 247 248 249 250 251 252 253 254 255 256 257 258 259 260 261 262 263 264 265 266 267 268 269 270 271 272 273 274 275 276 277 278 279 280 281 282 283 284 285 286 287 288 289 290 291 292 293 294 295 296 297 298 299 300 301 302 303 304 305 306 307 308 309 310 311 312 313 314 315 316 317 318 319 320 321 322 323 324 325 326 327 328 329 330 331 332 333 334 335 336 337 338 339 340 341 342 343 344 345 346 347 348 349 350 351 352 353 354 355 356 357 358 359 360 361 362 363 364 365 366 367 368 369 370 371 372 373 374 375 376 377 378 379 380 381 382 383 384 385 386 387 388 389 390 391 392 393 394 395 396 397 398 399 400 401 402 403 404 405 406 407 408 409 410 411 412 413 414 415 416 417 418 419 420 421 422 423 424 425 426 427 428 429 430 431 432 433 434 435 436 437 438 439 440 441 442 443 444 445 446 447 448 449 450 451 452 453 454 455 456 457 458 459 460 461 462 463 464 465 466 467 468 469 470 471 472 473 474 475 476 477 478 479 480 481 482 483 484 485 486 487 488 489 490 491 492 493 494 495 496 497 498 499 500 501 502 503 504 505 506 507 508 509 510 511 512 513 514 515 516 517 518 519 520 521 522 523 524 525 526 527 528 529 530 531 532 533 534 535 536 537 538 539 540 541 542 543 544 545 546 547 548 549 550 551 552 553 554 555 556 557 558 559 560 561 562 563 564 565 566 567 568 569 570 571 572 573 574 575 576 577 578 579 580 581 582 583 584 585 586 587 588
 done.
 running RMSDs...
 done.
 E lowest :   -41.50755
 380 structures remain within    12.00 kcal/mol window

 -------------------------------------
 2. optimization with tight thresholds
 -------------------------------------
 Optimizing all 381 structures from file "crest_rotamers_1.xyz" ...
 1 2 3 4 5 6 7 8 9 10 11 12 13 14 15 16 17 18 19 20 21 22 23 24 25 26 27 28 29 30 31 32 33 34 35 36 37 38 39 40 41 42 43 44 45 46 47 48 49 50 51 52 53 54 55 56 57 58 59 60 61 62 63 64 65 66 67 68 69 70 71 72 73 74 75 76 77 78 79 80 81 82 83 84 85 86 87 88 89 90 91 92 93 94 95 96 97 98 99 100 101 102 103 104 105 106 107 108 109 110 111 112 113 114 115 116 117 118 119 120 121 122 123 124 125 126 127 128 129 130 131 132 133 134 135 136 137 138 139 140 141 142 143 144 145 146 147 148 149 150 151 152 153 154 155 156 157 158 159 160 161 162 163 164 165 166 167 168 169 170 171 172 173 174 175 176 177 178 179 180 181 182 183 184 185 186 187 188 189 190 191 192 193 194 195 196 197 198 199 200 201 202 203 204 205 206 207 208 209 210 211 212 213 214 215 216 217 218 219 220 221 222 223 224 225 226 227 228 229 230 231 232 233 234 235 236 237 238 239 240 241 242 243 244 245 246 247 248 249 250 251 252 253 254 255 256 257 258 259 260 261 262 263 264 265 266 267 268 269 270 271 272 273 274 275 276 277 278 279 280 281 282 283 284 285 286 287 288 289 290 291 292 293 294 295 296 297 298 299 300 301 302 303 304 305 306 307 308 309 310 311 312 313 314 315 316 317 318 319 320 321 322 323 324 325 326 327 328 329 330 331 332 333 334 335 336 337 338 339 340 341 342 343 344 345 346 347 348 349 350 351 352 353 354 355 356 357 358 359 360 361 362 363 364 365 366 367 368 369 370 371 372 373 374 375 376 377 378 379 380 381
 done.
 running RMSDs...
 done.
 E lowest :   -41.50734
 139 structures remain within     6.00 kcal/mol window

========================================
            MTD Iterations done         
========================================
 Collecting ensmbles.
 running RMSDs...
 done.
 E lowest :   -41.50734
 277 structures remain within     6.00 kcal/mol window

-----------------------------------------------
Additional regular MDs on lowest 4 conformer(s)
-----------------------------------------------
Starting MD   1 with the settings:
     MD time /ps        :     2.5
     MD Temperature /K  :   400.0
     dt /fs             :     2.0
     dumpstep(trj) /fs  :     100
Starting MD   2 with the settings:
     MD time /ps        :     2.5
     MD Temperature /K  :   500.0
     dt /fs             :     2.0
     dumpstep(trj) /fs  :     100
Starting MD   3 with the settings:
     MD time /ps        :     2.5
     MD Temperature /K  :   400.0
     dt /fs             :     2.0
     dumpstep(trj) /fs  :     100
Starting MD   4 with the settings:
     MD time /ps        :     2.5
     MD Temperature /K  :   500.0
     dt /fs             :     2.0
     dumpstep(trj) /fs  :     100
Starting MD   5 with the settings:
     MD time /ps        :     2.5
     MD Temperature /K  :   400.0
     dt /fs             :     2.0
     dumpstep(trj) /fs  :     100
Starting MD   6 with the settings:
     MD time /ps        :     2.5
     MD Temperature /K  :   500.0
     dt /fs             :     2.0
     dumpstep(trj) /fs  :     100
Starting MD   7 with the settings:
     MD time /ps        :     2.5
     MD Temperature /K  :   400.0
     dt /fs             :     2.0
     dumpstep(trj) /fs  :     100
Starting MD   8 with the settings:
     MD time /ps        :     2.5
     MD Temperature /K  :   500.0
     dt /fs             :     2.0
     dumpstep(trj) /fs  :     100
*MD 5 finished*
*MD 3 finished*
*MD 7 finished*
*MD 2 finished*
*MD 1 finished*
*MD 6 finished*
*MD 4 finished*
*MD 8 finished*
 Appending file crest_rotamers_1.xyz with new structures

 -------------------------------------------
 Ensemble optimization with tight thresholds
 -------------------------------------------
 Optimizing all 469 structures from file "crest_rotamers_1.xyz" ...
 1 2 3 4 5 6 7 8 9 10 11 12 13 14 15 16 17 18 19 20 21 22 23 24 25 26 27 28 29 30 31 32 33 34 35 36 37 38 39 40 41 42 43 44 45 46 47 48 49 50 51 52 53 54 55 56 57 58 59 60 61 62 63 64 65 66 67 68 69 70 71 72 73 74 75 76 77 78 79 80 81 82 83 84 85 86 87 88 89 90 91 92 93 94 95 96 97 98 99 100 101 102 103 104 105 106 107 108 109 110 111 112 113 114 115 116 117 118 119 120 121 122 123 124 125 126 127 128 129 130 131 132 133 134 135 136 137 138 139 140 141 142 143 144 145 146 147 148 149 150 151 152 153 154 155 156 157 158 159 160 161 162 163 164 165 166 167 168 169 170 171 172 173 174 175 176 177 178 179 180 181 182 183 184 185 186 187 188 189 190 191 192 193 194 195 196 197 198 199 200 201 202 203 204 205 206 207 208 209 210 211 212 213 214 215 216 217 218 219 220 221 222 223 224 225 226 227 228 229 230 231 232 233 234 235 236 237 238 239 240 241 242 243 244 245 246 247 248 249 250 251 252 253 254 255 256 257 258 259 260 261 262 263 264 265 266 267 268 269 270 271 272 273 274 275 276 277 278 279 280 281 282 283 284 285 286 287 288 289 290 291 292 293 294 295 296 297 298 299 300 301 302 303 304 305 306 307 308 309 310 311 312 313 314 315 316 317 318 319 320 321 322 323 324 325 326 327 328 329 330 331 332 333 334 335 336 337 338 339 340 341 342 343 344 345 346 347 348 349 350 351 352 353 354 355 356 357 358 359 360 361 362 363 364 365 366 367 368 369 370 371 372 373 374 375 376 377 378 379 380 381 382 383 384 385 386 387 388 389 390 391 392 393 394 395 396 397 398 399 400 401 402 403 404 405 406 407 408 409 410 411 412 413 414 415 416 417 418 419 420 421 422 423 424 425 426 427 428 429 430 431 432 433 434 435 436 437 438 439 440 441 442 443 444 445 446 447 448 449 450 451 452 453 454 455 456 457 458 459 460 461 462 463 464 465 466 467 468 469
 done.
 running RMSDs...
 done.
 E lowest :   -41.50735
 310 structures remain within     6.00 kcal/mol window


     ========================================
     |        Structure Crossing (GC)       |
     ========================================
 =============================
  # threads =         128
 =============================
 input  file name : crest_rotamers_3.xyz
number of atoms                :    26
number of points on xyz files  :   310
conformer energy window  /kcal :    6.00
CN per atom difference cut-off :  0.3000
RMSD threshold                 :  0.2500
max. # of generated structures : 250
 reading xyz file ...
 # in E window                310
 generating pairs ...       48204
  18.1 % done
  72.6 % done
  84.8 % done
 generated pairs           :         713
 number of clash discarded :       47182
 average rmsd w.r.t input  : 1.42534
 sd of ensemble            : 1.08944
 number of new structures      :          75
 removed identical structures  :         425
 writing           75  TMPCONF* dirs ...
 --------------------------
 GC: loose pre-optimization
 --------------------------
 Starting optimization of generated structures
 75 jobs to do.
 1 2 3 4 5 6 7 8 9 10 11 12 13 14 15 16 17 18 19 20 21 22 23 24 25 26 27 28 29 30 31 32 33 34 35 36 37 38 39 40 41 42 43 44 45 46 47 48 49 50 51 52 53 54 55 56 57 58 59 60 61 62 63 64 65 66 67 68 69 70 71 72 73 74 75 
 done.
 Now appending opt.xyz file with new structures
 running RMSDs...
 done.
 E lowest :   -41.50730
 73 structures remain within    10.00 kcal/mol window
 --------------------------------------
 GC: optimization with tight thresholds
 --------------------------------------
 Optimizing all 73 structures from file "crest_rotamers_1.xyz" ...
 1 2 3 4 5 6 7 8 9 10 11 12 13 14 15 16 17 18 19 20 21 22 23 24 25 26 27 28 29 30 31 32 33 34 35 36 37 38 39 40 41 42 43 44 45 46 47 48 49 50 51 52 53 54 55 56 57 58 59 60 61 62 63 64 65 66 67 68 69 70 71 72 73
 done.
 running RMSDs...
 done.
 E lowest :   -41.50735


   ================================================
   |           Final Geometry Optimization        |
   ================================================
 ------------------------------------------------
 Ensemble optimization with very tight thresholds
 ------------------------------------------------
 Optimizing all 343 structures from file "crest_rotamers_4.xyz" ...
 1 2 3 4 5 6 7 8 9 10 11 12 13 14 15 16 17 18 19 20 21 22 23 24 25 26 27 28 29 30 31 32 33 34 35 36 37 38 39 40 41 42 43 44 45 46 47 48 49 50 51 52 53 54 55 56 57 58 59 60 61 62 63 64 65 66 67 68 69 70 71 72 73 74 75 76 77 78 79 80 81 82 83 84 85 86 87 88 89 90 91 92 93 94 95 96 97 98 99 100 101 102 103 104 105 106 107 108 109 110 111 112 113 114 115 116 117 118 119 120 121 122 123 124 125 126 127 128 129 130 131 132 133 134 135 136 137 138 139 140 141 142 143 144 145 146 147 148 149 150 151 152 153 154 155 156 157 158 159 160 161 162 163 164 165 166 167 168 169 170 171 172 173 174 175 176 177 178 179 180 181 182 183 184 185 186 187 188 189 190 191 192 193 194 195 196 197 198 199 200 201 202 203 204 205 206 207 208 209 210 211 212 213 214 215 216 217 218 219 220 221 222 223 224 225 226 227 228 229 230 231 232 233 234 235 236 237 238 239 240 241 242 243 244 245 246 247 248 249 250 251 252 253 254 255 256 257 258 259 260 261 262 263 264 265 266 267 268 269 270 271 272 273 274 275 276 277 278 279 280 281 282 283 284 285 286 287 288 289 290 291 292 293 294 295 296 297 298 299 300 301 302 303 304 305 306 307 308 309 310 311 312 313 314 315 316 317 318 319 320 321 322 323 324 325 326 327 328 329 330 331 332 333 334 335 336 337 338 339 340 341 342 343
 done.
 running RMSDs...
 done.
 E lowest :   -41.50733
 259 structures remain within     6.00 kcal/mol window

 input  file name : crest_rotamers_5.xyz
 output file name : crest_rotamers_6.xyz
 number of atoms                :   26
 number of points on xyz files  :   343
 RMSD threshold                 :   0.1250
 Bconst threshold               :   0.0100
 population threshold           :   0.0500
 conformer energy window  /kcal :   6.0000
 # fragment in coord            :     2
 # bonds in reference structure :    26
   => # of C=C bonds :     4
 number of reliable points      :   343
 number of removed by energy    :     3
 number of remaining points     :   340
 reference state Etot :  -41.507328469999997
 number of doubles removed by rot/RMSD         :          81
 total number unique points considered further :         259
       Erel/kcal        Etot weight/tot  conformer     set   degen     origin
       1   0.000   -41.50733    0.07393    0.43372       1       6     gc
       2   0.002   -41.50733    0.07366                                mtd1
       3   0.017   -41.50730    0.07180                                mtd9
       4   0.018   -41.50730    0.07178                                md4
       5   0.019   -41.50730    0.07155                                mtd2
       6   0.024   -41.50729    0.07100                                mtd3
       7   0.807   -41.50604    0.01896    0.07477       2       4     md8
       8   0.827   -41.50601    0.01834                                md8
       9   0.808   -41.50604    0.01892                                md2
      10   0.820   -41.50602    0.01856                                md5
      11   0.823   -41.50602    0.01845    0.01845       3       1     md7
      12   1.000   -41.50573    0.01368    0.01368       4       1     md2
      13   1.019   -41.50570    0.01326    0.03928       5       3     md8
      14   1.022   -41.50570    0.01320                                md8
      15   1.039   -41.50567    0.01282                                md8
      16   1.114   -41.50555    0.01130    0.01130       6       1     mtd5
      17   1.138   -41.50551    0.01084    0.02145       7       2     mtd14
      18   1.151   -41.50549    0.01061                                mtd3
      19   1.162   -41.50548    0.01041    0.03141       8       3     mtd14
      20   1.150   -41.50550    0.01063                                mtd1
      21   1.165   -41.50547    0.01037                                mtd1
      22   1.202   -41.50541    0.00974    0.00974       9       1     mtd14
      23   1.206   -41.50541    0.00968    0.00968      10       1     mtd1
      24   1.233   -41.50536    0.00924    0.00924      11       1     mtd3
      25   1.257   -41.50533    0.00888    0.01739      12       2     gc
      26   1.282   -41.50529    0.00851                                gc
      27   1.287   -41.50528    0.00843    0.00843      13       1     mtd2
      28   1.313   -41.50524    0.00808    0.00808      14       1     mtd3
      29   1.343   -41.50519    0.00767    0.02269      15       3     mtd3
      30   1.344   -41.50519    0.00767                                mtd8
      31   1.369   -41.50515    0.00735                                mtd4
      32   1.349   -41.50518    0.00760    0.00760      16       1     md4
      33   1.380   -41.50513    0.00722    0.00722      17       1     mtd9
      34   1.398   -41.50510    0.00700    0.02048      18       3     mtd8
      35   1.411   -41.50508    0.00684                                mtd8
      36   1.430   -41.50505    0.00664                                mtd2
      37   1.446   -41.50502    0.00645    0.01255      19       2     mtd4
      38   1.480   -41.50497    0.00610                                mtd5
      39   1.474   -41.50498    0.00616    0.00616      20       1     mtd2
      40   1.485   -41.50496    0.00605    0.02393      21       4     mtd5
      41   1.485   -41.50496    0.00604                                gc
      42   1.494   -41.50495    0.00595                                mtd2
      43   1.500   -41.50494    0.00589                                mtd2
      44   1.505   -41.50493    0.00585    0.02830      22       5     md4
      45   1.534   -41.50488    0.00557                                md4
      46   1.515   -41.50491    0.00574                                md5
      47   1.546   -41.50487    0.00546                                mtd9
      48   1.521   -41.50490    0.00569                                mtd9
      49   1.530   -41.50489    0.00560    0.01662      23       3     md7
      50   1.549   -41.50486    0.00543                                mtd5
      51   1.531   -41.50489    0.00559                                mtd4
      52   1.566   -41.50483    0.00527    0.01039      24       2     md5
      53   1.584   -41.50480    0.00511                                mtd6
      54   1.577   -41.50482    0.00518    0.00518      25       1     mtd12
      55   1.630   -41.50473    0.00473    0.01360      26       3     md4
      56   1.665   -41.50468    0.00446                                mtd12
      57   1.672   -41.50466    0.00441                                mtd4
      58   1.665   -41.50468    0.00446    0.00446      27       1     mtd9
      59   1.697   -41.50462    0.00422    0.00422      28       1     mtd1
      60   1.819   -41.50443    0.00344    0.00344      29       1     mtd7
      61   1.928   -41.50426    0.00286    0.00832      30       3     mtd2
      62   1.944   -41.50423    0.00279                                mtd2
      63   1.969   -41.50419    0.00267                                mtd2
      64   1.981   -41.50417    0.00262    0.00262      31       1     mtd2
      65   2.004   -41.50414    0.00252    0.00252      32       1     mtd2
      66   2.012   -41.50412    0.00249    0.00249      33       1     mtd1
      67   2.055   -41.50405    0.00231    0.00687      34       3     mtd6
      68   2.061   -41.50404    0.00229                                mtd2
      69   2.065   -41.50404    0.00227                                mtd6
      70   2.123   -41.50394    0.00206    0.00206      35       1     mtd2
      71   2.185   -41.50385    0.00186    0.00534      36       3     mtd8
      72   2.210   -41.50381    0.00178                                mtd1
      73   2.236   -41.50377    0.00170                                mtd8
      74   2.221   -41.50379    0.00175    0.00707      37       4     gc
      75   2.194   -41.50383    0.00183                                md1
      76   2.202   -41.50382    0.00180                                mtd2
      77   2.239   -41.50376    0.00169                                mtd1
      78   2.278   -41.50370    0.00159    0.00328      38       2     mtd7
      79   2.238   -41.50376    0.00170                                mtd5
      80   2.232   -41.50377    0.00171    0.00996      39       6     gc
      81   2.236   -41.50377    0.00170                                mtd7
      82   2.280   -41.50369    0.00158                                mtd2
      83   2.244   -41.50375    0.00168                                mtd5
      84   2.255   -41.50373    0.00165                                mtd5
      85   2.260   -41.50373    0.00164                                mtd6
      86   2.261   -41.50372    0.00163    0.00163      40       1     mtd6
      87   2.282   -41.50369    0.00158    0.00790      41       5     mtd8
      88   2.264   -41.50372    0.00162                                md1
      89   2.284   -41.50369    0.00157                                mtd1
      90   2.285   -41.50369    0.00157                                mtd3
      91   2.289   -41.50368    0.00156                                mtd2
      92   2.310   -41.50365    0.00150    0.00150      42       1     mtd2
      93   2.331   -41.50361    0.00145    0.00145      43       1     mtd3
      94   2.391   -41.50352    0.00131    0.00261      44       2     mtd6
      95   2.399   -41.50351    0.00129                                mtd6
      96   2.415   -41.50348    0.00126    0.00126      45       1     mtd1
      97   2.443   -41.50344    0.00120    0.00120      46       1     mtd11
      98   2.456   -41.50341    0.00117    0.00117      47       1     gc
      99   2.478   -41.50338    0.00113    0.00113      48       1     mtd1
     100   2.485   -41.50337    0.00112    0.00220      49       2     mtd1
     101   2.508   -41.50333    0.00108                                mtd1
     102   2.507   -41.50333    0.00108    0.00215      50       2     gc
     103   2.513   -41.50332    0.00107                                mtd1
     104   2.535   -41.50329    0.00103    0.00103      51       1     mtd1
     105   2.569   -41.50324    0.00097    0.00097      52       1     gc
     106   2.572   -41.50323    0.00097    0.00193      53       2     mtd11
     107   2.575   -41.50322    0.00096                                gc
     108   2.601   -41.50318    0.00092    0.00184      54       2     mtd12
     109   2.602   -41.50318    0.00092                                mtd4
     110   2.602   -41.50318    0.00092    0.00092      55       1     mtd4
     111   2.618   -41.50316    0.00089    0.00089      56       1     mtd2
     112   2.652   -41.50310    0.00084    0.00084      57       1     mtd5
     113   2.665   -41.50308    0.00083    0.00240      58       3     md1
     114   2.682   -41.50305    0.00080                                gc
     115   2.709   -41.50301    0.00077                                gc
     116   2.720   -41.50299    0.00075    0.00075      59       1     mtd1
     117   2.733   -41.50297    0.00074    0.00289      60       4     mtd6
     118   2.744   -41.50296    0.00072                                mtd5
     119   2.747   -41.50295    0.00072                                mtd4
     120   2.753   -41.50294    0.00071                                md7
     121   2.760   -41.50293    0.00070    0.00070      61       1     md1
     122   2.780   -41.50290    0.00068    0.00133      62       2     md6
     123   2.805   -41.50286    0.00065                                md6
     124   2.794   -41.50288    0.00066    0.00066      63       1     gc
     125   2.861   -41.50277    0.00059    0.00059      64       1     mtd5
     126   2.900   -41.50271    0.00056    0.00109      65       2     mtd10
     127   2.919   -41.50268    0.00054                                mtd3
     128   2.939   -41.50265    0.00052    0.00107      66       2     mtd12
     129   2.903   -41.50270    0.00055                                mtd3
     130   2.950   -41.50263    0.00051    0.00051      67       1     mtd3
     131   2.963   -41.50261    0.00050    0.00050      68       1     mtd3
     132   2.977   -41.50258    0.00049    0.00095      69       2     mtd6
     133   3.007   -41.50254    0.00046                                mtd7
     134   2.995   -41.50256    0.00047    0.00093      70       2     mtd14
     135   3.015   -41.50252    0.00046                                mtd7
     136   3.017   -41.50252    0.00046    0.00046      71       1     mtd3
     137   3.047   -41.50247    0.00043    0.00043      72       1     mtd4
     138   3.245   -41.50216    0.00031    0.00031      73       1     mtd2
     139   3.260   -41.50213    0.00030    0.00059      74       2     mtd9
     140   3.299   -41.50207    0.00028                                mtd3
     141   3.266   -41.50212    0.00030    0.00030      75       1     mtd2
     142   3.339   -41.50201    0.00026    0.00026      76       1     mtd2
     143   3.359   -41.50198    0.00026    0.00026      77       1     mtd2
     144   3.411   -41.50189    0.00023    0.00023      78       1     mtd1
     145   3.437   -41.50185    0.00022    0.00022      79       1     gc
     146   3.492   -41.50176    0.00020    0.00020      80       1     mtd2
     147   3.535   -41.50169    0.00019    0.00037      81       2     gc
     148   3.575   -41.50163    0.00018                                mtd5
     149   3.569   -41.50164    0.00018    0.00018      82       1     mtd2
     150   3.576   -41.50163    0.00018    0.00018      83       1     mtd6
     151   3.625   -41.50155    0.00016    0.00016      84       1     mtd8
     152   3.683   -41.50146    0.00015    0.00029      85       2     mtd1
     153   3.729   -41.50139    0.00014                                mtd1
     154   3.714   -41.50141    0.00014    0.00014      86       1     md1
     155   3.739   -41.50137    0.00014    0.00014      87       1     mtd12
     156   3.781   -41.50130    0.00013    0.00025      88       2     mtd12
     157   3.809   -41.50126    0.00012                                mtd2
     158   3.819   -41.50124    0.00012    0.00024      89       2     mtd4
     159   3.808   -41.50126    0.00012                                mtd2
     160   3.825   -41.50123    0.00012    0.00012      90       1     mtd1
     161   3.831   -41.50122    0.00012    0.00012      91       1     mtd7
     162   3.834   -41.50122    0.00012    0.00012      92       1     mtd3
     163   3.841   -41.50121    0.00011    0.00023      93       2     mtd12
     164   3.810   -41.50126    0.00012                                mtd10
     165   3.853   -41.50119    0.00011    0.00022      94       2     mtd8
     166   3.867   -41.50117    0.00011                                mtd8
     167   3.882   -41.50114    0.00011    0.00011      95       1     gc
     168   3.905   -41.50111    0.00010    0.00010      96       1     gc
     169   3.910   -41.50110    0.00010    0.00010      97       1     gc
     170   3.970   -41.50100    0.00009    0.00009      98       1     md7
     171   3.998   -41.50096    0.00009    0.00009      99       1     mtd3
     172   4.018   -41.50093    0.00008    0.00025     100       3     mtd8
     173   4.044   -41.50088    0.00008                                mtd9
     174   4.051   -41.50087    0.00008                                gc
     175   4.054   -41.50087    0.00008    0.00008     101       1     mtd8
     176   4.019   -41.50092    0.00008    0.00008     102       1     mtd10
     177   4.024   -41.50092    0.00008    0.00016     103       2     mtd12
     178   4.060   -41.50086    0.00008                                md7
     179   4.099   -41.50080    0.00007    0.00007     104       1     mtd7
     180   4.121   -41.50076    0.00007    0.00007     105       1     mtd4
     181   4.166   -41.50069    0.00007    0.00007     106       1     mtd1
     182   4.213   -41.50061    0.00006    0.00018     107       3     mtd5
     183   4.252   -41.50055    0.00006                                mtd3
     184   4.224   -41.50060    0.00006                                gc
     185   4.228   -41.50059    0.00006    0.00006     108       1     md1
     186   4.264   -41.50053    0.00006    0.00006     109       1     mtd10
     187   4.270   -41.50052    0.00006    0.00011     110       2     mtd5
     188   4.312   -41.50046    0.00005                                gc
     189   4.336   -41.50042    0.00005    0.00005     111       1     gc
     190   4.352   -41.50039    0.00005    0.00009     112       2     gc
     191   4.378   -41.50035    0.00005                                mtd6
     192   4.369   -41.50037    0.00005    0.00014     113       3     mtd1
     193   4.382   -41.50035    0.00005                                mtd5
     194   4.394   -41.50033    0.00004                                mtd7
     195   4.410   -41.50030    0.00004    0.00004     114       1     mtd7
     196   4.437   -41.50026    0.00004    0.00004     115       1     mtd6
     197   4.521   -41.50012    0.00004    0.00004     116       1     mtd5
     198   4.533   -41.50010    0.00004    0.00004     117       1     gc
     199   4.547   -41.50008    0.00003    0.00007     118       2     mtd1
     200   4.555   -41.50007    0.00003                                mtd1
     201   4.561   -41.50006    0.00003    0.00003     119       1     mtd3
     202   4.611   -41.49998    0.00003    0.00009     120       3     mtd1
     203   4.628   -41.49995    0.00003                                mtd1
     204   4.631   -41.49995    0.00003                                mtd6
     205   4.645   -41.49993    0.00003    0.00006     121       2     mtd5
     206   4.661   -41.49990    0.00003                                mtd5
     207   4.659   -41.49990    0.00003    0.00003     122       1     mtd3
     208   4.693   -41.49985    0.00003    0.00005     123       2     mtd1
     209   4.711   -41.49982    0.00003                                mtd6
     210   4.710   -41.49982    0.00003    0.00005     124       2     mtd3
     211   4.742   -41.49977    0.00002                                mtd1
     212   4.747   -41.49976    0.00002    0.00002     125       1     mtd1
     213   4.758   -41.49975    0.00002    0.00005     126       2     mtd5
     214   4.803   -41.49967    0.00002                                mtd3
     215   4.761   -41.49974    0.00002    0.00002     127       1     mtd3
     216   4.959   -41.49943    0.00002    0.00002     128       1     mtd3
     217   4.968   -41.49941    0.00002    0.00005     129       3     mtd3
     218   4.973   -41.49940    0.00002                                mtd6
     219   4.997   -41.49937    0.00002                                mtd2
     220   4.976   -41.49940    0.00002    0.00002     130       1     gc
     221   5.035   -41.49930    0.00002    0.00005     131       3     mtd4
     222   5.044   -41.49929    0.00001                                mtd4
     223   5.044   -41.49929    0.00001                                mtd4
     224   5.046   -41.49929    0.00001    0.00001     132       1     mtd3
     225   5.059   -41.49927    0.00001    0.00001     133       1     mtd6
     226   5.097   -41.49921    0.00001    0.00001     134       1     mtd5
     227   5.210   -41.49903    0.00001    0.00001     135       1     gc
     228   5.235   -41.49899    0.00001    0.00001     136       1     mtd3
     229   5.289   -41.49890    0.00001    0.00005     137       5     mtd8
     230   5.293   -41.49889    0.00001                                mtd8
     231   5.302   -41.49888    0.00001                                mtd6
     232   5.303   -41.49888    0.00001                                mtd6
     233   5.303   -41.49888    0.00001                                mtd4
     234   5.314   -41.49886    0.00001    0.00001     138       1     gc
     235   5.345   -41.49881    0.00001    0.00001     139       1     gc
     236   5.371   -41.49877    0.00001    0.00002     140       2     mtd1
     237   5.384   -41.49875    0.00001                                mtd8
     238   5.376   -41.49876    0.00001    0.00001     141       1     mtd3
     239   5.422   -41.49869    0.00001    0.00004     142       5     mtd8
     240   5.426   -41.49868    0.00001                                mtd5
     241   5.444   -41.49865    0.00001                                mtd1
     242   5.459   -41.49863    0.00001                                mtd8
     243   5.467   -41.49862    0.00001                                mtd8
     244   5.477   -41.49860    0.00001    0.00001     143       1     gc
     245   5.617   -41.49838    0.00001    0.00001     144       1     mtd6
     246   5.628   -41.49836    0.00001    0.00001     145       1     mtd9
     247   5.698   -41.49825    0.00000    0.00000     146       1     mtd9
     248   5.737   -41.49819    0.00000    0.00000     147       1     gc
     249   5.785   -41.49811    0.00000    0.00000     148       1     mtd2
     250   5.812   -41.49807    0.00000    0.00000     149       1     mtd9
     251   5.819   -41.49806    0.00000    0.00000     150       1     mtd13
     252   5.843   -41.49802    0.00000    0.00000     151       1     mtd2
     253   5.851   -41.49800    0.00000    0.00001     152       2     mtd6
     254   5.893   -41.49794    0.00000                                mtd13
     255   5.905   -41.49792    0.00000    0.00001     153       2     mtd5
     256   5.942   -41.49786    0.00000                                mtd2
     257   5.918   -41.49790    0.00000    0.00001     154       2     mtd2
     258   5.946   -41.49785    0.00000                                mtd2
     259   5.972   -41.49781    0.00000    0.00000     155       1     mtd2
T /K                                  :   298.15
E lowest                              :   -41.50733
ensemble average energy (kcal)        :    0.828
ensemble entropy (J/mol K, cal/mol K) :   33.267    7.951
ensemble free energy (kcal/mol)       :   -2.371
population of lowest in %             :   43.372
 number of unique conformers for further calc          155
 list of relative energies saved as "crest.energies"

 -----------------
 Wall Time Summary
 -----------------
             test MD wall time :         0h : 0m : 0s
                 MTD wall time :         0h : 0m : 9s
      multilevel OPT wall time :         0h : 0m :24s
                  MD wall time :         0h : 0m : 5s
                  GC wall time :         0h : 0m : 1s
--------------------
Overall wall time  : 0h : 0m :44s

 CREST terminated normally.
