
       ==============================================
       |                                            |
       |                 C R E S T                  |
       |                                            |
       |  Conformer-Rotamer Ensemble Sampling Tool  |
       |          based on the GFN methods          |
       |             P.Pracht, S.Grimme             |
       |          Universitaet Bonn, MCTC           |
       ==============================================
       Version 2.12,   Thu 19. Mai 16:32:32 CEST 2022
  Using the xTB program. Compatible with xTB version 6.4.0

   Cite work conducted with this code as

   • P.Pracht, F.Bohle, S.Grimme, PCCP, 2020, 22, 7169-7192.
   • S.Grimme, JCTC, 2019, 15, 2847-2862.

   and for works involving QCG as

   • S.Spicher, C.Plett, P.Pracht, A.Hansen, S.Grimme,
     JCTC, 2022, 18 (5), 3174-3189.

   with help from:
   C.Bannwarth, F.Bohle, S.Ehlert, S.Grimme,
   C.Plett, P.Pracht, S.Spicher

   This program is distributed in the hope that it will be useful,
   but WITHOUT ANY WARRANTY; without even the implied warranty of
   MERCHANTABILITY or FITNESS FOR A PARTICULAR PURPOSE.

 Command line input:
 > crest xtbopt.xyz --gfn2//gfnff --chrg 0 --uhf 0 --nci --cbonds -T 128

  -gfn2//gfnff : energy reweighting
  --chrg 0
  --uhf 0
  --nci  : Special NCI mode for non-covalently bound complexes or clusters.
  -T 128 (CPUs/Threads selected)
  Automatically generated ellipsoide potential for NCI mode:
> $wall
>   potential=polynomial
>   ellipsoid: 39.766449026841407, 19.774139645122354, 19.622675190357050, all


 -------------------------
 xTB Geometry Optimization
 -------------------------
 Geometry successfully optimized.

------------------------------------------------
Generating MTD length from a flexibility measure
------------------------------------------------
 System flexiblity is set to 1.0 for NCI mode
 flexibility measure :   1.000
 t(MTD) / ps    :     5.0
 Σ(t(MTD)) / ps :    30.0 (6 MTDs)

-------------------------------------
Starting a trial MTD to test settings
-------------------------------------
 Estimated runtime for one MTD (5.0 ps) on a single thread: 7 min 33 sec
 Estimated runtime for a batch of 6 MTDs on 128 threads: 22 sec

 list of Vbias parameters applied:
$metadyn    0.00100   1.000
$metadyn    0.00050   1.000
$metadyn    0.00100   0.500
$metadyn    0.00050   0.500
$metadyn    0.00100   0.250
$metadyn    0.00050   0.250

*******************************************************************************************
**                        N E W    I T E R A T I O N    C Y C L E                        **
*******************************************************************************************

========================================
            MTD Iteration  1
========================================

     ========================================
     |         Meta-MD (MTD) Sampling       |
     ========================================

Starting Meta-MD   1 with the settings:
     MD time /ps        :     5.0
     dt /fs             :     2.0
     dumpstep(trj) /fs  :     100
     dumpstep(Vbias)/ps :     1.0
     Vbias factor k /Eh :  0.0160
     Vbias exp α /bohr⁻²:    1.00
Starting Meta-MD   2 with the settings:
     MD time /ps        :     5.0
     dt /fs             :     2.0
     dumpstep(trj) /fs  :     100
     dumpstep(Vbias)/ps :     1.0
     Vbias factor k /Eh :  0.0080
     Vbias exp α /bohr⁻²:    1.00
Starting Meta-MD   3 with the settings:
     MD time /ps        :     5.0
     dt /fs             :     2.0
     dumpstep(trj) /fs  :     100
     dumpstep(Vbias)/ps :     1.0
     Vbias factor k /Eh :  0.0160
     Vbias exp α /bohr⁻²:    0.50
Starting Meta-MD   4 with the settings:
     MD time /ps        :     5.0
     dt /fs             :     2.0
     dumpstep(trj) /fs  :     100
     dumpstep(Vbias)/ps :     1.0
     Vbias factor k /Eh :  0.0080
     Vbias exp α /bohr⁻²:    0.50
Starting Meta-MD   5 with the settings:
     MD time /ps        :     5.0
     dt /fs             :     2.0
     dumpstep(trj) /fs  :     100
     dumpstep(Vbias)/ps :     1.0
     Vbias factor k /Eh :  0.0160
     Vbias exp α /bohr⁻²:    0.25
Starting Meta-MD   6 with the settings:
     MD time /ps        :     5.0
     dt /fs             :     2.0
     dumpstep(trj) /fs  :     100
     dumpstep(Vbias)/ps :     1.0
     Vbias factor k /Eh :  0.0080
     Vbias exp α /bohr⁻²:    0.25
*Meta-MTD 4 finished*
*Meta-MTD 3 finished*
*Meta-MTD 1 finished*
*Meta-MTD 6 finished*
*Meta-MTD 2 finished*
*Meta-MTD 5 finished*

-----------------------
Multilevel Optimization
-----------------------

 -------------------------
 1. crude pre-optimization
 -------------------------
 Optimizing all 294 structures from file "crest_rotamers_0.xyz" ...
 1 2 3 4 5 6 7 8 9 10 11 12 13 14 15 16 17 18 19 20 21 22 23 24 25 26 27 28 29 30 31 32 33 34 35 36 37 38 39 40 41 42 43 44 45 46 47 48 49 50 51 52 53 54 55 56 57 58 59 60 61 62 63 64 65 66 67 68 69 70 71 72 73 74 75 76 77 78 79 80 81 82 83 84 85 86 87 88 89 90 91 92 93 94 95 96 97 98 99 100 101 102 103 104 105 106 107 108 109 110 111 112 113 114 115 116 117 118 119 120 121 122 123 124 125 126 127 128 129 130 131 132 133 134 135 136 137 138 139 140 141 142 143 144 145 146 147 148 149 150 151 152 153 154 155 156 157 158 159 160 161 162 163 164 165 166 167 168 169 170 171 172 173 174 175 176 177 178 179 180 181 182 183 184 185 186 187 188 189 190 191 192 193 194 195 196 197 198 199 200 201 202 203 204 205 206 207 208 209 210 211 212 213 214 215 216 217 218 219 220 221 222 223 224 225 226 227 228 229 230 231 232 233 234 235 236 237 238 239 240 241 242 243 244 245 246 247 248 249 250 251 252 253 254 255 256 257 258 259 260 261 262 263 264 265 266 267 268 269 270 271 272 273 274 275 276 277 278 279 280 281 282 283 284 285 286 287 288 289 290 291 292 293 294
 done.
 running RMSDs...
 done.
 E lowest :   -22.21800
 273 structures remain within    12.00 kcal/mol window

 -------------------------------------
 2. optimization with tight thresholds
 -------------------------------------
 Optimizing all 274 structures from file "crest_rotamers_1.xyz" ...
 1 2 3 4 5 6 7 8 9 10 11 12 13 14 15 16 17 18 19 20 21 22 23 24 25 26 27 28 29 30 31 32 33 34 35 36 37 38 39 40 41 42 43 44 45 46 47 48 49 50 51 52 53 54 55 56 57 58 59 60 61 62 63 64 65 66 67 68 69 70 71 72 73 74 75 76 77 78 79 80 81 82 83 84 85 86 87 88 89 90 91 92 93 94 95 96 97 98 99 100 101 102 103 104 105 106 107 108 109 110 111 112 113 114 115 116 117 118 119 120 121 122 123 124 125 126 127 128 129 130 131 132 133 134 135 136 137 138 139 140 141 142 143 144 145 146 147 148 149 150 151 152 153 154 155 156 157 158 159 160 161 162 163 164 165 166 167 168 169 170 171 172 173 174 175 176 177 178 179 180 181 182 183 184 185 186 187 188 189 190 191 192 193 194 195 196 197 198 199 200 201 202 203 204 205 206 207 208 209 210 211 212 213 214 215 216 217 218 219 220 221 222 223 224 225 226 227 228 229 230 231 232 233 234 235 236 237 238 239 240 241 242 243 244 245 246 247 248 249 250 251 252 253 254 255 256 257 258 259 260 261 262 263 264 265 266 267 268 269 270 271 272 273 274
 done.
 running RMSDs...
 done.
 E lowest :   -22.21815
 52 structures remain within     6.00 kcal/mol window


========================================
            MTD Iteration  2
========================================

     ========================================
     |         Meta-MD (MTD) Sampling       |
     ========================================

Starting Meta-MD   1 with the settings:
     MD time /ps        :     5.0
     dt /fs             :     2.0
     dumpstep(trj) /fs  :     100
     dumpstep(Vbias)/ps :     1.0
     Vbias factor k /Eh :  0.0160
     Vbias exp α /bohr⁻²:    1.00
Starting Meta-MD   2 with the settings:
     MD time /ps        :     5.0
     dt /fs             :     2.0
     dumpstep(trj) /fs  :     100
     dumpstep(Vbias)/ps :     1.0
     Vbias factor k /Eh :  0.0080
     Vbias exp α /bohr⁻²:    1.00
Starting Meta-MD   3 with the settings:
     MD time /ps        :     5.0
     dt /fs             :     2.0
     dumpstep(trj) /fs  :     100
     dumpstep(Vbias)/ps :     1.0
     Vbias factor k /Eh :  0.0160
     Vbias exp α /bohr⁻²:    0.50
Starting Meta-MD   4 with the settings:
     MD time /ps        :     5.0
     dt /fs             :     2.0
     dumpstep(trj) /fs  :     100
     dumpstep(Vbias)/ps :     1.0
     Vbias factor k /Eh :  0.0080
     Vbias exp α /bohr⁻²:    0.50
*Meta-MTD 3 finished*
*Meta-MTD 2 finished*
*Meta-MTD 1 finished*
*Meta-MTD 4 finished*

-----------------------
Multilevel Optimization
-----------------------

 -------------------------
 1. crude pre-optimization
 -------------------------
 Optimizing all 196 structures from file "crest_rotamers_0.xyz" ...
 1 2 3 4 5 6 7 8 9 10 11 12 13 14 15 16 17 18 19 20 21 22 23 24 25 26 27 28 29 30 31 32 33 34 35 36 37 38 39 40 41 42 43 44 45 46 47 48 49 50 51 52 53 54 55 56 57 58 59 60 61 62 63 64 65 66 67 68 69 70 71 72 73 74 75 76 77 78 79 80 81 82 83 84 85 86 87 88 89 90 91 92 93 94 95 96 97 98 99 100 101 102 103 104 105 106 107 108 109 110 111 112 113 114 115 116 117 118 119 120 121 122 123 124 125 126 127 128 129 130 131 132 133 134 135 136 137 138 139 140 141 142 143 144 145 146 147 148 149 150 151 152 153 154 155 156 157 158 159 160 161 162 163 164 165 166 167 168 169 170 171 172 173 174 175 176 177 178 179 180 181 182 183 184 185 186 187 188 189 190 191 192 193 194 195 196
 done.
 running RMSDs...
 done.
 E lowest :   -22.21797
 191 structures remain within    12.00 kcal/mol window

 -------------------------------------
 2. optimization with tight thresholds
 -------------------------------------
 Optimizing all 192 structures from file "crest_rotamers_1.xyz" ...
 1 2 3 4 5 6 7 8 9 10 11 12 13 14 15 16 17 18 19 20 21 22 23 24 25 26 27 28 29 30 31 32 33 34 35 36 37 38 39 40 41 42 43 44 45 46 47 48 49 50 51 52 53 54 55 56 57 58 59 60 61 62 63 64 65 66 67 68 69 70 71 72 73 74 75 76 77 78 79 80 81 82 83 84 85 86 87 88 89 90 91 92 93 94 95 96 97 98 99 100 101 102 103 104 105 106 107 108 109 110 111 112 113 114 115 116 117 118 119 120 121 122 123 124 125 126 127 128 129 130 131 132 133 134 135 136 137 138 139 140 141 142 143 144 145 146 147 148 149 150 151 152 153 154 155 156 157 158 159 160 161 162 163 164 165 166 167 168 169 170 171 172 173 174 175 176 177 178 179 180 181 182 183 184 185 186 187 188 189 190 191 192
 done.
 running RMSDs...
 done.
 E lowest :   -22.21818
 50 structures remain within     6.00 kcal/mol window

========================================
            MTD Iterations done         
========================================
 Collecting ensmbles.
 running RMSDs...
 done.
 E lowest :   -22.21818
 82 structures remain within     6.00 kcal/mol window



   ================================================
   |           Final Geometry Optimization        |
   ================================================
 ------------------------------------------------
 Ensemble optimization with very tight thresholds
 ------------------------------------------------
 Optimizing all 82 structures from file "crest_rotamers_1.xyz" ...
 1 2 3 4 5 6 7 8 9 10 11 12 13 14 15 16 17 18 19 20 21 22 23 24 25 26 27 28 29 30 31 32 33 34 35 36 37 38 39 40 41 42 43 44 45 46 47 48 49 50 51 52 53 54 55 56 57 58 59 60 61 62 63 64 65 66 67 68 69 70 71 72 73 74 75 76 77 78 79 80 81 82
 done.
 running RMSDs...
 done.
 E lowest :   -22.21800
 71 structures remain within     6.00 kcal/mol window

 input  file name : crest_rotamers_2.xyz
 output file name : crest_rotamers_3.xyz
 number of atoms                :   16
 number of points on xyz files  :   82
 RMSD threshold                 :   0.1250
 Bconst threshold               :   0.0100
 population threshold           :   0.0500
 conformer energy window  /kcal :   6.0000
 # fragment in coord            :     2
 # bonds in reference structure :    14
 number of reliable points      :    82
 number of removed by energy    :     1
 number of remaining points     :    81
 reference state Etot :  -22.217998690000002
 number of doubles removed by rot/RMSD         :          10
 total number unique points considered further :          71
       Erel/kcal        Etot weight/tot  conformer     set   degen     origin
       1   0.000   -22.21800    0.12232    0.36445       1       3     mtd1
       2   0.003   -22.21799    0.12180                                mtd2
       3   0.010   -22.21798    0.12034                                mtd2
       4   0.582   -22.21707    0.04584    0.13659       2       3     mtd3
       5   0.586   -22.21706    0.04551                                mtd5
       6   0.590   -22.21706    0.04524                                mtd4
       7   0.681   -22.21691    0.03881    0.07748       3       2     mtd2
       8   0.683   -22.21691    0.03866                                mtd2
       9   0.856   -22.21663    0.02889    0.05771       4       2     mtd1
      10   0.857   -22.21663    0.02882                                mtd1
      11   0.965   -22.21646    0.02404    0.07174       5       3     mtd2
      12   0.968   -22.21646    0.02390                                mtd2
      13   0.971   -22.21645    0.02381                                mtd2
      14   0.992   -22.21642    0.02295    0.02295       6       1     mtd6
      15   1.112   -22.21623    0.01877    0.12876       7       7     mtd6
      16   1.117   -22.21622    0.01859                                mtd3
      17   1.123   -22.21621    0.01842                                mtd1
      18   1.125   -22.21621    0.01835                                mtd1
      19   1.126   -22.21620    0.01831                                mtd4
      20   1.128   -22.21620    0.01825                                mtd4
      21   1.134   -22.21619    0.01808                                mtd4
      22   1.501   -22.21561    0.00973    0.03841       8       4     mtd5
      23   1.506   -22.21560    0.00965                                mtd2
      24   1.508   -22.21559    0.00961                                mtd4
      25   1.521   -22.21557    0.00941                                mtd2
      26   1.851   -22.21505    0.00540    0.01609       9       3     mtd6
      27   1.856   -22.21504    0.00535                                mtd6
      28   1.856   -22.21504    0.00534                                mtd4
      29   1.914   -22.21495    0.00485    0.02833      10       6     mtd2
      30   1.917   -22.21494    0.00483                                mtd4
      31   1.920   -22.21494    0.00480                                mtd1
      32   1.939   -22.21491    0.00465                                mtd1
      33   1.939   -22.21491    0.00465                                mtd3
      34   1.952   -22.21489    0.00455                                mtd3
      35   2.006   -22.21480    0.00415    0.01229      11       3     mtd2
      36   2.018   -22.21478    0.00407                                mtd2
      37   2.019   -22.21478    0.00407                                mtd2
      38   2.104   -22.21465    0.00352    0.02103      12       6     mtd4
      39   2.106   -22.21464    0.00351                                mtd5
      40   2.106   -22.21464    0.00351                                mtd4
      41   2.107   -22.21464    0.00350                                mtd4
      42   2.107   -22.21464    0.00350                                mtd5
      43   2.108   -22.21464    0.00349                                mtd3
      44   2.167   -22.21455    0.00317    0.01863      13       6     mtd4
      45   2.177   -22.21453    0.00311                                mtd6
      46   2.179   -22.21453    0.00310                                mtd4
      47   2.179   -22.21453    0.00310                                mtd4
      48   2.185   -22.21452    0.00307                                mtd4
      49   2.185   -22.21452    0.00307                                mtd1
      50   2.736   -22.21364    0.00121    0.00121      14       1     mtd2
      51   2.810   -22.21352    0.00107    0.00107      15       1     mtd4
      52   3.003   -22.21321    0.00077    0.00077      16       1     mtd3
      53   3.232   -22.21285    0.00053    0.00102      17       2     mtd3
      54   3.269   -22.21279    0.00049                                mtd3
      55   3.759   -22.21201    0.00022    0.00106      18       5     mtd2
      56   3.759   -22.21201    0.00022                                mtd2
      57   3.776   -22.21198    0.00021                                mtd2
      58   3.777   -22.21198    0.00021                                mtd2
      59   3.777   -22.21198    0.00021                                mtd2
      60   4.340   -22.21108    0.00008    0.00008      19       1     mtd3
      61   4.856   -22.21026    0.00003    0.00014      20       4     mtd3
      62   4.859   -22.21026    0.00003                                mtd1
      63   4.860   -22.21025    0.00003                                mtd2
      64   4.861   -22.21025    0.00003                                mtd2
      65   4.999   -22.21003    0.00003    0.00013      21       5     mtd6
      66   5.002   -22.21003    0.00003                                mtd6
      67   5.002   -22.21003    0.00003                                mtd3
      68   5.003   -22.21003    0.00003                                mtd6
      69   5.004   -22.21002    0.00003                                mtd6
      70   5.052   -22.20995    0.00002    0.00002      22       1     mtd4
      71   5.073   -22.20991    0.00002    0.00002      23       1     mtd3
T /K                                  :   298.15
E lowest                              :   -22.21800
ensemble average energy (kcal)        :    0.691
ensemble entropy (J/mol K, cal/mol K) :   27.153    6.490
ensemble free energy (kcal/mol)       :   -1.935
population of lowest in %             :   36.445
 number of unique conformers for further calc           23
 list of relative energies saved as "crest.energies"

 -----------------
 Wall Time Summary
 -----------------
             test MD wall time :         0h : 0m : 0s
                 MTD wall time :         0h : 0m : 4s
      multilevel OPT wall time :         0h : 0m : 8s
--------------------
Overall wall time  : 0h : 0m :13s

 CREST terminated normally.
