
       ==============================================
       |                                            |
       |                 C R E S T                  |
       |                                            |
       |  Conformer-Rotamer Ensemble Sampling Tool  |
       |          based on the GFN methods          |
       |             P.Pracht, S.Grimme             |
       |          Universitaet Bonn, MCTC           |
       ==============================================
       Version 2.12,   Thu 19. Mai 16:32:32 CEST 2022
  Using the xTB program. Compatible with xTB version 6.4.0

   Cite work conducted with this code as

   • P.Pracht, F.Bohle, S.Grimme, PCCP, 2020, 22, 7169-7192.
   • S.Grimme, JCTC, 2019, 15, 2847-2862.

   and for works involving QCG as

   • S.Spicher, C.Plett, P.Pracht, A.Hansen, S.Grimme,
     JCTC, 2022, 18 (5), 3174-3189.

   with help from:
   C.Bannwarth, F.Bohle, S.Ehlert, S.Grimme,
   C.Plett, P.Pracht, S.Spicher

   This program is distributed in the hope that it will be useful,
   but WITHOUT ANY WARRANTY; without even the implied warranty of
   MERCHANTABILITY or FITNESS FOR A PARTICULAR PURPOSE.

 Command line input:
 > crest init.xyz --gfn2//gfnff --chrg 0 --uhf 0 --cbonds -T 256 --noreftopo

  -gfn2//gfnff : energy reweighting
  --chrg 0
  --uhf 0
  -T 256 (CPUs/Threads selected)

 -------------------------
 xTB Geometry Optimization
 -------------------------
 Geometry successfully optimized.

------------------------------------------------
Generating MTD length from a flexibility measure
------------------------------------------------
 Calculating WBOs... done.
 Calculating NCI flexibility... done.
     covalent flexibility measure :   0.271
 non-covalent flexibility measure :   0.629
 flexibility measure :   0.300
 t(MTD) / ps    :     7.0
 Σ(t(MTD)) / ps :    98.0 (14 MTDs)

-------------------------------------
Starting a trial MTD to test settings
-------------------------------------
 Estimated runtime for one MTD (7.0 ps) on a single thread: 16 min 13 sec
 Estimated runtime for a batch of 14 MTDs on 256 threads: 54 sec

 list of Vbias parameters applied:
$metadyn    0.00300   1.300
$metadyn    0.00150   1.300
$metadyn    0.00075   1.300
$metadyn    0.00300   0.780
$metadyn    0.00150   0.780
$metadyn    0.00075   0.780
$metadyn    0.00300   0.468
$metadyn    0.00150   0.468
$metadyn    0.00075   0.468
$metadyn    0.00300   0.281
$metadyn    0.00150   0.281
$metadyn    0.00075   0.281
$metadyn    0.00100   0.100
$metadyn    0.00500   0.800

*******************************************************************************************
**                        N E W    I T E R A T I O N    C Y C L E                        **
*******************************************************************************************

========================================
            MTD Iteration  1
========================================

     ========================================
     |         Meta-MD (MTD) Sampling       |
     ========================================

Starting Meta-MD   3 with the settings:
     MD time /ps        :     7.0
     dt /fs             :     2.0
     dumpstep(trj) /fs  :     100
     dumpstep(Vbias)/ps :     1.0
     Vbias factor k /Eh :  0.0270
     Vbias exp α /bohr⁻²:    1.30
Starting Meta-MD   2 with the settings:
     MD time /ps        :     7.0
     dt /fs             :     2.0
     dumpstep(trj) /fs  :     100
     dumpstep(Vbias)/ps :     1.0
     Vbias factor k /Eh :  0.0540
     Vbias exp α /bohr⁻²:    1.30
Starting Meta-MD   1 with the settings:
     MD time /ps        :     7.0
     dt /fs             :     2.0
     dumpstep(trj) /fs  :     100
     dumpstep(Vbias)/ps :     1.0
     Vbias factor k /Eh :  0.1080
     Vbias exp α /bohr⁻²:    1.30
Starting Meta-MD   4 with the settings:
     MD time /ps        :     7.0
     dt /fs             :     2.0
     dumpstep(trj) /fs  :     100
     dumpstep(Vbias)/ps :     1.0
     Vbias factor k /Eh :  0.1080
     Vbias exp α /bohr⁻²:    0.78
Starting Meta-MD   5 with the settings:
     MD time /ps        :     7.0
     dt /fs             :     2.0
     dumpstep(trj) /fs  :     100
     dumpstep(Vbias)/ps :     1.0
     Vbias factor k /Eh :  0.0540
     Vbias exp α /bohr⁻²:    0.78
Starting Meta-MD   6 with the settings:
     MD time /ps        :     7.0
     dt /fs             :     2.0
     dumpstep(trj) /fs  :     100
     dumpstep(Vbias)/ps :     1.0
     Vbias factor k /Eh :  0.0270
     Vbias exp α /bohr⁻²:    0.78
Starting Meta-MD   9 with the settings:
     MD time /ps        :     7.0
     dt /fs             :     2.0
     dumpstep(trj) /fs  :     100
     dumpstep(Vbias)/ps :     1.0
     Vbias factor k /Eh :  0.0270
     Vbias exp α /bohr⁻²:    0.47
Starting Meta-MD   7 with the settings:
     MD time /ps        :     7.0
     dt /fs             :     2.0
     dumpstep(trj) /fs  :     100
     dumpstep(Vbias)/ps :     1.0
     Vbias factor k /Eh :  0.1080
     Vbias exp α /bohr⁻²:    0.47
Starting Meta-MD   8 with the settings:
     MD time /ps        :     7.0
     dt /fs             :     2.0
     dumpstep(trj) /fs  :     100
     dumpstep(Vbias)/ps :     1.0
     Vbias factor k /Eh :  0.0540
     Vbias exp α /bohr⁻²:    0.47
Starting Meta-MD  10 with the settings:
     MD time /ps        :     7.0
     dt /fs             :     2.0
     dumpstep(trj) /fs  :     100
     dumpstep(Vbias)/ps :     1.0
     Vbias factor k /Eh :  0.1080
     Vbias exp α /bohr⁻²:    0.28
Starting Meta-MD  11 with the settings:
     MD time /ps        :     7.0
     dt /fs             :     2.0
     dumpstep(trj) /fs  :     100
     dumpstep(Vbias)/ps :     1.0
     Vbias factor k /Eh :  0.0540
     Vbias exp α /bohr⁻²:    0.28
Starting Meta-MD  12 with the settings:
     MD time /ps        :     7.0
     dt /fs             :     2.0
     dumpstep(trj) /fs  :     100
     dumpstep(Vbias)/ps :     1.0
     Vbias factor k /Eh :  0.0270
     Vbias exp α /bohr⁻²:    0.28
Starting Meta-MD  14 with the settings:
     MD time /ps        :     7.0
     dt /fs             :     2.0
     dumpstep(trj) /fs  :     100
     dumpstep(Vbias)/ps :     1.0
     Vbias factor k /Eh :  0.1800
     Vbias exp α /bohr⁻²:    0.80
Starting Meta-MD  13 with the settings:
     MD time /ps        :     7.0
     dt /fs             :     2.0
     dumpstep(trj) /fs  :     100
     dumpstep(Vbias)/ps :     1.0
     Vbias factor k /Eh :  0.0360
     Vbias exp α /bohr⁻²:    0.10
*Meta-MTD 3 finished*
*Meta-MTD 8 finished*
*Meta-MTD 6 finished*
*Meta-MTD 11 finished*
*Meta-MTD 14 finished*
*Meta-MTD 1 finished*
*Meta-MTD 13 finished*
*Meta-MTD 2 finished*
*Meta-MTD 12 finished*
*Meta-MTD 9 finished*
*Meta-MTD 4 finished*
*Meta-MTD 5 finished*
*Meta-MTD 7 finished*
*Meta-MTD 10 finished*

-----------------------
Multilevel Optimization
-----------------------

 -------------------------
 1. crude pre-optimization
 -------------------------
 Optimizing all 966 structures from file "crest_rotamers_0.xyz" ...
 1 2 3 4 5 6 7 8 9 10 11 12 13 14 15 16 17 18 19 20 21 22 23 24 25 26 27 28 29 30 31 32 33 34 35 36 37 38 39 40 41 42 43 44 45 46 47 48 49 50 51 52 53 54 55 56 57 58 59 60 61 62 63 64 65 66 67 68 69 70 71 72 73 74 75 76 77 78 79 80 81 82 83 84 85 86 87 88 89 90 91 92 93 94 95 96 97 98 99 100 101 102 103 104 105 106 107 108 109 110 111 112 113 114 115 116 117 118 119 120 121 122 123 124 125 126 127 128 129 130 131 132 133 134 135 136 137 138 139 140 141 142 143 144 145 146 147 148 149 150 151 152 153 154 155 156 157 158 159 160 161 162 163 164 165 166 167 168 169 170 171 172 173 174 175 176 177 178 179 180 181 182 183 184 185 186 187 188 189 190 191 192 193 194 195 196 197 198 199 200 201 202 203 204 205 206 207 208 209 210 211 212 213 214 215 216 217 218 219 220 221 222 223 224 225 226 227 228 229 230 231 232 233 234 235 236 237 238 239 240 241 242 243 244 245 246 247 248 249 250 251 252 253 254 255 256 257 258 259 260 261 262 263 264 265 266 267 268 269 270 271 272 273 274 275 276 277 278 279 280 281 282 283 284 285 286 287 288 289 290 291 292 293 294 295 296 297 298 299 300 301 302 303 304 305 306 307 308 309 310 311 312 313 314 315 316 317 318 319 320 321 322 323 324 325 326 327 328 329 330 331 332 333 334 335 336 337 338 339 340 341 342 343 344 345 346 347 348 349 350 351 352 353 354 355 356 357 358 359 360 361 362 363 364 365 366 367 368 369 370 371 372 373 374 375 376 377 378 379 380 381 382 383 384 385 386 387 388 389 390 391 392 393 394 395 396 397 398 399 400 401 402 403 404 405 406 407 408 409 410 411 412 413 414 415 416 417 418 419 420 421 422 423 424 425 426 427 428 429 430 431 432 433 434 435 436 437 438 439 440 441 442 443 444 445 446 447 448 449 450 451 452 453 454 455 456 457 458 459 460 461 462 463 464 465 466 467 468 469 470 471 472 473 474 475 476 477 478 479 480 481 482 483 484 485 486 487 488 489 490 491 492 493 494 495 496 497 498 499 500 501 502 503 504 505 506 507 508 509 510 511 512 513 514 515 516 517 518 519 520 521 522 523 524 525 526 527 528 529 530 531 532 533 534 535 536 537 538 539 540 541 542 543 544 545 546 547 548 549 550 551 552 553 554 555 556 557 558 559 560 561 562 563 564 565 566 567 568 569 570 571 572 573 574 575 576 577 578 579 580 581 582 583 584 585 586 587 588 589 590 591 592 593 594 595 596 597 598 599 600 601 602 603 604 605 606 607 608 609 610 611 612 613 614 615 616 617 618 619 620 621 622 623 624 625 626 627 628 629 630 631 632 633 634 635 636 637 638 639 640 641 642 643 644 645 646 647 648 649 650 651 652 653 654 655 656 657 658 659 660 661 662 663 664 665 666 667 668 669 670 671 672 673 674 675 676 677 678 679 680 681 682 683 684 685 686 687 688 689 690 691 692 693 694 695 696 697 698 699 700 701 702 703 704 705 706 707 708 709 710 711 712 713 714 715 716 717 718 719 720 721 722 723 724 725 726 727 728 729 730 731 732 733 734 735 736 737 738 739 740 741 742 743 744 745 746 747 748 749 750 751 752 753 754 755 756 757 758 759 760 761 762 763 764 765 766 767 768 769 770 771 772 773 774 775 776 777 778 779 780 781 782 783 784 785 786 787 788 789 790 791 792 793 794 795 796 797 798 799 800 801 802 803 804 805 806 807 808 809 810 811 812 813 814 815 816 817 818 819 820 821 822 823 824 825 826 827 828 829 830 831 832 833 834 835 836 837 838 839 840 841 842 843 844 845 846 847 848 849 850 851 852 853 854 855 856 857 858 859 860 861 862 863 864 865 866 867 868 869 870 871 872 873 874 875 876 877 878 879 880 881 882 883 884 885 886 887 888 889 890 891 892 893 894 895 896 897 898 899 900 901 902 903 904 905 906 907 908 909 910 911 912 913 914 915 916 917 918 919 920 921 922 923 924 925 926 927 928 929 930 931 932 933 934 935 936 937 938 939 940 941 942 943 944 945 946 947 948 949 950 951 952 953 954 955 956 957 958 959 960 961 962 963 964 965 966
 done.
 running RMSDs...
 done.
 E lowest :   -55.05886
 60 structures remain within    12.00 kcal/mol window

 -------------------------------------
 2. optimization with tight thresholds
 -------------------------------------
 Optimizing all 61 structures from file "crest_rotamers_1.xyz" ...
 1 2 3 4 5 6 7 8 9 10 11 12 13 14 15 16 17 18 19 20 21 22 23 24 25 26 27 28 29 30 31 32 33 34 35 36 37 38 39 40 41 42 43 44 45 46 47 48 49 50 51 52 53 54 55 56 57 58 59 60 61
 done.
 running RMSDs...
 done.
 E lowest :   -55.05788
 28 structures remain within     6.00 kcal/mol window


========================================
            MTD Iteration  2
========================================

     ========================================
     |         Meta-MD (MTD) Sampling       |
     ========================================

Starting Meta-MD   1 with the settings:
     MD time /ps        :     7.0
     dt /fs             :     2.0
     dumpstep(trj) /fs  :     100
     dumpstep(Vbias)/ps :     1.0
     Vbias factor k /Eh :  0.1080
     Vbias exp α /bohr⁻²:    1.30
Starting Meta-MD   2 with the settings:
     MD time /ps        :     7.0
     dt /fs             :     2.0
     dumpstep(trj) /fs  :     100
     dumpstep(Vbias)/ps :     1.0
     Vbias factor k /Eh :  0.0540
     Vbias exp α /bohr⁻²:    1.30
Starting Meta-MD   3 with the settings:
     MD time /ps        :     7.0
     dt /fs             :     2.0
     dumpstep(trj) /fs  :     100
     dumpstep(Vbias)/ps :     1.0
     Vbias factor k /Eh :  0.0270
     Vbias exp α /bohr⁻²:    1.30
Starting Meta-MD   4 with the settings:
     MD time /ps        :     7.0
     dt /fs             :     2.0
     dumpstep(trj) /fs  :     100
     dumpstep(Vbias)/ps :     1.0
     Vbias factor k /Eh :  0.1080
     Vbias exp α /bohr⁻²:    0.78
Starting Meta-MD   5 with the settings:
     MD time /ps        :     7.0
     dt /fs             :     2.0
     dumpstep(trj) /fs  :     100
     dumpstep(Vbias)/ps :     1.0
     Vbias factor k /Eh :  0.0540
     Vbias exp α /bohr⁻²:    0.78
Starting Meta-MD   6 with the settings:
     MD time /ps        :     7.0
     dt /fs             :     2.0
     dumpstep(trj) /fs  :     100
     dumpstep(Vbias)/ps :     1.0
     Vbias factor k /Eh :  0.0270
     Vbias exp α /bohr⁻²:    0.78
Starting Meta-MD   7 with the settings:
     MD time /ps        :     7.0
     dt /fs             :     2.0
     dumpstep(trj) /fs  :     100
     dumpstep(Vbias)/ps :     1.0
     Vbias factor k /Eh :  0.1080
     Vbias exp α /bohr⁻²:    0.47
Starting Meta-MD   8 with the settings:
     MD time /ps        :     7.0
     dt /fs             :     2.0
     dumpstep(trj) /fs  :     100
     dumpstep(Vbias)/ps :     1.0
     Vbias factor k /Eh :  0.0540
     Vbias exp α /bohr⁻²:    0.47
Starting Meta-MD   9 with the settings:
     MD time /ps        :     7.0
     dt /fs             :     2.0
     dumpstep(trj) /fs  :     100
     dumpstep(Vbias)/ps :     1.0
     Vbias factor k /Eh :  0.0270
     Vbias exp α /bohr⁻²:    0.47
Starting Meta-MD  10 with the settings:
     MD time /ps        :     7.0
     dt /fs             :     2.0
     dumpstep(trj) /fs  :     100
     dumpstep(Vbias)/ps :     1.0
     Vbias factor k /Eh :  0.1080
     Vbias exp α /bohr⁻²:    0.28
Starting Meta-MD  11 with the settings:
     MD time /ps        :     7.0
     dt /fs             :     2.0
     dumpstep(trj) /fs  :     100
     dumpstep(Vbias)/ps :     1.0
     Vbias factor k /Eh :  0.0540
     Vbias exp α /bohr⁻²:    0.28
Starting Meta-MD  12 with the settings:
     MD time /ps        :     7.0
     dt /fs             :     2.0
     dumpstep(trj) /fs  :     100
     dumpstep(Vbias)/ps :     1.0
     Vbias factor k /Eh :  0.0270
     Vbias exp α /bohr⁻²:    0.28
*Meta-MTD 4 finished*
*Meta-MTD 12 finished*
*Meta-MTD 9 finished*
*Meta-MTD 2 finished*
*Meta-MTD 8 finished*
*Meta-MTD 5 finished*
*Meta-MTD 10 finished*
*Meta-MTD 6 finished*
*Meta-MTD 1 finished*
*Meta-MTD 11 finished*
*Meta-MTD 3 finished*
*Meta-MTD 7 finished*

-----------------------
Multilevel Optimization
-----------------------

 -------------------------
 1. crude pre-optimization
 -------------------------
 Optimizing all 828 structures from file "crest_rotamers_0.xyz" ...
 1 2 3 4 5 6 7 8 9 10 11 12 13 14 15 16 17 18 19 20 21 22 23 24 25 26 27 28 29 30 31 32 33 34 35 36 37 38 39 40 41 42 43 44 45 46 47 48 49 50 51 52 53 54 55 56 57 58 59 60 61 62 63 64 65 66 67 68 69 70 71 72 73 74 75 76 77 78 79 80 81 82 83 84 85 86 87 88 89 90 91 92 93 94 95 96 97 98 99 100 101 102 103 104 105 106 107 108 109 110 111 112 113 114 115 116 117 118 119 120 121 122 123 124 125 126 127 128 129 130 131 132 133 134 135 136 137 138 139 140 141 142 143 144 145 146 147 148 149 150 151 152 153 154 155 156 157 158 159 160 161 162 163 164 165 166 167 168 169 170 171 172 173 174 175 176 177 178 179 180 181 182 183 184 185 186 187 188 189 190 191 192 193 194 195 196 197 198 199 200 201 202 203 204 205 206 207 208 209 210 211 212 213 214 215 216 217 218 219 220 221 222 223 224 225 226 227 228 229 230 231 232 233 234 235 236 237 238 239 240 241 242 243 244 245 246 247 248 249 250 251 252 253 254 255 256 257 258 259 260 261 262 263 264 265 266 267 268 269 270 271 272 273 274 275 276 277 278 279 280 281 282 283 284 285 286 287 288 289 290 291 292 293 294 295 296 297 298 299 300 301 302 303 304 305 306 307 308 309 310 311 312 313 314 315 316 317 318 319 320 321 322 323 324 325 326 327 328 329 330 331 332 333 334 335 336 337 338 339 340 341 342 343 344 345 346 347 348 349 350 351 352 353 354 355 356 357 358 359 360 361 362 363 364 365 366 367 368 369 370 371 372 373 374 375 376 377 378 379 380 381 382 383 384 385 386 387 388 389 390 391 392 393 394 395 396 397 398 399 400 401 402 403 404 405 406 407 408 409 410 411 412 413 414 415 416 417 418 419 420 421 422 423 424 425 426 427 428 429 430 431 432 433 434 435 436 437 438 439 440 441 442 443 444 445 446 447 448 449 450 451 452 453 454 455 456 457 458 459 460 461 462 463 464 465 466 467 468 469 470 471 472 473 474 475 476 477 478 479 480 481 482 483 484 485 486 487 488 489 490 491 492 493 494 495 496 497 498 499 500 501 502 503 504 505 506 507 508 509 510 511 512 513 514 515 516 517 518 519 520 521 522 523 524 525 526 527 528 529 530 531 532 533 534 535 536 537 538 539 540 541 542 543 544 545 546 547 548 549 550 551 552 553 554 555 556 557 558 559 560 561 562 563 564 565 566 567 568 569 570 571 572 573 574 575 576 577 578 579 580 581 582 583 584 585 586 587 588 589 590 591 592 593 594 595 596 597 598 599 600 601 602 603 604 605 606 607 608 609 610 611 612 613 614 615 616 617 618 619 620 621 622 623 624 625 626 627 628 629 630 631 632 633 634 635 636 637 638 639 640 641 642 643 644 645 646 647 648 649 650 651 652 653 654 655 656 657 658 659 660 661 662 663 664 665 666 667 668 669 670 671 672 673 674 675 676 677 678 679 680 681 682 683 684 685 686 687 688 689 690 691 692 693 694 695 696 697 698 699 700 701 702 703 704 705 706 707 708 709 710 711 712 713 714 715 716 717 718 719 720 721 722 723 724 725 726 727 728 729 730 731 732 733 734 735 736 737 738 739 740 741 742 743 744 745 746 747 748 749 750 751 752 753 754 755 756 757 758 759 760 761 762 763 764 765 766 767 768 769 770 771 772 773 774 775 776 777 778 779 780 781 782 783 784 785 786 787 788 789 790 791 792 793 794 795 796 797 798 799 800 801 802 803 804 805 806 807 808 809 810 811 812 813 814 815 816 817 818 819 820 821 822 823 824 825 826 827 828
 done.
 running RMSDs...
 done.
 E lowest :   -55.05803
 69 structures remain within    12.00 kcal/mol window

 -------------------------------------
 2. optimization with tight thresholds
 -------------------------------------
 Optimizing all 70 structures from file "crest_rotamers_1.xyz" ...
 1 2 3 4 5 6 7 8 9 10 11 12 13 14 15 16 17 18 19 20 21 22 23 24 25 26 27 28 29 30 31 32 33 34 35 36 37 38 39 40 41 42 43 44 45 46 47 48 49 50 51 52 53 54 55 56 57 58 59 60 61 62 63 64 65 66 67 68 69 70
 done.
 running RMSDs...
 done.
 E lowest :   -55.05789
 33 structures remain within     6.00 kcal/mol window

========================================
            MTD Iterations done         
========================================
 Collecting ensmbles.
 running RMSDs...
 done.
 E lowest :   -55.05789
 59 structures remain within     6.00 kcal/mol window

-----------------------------------------------
Additional regular MDs on lowest 4 conformer(s)
-----------------------------------------------
Starting MD   1 with the settings:
     MD time /ps        :     3.5
     MD Temperature /K  :   400.0
     dt /fs             :     2.0
     dumpstep(trj) /fs  :     100
Starting MD   2 with the settings:
     MD time /ps        :     3.5
     MD Temperature /K  :   500.0
     dt /fs             :     2.0
     dumpstep(trj) /fs  :     100
Starting MD   3 with the settings:
     MD time /ps        :     3.5
     MD Temperature /K  :   400.0
     dt /fs             :     2.0
     dumpstep(trj) /fs  :     100
Starting MD   4 with the settings:
     MD time /ps        :     3.5
     MD Temperature /K  :   500.0
     dt /fs             :     2.0
     dumpstep(trj) /fs  :     100
Starting MD   5 with the settings:
     MD time /ps        :     3.5
     MD Temperature /K  :   400.0
     dt /fs             :     2.0
     dumpstep(trj) /fs  :     100
Starting MD   8 with the settings:
     MD time /ps        :     3.5
     MD Temperature /K  :   500.0
     dt /fs             :     2.0
     dumpstep(trj) /fs  :     100
Starting MD   6 with the settings:
     MD time /ps        :     3.5
     MD Temperature /K  :   500.0
     dt /fs             :     2.0
     dumpstep(trj) /fs  :     100
Starting MD   7 with the settings:
     MD time /ps        :     3.5
     MD Temperature /K  :   400.0
     dt /fs             :     2.0
     dumpstep(trj) /fs  :     100
*MD 8 finished*
*MD 2 finished*
*MD 4 finished*
*MD 7 finished*
*MD 1 finished*
*MD 6 finished*
*MD 3 finished*
*MD 5 finished*
 Appending file crest_rotamers_1.xyz with new structures

 -------------------------------------------
 Ensemble optimization with tight thresholds
 -------------------------------------------
 Optimizing all 331 structures from file "crest_rotamers_1.xyz" ...
 1 2 3 4 5 6 7 8 9 10 11 12 13 14 15 16 17 18 19 20 21 22 23 24 25 26 27 28 29 30 31 32 33 34 35 36 37 38 39 40 41 42 43 44 45 46 47 48 49 50 51 52 53 54 55 56 57 58 59 60 61 62 63 64 65 66 67 68 69 70 71 72 73 74 75 76 77 78 79 80 81 82 83 84 85 86 87 88 89 90 91 92 93 94 95 96 97 98 99 100 101 102 103 104 105 106 107 108 109 110 111 112 113 114 115 116 117 118 119 120 121 122 123 124 125 126 127 128 129 130 131 132 133 134 135 136 137 138 139 140 141 142 143 144 145 146 147 148 149 150 151 152 153 154 155 156 157 158 159 160 161 162 163 164 165 166 167 168 169 170 171 172 173 174 175 176 177 178 179 180 181 182 183 184 185 186 187 188 189 190 191 192 193 194 195 196 197 198 199 200 201 202 203 204 205 206 207 208 209 210 211 212 213 214 215 216 217 218 219 220 221 222 223 224 225 226 227 228 229 230 231 232 233 234 235 236 237 238 239 240 241 242 243 244 245 246 247 248 249 250 251 252 253 254 255 256 257 258 259 260 261 262 263 264 265 266 267 268 269 270 271 272 273 274 275 276 277 278 279 280 281 282 283 284 285 286 287 288 289 290 291 292 293 294 295 296 297 298 299 300 301 302 303 304 305 306 307 308 309 310 311 312 313 314 315 316 317 318 319 320 321 322 323 324 325 326 327 328 329 330 331
 done.
 running RMSDs...
 done.
 E lowest :   -55.05794
 89 structures remain within     6.00 kcal/mol window


     ========================================
     |        Structure Crossing (GC)       |
     ========================================
 =============================
  # threads =         256
 =============================
 input  file name : crest_rotamers_3.xyz
number of atoms                :    36
number of points on xyz files  :    89
conformer energy window  /kcal :    6.00
CN per atom difference cut-off :  0.3000
RMSD threshold                 :  0.2500
max. # of generated structures : 350
 reading xyz file ...
 # in E window                 89
 generating pairs ...        4004
 generated pairs           :        3061
 number of clash discarded :         855
 average rmsd w.r.t input  : 3.40153
 sd of ensemble            : 0.85209
 number of new structures      :         289
 removed identical structures  :         411
 writing          289  TMPCONF* dirs ...
 --------------------------
 GC: loose pre-optimization
 --------------------------
 Starting optimization of generated structures
 289 jobs to do.
 1 2 3 4 5 6 7 8 9 10 11 12 13 14 15 16 17 18 19 20 21 22 23 24 25 26 27 28 29 30 31 32 33 34 35 36 37 38 39 40 41 42 43 44 45 46 47 48 49 50 51 52 53 54 55 56 57 58 59 60 61 62 63 64 65 66 67 68 69 70 71 72 73 74 75 76 77 78 79 80 81 82 83 84 85 86 87 88 89 90 91 92 93 94 95 96 97 98 99 100 101 102 103 104 105 106 107 108 109 110 111 112 113 114 115 116 117 118 119 120 121 122 123 124 125 126 127 128 129 130 131 132 133 134 135 136 137 138 139 140 141 142 143 144 145 146 147 148 149 150 151 152 153 154 155 156 157 158 159 160 161 162 163 164 165 166 167 168 169 170 171 172 173 174 175 176 177 178 179 180 181 182 183 184 185 186 187 188 189 190 191 192 193 194 195 196 197 198 199 200 201 202 203 204 205 206 207 208 209 210 211 212 213 214 215 216 217 218 219 220 221 222 223 224 225 226 227 228 229 230 231 232 233 234 235 236 237 238 239 240 241 242 243 244 245 246 247 248 249 250 251 252 253 254 255 256 257 258 259 260 261 262 263 264 265 266 267 268 269 270 271 272 273 274 275 276 277 278 279 280 281 282 283 284 285 286 287 288 289 
 done.
 Now appending opt.xyz file with new structures
 running RMSDs...
 done.
 E lowest :   -55.05861
 286 structures remain within    10.00 kcal/mol window
 --------------------------------------
 GC: optimization with tight thresholds
 --------------------------------------
 Optimizing all 286 structures from file "crest_rotamers_1.xyz" ...
 1 2 3 4 5 6 7 8 9 10 11 12 13 14 15 16 17 18 19 20 21 22 23 24 25 26 27 28 29 30 31 32 33 34 35 36 37 38 39 40 41 42 43 44 45 46 47 48 49 50 51 52 53 54 55 56 57 58 59 60 61 62 63 64 65 66 67 68 69 70 71 72 73 74 75 76 77 78 79 80 81 82 83 84 85 86 87 88 89 90 91 92 93 94 95 96 97 98 99 100 101 102 103 104 105 106 107 108 109 110 111 112 113 114 115 116 117 118 119 120 121 122 123 124 125 126 127 128 129 130 131 132 133 134 135 136 137 138 139 140 141 142 143 144 145 146 147 148 149 150 151 152 153 154 155 156 157 158 159 160 161 162 163 164 165 166 167 168 169 170 171 172 173 174 175 176 177 178 179 180 181 182 183 184 185 186 187 188 189 190 191 192 193 194 195 196 197 198 199 200 201 202 203 204 205 206 207 208 209 210 211 212 213 214 215 216 217 218 219 220 221 222 223 224 225 226 227 228 229 230 231 232 233 234 235 236 237 238 239 240 241 242 243 244 245 246 247 248 249 250 251 252 253 254 255 256 257 258 259 260 261 262 263 264 265 266 267 268 269 270 271 272 273 274 275 276 277 278 279 280 281 282 283 284 285 286
 done.
 running RMSDs...
 done.
 E lowest :   -55.05794


   ================================================
   |           Final Geometry Optimization        |
   ================================================
 ------------------------------------------------
 Ensemble optimization with very tight thresholds
 ------------------------------------------------
 Optimizing all 266 structures from file "crest_rotamers_4.xyz" ...
 1 2 3 4 5 6 7 8 9 10 11 12 13 14 15 16 17 18 19 20 21 22 23 24 25 26 27 28 29 30 31 32 33 34 35 36 37 38 39 40 41 42 43 44 45 46 47 48 49 50 51 52 53 54 55 56 57 58 59 60 61 62 63 64 65 66 67 68 69 70 71 72 73 74 75 76 77 78 79 80 81 82 83 84 85 86 87 88 89 90 91 92 93 94 95 96 97 98 99 100 101 102 103 104 105 106 107 108 109 110 111 112 113 114 115 116 117 118 119 120 121 122 123 124 125 126 127 128 129 130 131 132 133 134 135 136 137 138 139 140 141 142 143 144 145 146 147 148 149 150 151 152 153 154 155 156 157 158 159 160 161 162 163 164 165 166 167 168 169 170 171 172 173 174 175 176 177 178 179 180 181 182 183 184 185 186 187 188 189 190 191 192 193 194 195 196 197 198 199 200 201 202 203 204 205 206 207 208 209 210 211 212 213 214 215 216 217 218 219 220 221 222 223 224 225 226 227 228 229 230 231 232 233 234 235 236 237 238 239 240 241 242 243 244 245 246 247 248 249 250 251 252 253 254 255 256 257 258 259 260 261 262 263 264 265 266
 done.
 running RMSDs...
 done.
 E lowest :   -55.05783
 236 structures remain within     6.00 kcal/mol window

 input  file name : crest_rotamers_5.xyz
 output file name : crest_rotamers_6.xyz
 number of atoms                :   36
 number of points on xyz files  :   266
 RMSD threshold                 :   0.1250
 Bconst threshold               :   0.0100
 population threshold           :   0.0500
 conformer energy window  /kcal :   6.0000
 # fragment in coord            :     2
 # bonds in reference structure :    36
   => # of C=C bonds :     7
 number of reliable points      :   266
 reference state Etot :  -55.057827789999997
 number of doubles removed by rot/RMSD         :          30
 total number unique points considered further :         236
       Erel/kcal        Etot weight/tot  conformer     set   degen     origin
       1   0.000   -55.05783    0.02187    0.08447       1       4     gc
       2   0.011   -55.05781    0.02147                                mtd14
       3   0.036   -55.05777    0.02057                                mtd12
       4   0.036   -55.05777    0.02056                                md3
       5   0.063   -55.05773    0.01965    0.07665       2       4     md6
       6   0.068   -55.05772    0.01951                                gc
       7   0.080   -55.05770    0.01912                                gc
       8   0.103   -55.05766    0.01837                                gc
       9   0.121   -55.05764    0.01784    0.08616       3       5     gc
      10   0.169   -55.05756    0.01644                                md5
      11   0.123   -55.05763    0.01776                                gc
      12   0.144   -55.05760    0.01716                                md5
      13   0.151   -55.05759    0.01696                                mtd4
      14   0.161   -55.05757    0.01668    0.01668       4       1     gc
      15   0.171   -55.05755    0.01638    0.09623       5       6     gc
      16   0.171   -55.05755    0.01638                                gc
      17   0.178   -55.05754    0.01620                                md4
      18   0.184   -55.05753    0.01602                                gc
      19   0.199   -55.05751    0.01563                                md5
      20   0.199   -55.05751    0.01562                                md8
      21   0.194   -55.05752    0.01576    0.04667       6       3     mtd3
      22   0.210   -55.05749    0.01536                                gc
      23   0.202   -55.05751    0.01555                                gc
      24   0.196   -55.05752    0.01572    0.04533       7       3     md4
      25   0.230   -55.05746    0.01483                                gc
      26   0.232   -55.05746    0.01478                                gc
      27   0.246   -55.05744    0.01445    0.02872       8       2     gc
      28   0.253   -55.05742    0.01427                                gc
      29   0.289   -55.05737    0.01343    0.05203       9       4     gc
      30   0.312   -55.05733    0.01291                                gc
      31   0.314   -55.05733    0.01288                                mtd5
      32   0.317   -55.05732    0.01281                                gc
      33   0.318   -55.05732    0.01279    0.06503      10       5     gc
      34   0.293   -55.05736    0.01335                                gc
      35   0.302   -55.05735    0.01314                                gc
      36   0.307   -55.05734    0.01304                                md8
      37   0.322   -55.05731    0.01271                                gc
      38   0.324   -55.05731    0.01266    0.01266      11       1     mtd12
      39   0.328   -55.05731    0.01258    0.01258      12       1     md8
      40   0.343   -55.05728    0.01225    0.05913      13       5     mtd14
      41   0.361   -55.05725    0.01190                                mtd1
      42   0.369   -55.05724    0.01174                                gc
      43   0.375   -55.05723    0.01162                                gc
      44   0.376   -55.05723    0.01161                                gc
      45   0.380   -55.05722    0.01152    0.05644      14       5     gc
      46   0.393   -55.05720    0.01128                                gc
      47   0.376   -55.05723    0.01161                                mtd12
      48   0.393   -55.05720    0.01127                                gc
      49   0.421   -55.05716    0.01076                                gc
      50   0.408   -55.05718    0.01098    0.03136      15       3     gc
      51   0.458   -55.05710    0.01011                                mtd14
      52   0.448   -55.05711    0.01027                                gc
      53   0.458   -55.05710    0.01010    0.06976      16       7     gc
      54   0.451   -55.05711    0.01022                                gc
      55   0.470   -55.05708    0.00990                                mtd7
      56   0.472   -55.05708    0.00986                                gc
      57   0.459   -55.05710    0.01008                                gc
      58   0.460   -55.05709    0.01006                                gc
      59   0.491   -55.05704    0.00955                                gc
      60   0.464   -55.05709    0.01001    0.04918      17       5     gc
      61   0.469   -55.05708    0.00992                                gc
      62   0.484   -55.05706    0.00967                                gc
      63   0.469   -55.05708    0.00991                                gc
      64   0.484   -55.05706    0.00967                                gc
      65   0.485   -55.05705    0.00965    0.01881      18       2     gc
      66   0.516   -55.05701    0.00917                                gc
      67   0.517   -55.05700    0.00915    0.05393      19       6     gc
      68   0.513   -55.05701    0.00920                                gc
      69   0.522   -55.05700    0.00908                                gc
      70   0.548   -55.05695    0.00867                                gc
      71   0.525   -55.05699    0.00902                                gc
      72   0.539   -55.05697    0.00881                                mtd5
      73   0.542   -55.05696    0.00876    0.00876      20       1     mtd9
      74   0.581   -55.05690    0.00821    0.02375      21       3     gc
      75   0.598   -55.05687    0.00798                                gc
      76   0.629   -55.05682    0.00757                                gc
      77   3.303   -55.05256    0.00008    0.00024      22       3     gc
      78   3.339   -55.05251    0.00008                                gc
      79   3.353   -55.05248    0.00008                                gc
      80   3.354   -55.05248    0.00008    0.00044      23       6     gc
      81   3.368   -55.05246    0.00007                                gc
      82   3.376   -55.05245    0.00007                                gc
      83   3.384   -55.05244    0.00007                                gc
      84   3.392   -55.05242    0.00007                                mtd3
      85   3.403   -55.05240    0.00007                                gc
      86   3.405   -55.05240    0.00007    0.00041      24       6     gc
      87   3.420   -55.05238    0.00007                                gc
      88   3.430   -55.05236    0.00007                                gc
      89   3.427   -55.05237    0.00007                                gc
      90   3.428   -55.05237    0.00007                                gc
      91   3.429   -55.05236    0.00007                                gc
      92   3.433   -55.05236    0.00007    0.00007      25       1     gc
      93   3.430   -55.05236    0.00007    0.00013      26       2     gc
      94   3.434   -55.05236    0.00007                                gc
      95   3.443   -55.05234    0.00007    0.00013      27       2     gc
      96   3.448   -55.05233    0.00007                                gc
      97   3.459   -55.05232    0.00006    0.00062      28      10     gc
      98   3.463   -55.05231    0.00006                                gc
      99   3.467   -55.05230    0.00006                                mtd7
     100   3.476   -55.05229    0.00006                                gc
     101   3.504   -55.05224    0.00006                                gc
     102   3.506   -55.05224    0.00006                                gc
     103   3.507   -55.05224    0.00006                                md4
     104   3.477   -55.05229    0.00006                                gc
     105   3.481   -55.05228    0.00006                                gc
     106   3.483   -55.05228    0.00006                                gc
     107   3.485   -55.05227    0.00006    0.00018      29       3     mtd9
     108   3.490   -55.05227    0.00006                                gc
     109   3.492   -55.05226    0.00006                                gc
     110   3.508   -55.05224    0.00006    0.00023      30       4     gc
     111   3.514   -55.05223    0.00006                                mtd9
     112   3.516   -55.05222    0.00006                                gc
     113   3.521   -55.05222    0.00006                                gc
     114   3.521   -55.05222    0.00006    0.00023      31       4     gc
     115   3.537   -55.05219    0.00006                                mtd11
     116   3.541   -55.05219    0.00006                                gc
     117   3.541   -55.05218    0.00006                                gc
     118   3.528   -55.05221    0.00006    0.00011      32       2     mtd7
     119   3.563   -55.05215    0.00005                                gc
     120   3.547   -55.05217    0.00006    0.00022      33       4     mtd7
     121   3.550   -55.05217    0.00005                                gc
     122   3.531   -55.05220    0.00006                                gc
     123   3.536   -55.05219    0.00006                                gc
     124   3.574   -55.05213    0.00005    0.00005      34       1     gc
     125   3.574   -55.05213    0.00005    0.00005      35       1     mtd14
     126   3.584   -55.05212    0.00005    0.00011      36       2     mtd11
     127   3.556   -55.05216    0.00005                                gc
     128   3.602   -55.05209    0.00005    0.00019      37       4     gc
     129   3.609   -55.05208    0.00005                                gc
     130   3.640   -55.05203    0.00005                                gc
     131   3.646   -55.05202    0.00005                                gc
     132   3.659   -55.05200    0.00005    0.00013      38       3     gc
     133   3.698   -55.05193    0.00004                                gc
     134   3.670   -55.05198    0.00004                                gc
     135   3.696   -55.05194    0.00004    0.00009      39       2     gc
     136   3.700   -55.05193    0.00004                                md8
     137   3.712   -55.05191    0.00004    0.00016      40       4     gc
     138   3.723   -55.05190    0.00004                                gc
     139   3.748   -55.05186    0.00004                                gc
     140   3.758   -55.05184    0.00004                                gc
     141   3.730   -55.05188    0.00004    0.00008      41       2     gc
     142   3.733   -55.05188    0.00004                                gc
     143   3.771   -55.05182    0.00004    0.00011      42       3     gc
     144   3.784   -55.05180    0.00004                                gc
     145   3.784   -55.05180    0.00004                                gc
     146   3.775   -55.05181    0.00004    0.00011      43       3     md8
     147   3.778   -55.05181    0.00004                                gc
     148   3.800   -55.05177    0.00004                                gc
     149   3.815   -55.05175    0.00004    0.00007      44       2     gc
     150   3.820   -55.05174    0.00003                                gc
     151   3.792   -55.05179    0.00004    0.00014      45       4     gc
     152   3.812   -55.05175    0.00004                                gc
     153   3.829   -55.05173    0.00003                                gc
     154   3.850   -55.05169    0.00003                                gc
     155   3.844   -55.05170    0.00003    0.00016      46       5     gc
     156   3.852   -55.05169    0.00003                                md8
     157   3.854   -55.05169    0.00003                                md8
     158   3.858   -55.05168    0.00003                                md8
     159   3.862   -55.05167    0.00003                                gc
     160   3.890   -55.05163    0.00003    0.00006      47       2     gc
     161   3.895   -55.05162    0.00003                                gc
     162   3.859   -55.05168    0.00003    0.00006      48       2     gc
     163   3.882   -55.05164    0.00003                                gc
     164   3.911   -55.05160    0.00003    0.00017      49       6     gc
     165   3.936   -55.05156    0.00003                                gc
     166   3.939   -55.05155    0.00003                                gc
     167   3.914   -55.05159    0.00003                                gc
     168   3.942   -55.05155    0.00003                                gc
     169   3.946   -55.05154    0.00003                                gc
     170   3.922   -55.05158    0.00003    0.00012      50       4     gc
     171   3.925   -55.05157    0.00003                                gc
     172   3.928   -55.05157    0.00003                                gc
     173   3.934   -55.05156    0.00003                                gc
     174   3.955   -55.05152    0.00003    0.00003      51       1     mtd11
     175   3.962   -55.05151    0.00003    0.00003      52       1     gc
     176   3.969   -55.05150    0.00003    0.00005      53       2     mtd11
     177   3.987   -55.05147    0.00003                                md2
     178   3.994   -55.05146    0.00003    0.00005      54       2     gc
     179   3.975   -55.05149    0.00003                                md4
     180   4.005   -55.05145    0.00003    0.00003      55       1     gc
     181   4.025   -55.05141    0.00002    0.00005      56       2     mtd11
     182   4.055   -55.05137    0.00002                                mtd1
     183   4.070   -55.05134    0.00002    0.00002      57       1     mtd4
     184   4.049   -55.05138    0.00002    0.00009      58       4     md2
     185   4.087   -55.05132    0.00002                                md3
     186   4.088   -55.05131    0.00002                                md1
     187   4.091   -55.05131    0.00002                                md1
     188   4.107   -55.05128    0.00002    0.00006      59       3     md2
     189   4.119   -55.05126    0.00002                                md2
     190   4.133   -55.05124    0.00002                                mtd1
     191   4.134   -55.05124    0.00002    0.00008      60       4     mtd3
     192   4.162   -55.05120    0.00002                                mtd4
     193   4.174   -55.05118    0.00002                                mtd1
     194   4.175   -55.05117    0.00002                                md2
     195   4.165   -55.05119    0.00002    0.00008      61       4     md6
     196   4.181   -55.05117    0.00002                                mtd4
     197   4.172   -55.05118    0.00002                                mtd9
     198   4.213   -55.05111    0.00002                                md1
     199   4.182   -55.05116    0.00002    0.00002      62       1     mtd3
     200   4.225   -55.05110    0.00002    0.00002      63       1     mtd14
     201   4.240   -55.05107    0.00002    0.00003      64       2     mtd6
     202   4.256   -55.05105    0.00002                                md3
     203   4.293   -55.05099    0.00002    0.00003      65       2     mtd6
     204   4.256   -55.05105    0.00002                                mtd3
     205   4.286   -55.05100    0.00002    0.00003      66       2     mtd4
     206   4.297   -55.05098    0.00002                                mtd11
     207   4.313   -55.05096    0.00002    0.00003      67       2     gc
     208   4.313   -55.05095    0.00002                                md3
     209   5.607   -55.04889    0.00000    0.00001      68       6     gc
     210   5.610   -55.04889    0.00000                                gc
     211   5.626   -55.04886    0.00000                                gc
     212   5.657   -55.04881    0.00000                                gc
     213   5.641   -55.04884    0.00000                                gc
     214   5.653   -55.04882    0.00000                                gc
     215   5.656   -55.04881    0.00000    0.00000      69       2     gc
     216   5.666   -55.04880    0.00000                                gc
     217   5.659   -55.04881    0.00000    0.00000      70       1     gc
     218   5.674   -55.04879    0.00000    0.00000      71       1     gc
     219   5.699   -55.04875    0.00000    0.00000      72       1     gc
     220   5.714   -55.04872    0.00000    0.00001      73       6     gc
     221   5.734   -55.04869    0.00000                                gc
     222   5.747   -55.04867    0.00000                                gc
     223   5.749   -55.04867    0.00000                                gc
     224   5.760   -55.04865    0.00000                                gc
     225   5.752   -55.04866    0.00000                                gc
     226   5.752   -55.04866    0.00000    0.00000      74       1     gc
     227   5.783   -55.04861    0.00000    0.00000      75       3     gc
     228   5.784   -55.04861    0.00000                                gc
     229   5.797   -55.04859    0.00000                                gc
     230   5.800   -55.04858    0.00000    0.00000      76       2     gc
     231   5.810   -55.04857    0.00000                                gc
     232   5.835   -55.04853    0.00000    0.00000      77       2     gc
     233   5.839   -55.04852    0.00000                                gc
     234   5.812   -55.04857    0.00000    0.00000      78       2     gc
     235   5.802   -55.04858    0.00000                                gc
     236   5.841   -55.04852    0.00000    0.00000      79       1     gc
T /K                                  :   298.15
E lowest                              :   -55.05783
ensemble average energy (kcal)        :    0.302
ensemble entropy (J/mol K, cal/mol K) :   36.016    8.608
ensemble free energy (kcal/mol)       :   -2.566
population of lowest in %             :    8.447
 number of unique conformers for further calc           79
 list of relative energies saved as "crest.energies"

 -----------------
 Wall Time Summary
 -----------------
             test MD wall time :         0h : 0m : 0s
                 MTD wall time :         0h : 0m :21s
      multilevel OPT wall time :         0h : 0m :16s
                  MD wall time :         0h : 0m :10s
                  GC wall time :         0h : 0m : 6s
--------------------
Overall wall time  : 0h : 0m :57s

 CREST terminated normally.
