
       ==============================================
       |                                            |
       |                 C R E S T                  |
       |                                            |
       |  Conformer-Rotamer Ensemble Sampling Tool  |
       |          based on the GFN methods          |
       |             P.Pracht, S.Grimme             |
       |          Universitaet Bonn, MCTC           |
       ==============================================
       Version 2.12,   Thu 19. Mai 16:32:32 CEST 2022
  Using the xTB program. Compatible with xTB version 6.4.0

   Cite work conducted with this code as

   • P.Pracht, F.Bohle, S.Grimme, PCCP, 2020, 22, 7169-7192.
   • S.Grimme, JCTC, 2019, 15, 2847-2862.

   and for works involving QCG as

   • S.Spicher, C.Plett, P.Pracht, A.Hansen, S.Grimme,
     JCTC, 2022, 18 (5), 3174-3189.

   with help from:
   C.Bannwarth, F.Bohle, S.Ehlert, S.Grimme,
   C.Plett, P.Pracht, S.Spicher

   This program is distributed in the hope that it will be useful,
   but WITHOUT ANY WARRANTY; without even the implied warranty of
   MERCHANTABILITY or FITNESS FOR A PARTICULAR PURPOSE.

 Command line input:
 > crest xtbopt.xyz --gfn2//gfnff --chrg 0 --uhf 0 --cbonds --alpb water -T 128

  -gfn2//gfnff : energy reweighting
  --chrg 0
  --uhf 0
  --alpb water : implicit solvation
  -T 128 (CPUs/Threads selected)

 -------------------------
 xTB Geometry Optimization
 -------------------------
 Geometry successfully optimized.

------------------------------------------------
Generating MTD length from a flexibility measure
------------------------------------------------
 Calculating WBOs... done.
 Calculating NCI flexibility... done.
     covalent flexibility measure :   0.816
 non-covalent flexibility measure :   0.719
 flexibility measure :   0.733
 t(MTD) / ps    :    10.0
 Σ(t(MTD)) / ps :   140.0 (14 MTDs)

-------------------------------------
Starting a trial MTD to test settings
-------------------------------------
 Estimated runtime for one MTD (10.0 ps) on a single thread: 19 min 3 sec
 Estimated runtime for a batch of 14 MTDs on 128 threads: 2 min 7 sec

 list of Vbias parameters applied:
$metadyn    0.00300   1.300
$metadyn    0.00150   1.300
$metadyn    0.00075   1.300
$metadyn    0.00300   0.780
$metadyn    0.00150   0.780
$metadyn    0.00075   0.780
$metadyn    0.00300   0.468
$metadyn    0.00150   0.468
$metadyn    0.00075   0.468
$metadyn    0.00300   0.281
$metadyn    0.00150   0.281
$metadyn    0.00075   0.281
$metadyn    0.00100   0.100
$metadyn    0.00500   0.800

*******************************************************************************************
**                        N E W    I T E R A T I O N    C Y C L E                        **
*******************************************************************************************

========================================
            MTD Iteration  1
========================================

     ========================================
     |         Meta-MD (MTD) Sampling       |
     ========================================

Starting Meta-MD   1 with the settings:
     MD time /ps        :    10.0
     dt /fs             :     2.0
     dumpstep(trj) /fs  :     100
     dumpstep(Vbias)/ps :     1.0
     Vbias factor k /Eh :  0.0720
     Vbias exp α /bohr⁻²:    1.30
Starting Meta-MD   3 with the settings:
     MD time /ps        :    10.0
     dt /fs             :     2.0
     dumpstep(trj) /fs  :     100
     dumpstep(Vbias)/ps :     1.0
     Vbias factor k /Eh :  0.0180
     Vbias exp α /bohr⁻²:    1.30
Starting Meta-MD   4 with the settings:
     MD time /ps        :    10.0
     dt /fs             :     2.0
     dumpstep(trj) /fs  :     100
     dumpstep(Vbias)/ps :     1.0
     Vbias factor k /Eh :  0.0720
     Vbias exp α /bohr⁻²:    0.78
Starting Meta-MD   2 with the settings:
     MD time /ps        :    10.0
     dt /fs             :     2.0
     dumpstep(trj) /fs  :     100
     dumpstep(Vbias)/ps :     1.0
     Vbias factor k /Eh :  0.0360
     Vbias exp α /bohr⁻²:    1.30
Starting Meta-MD   5 with the settings:
     MD time /ps        :    10.0
     dt /fs             :     2.0
     dumpstep(trj) /fs  :     100
     dumpstep(Vbias)/ps :     1.0
     Vbias factor k /Eh :  0.0360
     Vbias exp α /bohr⁻²:    0.78
Starting Meta-MD   6 with the settings:
     MD time /ps        :    10.0
     dt /fs             :     2.0
     dumpstep(trj) /fs  :     100
     dumpstep(Vbias)/ps :     1.0
     Vbias factor k /Eh :  0.0180
     Vbias exp α /bohr⁻²:    0.78
Starting Meta-MD   7 with the settings:
     MD time /ps        :    10.0
     dt /fs             :     2.0
     dumpstep(trj) /fs  :     100
     dumpstep(Vbias)/ps :     1.0
     Vbias factor k /Eh :  0.0720
     Vbias exp α /bohr⁻²:    0.47
Starting Meta-MD   8 with the settings:
     MD time /ps        :    10.0
     dt /fs             :     2.0
     dumpstep(trj) /fs  :     100
     dumpstep(Vbias)/ps :     1.0
     Vbias factor k /Eh :  0.0360
     Vbias exp α /bohr⁻²:    0.47
Starting Meta-MD   9 with the settings:
     MD time /ps        :    10.0
     dt /fs             :     2.0
     dumpstep(trj) /fs  :     100
     dumpstep(Vbias)/ps :     1.0
     Vbias factor k /Eh :  0.0180
     Vbias exp α /bohr⁻²:    0.47
Starting Meta-MD  14 with the settings:
     MD time /ps        :    10.0
     dt /fs             :     2.0
     dumpstep(trj) /fs  :     100
     dumpstep(Vbias)/ps :     1.0
     Vbias factor k /Eh :  0.1200
     Vbias exp α /bohr⁻²:    0.80
Starting Meta-MD  10 with the settings:
     MD time /ps        :    10.0
     dt /fs             :     2.0
     dumpstep(trj) /fs  :     100
     dumpstep(Vbias)/ps :     1.0
     Vbias factor k /Eh :  0.0720
     Vbias exp α /bohr⁻²:    0.28
Starting Meta-MD  11 with the settings:
     MD time /ps        :    10.0
     dt /fs             :     2.0
     dumpstep(trj) /fs  :     100
     dumpstep(Vbias)/ps :     1.0
     Vbias factor k /Eh :  0.0360
     Vbias exp α /bohr⁻²:    0.28
Starting Meta-MD  12 with the settings:
     MD time /ps        :    10.0
     dt /fs             :     2.0
     dumpstep(trj) /fs  :     100
     dumpstep(Vbias)/ps :     1.0
     Vbias factor k /Eh :  0.0180
     Vbias exp α /bohr⁻²:    0.28
Starting Meta-MD  13 with the settings:
     MD time /ps        :    10.0
     dt /fs             :     2.0
     dumpstep(trj) /fs  :     100
     dumpstep(Vbias)/ps :     1.0
     Vbias factor k /Eh :  0.0240
     Vbias exp α /bohr⁻²:    0.10
*Meta-MTD 7 finished*
*Meta-MTD 10 finished*
*Meta-MTD 14 finished*
*Meta-MTD 9 finished*
*Meta-MTD 5 finished*
*Meta-MTD 1 finished*
*Meta-MTD 3 finished*
*Meta-MTD 8 finished*
*Meta-MTD 6 finished*
*Meta-MTD 2 finished*
*Meta-MTD 12 finished*
*Meta-MTD 13 finished*
*Meta-MTD 4 finished*
*Meta-MTD 11 finished*

-----------------------
Multilevel Optimization
-----------------------

 -------------------------
 1. crude pre-optimization
 -------------------------
 Optimizing all 1386 structures from file "crest_rotamers_0.xyz" ...
 1 2 3 4 5 6 7 8 9 10 11 12 13 14 15 16 17 18 19 20 21 22 23 24 25 26 27 28 29 30 31 32 33 34 35 36 37 38 39 40 41 42 43 44 45 46 47 48 49 50 51 52 53 54 55 56 57 58 59 60 61 62 63 64 65 66 67 68 69 70 71 72 73 74 75 76 77 78 79 80 81 82 83 84 85 86 87 88 89 90 91 92 93 94 95 96 97 98 99 100 101 102 103 104 105 106 107 108 109 110 111 112 113 114 115 116 117 118 119 120 121 122 123 124 125 126 127 128 129 130 131 132 133 134 135 136 137 138 139 140 141 142 143 144 145 146 147 148 149 150 151 152 153 154 155 156 157 158 159 160 161 162 163 164 165 166 167 168 169 170 171 172 173 174 175 176 177 178 179 180 181 182 183 184 185 186 187 188 189 190 191 192 193 194 195 196 197 198 199 200 201 202 203 204 205 206 207 208 209 210 211 212 213 214 215 216 217 218 219 220 221 222 223 224 225 226 227 228 229 230 231 232 233 234 235 236 237 238 239 240 241 242 243 244 245 246 247 248 249 250 251 252 253 254 255 256 257 258 259 260 261 262 263 264 265 266 267 268 269 270 271 272 273 274 275 276 277 278 279 280 281 282 283 284 285 286 287 288 289 290 291 292 293 294 295 296 297 298 299 300 301 302 303 304 305 306 307 308 309 310 311 312 313 314 315 316 317 318 319 320 321 322 323 324 325 326 327 328 329 330 331 332 333 334 335 336 337 338 339 340 341 342 343 344 345 346 347 348 349 350 351 352 353 354 355 356 357 358 359 360 361 362 363 364 365 366 367 368 369 370 371 372 373 374 375 376 377 378 379 380 381 382 383 384 385 386 387 388 389 390 391 392 393 394 395 396 397 398 399 400 401 402 403 404 405 406 407 408 409 410 411 412 413 414 415 416 417 418 419 420 421 422 423 424 425 426 427 428 429 430 431 432 433 434 435 436 437 438 439 440 441 442 443 444 445 446 447 448 449 450 451 452 453 454 455 456 457 458 459 460 461 462 463 464 465 466 467 468 469 470 471 472 473 474 475 476 477 478 479 480 481 482 483 484 485 486 487 488 489 490 491 492 493 494 495 496 497 498 499 500 501 502 503 504 505 506 507 508 509 510 511 512 513 514 515 516 517 518 519 520 521 522 523 524 525 526 527 528 529 530 531 532 533 534 535 536 537 538 539 540 541 542 543 544 545 546 547 548 549 550 551 552 553 554 555 556 557 558 559 560 561 562 563 564 565 566 567 568 569 570 571 572 573 574 575 576 577 578 579 580 581 582 583 584 585 586 587 588 589 590 591 592 593 594 595 596 597 598 599 600 601 602 603 604 605 606 607 608 609 610 611 612 613 614 615 616 617 618 619 620 621 622 623 624 625 626 627 628 629 630 631 632 633 634 635 636 637 638 639 640 641 642 643 644 645 646 647 648 649 650 651 652 653 654 655 656 657 658 659 660 661 662 663 664 665 666 667 668 669 670 671 672 673 674 675 676 677 678 679 680 681 682 683 684 685 686 687 688 689 690 691 692 693 694 695 696 697 698 699 700 701 702 703 704 705 706 707 708 709 710 711 712 713 714 715 716 717 718 719 720 721 722 723 724 725 726 727 728 729 730 731 732 733 734 735 736 737 738 739 740 741 742 743 744 745 746 747 748 749 750 751 752 753 754 755 756 757 758 759 760 761 762 763 764 765 766 767 768 769 770 771 772 773 774 775 776 777 778 779 780 781 782 783 784 785 786 787 788 789 790 791 792 793 794 795 796 797 798 799 800 801 802 803 804 805 806 807 808 809 810 811 812 813 814 815 816 817 818 819 820 821 822 823 824 825 826 827 828 829 830 831 832 833 834 835 836 837 838 839 840 841 842 843 844 845 846 847 848 849 850 851 852 853 854 855 856 857 858 859 860 861 862 863 864 865 866 867 868 869 870 871 872 873 874 875 876 877 878 879 880 881 882 883 884 885 886 887 888 889 890 891 892 893 894 895 896 897 898 899 900 901 902 903 904 905 906 907 908 909 910 911 912 913 914 915 916 917 918 919 920 921 922 923 924 925 926 927 928 929 930 931 932 933 934 935 936 937 938 939 940 941 942 943 944 945 946 947 948 949 950 951 952 953 954 955 956 957 958 959 960 961 962 963 964 965 966 967 968 969 970 971 972 973 974 975 976 977 978 979 980 981 982 983 984 985 986 987 988 989 990 991 992 993 994 995 996 997 998 999 1000 1001 1002 1003 1004 1005 1006 1007 1008 1009 1010 1011 1012 1013 1014 1015 1016 1017 1018 1019 1020 1021 1022 1023 1024 1025 1026 1027 1028 1029 1030 1031 1032 1033 1034 1035 1036 1037 1038 1039 1040 1041 1042 1043 1044 1045 1046 1047 1048 1049 1050 1051 1052 1053 1054 1055 1056 1057 1058 1059 1060 1061 1062 1063 1064 1065 1066 1067 1068 1069 1070 1071 1072 1073 1074 1075 1076 1077 1078 1079 1080 1081 1082 1083 1084 1085 1086 1087 1088 1089 1090 1091 1092 1093 1094 1095 1096 1097 1098 1099 1100 1101 1102 1103 1104 1105 1106 1107 1108 1109 1110 1111 1112 1113 1114 1115 1116 1117 1118 1119 1120 1121 1122 1123 1124 1125 1126 1127 1128 1129 1130 1131 1132 1133 1134 1135 1136 1137 1138 1139 1140 1141 1142 1143 1144 1145 1146 1147 1148 1149 1150 1151 1152 1153 1154 1155 1156 1157 1158 1159 1160 1161 1162 1163 1164 1165 1166 1167 1168 1169 1170 1171 1172 1173 1174 1175 1176 1177 1178 1179 1180 1181 1182 1183 1184 1185 1186 1187 1188 1189 1190 1191 1192 1193 1194 1195 1196 1197 1198 1199 1200 1201 1202 1203 1204 1205 1206 1207 1208 1209 1210 1211 1212 1213 1214 1215 1216 1217 1218 1219 1220 1221 1222 1223 1224 1225 1226 1227 1228 1229 1230 1231 1232 1233 1234 1235 1236 1237 1238 1239 1240 1241 1242 1243 1244 1245 1246 1247 1248 1249 1250 1251 1252 1253 1254 1255 1256 1257 1258 1259 1260 1261 1262 1263 1264 1265 1266 1267 1268 1269 1270 1271 1272 1273 1274 1275 1276 1277 1278 1279 1280 1281 1282 1283 1284 1285 1286 1287 1288 1289 1290 1291 1292 1293 1294 1295 1296 1297 1298 1299 1300 1301 1302 1303 1304 1305 1306 1307 1308 1309 1310 1311 1312 1313 1314 1315 1316 1317 1318 1319 1320 1321 1322 1323 1324 1325 1326 1327 1328 1329 1330 1331 1332 1333 1334 1335 1336 1337 1338 1339 1340 1341 1342 1343 1344 1345 1346 1347 1348 1349 1350 1351 1352 1353 1354 1355 1356 1357 1358 1359 1360 1361 1362 1363 1364 1365 1366 1367 1368 1369 1370 1371 1372 1373 1374 1375 1376 1377 1378 1379 1380 1381 1382 1383 1384 1385 1386
 done.
 running RMSDs...
 done.
 E lowest :   -28.51680
 606 structures remain within    12.00 kcal/mol window

 -------------------------------------
 2. optimization with tight thresholds
 -------------------------------------
 Optimizing all 607 structures from file "crest_rotamers_1.xyz" ...
 1 2 3 4 5 6 7 8 9 10 11 12 13 14 15 16 17 18 19 20 21 22 23 24 25 26 27 28 29 30 31 32 33 34 35 36 37 38 39 40 41 42 43 44 45 46 47 48 49 50 51 52 53 54 55 56 57 58 59 60 61 62 63 64 65 66 67 68 69 70 71 72 73 74 75 76 77 78 79 80 81 82 83 84 85 86 87 88 89 90 91 92 93 94 95 96 97 98 99 100 101 102 103 104 105 106 107 108 109 110 111 112 113 114 115 116 117 118 119 120 121 122 123 124 125 126 127 128 129 130 131 132 133 134 135 136 137 138 139 140 141 142 143 144 145 146 147 148 149 150 151 152 153 154 155 156 157 158 159 160 161 162 163 164 165 166 167 168 169 170 171 172 173 174 175 176 177 178 179 180 181 182 183 184 185 186 187 188 189 190 191 192 193 194 195 196 197 198 199 200 201 202 203 204 205 206 207 208 209 210 211 212 213 214 215 216 217 218 219 220 221 222 223 224 225 226 227 228 229 230 231 232 233 234 235 236 237 238 239 240 241 242 243 244 245 246 247 248 249 250 251 252 253 254 255 256 257 258 259 260 261 262 263 264 265 266 267 268 269 270 271 272 273 274 275 276 277 278 279 280 281 282 283 284 285 286 287 288 289 290 291 292 293 294 295 296 297 298 299 300 301 302 303 304 305 306 307 308 309 310 311 312 313 314 315 316 317 318 319 320 321 322 323 324 325 326 327 328 329 330 331 332 333 334 335 336 337 338 339 340 341 342 343 344 345 346 347 348 349 350 351 352 353 354 355 356 357 358 359 360 361 362 363 364 365 366 367 368 369 370 371 372 373 374 375 376 377 378 379 380 381 382 383 384 385 386 387 388 389 390 391 392 393 394 395 396 397 398 399 400 401 402 403 404 405 406 407 408 409 410 411 412 413 414 415 416 417 418 419 420 421 422 423 424 425 426 427 428 429 430 431 432 433 434 435 436 437 438 439 440 441 442 443 444 445 446 447 448 449 450 451 452 453 454 455 456 457 458 459 460 461 462 463 464 465 466 467 468 469 470 471 472 473 474 475 476 477 478 479 480 481 482 483 484 485 486 487 488 489 490 491 492 493 494 495 496 497 498 499 500 501 502 503 504 505 506 507 508 509 510 511 512 513 514 515 516 517 518 519 520 521 522 523 524 525 526 527 528 529 530 531 532 533 534 535 536 537 538 539 540 541 542 543 544 545 546 547 548 549 550 551 552 553 554 555 556 557 558 559 560 561 562 563 564 565 566 567 568 569 570 571 572 573 574 575 576 577 578 579 580 581 582 583 584 585 586 587 588 589 590 591 592 593 594 595 596 597 598 599 600 601 602 603 604 605 606 607
 done.
 running RMSDs...
 done.
 E lowest :   -28.51706
 32 structures remain within     6.00 kcal/mol window


========================================
            MTD Iteration  2
========================================

     ========================================
     |         Meta-MD (MTD) Sampling       |
     ========================================

Starting Meta-MD   1 with the settings:
     MD time /ps        :    10.0
     dt /fs             :     2.0
     dumpstep(trj) /fs  :     100
     dumpstep(Vbias)/ps :     1.0
     Vbias factor k /Eh :  0.0720
     Vbias exp α /bohr⁻²:    1.30
Starting Meta-MD   2 with the settings:
     MD time /ps        :    10.0
     dt /fs             :     2.0
     dumpstep(trj) /fs  :     100
     dumpstep(Vbias)/ps :     1.0
     Vbias factor k /Eh :  0.0360
     Vbias exp α /bohr⁻²:    1.30
Starting Meta-MD   3 with the settings:
     MD time /ps        :    10.0
     dt /fs             :     2.0
     dumpstep(trj) /fs  :     100
     dumpstep(Vbias)/ps :     1.0
     Vbias factor k /Eh :  0.0180
     Vbias exp α /bohr⁻²:    1.30
Starting Meta-MD   4 with the settings:
     MD time /ps        :    10.0
     dt /fs             :     2.0
     dumpstep(trj) /fs  :     100
     dumpstep(Vbias)/ps :     1.0
     Vbias factor k /Eh :  0.0720
     Vbias exp α /bohr⁻²:    0.78
Starting Meta-MD   5 with the settings:
     MD time /ps        :    10.0
     dt /fs             :     2.0
     dumpstep(trj) /fs  :     100
     dumpstep(Vbias)/ps :     1.0
     Vbias factor k /Eh :  0.0360
     Vbias exp α /bohr⁻²:    0.78
Starting Meta-MD   6 with the settings:
     MD time /ps        :    10.0
     dt /fs             :     2.0
     dumpstep(trj) /fs  :     100
     dumpstep(Vbias)/ps :     1.0
     Vbias factor k /Eh :  0.0180
     Vbias exp α /bohr⁻²:    0.78
Starting Meta-MD   7 with the settings:
     MD time /ps        :    10.0
     dt /fs             :     2.0
     dumpstep(trj) /fs  :     100
     dumpstep(Vbias)/ps :     1.0
     Vbias factor k /Eh :  0.0720
     Vbias exp α /bohr⁻²:    0.47
Starting Meta-MD   8 with the settings:
     MD time /ps        :    10.0
     dt /fs             :     2.0
     dumpstep(trj) /fs  :     100
     dumpstep(Vbias)/ps :     1.0
     Vbias factor k /Eh :  0.0360
     Vbias exp α /bohr⁻²:    0.47
Starting Meta-MD   9 with the settings:
     MD time /ps        :    10.0
     dt /fs             :     2.0
     dumpstep(trj) /fs  :     100
     dumpstep(Vbias)/ps :     1.0
     Vbias factor k /Eh :  0.0180
     Vbias exp α /bohr⁻²:    0.47
Starting Meta-MD  10 with the settings:
     MD time /ps        :    10.0
     dt /fs             :     2.0
     dumpstep(trj) /fs  :     100
     dumpstep(Vbias)/ps :     1.0
     Vbias factor k /Eh :  0.0720
     Vbias exp α /bohr⁻²:    0.28
Starting Meta-MD  11 with the settings:
     MD time /ps        :    10.0
     dt /fs             :     2.0
     dumpstep(trj) /fs  :     100
     dumpstep(Vbias)/ps :     1.0
     Vbias factor k /Eh :  0.0360
     Vbias exp α /bohr⁻²:    0.28
Starting Meta-MD  12 with the settings:
     MD time /ps        :    10.0
     dt /fs             :     2.0
     dumpstep(trj) /fs  :     100
     dumpstep(Vbias)/ps :     1.0
     Vbias factor k /Eh :  0.0180
     Vbias exp α /bohr⁻²:    0.28
*Meta-MTD 4 finished*
*Meta-MTD 8 finished*
*Meta-MTD 12 finished*
*Meta-MTD 7 finished*
*Meta-MTD 10 finished*
*Meta-MTD 1 finished*
*Meta-MTD 11 finished*
*Meta-MTD 3 finished*
*Meta-MTD 2 finished*
*Meta-MTD 6 finished*
*Meta-MTD 5 finished*
*Meta-MTD 9 finished*

-----------------------
Multilevel Optimization
-----------------------

 -------------------------
 1. crude pre-optimization
 -------------------------
 Optimizing all 1188 structures from file "crest_rotamers_0.xyz" ...
 1 2 3 4 5 6 7 8 9 10 11 12 13 14 15 16 17 18 19 20 21 22 23 24 25 26 27 28 29 30 31 32 33 34 35 36 37 38 39 40 41 42 43 44 45 46 47 48 49 50 51 52 53 54 55 56 57 58 59 60 61 62 63 64 65 66 67 68 69 70 71 72 73 74 75 76 77 78 79 80 81 82 83 84 85 86 87 88 89 90 91 92 93 94 95 96 97 98 99 100 101 102 103 104 105 106 107 108 109 110 111 112 113 114 115 116 117 118 119 120 121 122 123 124 125 126 127 128 129 130 131 132 133 134 135 136 137 138 139 140 141 142 143 144 145 146 147 148 149 150 151 152 153 154 155 156 157 158 159 160 161 162 163 164 165 166 167 168 169 170 171 172 173 174 175 176 177 178 179 180 181 182 183 184 185 186 187 188 189 190 191 192 193 194 195 196 197 198 199 200 201 202 203 204 205 206 207 208 209 210 211 212 213 214 215 216 217 218 219 220 221 222 223 224 225 226 227 228 229 230 231 232 233 234 235 236 237 238 239 240 241 242 243 244 245 246 247 248 249 250 251 252 253 254 255 256 257 258 259 260 261 262 263 264 265 266 267 268 269 270 271 272 273 274 275 276 277 278 279 280 281 282 283 284 285 286 287 288 289 290 291 292 293 294 295 296 297 298 299 300 301 302 303 304 305 306 307 308 309 310 311 312 313 314 315 316 317 318 319 320 321 322 323 324 325 326 327 328 329 330 331 332 333 334 335 336 337 338 339 340 341 342 343 344 345 346 347 348 349 350 351 352 353 354 355 356 357 358 359 360 361 362 363 364 365 366 367 368 369 370 371 372 373 374 375 376 377 378 379 380 381 382 383 384 385 386 387 388 389 390 391 392 393 394 395 396 397 398 399 400 401 402 403 404 405 406 407 408 409 410 411 412 413 414 415 416 417 418 419 420 421 422 423 424 425 426 427 428 429 430 431 432 433 434 435 436 437 438 439 440 441 442 443 444 445 446 447 448 449 450 451 452 453 454 455 456 457 458 459 460 461 462 463 464 465 466 467 468 469 470 471 472 473 474 475 476 477 478 479 480 481 482 483 484 485 486 487 488 489 490 491 492 493 494 495 496 497 498 499 500 501 502 503 504 505 506 507 508 509 510 511 512 513 514 515 516 517 518 519 520 521 522 523 524 525 526 527 528 529 530 531 532 533 534 535 536 537 538 539 540 541 542 543 544 545 546 547 548 549 550 551 552 553 554 555 556 557 558 559 560 561 562 563 564 565 566 567 568 569 570 571 572 573 574 575 576 577 578 579 580 581 582 583 584 585 586 587 588 589 590 591 592 593 594 595 596 597 598 599 600 601 602 603 604 605 606 607 608 609 610 611 612 613 614 615 616 617 618 619 620 621 622 623 624 625 626 627 628 629 630 631 632 633 634 635 636 637 638 639 640 641 642 643 644 645 646 647 648 649 650 651 652 653 654 655 656 657 658 659 660 661 662 663 664 665 666 667 668 669 670 671 672 673 674 675 676 677 678 679 680 681 682 683 684 685 686 687 688 689 690 691 692 693 694 695 696 697 698 699 700 701 702 703 704 705 706 707 708 709 710 711 712 713 714 715 716 717 718 719 720 721 722 723 724 725 726 727 728 729 730 731 732 733 734 735 736 737 738 739 740 741 742 743 744 745 746 747 748 749 750 751 752 753 754 755 756 757 758 759 760 761 762 763 764 765 766 767 768 769 770 771 772 773 774 775 776 777 778 779 780 781 782 783 784 785 786 787 788 789 790 791 792 793 794 795 796 797 798 799 800 801 802 803 804 805 806 807 808 809 810 811 812 813 814 815 816 817 818 819 820 821 822 823 824 825 826 827 828 829 830 831 832 833 834 835 836 837 838 839 840 841 842 843 844 845 846 847 848 849 850 851 852 853 854 855 856 857 858 859 860 861 862 863 864 865 866 867 868 869 870 871 872 873 874 875 876 877 878 879 880 881 882 883 884 885 886 887 888 889 890 891 892 893 894 895 896 897 898 899 900 901 902 903 904 905 906 907 908 909 910 911 912 913 914 915 916 917 918 919 920 921 922 923 924 925 926 927 928 929 930 931 932 933 934 935 936 937 938 939 940 941 942 943 944 945 946 947 948 949 950 951 952 953 954 955 956 957 958 959 960 961 962 963 964 965 966 967 968 969 970 971 972 973 974 975 976 977 978 979 980 981 982 983 984 985 986 987 988 989 990 991 992 993 994 995 996 997 998 999 1000 1001 1002 1003 1004 1005 1006 1007 1008 1009 1010 1011 1012 1013 1014 1015 1016 1017 1018 1019 1020 1021 1022 1023 1024 1025 1026 1027 1028 1029 1030 1031 1032 1033 1034 1035 1036 1037 1038 1039 1040 1041 1042 1043 1044 1045 1046 1047 1048 1049 1050 1051 1052 1053 1054 1055 1056 1057 1058 1059 1060 1061 1062 1063 1064 1065 1066 1067 1068 1069 1070 1071 1072 1073 1074 1075 1076 1077 1078 1079 1080 1081 1082 1083 1084 1085 1086 1087 1088 1089 1090 1091 1092 1093 1094 1095 1096 1097 1098 1099 1100 1101 1102 1103 1104 1105 1106 1107 1108 1109 1110 1111 1112 1113 1114 1115 1116 1117 1118 1119 1120 1121 1122 1123 1124 1125 1126 1127 1128 1129 1130 1131 1132 1133 1134 1135 1136 1137 1138 1139 1140 1141 1142 1143 1144 1145 1146 1147 1148 1149 1150 1151 1152 1153 1154 1155 1156 1157 1158 1159 1160 1161 1162 1163 1164 1165 1166 1167 1168 1169 1170 1171 1172 1173 1174 1175 1176 1177 1178 1179 1180 1181 1182 1183 1184 1185 1186 1187 1188
 done.
 running RMSDs...
 done.
 E lowest :   -28.51662
 495 structures remain within    12.00 kcal/mol window

 -------------------------------------
 2. optimization with tight thresholds
 -------------------------------------
 Optimizing all 496 structures from file "crest_rotamers_1.xyz" ...
 1 2 3 4 5 6 7 8 9 10 11 12 13 14 15 16 17 18 19 20 21 22 23 24 25 26 27 28 29 30 31 32 33 34 35 36 37 38 39 40 41 42 43 44 45 46 47 48 49 50 51 52 53 54 55 56 57 58 59 60 61 62 63 64 65 66 67 68 69 70 71 72 73 74 75 76 77 78 79 80 81 82 83 84 85 86 87 88 89 90 91 92 93 94 95 96 97 98 99 100 101 102 103 104 105 106 107 108 109 110 111 112 113 114 115 116 117 118 119 120 121 122 123 124 125 126 127 128 129 130 131 132 133 134 135 136 137 138 139 140 141 142 143 144 145 146 147 148 149 150 151 152 153 154 155 156 157 158 159 160 161 162 163 164 165 166 167 168 169 170 171 172 173 174 175 176 177 178 179 180 181 182 183 184 185 186 187 188 189 190 191 192 193 194 195 196 197 198 199 200 201 202 203 204 205 206 207 208 209 210 211 212 213 214 215 216 217 218 219 220 221 222 223 224 225 226 227 228 229 230 231 232 233 234 235 236 237 238 239 240 241 242 243 244 245 246 247 248 249 250 251 252 253 254 255 256 257 258 259 260 261 262 263 264 265 266 267 268 269 270 271 272 273 274 275 276 277 278 279 280 281 282 283 284 285 286 287 288 289 290 291 292 293 294 295 296 297 298 299 300 301 302 303 304 305 306 307 308 309 310 311 312 313 314 315 316 317 318 319 320 321 322 323 324 325 326 327 328 329 330 331 332 333 334 335 336 337 338 339 340 341 342 343 344 345 346 347 348 349 350 351 352 353 354 355 356 357 358 359 360 361 362 363 364 365 366 367 368 369 370 371 372 373 374 375 376 377 378 379 380 381 382 383 384 385 386 387 388 389 390 391 392 393 394 395 396 397 398 399 400 401 402 403 404 405 406 407 408 409 410 411 412 413 414 415 416 417 418 419 420 421 422 423 424 425 426 427 428 429 430 431 432 433 434 435 436 437 438 439 440 441 442 443 444 445 446 447 448 449 450 451 452 453 454 455 456 457 458 459 460 461 462 463 464 465 466 467 468 469 470 471 472 473 474 475 476 477 478 479 480 481 482 483 484 485 486 487 488 489 490 491 492 493 494 495 496
 done.
 running RMSDs...
 done.
 E lowest :   -28.51706
 41 structures remain within     6.00 kcal/mol window

========================================
            MTD Iterations done         
========================================
 Collecting ensmbles.
 running RMSDs...
 done.
 E lowest :   -28.51706
 66 structures remain within     6.00 kcal/mol window

-----------------------------------------------
Additional regular MDs on lowest 4 conformer(s)
-----------------------------------------------
Starting MD   1 with the settings:
     MD time /ps        :     5.0
     MD Temperature /K  :   400.0
     dt /fs             :     2.0
     dumpstep(trj) /fs  :     100
Starting MD   2 with the settings:
     MD time /ps        :     5.0
     MD Temperature /K  :   500.0
     dt /fs             :     2.0
     dumpstep(trj) /fs  :     100
Starting MD   3 with the settings:
     MD time /ps        :     5.0
     MD Temperature /K  :   400.0
     dt /fs             :     2.0
     dumpstep(trj) /fs  :     100
Starting MD   4 with the settings:
     MD time /ps        :     5.0
     MD Temperature /K  :   500.0
     dt /fs             :     2.0
     dumpstep(trj) /fs  :     100
Starting MD   5 with the settings:
     MD time /ps        :     5.0
     MD Temperature /K  :   400.0
     dt /fs             :     2.0
     dumpstep(trj) /fs  :     100
Starting MD   6 with the settings:
     MD time /ps        :     5.0
     MD Temperature /K  :   500.0
     dt /fs             :     2.0
     dumpstep(trj) /fs  :     100
Starting MD   7 with the settings:
     MD time /ps        :     5.0
     MD Temperature /K  :   400.0
     dt /fs             :     2.0
     dumpstep(trj) /fs  :     100
Starting MD   8 with the settings:
     MD time /ps        :     5.0
     MD Temperature /K  :   500.0
     dt /fs             :     2.0
     dumpstep(trj) /fs  :     100
*MD 6 finished*
*MD 8 finished*
*MD 5 finished*
*MD 4 finished*
*MD 7 finished*
*MD 2 finished*
*MD 3 finished*
*MD 1 finished*
 Appending file crest_rotamers_1.xyz with new structures

 -------------------------------------------
 Ensemble optimization with tight thresholds
 -------------------------------------------
 Optimizing all 458 structures from file "crest_rotamers_1.xyz" ...
 1 2 3 4 5 6 7 8 9 10 11 12 13 14 15 16 17 18 19 20 21 22 23 24 25 26 27 28 29 30 31 32 33 34 35 36 37 38 39 40 41 42 43 44 45 46 47 48 49 50 51 52 53 54 55 56 57 58 59 60 61 62 63 64 65 66 67 68 69 70 71 72 73 74 75 76 77 78 79 80 81 82 83 84 85 86 87 88 89 90 91 92 93 94 95 96 97 98 99 100 101 102 103 104 105 106 107 108 109 110 111 112 113 114 115 116 117 118 119 120 121 122 123 124 125 126 127 128 129 130 131 132 133 134 135 136 137 138 139 140 141 142 143 144 145 146 147 148 149 150 151 152 153 154 155 156 157 158 159 160 161 162 163 164 165 166 167 168 169 170 171 172 173 174 175 176 177 178 179 180 181 182 183 184 185 186 187 188 189 190 191 192 193 194 195 196 197 198 199 200 201 202 203 204 205 206 207 208 209 210 211 212 213 214 215 216 217 218 219 220 221 222 223 224 225 226 227 228 229 230 231 232 233 234 235 236 237 238 239 240 241 242 243 244 245 246 247 248 249 250 251 252 253 254 255 256 257 258 259 260 261 262 263 264 265 266 267 268 269 270 271 272 273 274 275 276 277 278 279 280 281 282 283 284 285 286 287 288 289 290 291 292 293 294 295 296 297 298 299 300 301 302 303 304 305 306 307 308 309 310 311 312 313 314 315 316 317 318 319 320 321 322 323 324 325 326 327 328 329 330 331 332 333 334 335 336 337 338 339 340 341 342 343 344 345 346 347 348 349 350 351 352 353 354 355 356 357 358 359 360 361 362 363 364 365 366 367 368 369 370 371 372 373 374 375 376 377 378 379 380 381 382 383 384 385 386 387 388 389 390 391 392 393 394 395 396 397 398 399 400 401 402 403 404 405 406 407 408 409 410 411 412 413 414 415 416 417 418 419 420 421 422 423 424 425 426 427 428 429 430 431 432 433 434 435 436 437 438 439 440 441 442 443 444 445 446 447 448 449 450 451 452 453 454 455 456 457 458
 done.
 running RMSDs...
 done.
 E lowest :   -28.51706
 87 structures remain within     6.00 kcal/mol window


     ========================================
     |        Structure Crossing (GC)       |
     ========================================
 =============================
  # threads =         128
 =============================
 input  file name : crest_rotamers_3.xyz
number of atoms                :    24
number of points on xyz files  :    87
conformer energy window  /kcal :    6.00
CN per atom difference cut-off :  0.3000
RMSD threshold                 :  0.2500
max. # of generated structures : 500
 reading xyz file ...
 # in E window                 87
 generating pairs ...        3827
 generated pairs           :        2175
 number of clash discarded :        1566
 average rmsd w.r.t input  : 3.19419
 sd of ensemble            : 0.68721
 number of new structures      :         571
 removed identical structures  :         429
 writing          500  TMPCONF* dirs ...
 --------------------------
 GC: loose pre-optimization
 --------------------------
 Starting optimization of generated structures
 500 jobs to do.
 1 2 3 4 5 6 7 8 9 10 11 12 13 14 15 16 17 18 19 20 21 22 23 24 25 26 27 28 29 30 31 32 33 34 35 36 37 38 39 40 41 42 43 44 45 46 47 48 49 50 51 52 53 54 55 56 57 58 59 60 61 62 63 64 65 66 67 68 69 70 71 72 73 74 75 76 77 78 79 80 81 82 83 84 85 86 87 88 89 90 91 92 93 94 95 96 97 98 99 100 101 102 103 104 105 106 107 108 109 110 111 112 113 114 115 116 117 118 119 120 121 122 123 124 125 126 127 128 129 130 131 132 133 134 135 136 137 138 139 140 141 142 143 144 145 146 147 148 149 150 151 152 153 154 155 156 157 158 159 160 161 162 163 164 165 166 167 168 169 170 171 172 173 174 175 176 177 178 179 180 181 182 183 184 185 186 187 188 189 190 191 192 193 194 195 196 197 198 199 200 201 202 203 204 205 206 207 208 209 210 211 212 213 214 215 216 217 218 219 220 221 222 223 224 225 226 227 228 229 230 231 232 233 234 235 236 237 238 239 240 241 242 243 244 245 246 247 248 249 250 251 252 253 254 255 256 257 258 259 260 261 262 263 264 265 266 267 268 269 270 271 272 273 274 275 276 277 278 279 280 281 282 283 284 285 286 287 288 289 290 291 292 293 294 295 296 297 298 299 300 301 302 303 304 305 306 307 308 309 310 311 312 313 314 315 316 317 318 319 320 321 322 323 324 325 326 327 328 329 330 331 332 333 334 335 336 337 338 339 340 341 342 343 344 345 346 347 348 349 350 351 352 353 354 355 356 357 358 359 360 361 362 363 364 365 366 367 368 369 370 371 372 373 374 375 376 377 378 379 380 381 382 383 384 385 386 387 388 389 390 391 392 393 394 395 396 397 398 399 400 401 402 403 404 405 406 407 408 409 410 411 412 413 414 415 416 417 418 419 420 421 422 423 424 425 426 427 428 429 430 431 432 433 434 435 436 437 438 439 440 441 442 443 444 445 446 447 448 449 450 451 452 453 454 455 456 457 458 459 460 461 462 463 464 465 466 467 468 469 470 471 472 473 474 475 476 477 478 479 480 481 482 483 484 485 486 487 488 489 490 491 492 493 494 495 496 497 498 499 500 
 done.
 Now appending opt.xyz file with new structures
 running RMSDs...
 done.
 E lowest :   -28.51707
 496 structures remain within    10.00 kcal/mol window
 --------------------------------------
 GC: optimization with tight thresholds
 --------------------------------------
 Optimizing all 496 structures from file "crest_rotamers_1.xyz" ...
 1 2 3 4 5 6 7 8 9 10 11 12 13 14 15 16 17 18 19 20 21 22 23 24 25 26 27 28 29 30 31 32 33 34 35 36 37 38 39 40 41 42 43 44 45 46 47 48 49 50 51 52 53 54 55 56 57 58 59 60 61 62 63 64 65 66 67 68 69 70 71 72 73 74 75 76 77 78 79 80 81 82 83 84 85 86 87 88 89 90 91 92 93 94 95 96 97 98 99 100 101 102 103 104 105 106 107 108 109 110 111 112 113 114 115 116 117 118 119 120 121 122 123 124 125 126 127 128 129 130 131 132 133 134 135 136 137 138 139 140 141 142 143 144 145 146 147 148 149 150 151 152 153 154 155 156 157 158 159 160 161 162 163 164 165 166 167 168 169 170 171 172 173 174 175 176 177 178 179 180 181 182 183 184 185 186 187 188 189 190 191 192 193 194 195 196 197 198 199 200 201 202 203 204 205 206 207 208 209 210 211 212 213 214 215 216 217 218 219 220 221 222 223 224 225 226 227 228 229 230 231 232 233 234 235 236 237 238 239 240 241 242 243 244 245 246 247 248 249 250 251 252 253 254 255 256 257 258 259 260 261 262 263 264 265 266 267 268 269 270 271 272 273 274 275 276 277 278 279 280 281 282 283 284 285 286 287 288 289 290 291 292 293 294 295 296 297 298 299 300 301 302 303 304 305 306 307 308 309 310 311 312 313 314 315 316 317 318 319 320 321 322 323 324 325 326 327 328 329 330 331 332 333 334 335 336 337 338 339 340 341 342 343 344 345 346 347 348 349 350 351 352 353 354 355 356 357 358 359 360 361 362 363 364 365 366 367 368 369 370 371 372 373 374 375 376 377 378 379 380 381 382 383 384 385 386 387 388 389 390 391 392 393 394 395 396 397 398 399 400 401 402 403 404 405 406 407 408 409 410 411 412 413 414 415 416 417 418 419 420 421 422 423 424 425 426 427 428 429 430 431 432 433 434 435 436 437 438 439 440 441 442 443 444 445 446 447 448 449 450 451 452 453 454 455 456 457 458 459 460 461 462 463 464 465 466 467 468 469 470 471 472 473 474 475 476 477 478 479 480 481 482 483 484 485 486 487 488 489 490 491 492 493 494 495 496
 done.
 running RMSDs...
 done.
 E lowest :   -28.51707


   ================================================
   |           Final Geometry Optimization        |
   ================================================
 ------------------------------------------------
 Ensemble optimization with very tight thresholds
 ------------------------------------------------
 Optimizing all 508 structures from file "crest_rotamers_4.xyz" ...
 1 2 3 4 5 6 7 8 9 10 11 12 13 14 15 16 17 18 19 20 21 22 23 24 25 26 27 28 29 30 31 32 33 34 35 36 37 38 39 40 41 42 43 44 45 46 47 48 49 50 51 52 53 54 55 56 57 58 59 60 61 62 63 64 65 66 67 68 69 70 71 72 73 74 75 76 77 78 79 80 81 82 83 84 85 86 87 88 89 90 91 92 93 94 95 96 97 98 99 100 101 102 103 104 105 106 107 108 109 110 111 112 113 114 115 116 117 118 119 120 121 122 123 124 125 126 127 128 129 130 131 132 133 134 135 136 137 138 139 140 141 142 143 144 145 146 147 148 149 150 151 152 153 154 155 156 157 158 159 160 161 162 163 164 165 166 167 168 169 170 171 172 173 174 175 176 177 178 179 180 181 182 183 184 185 186 187 188 189 190 191 192 193 194 195 196 197 198 199 200 201 202 203 204 205 206 207 208 209 210 211 212 213 214 215 216 217 218 219 220 221 222 223 224 225 226 227 228 229 230 231 232 233 234 235 236 237 238 239 240 241 242 243 244 245 246 247 248 249 250 251 252 253 254 255 256 257 258 259 260 261 262 263 264 265 266 267 268 269 270 271 272 273 274 275 276 277 278 279 280 281 282 283 284 285 286 287 288 289 290 291 292 293 294 295 296 297 298 299 300 301 302 303 304 305 306 307 308 309 310 311 312 313 314 315 316 317 318 319 320 321 322 323 324 325 326 327 328 329 330 331 332 333 334 335 336 337 338 339 340 341 342 343 344 345 346 347 348 349 350 351 352 353 354 355 356 357 358 359 360 361 362 363 364 365 366 367 368 369 370 371 372 373 374 375 376 377 378 379 380 381 382 383 384 385 386 387 388 389 390 391 392 393 394 395 396 397 398 399 400 401 402 403 404 405 406 407 408 409 410 411 412 413 414 415 416 417 418 419 420 421 422 423 424 425 426 427 428 429 430 431 432 433 434 435 436 437 438 439 440 441 442 443 444 445 446 447 448 449 450 451 452 453 454 455 456 457 458 459 460 461 462 463 464 465 466 467 468 469 470 471 472 473 474 475 476 477 478 479 480 481 482 483 484 485 486 487 488 489 490 491 492 493 494 495 496 497 498 499 500 501 502 503 504 505 506 507 508
 done.
 running RMSDs...
 done.
 E lowest :   -28.51706
 494 structures remain within     6.00 kcal/mol window

 input  file name : crest_rotamers_5.xyz
 output file name : crest_rotamers_6.xyz
 number of atoms                :   24
 number of points on xyz files  :   508
 RMSD threshold                 :   0.1250
 Bconst threshold               :   0.0100
 population threshold           :   0.0500
 conformer energy window  /kcal :   6.0000
 # fragment in coord            :     2
 # bonds in reference structure :    22
 number of reliable points      :   508
 number of removed by energy    :     2
 number of remaining points     :   506
 reference state Etot :  -28.517064019999999
 number of doubles removed by rot/RMSD         :          12
 total number unique points considered further :         494
       Erel/kcal        Etot weight/tot  conformer     set   degen     origin
       1   0.000   -28.51706    0.01081    0.18730       1      18     gc
       2   0.002   -28.51706    0.01077                                gc
       3   0.003   -28.51706    0.01075                                mtd9
       4   0.006   -28.51705    0.01070                                gc
       5   0.009   -28.51705    0.01064                                gc
       6   0.023   -28.51703    0.01040                                gc
       7   0.024   -28.51703    0.01037                                gc
       8   0.026   -28.51702    0.01035                                gc
       9   0.026   -28.51702    0.01035                                mtd5
      10   0.026   -28.51702    0.01035                                gc
      11   0.028   -28.51702    0.01031                                gc
      12   0.029   -28.51702    0.01028                                gc
      13   0.031   -28.51701    0.01025                                gc
      14   0.034   -28.51701    0.01021                                gc
      15   0.034   -28.51701    0.01021                                gc
      16   0.034   -28.51701    0.01021                                gc
      17   0.035   -28.51701    0.01020                                gc
      18   0.037   -28.51701    0.01016                                md3
      19   0.089   -28.51692    0.00930    0.09072       2      10     gc
      20   0.090   -28.51692    0.00928                                gc
      21   0.092   -28.51692    0.00926                                gc
      22   0.092   -28.51692    0.00925                                gc
      23   0.093   -28.51692    0.00924                                md7
      24   0.111   -28.51689    0.00896                                gc
      25   0.116   -28.51688    0.00888                                md3
      26   0.117   -28.51688    0.00887                                gc
      27   0.117   -28.51688    0.00887                                gc
      28   0.121   -28.51687    0.00882                                gc
      29   0.143   -28.51684    0.00849    0.00849       3       1     mtd12
      30   0.365   -28.51648    0.00584    0.03976       4       7     gc
      31   0.367   -28.51648    0.00582                                gc
      32   0.368   -28.51648    0.00581                                mtd12
      33   0.388   -28.51645    0.00562                                gc
      34   0.388   -28.51645    0.00562                                gc
      35   0.389   -28.51644    0.00561                                gc
      36   0.407   -28.51642    0.00544                                gc
      37   0.464   -28.51632    0.00494    0.07219       5      15     gc
      38   0.469   -28.51632    0.00490                                gc
      39   0.492   -28.51628    0.00472                                mtd12
      40   0.492   -28.51628    0.00472                                gc
      41   0.471   -28.51631    0.00489                                gc
      42   0.493   -28.51628    0.00471                                gc
      43   0.471   -28.51631    0.00489                                gc
      44   0.471   -28.51631    0.00488                                gc
      45   0.496   -28.51627    0.00469                                gc
      46   0.497   -28.51627    0.00468                                gc
      47   0.471   -28.51631    0.00488                                gc
      48   0.497   -28.51627    0.00467                                gc
      49   0.471   -28.51631    0.00488                                gc
      50   0.472   -28.51631    0.00487                                gc
      51   0.472   -28.51631    0.00487                                mtd10
      52   0.477   -28.51630    0.00483    0.02377       6       5     gc
      53   0.485   -28.51629    0.00477                                gc
      54   0.486   -28.51629    0.00476                                mtd12
      55   0.487   -28.51629    0.00475                                gc
      56   0.499   -28.51627    0.00466                                gc
      57   0.487   -28.51629    0.00475    0.00475       7       1     gc
      58   0.491   -28.51628    0.00472    0.01382       8       3     gc
      59   0.503   -28.51626    0.00463                                md7
      60   0.524   -28.51623    0.00447                                mtd4
      61   0.529   -28.51622    0.00443    0.02613       9       6     gc
      62   0.543   -28.51620    0.00433                                gc
      63   0.545   -28.51620    0.00431                                gc
      64   0.523   -28.51623    0.00447                                gc
      65   0.547   -28.51619    0.00429                                gc
      66   0.548   -28.51619    0.00429                                gc
      67   0.550   -28.51619    0.00427    0.03879      10       9     gc
      68   0.550   -28.51619    0.00427                                gc
      69   0.531   -28.51622    0.00441                                gc
      70   0.551   -28.51619    0.00427                                md6
      71   0.551   -28.51619    0.00427                                md5
      72   0.554   -28.51618    0.00425                                gc
      73   0.532   -28.51622    0.00441                                md6
      74   0.534   -28.51621    0.00439                                gc
      75   0.554   -28.51618    0.00424                                gc
      76   0.564   -28.51617    0.00418    0.04105      11      10     gc
      77   0.566   -28.51616    0.00416                                gc
      78   0.542   -28.51620    0.00433                                gc
      79   0.576   -28.51615    0.00409                                gc
      80   0.584   -28.51613    0.00403                                gc
      81   0.579   -28.51614    0.00407                                gc
      82   0.579   -28.51614    0.00407                                gc
      83   0.585   -28.51613    0.00403                                gc
      84   0.586   -28.51613    0.00402                                gc
      85   0.581   -28.51614    0.00406                                gc
      86   0.581   -28.51614    0.00405    0.00405      12       1     gc
      87   0.584   -28.51613    0.00403    0.01206      13       3     gc
      88   0.590   -28.51612    0.00399                                mtd5
      89   0.584   -28.51613    0.00403                                gc
      90   0.608   -28.51609    0.00387    0.04898      14      13     gc
      91   0.636   -28.51605    0.00369                                gc
      92   0.638   -28.51605    0.00368                                mtd3
      93   0.610   -28.51609    0.00386                                mtd3
      94   0.612   -28.51609    0.00385                                mtd13
      95   0.648   -28.51603    0.00363                                mtd13
      96   0.638   -28.51605    0.00368                                gc
      97   0.639   -28.51605    0.00368                                gc
      98   0.639   -28.51605    0.00368                                gc
      99   0.612   -28.51609    0.00385                                gc
     100   0.614   -28.51609    0.00384                                md5
     101   0.615   -28.51608    0.00383                                gc
     102   0.616   -28.51608    0.00382                                gc
     103   0.616   -28.51608    0.00382    0.00382      15       1     gc
     104   0.619   -28.51608    0.00381    0.04432      16      12     mtd8
     105   0.631   -28.51606    0.00373                                gc
     106   0.632   -28.51606    0.00372                                gc
     107   0.633   -28.51605    0.00371                                mtd2
     108   0.639   -28.51605    0.00368                                gc
     109   0.639   -28.51604    0.00368                                gc
     110   0.641   -28.51604    0.00367                                mtd5
     111   0.641   -28.51604    0.00367                                gc
     112   0.643   -28.51604    0.00366                                gc
     113   0.643   -28.51604    0.00366                                gc
     114   0.645   -28.51604    0.00364                                gc
     115   0.635   -28.51605    0.00370                                gc
     116   0.646   -28.51603    0.00364    0.00364      17       1     gc
     117   0.652   -28.51602    0.00360    0.00360      18       1     mtd2
     118   0.655   -28.51602    0.00358    0.00358      19       1     mtd13
     119   0.666   -28.51600    0.00351    0.02022      20       6     gc
     120   0.676   -28.51599    0.00346                                gc
     121   0.688   -28.51597    0.00339                                gc
     122   0.711   -28.51593    0.00326                                gc
     123   0.698   -28.51595    0.00333                                gc
     124   0.709   -28.51593    0.00327                                gc
     125   0.711   -28.51593    0.00326    0.00966      21       3     gc
     126   0.720   -28.51592    0.00321                                mtd5
     127   0.724   -28.51591    0.00319                                gc
     128   0.754   -28.51586    0.00303    0.00946      22       3     gc
     129   0.718   -28.51592    0.00322                                gc
     130   0.720   -28.51592    0.00321                                gc
     131   0.758   -28.51586    0.00301    0.00301      23       1     gc
     132   0.762   -28.51585    0.00299    0.01773      24       6     gc
     133   0.726   -28.51591    0.00318                                gc
     134   0.776   -28.51583    0.00292                                gc
     135   0.779   -28.51582    0.00291                                gc
     136   0.794   -28.51580    0.00283                                gc
     137   0.780   -28.51582    0.00290                                gc
     138   0.770   -28.51584    0.00295    0.02323      25       8     gc
     139   0.781   -28.51582    0.00290                                mtd2
     140   0.770   -28.51584    0.00295                                gc
     141   0.794   -28.51580    0.00283                                gc
     142   0.771   -28.51584    0.00294                                mtd14
     143   0.773   -28.51583    0.00293                                gc
     144   0.795   -28.51580    0.00283                                gc
     145   0.781   -28.51582    0.00289                                gc
     146   0.782   -28.51582    0.00289    0.00289      26       1     gc
     147   0.786   -28.51581    0.00287    0.00287      27       1     md5
     148   0.793   -28.51580    0.00284    0.00560      28       2     gc
     149   0.810   -28.51577    0.00276                                gc
     150   0.803   -28.51578    0.00279    0.00279      29       1     mtd7
     151   0.860   -28.51569    0.00253    0.00498      30       2     gc
     152   0.881   -28.51566    0.00245                                gc
     153   0.881   -28.51566    0.00245    0.01656      31       7     gc
     154   0.882   -28.51566    0.00244                                gc
     155   0.925   -28.51559    0.00227                                gc
     156   0.886   -28.51565    0.00243                                gc
     157   0.902   -28.51563    0.00236                                gc
     158   0.904   -28.51562    0.00236                                gc
     159   0.930   -28.51558    0.00225                                gc
     160   0.919   -28.51560    0.00229    0.00229      32       1     gc
     161   0.924   -28.51559    0.00227    0.00227      33       1     mtd8
     162   0.934   -28.51558    0.00224    0.00443      34       2     gc
     163   0.945   -28.51556    0.00220                                gc
     164   0.946   -28.51556    0.00219    0.02165      35      10     gc
     165   0.939   -28.51557    0.00222                                mtd12
     166   0.947   -28.51555    0.00219                                gc
     167   0.950   -28.51555    0.00218                                gc
     168   0.964   -28.51553    0.00213                                gc
     169   0.964   -28.51553    0.00213                                gc
     170   0.953   -28.51554    0.00217                                mtd2
     171   0.955   -28.51554    0.00216                                gc
     172   0.958   -28.51554    0.00215                                gc
     173   0.959   -28.51554    0.00215                                gc
     174   0.960   -28.51553    0.00214    0.00428      36       2     mtd6
     175   0.961   -28.51553    0.00214                                gc
     176   1.005   -28.51546    0.00198    0.01348      37       7     gc
     177   1.035   -28.51541    0.00189                                gc
     178   1.044   -28.51540    0.00186                                gc
     179   1.039   -28.51541    0.00187                                gc
     180   1.006   -28.51546    0.00198                                gc
     181   1.007   -28.51546    0.00198                                gc
     182   1.025   -28.51543    0.00192                                md5
     183   1.030   -28.51542    0.00190    0.00571      38       3     gc
     184   1.030   -28.51542    0.00190                                gc
     185   1.030   -28.51542    0.00190                                gc
     186   1.039   -28.51541    0.00187    0.00187      39       1     gc
     187   1.065   -28.51537    0.00179    0.01053      40       6     gc
     188   1.067   -28.51536    0.00179                                gc
     189   1.069   -28.51536    0.00178                                gc
     190   1.090   -28.51533    0.00172                                gc
     191   1.100   -28.51531    0.00169                                gc
     192   1.076   -28.51535    0.00176                                gc
     193   1.079   -28.51534    0.00175    0.00857      41       5     gc
     194   1.089   -28.51533    0.00172                                gc
     195   1.101   -28.51531    0.00169                                gc
     196   1.093   -28.51532    0.00171                                gc
     197   1.097   -28.51532    0.00170                                mtd2
     198   1.098   -28.51531    0.00170    0.00339      42       2     gc
     199   1.099   -28.51531    0.00169                                gc
     200   1.122   -28.51528    0.00163    0.00645      43       4     mtd4
     201   1.124   -28.51527    0.00162                                gc
     202   1.140   -28.51525    0.00158                                gc
     203   1.128   -28.51527    0.00161                                gc
     204   1.136   -28.51525    0.00159    0.00159      44       1     gc
     205   1.146   -28.51524    0.00156    0.00311      45       2     gc
     206   1.152   -28.51523    0.00155                                gc
     207   1.155   -28.51522    0.00154    0.01216      46       8     gc
     208   1.155   -28.51522    0.00154                                gc
     209   1.163   -28.51521    0.00152                                gc
     210   1.165   -28.51521    0.00151                                gc
     211   1.170   -28.51520    0.00150                                gc
     212   1.169   -28.51520    0.00151                                gc
     213   1.147   -28.51524    0.00156                                gc
     214   1.182   -28.51518    0.00147                                gc
     215   1.169   -28.51520    0.00150    0.00736      47       5     gc
     216   1.169   -28.51520    0.00150                                gc
     217   1.170   -28.51520    0.00150                                gc
     218   1.193   -28.51516    0.00145                                gc
     219   1.210   -28.51514    0.00141                                gc
     220   1.210   -28.51514    0.00140    0.00586      48       4     gc
     221   1.172   -28.51520    0.00150                                gc
     222   1.186   -28.51517    0.00146                                gc
     223   1.173   -28.51519    0.00149                                gc
     224   1.175   -28.51519    0.00149    0.00290      49       2     gc
     225   1.208   -28.51514    0.00141                                gc
     226   1.188   -28.51517    0.00146    0.00146      50       1     gc
     227   1.189   -28.51517    0.00146    0.00146      51       1     gc
     228   1.218   -28.51512    0.00138    0.00413      52       3     mtd7
     229   1.229   -28.51511    0.00136                                gc
     230   1.220   -28.51512    0.00138                                gc
     231   1.223   -28.51512    0.00137    0.00273      53       2     gc
     232   1.232   -28.51510    0.00135                                gc
     233   1.243   -28.51508    0.00133    0.00133      54       1     gc
     234   1.244   -28.51508    0.00133    0.00133      55       1     gc
     235   1.255   -28.51506    0.00130    0.00258      56       2     gc
     236   1.267   -28.51504    0.00128                                gc
     237   1.279   -28.51503    0.00125    0.00125      57       1     md6
     238   1.315   -28.51497    0.00118    0.00118      58       1     gc
     239   1.336   -28.51493    0.00113    0.00113      59       1     gc
     240   1.357   -28.51490    0.00110    0.00110      60       1     gc
     241   1.413   -28.51481    0.00100    0.00777      61       8     gc
     242   1.421   -28.51480    0.00098                                gc
     243   1.423   -28.51480    0.00098                                gc
     244   1.440   -28.51477    0.00095                                gc
     245   1.423   -28.51480    0.00098                                gc
     246   1.442   -28.51477    0.00095                                gc
     247   1.432   -28.51478    0.00097                                gc
     248   1.437   -28.51477    0.00096                                mtd7
     249   1.437   -28.51477    0.00096    0.00376      62       4     gc
     250   1.438   -28.51477    0.00096                                gc
     251   1.447   -28.51476    0.00094                                gc
     252   1.472   -28.51472    0.00090                                gc
     253   1.467   -28.51473    0.00091    0.00091      63       1     gc
     254   1.497   -28.51468    0.00087    0.00172      64       2     gc
     255   1.503   -28.51467    0.00086                                gc
     256   1.545   -28.51460    0.00080    0.00472      65       6     gc
     257   1.545   -28.51460    0.00080                                gc
     258   1.560   -28.51458    0.00078                                gc
     259   1.561   -28.51458    0.00078                                gc
     260   1.564   -28.51457    0.00077                                gc
     261   1.546   -28.51460    0.00080                                gc
     262   1.565   -28.51457    0.00077    0.00833      66      11     gc
     263   1.555   -28.51459    0.00079                                gc
     264   1.555   -28.51459    0.00078                                gc
     265   1.557   -28.51458    0.00078                                gc
     266   1.584   -28.51454    0.00075                                gc
     267   1.585   -28.51454    0.00075                                gc
     268   1.588   -28.51453    0.00074                                gc
     269   1.588   -28.51453    0.00074                                gc
     270   1.588   -28.51453    0.00074                                gc
     271   1.589   -28.51453    0.00074                                gc
     272   1.590   -28.51453    0.00074                                gc
     273   1.596   -28.51452    0.00073    0.00144      67       2     mtd14
     274   1.618   -28.51449    0.00071                                gc
     275   1.631   -28.51446    0.00069    0.00202      68       3     mtd7
     276   1.653   -28.51443    0.00067                                gc
     277   1.654   -28.51443    0.00066                                gc
     278   1.662   -28.51442    0.00066    0.00267      69       4     gc
     279   1.663   -28.51441    0.00065                                md5
     280   1.635   -28.51446    0.00069                                gc
     281   1.643   -28.51445    0.00068                                gc
     282   1.668   -28.51441    0.00065    0.00194      70       3     gc
     283   1.671   -28.51440    0.00065                                gc
     284   1.673   -28.51440    0.00064                                gc
     285   1.715   -28.51433    0.00060    0.00060      71       1     gc
     286   1.742   -28.51429    0.00057    0.00057      72       1     gc
     287   1.754   -28.51427    0.00056    0.00218      73       4     gc
     288   1.775   -28.51424    0.00054                                gc
     289   1.788   -28.51421    0.00053                                gc
     290   1.765   -28.51425    0.00055                                gc
     291   1.771   -28.51424    0.00055    0.00162      74       3     gc
     292   1.789   -28.51421    0.00053                                gc
     293   1.771   -28.51424    0.00054                                gc
     294   1.779   -28.51423    0.00054    0.00054      75       1     gc
     295   1.785   -28.51422    0.00053    0.00053      76       1     gc
     296   1.794   -28.51421    0.00053    0.00053      77       1     gc
     297   1.808   -28.51418    0.00051    0.00051      78       1     gc
     298   1.848   -28.51412    0.00048    0.00698      79      15     gc
     299   1.851   -28.51411    0.00048                                gc
     300   1.854   -28.51411    0.00047                                gc
     301   1.862   -28.51410    0.00047                                gc
     302   1.865   -28.51409    0.00047                                gc
     303   1.866   -28.51409    0.00046                                gc
     304   1.866   -28.51409    0.00046                                gc
     305   1.867   -28.51409    0.00046                                gc
     306   1.874   -28.51408    0.00046                                gc
     307   1.875   -28.51408    0.00046                                gc
     308   1.868   -28.51409    0.00046                                gc
     309   1.868   -28.51409    0.00046                                gc
     310   1.869   -28.51409    0.00046                                gc
     311   1.880   -28.51407    0.00045                                gc
     312   1.870   -28.51408    0.00046                                gc
     313   1.870   -28.51408    0.00046    0.00316      80       7     gc
     314   1.871   -28.51408    0.00046                                gc
     315   1.872   -28.51408    0.00046                                gc
     316   1.884   -28.51406    0.00045                                gc
     317   1.888   -28.51405    0.00045                                gc
     318   1.891   -28.51405    0.00045                                gc
     319   1.905   -28.51403    0.00043                                gc
     320   1.929   -28.51399    0.00042    0.00083      81       2     gc
     321   1.935   -28.51398    0.00041                                gc
     322   1.980   -28.51391    0.00038    0.00187      82       5     gc
     323   1.994   -28.51389    0.00037                                gc
     324   1.995   -28.51389    0.00037                                gc
     325   1.996   -28.51388    0.00037                                gc
     326   2.007   -28.51387    0.00037                                gc
     327   2.009   -28.51386    0.00036    0.00073      83       2     gc
     328   2.013   -28.51386    0.00036                                gc
     329   2.103   -28.51371    0.00031    0.00062      84       2     mtd2
     330   2.118   -28.51369    0.00030                                mtd2
     331   2.112   -28.51370    0.00031    0.00031      85       1     mtd4
     332   2.151   -28.51364    0.00029    0.00195      86       7     gc
     333   2.153   -28.51363    0.00029                                gc
     334   2.164   -28.51362    0.00028                                mtd10
     335   2.169   -28.51361    0.00028                                gc
     336   2.180   -28.51359    0.00027                                gc
     337   2.183   -28.51358    0.00027                                gc
     338   2.189   -28.51358    0.00027                                gc
     339   2.169   -28.51361    0.00028    0.00056      87       2     gc
     340   2.174   -28.51360    0.00028                                gc
     341   2.191   -28.51357    0.00027    0.00080      88       3     gc
     342   2.206   -28.51355    0.00026                                gc
     343   2.178   -28.51359    0.00027                                gc
     344   2.191   -28.51357    0.00027    0.00027      89       1     gc
     345   2.219   -28.51353    0.00026    0.00050      90       2     gc
     346   2.255   -28.51347    0.00024                                gc
     347   2.294   -28.51341    0.00023    0.00023      91       1     gc
     348   2.315   -28.51337    0.00022    0.00043      92       2     gc
     349   2.336   -28.51334    0.00021                                gc
     350   2.345   -28.51333    0.00021    0.00021      93       1     gc
     351   2.419   -28.51321    0.00018    0.00018      94       1     gc
     352   2.432   -28.51319    0.00018    0.00087      95       5     gc
     353   2.437   -28.51318    0.00018                                gc
     354   2.459   -28.51314    0.00017                                gc
     355   2.449   -28.51316    0.00017                                gc
     356   2.452   -28.51316    0.00017                                gc
     357   2.457   -28.51315    0.00017    0.00117      96       7     gc
     358   2.464   -28.51314    0.00017                                gc
     359   2.467   -28.51313    0.00017                                gc
     360   2.472   -28.51312    0.00017                                gc
     361   2.472   -28.51312    0.00017                                gc
     362   2.485   -28.51310    0.00016                                gc
     363   2.486   -28.51310    0.00016                                gc
     364   2.520   -28.51305    0.00015    0.00104      97       7     gc
     365   2.522   -28.51304    0.00015                                gc
     366   2.540   -28.51302    0.00015                                gc
     367   2.550   -28.51300    0.00015                                gc
     368   2.551   -28.51300    0.00015                                gc
     369   2.558   -28.51299    0.00014                                gc
     370   2.560   -28.51298    0.00014                                gc
     371   2.576   -28.51296    0.00014    0.00027      98       2     gc
     372   2.610   -28.51290    0.00013                                mtd2
     373   2.606   -28.51291    0.00013    0.00065      99       5     gc
     374   2.611   -28.51290    0.00013                                gc
     375   2.624   -28.51288    0.00013                                gc
     376   2.628   -28.51288    0.00013                                gc
     377   2.641   -28.51286    0.00013                                gc
     378   2.628   -28.51288    0.00013    0.00013     100       1     mtd2
     379   2.648   -28.51284    0.00012    0.00012     101       1     gc
     380   2.673   -28.51280    0.00012    0.00012     102       1     mtd2
     381   2.689   -28.51278    0.00012    0.00067     103       6     gc
     382   2.728   -28.51272    0.00011                                gc
     383   2.704   -28.51275    0.00011                                gc
     384   2.731   -28.51271    0.00011                                gc
     385   2.711   -28.51274    0.00011                                gc
     386   2.715   -28.51274    0.00011                                gc
     387   2.722   -28.51273    0.00011    0.00033     104       3     gc
     388   2.726   -28.51272    0.00011                                gc
     389   2.738   -28.51270    0.00011                                gc
     390   2.761   -28.51266    0.00010    0.00040     105       4     gc
     391   2.781   -28.51263    0.00010                                gc
     392   2.786   -28.51262    0.00010                                gc
     393   2.791   -28.51262    0.00010                                gc
     394   2.762   -28.51266    0.00010    0.00010     106       1     gc
     395   2.766   -28.51266    0.00010    0.00010     107       1     gc
     396   2.778   -28.51264    0.00010    0.00010     108       1     gc
     397   2.815   -28.51258    0.00009    0.00037     109       4     gc
     398   2.818   -28.51257    0.00009                                gc
     399   2.824   -28.51256    0.00009                                gc
     400   2.825   -28.51256    0.00009                                gc
     401   2.826   -28.51256    0.00009    0.00046     110       5     gc
     402   2.819   -28.51257    0.00009                                gc
     403   2.833   -28.51255    0.00009                                gc
     404   2.844   -28.51253    0.00009                                gc
     405   2.824   -28.51256    0.00009                                gc
     406   2.861   -28.51251    0.00009    0.00034     111       4     gc
     407   2.861   -28.51250    0.00009                                gc
     408   2.879   -28.51248    0.00008                                gc
     409   2.890   -28.51246    0.00008                                gc
     410   2.897   -28.51245    0.00008    0.00016     112       2     gc
     411   2.913   -28.51242    0.00008                                gc
     412   2.924   -28.51240    0.00008    0.00016     113       2     gc
     413   2.910   -28.51243    0.00008                                gc
     414   2.956   -28.51235    0.00007    0.00029     114       4     gc
     415   2.956   -28.51235    0.00007                                gc
     416   2.958   -28.51235    0.00007                                gc
     417   2.969   -28.51233    0.00007                                gc
     418   2.971   -28.51233    0.00007    0.00007     115       1     gc
     419   2.986   -28.51231    0.00007    0.00007     116       1     gc
     420   3.018   -28.51225    0.00007    0.00007     117       1     gc
     421   3.021   -28.51225    0.00007    0.00033     118       5     gc
     422   3.022   -28.51225    0.00007                                gc
     423   3.031   -28.51223    0.00007                                gc
     424   3.035   -28.51223    0.00006                                gc
     425   3.038   -28.51222    0.00006                                gc
     426   3.072   -28.51217    0.00006    0.00006     119       1     gc
     427   3.089   -28.51214    0.00006    0.00023     120       4     gc
     428   3.089   -28.51214    0.00006                                gc
     429   3.099   -28.51213    0.00006                                gc
     430   3.105   -28.51212    0.00006                                gc
     431   3.112   -28.51210    0.00006    0.00061     121      11     gc
     432   3.112   -28.51210    0.00006                                gc
     433   3.116   -28.51210    0.00006                                gc
     434   3.134   -28.51207    0.00005                                gc
     435   3.117   -28.51210    0.00006                                gc
     436   3.117   -28.51210    0.00006                                gc
     437   3.126   -28.51208    0.00006                                gc
     438   3.127   -28.51208    0.00006                                gc
     439   3.129   -28.51208    0.00006                                gc
     440   3.133   -28.51207    0.00005                                gc
     441   3.141   -28.51206    0.00005                                gc
     442   3.143   -28.51206    0.00005    0.00005     122       1     gc
     443   3.133   -28.51207    0.00005    0.00005     123       1     gc
     444   3.134   -28.51207    0.00005    0.00016     124       3     gc
     445   3.147   -28.51205    0.00005                                mtd10
     446   3.174   -28.51201    0.00005                                gc
     447   3.186   -28.51199    0.00005    0.00005     125       1     gc
     448   3.203   -28.51196    0.00005    0.00005     126       1     gc
     449   3.274   -28.51185    0.00004    0.00038     127       9     gc
     450   3.301   -28.51180    0.00004                                gc
     451   3.274   -28.51185    0.00004                                gc
     452   3.280   -28.51184    0.00004                                gc
     453   3.281   -28.51184    0.00004                                gc
     454   3.285   -28.51183    0.00004                                gc
     455   3.286   -28.51183    0.00004                                gc
     456   3.294   -28.51181    0.00004                                gc
     457   3.295   -28.51181    0.00004                                gc
     458   3.300   -28.51180    0.00004    0.00004     128       1     gc
     459   3.353   -28.51172    0.00004    0.00011     129       3     gc
     460   3.354   -28.51172    0.00004                                gc
     461   3.362   -28.51171    0.00004                                gc
     462   3.370   -28.51169    0.00004    0.00004     130       1     gc
     463   3.463   -28.51155    0.00003    0.00003     131       1     gc
     464   3.528   -28.51144    0.00003    0.00003     132       1     gc
     465   3.580   -28.51136    0.00003    0.00005     133       2     md6
     466   3.589   -28.51135    0.00003                                mtd2
     467   3.670   -28.51122    0.00002    0.00002     134       1     gc
     468   3.671   -28.51121    0.00002    0.00013     135       6     gc
     469   3.688   -28.51119    0.00002                                gc
     470   3.678   -28.51120    0.00002                                gc
     471   3.686   -28.51119    0.00002                                gc
     472   3.687   -28.51119    0.00002                                gc
     473   3.688   -28.51119    0.00002                                gc
     474   3.687   -28.51119    0.00002    0.00002     136       1     gc
     475   3.687   -28.51119    0.00002    0.00004     137       2     gc
     476   3.702   -28.51116    0.00002                                gc
     477   3.813   -28.51099    0.00002    0.00002     138       1     gc
     478   4.213   -28.51035    0.00001    0.00003     139       3     gc
     479   4.227   -28.51033    0.00001                                gc
     480   4.230   -28.51032    0.00001                                gc
     481   4.493   -28.50990    0.00001    0.00001     140       2     gc
     482   4.517   -28.50986    0.00001                                gc
     483   4.494   -28.50990    0.00001    0.00001     141       1     mtd2
     484   4.800   -28.50942    0.00000    0.00001     142       2     mtd2
     485   4.833   -28.50936    0.00000                                gc
     486   5.258   -28.50869    0.00000    0.00000     143       1     md6
     487   5.388   -28.50848    0.00000    0.00000     144       1     mtd6
     488   5.453   -28.50837    0.00000    0.00000     145       1     mtd7
     489   5.554   -28.50821    0.00000    0.00000     146       1     mtd3
     490   5.568   -28.50819    0.00000    0.00000     147       2     mtd10
     491   5.599   -28.50814    0.00000                                mtd10
     492   5.732   -28.50793    0.00000    0.00000     148       1     mtd7
     493   5.971   -28.50755    0.00000    0.00000     149       1     mtd2
     494   5.978   -28.50754    0.00000    0.00000     150       1     md7
T /K                                  :   298.15
E lowest                              :   -28.51706
ensemble average energy (kcal)        :    0.599
ensemble entropy (J/mol K, cal/mol K) :   46.049   11.006
ensemble free energy (kcal/mol)       :   -3.281
population of lowest in %             :   18.730
 number of unique conformers for further calc          150
 list of relative energies saved as "crest.energies"

 -----------------
 Wall Time Summary
 -----------------
             test MD wall time :         0h : 0m : 0s
                 MTD wall time :         0h : 0m : 8s
      multilevel OPT wall time :         0h : 0m :24s
                  MD wall time :         0h : 0m : 7s
                  GC wall time :         0h : 0m : 8s
--------------------
Overall wall time  : 0h : 0m :54s

 CREST terminated normally.
