
       ==============================================
       |                                            |
       |                 C R E S T                  |
       |                                            |
       |  Conformer-Rotamer Ensemble Sampling Tool  |
       |          based on the GFN methods          |
       |             P.Pracht, S.Grimme             |
       |          Universitaet Bonn, MCTC           |
       ==============================================
       Version 2.12,   Thu 19. Mai 16:32:32 CEST 2022
  Using the xTB program. Compatible with xTB version 6.4.0

   Cite work conducted with this code as

   • P.Pracht, F.Bohle, S.Grimme, PCCP, 2020, 22, 7169-7192.
   • S.Grimme, JCTC, 2019, 15, 2847-2862.

   and for works involving QCG as

   • S.Spicher, C.Plett, P.Pracht, A.Hansen, S.Grimme,
     JCTC, 2022, 18 (5), 3174-3189.

   with help from:
   C.Bannwarth, F.Bohle, S.Ehlert, S.Grimme,
   C.Plett, P.Pracht, S.Spicher

   This program is distributed in the hope that it will be useful,
   but WITHOUT ANY WARRANTY; without even the implied warranty of
   MERCHANTABILITY or FITNESS FOR A PARTICULAR PURPOSE.

 Command line input:
 > crest xtbopt.xyz --gfn2//gfnff --chrg 1 --uhf 0 --cbonds --alpb water -T 128

  -gfn2//gfnff : energy reweighting
  --chrg 1
  --uhf 0
  --alpb water : implicit solvation
  -T 128 (CPUs/Threads selected)

 -------------------------
 xTB Geometry Optimization
 -------------------------
 Geometry successfully optimized.

------------------------------------------------
Generating MTD length from a flexibility measure
------------------------------------------------
 Calculating WBOs... done.
 Calculating NCI flexibility... done.
     covalent flexibility measure :   0.307
 non-covalent flexibility measure :   0.799
 flexibility measure :   0.375
 t(MTD) / ps    :     6.0
 Σ(t(MTD)) / ps :    84.0 (14 MTDs)

-------------------------------------
Starting a trial MTD to test settings
-------------------------------------
 Estimated runtime for one MTD (6.0 ps) on a single thread: 13 min 25 sec
 Estimated runtime for a batch of 14 MTDs on 128 threads: 1 min 29 sec

 list of Vbias parameters applied:
$metadyn    0.00300   1.300
$metadyn    0.00150   1.300
$metadyn    0.00075   1.300
$metadyn    0.00300   0.780
$metadyn    0.00150   0.780
$metadyn    0.00075   0.780
$metadyn    0.00300   0.468
$metadyn    0.00150   0.468
$metadyn    0.00075   0.468
$metadyn    0.00300   0.281
$metadyn    0.00150   0.281
$metadyn    0.00075   0.281
$metadyn    0.00100   0.100
$metadyn    0.00500   0.800

*******************************************************************************************
**                        N E W    I T E R A T I O N    C Y C L E                        **
*******************************************************************************************

========================================
            MTD Iteration  1
========================================

     ========================================
     |         Meta-MD (MTD) Sampling       |
     ========================================

Starting Meta-MD   1 with the settings:
     MD time /ps        :     6.0
     dt /fs             :     2.0
     dumpstep(trj) /fs  :     100
     dumpstep(Vbias)/ps :     1.0
     Vbias factor k /Eh :  0.0810
     Vbias exp α /bohr⁻²:    1.30
Starting Meta-MD   2 with the settings:
     MD time /ps        :     6.0
     dt /fs             :     2.0
     dumpstep(trj) /fs  :     100
     dumpstep(Vbias)/ps :     1.0
     Vbias factor k /Eh :  0.0405
     Vbias exp α /bohr⁻²:    1.30
Starting Meta-MD   4 with the settings:
     MD time /ps        :     6.0
     dt /fs             :     2.0
     dumpstep(trj) /fs  :     100
     dumpstep(Vbias)/ps :     1.0
     Vbias factor k /Eh :  0.0810
     Vbias exp α /bohr⁻²:    0.78
Starting Meta-MD   3 with the settings:
     MD time /ps        :     6.0
     dt /fs             :     2.0
     dumpstep(trj) /fs  :     100
     dumpstep(Vbias)/ps :     1.0
     Vbias factor k /Eh :  0.0203
     Vbias exp α /bohr⁻²:    1.30
Starting Meta-MD   5 with the settings:
     MD time /ps        :     6.0
     dt /fs             :     2.0
     dumpstep(trj) /fs  :     100
     dumpstep(Vbias)/ps :     1.0
     Vbias factor k /Eh :  0.0405
     Vbias exp α /bohr⁻²:    0.78
Starting Meta-MD   6 with the settings:
     MD time /ps        :     6.0
     dt /fs             :     2.0
     dumpstep(trj) /fs  :     100
     dumpstep(Vbias)/ps :     1.0
     Vbias factor k /Eh :  0.0203
     Vbias exp α /bohr⁻²:    0.78
Starting Meta-MD   7 with the settings:
     MD time /ps        :     6.0
     dt /fs             :     2.0
     dumpstep(trj) /fs  :     100
     dumpstep(Vbias)/ps :     1.0
     Vbias factor k /Eh :  0.0810
     Vbias exp α /bohr⁻²:    0.47
Starting Meta-MD   8 with the settings:
     MD time /ps        :     6.0
     dt /fs             :     2.0
     dumpstep(trj) /fs  :     100
     dumpstep(Vbias)/ps :     1.0
     Vbias factor k /Eh :  0.0405
     Vbias exp α /bohr⁻²:    0.47
Starting Meta-MD   9 with the settings:
     MD time /ps        :     6.0
     dt /fs             :     2.0
     dumpstep(trj) /fs  :     100
     dumpstep(Vbias)/ps :     1.0
     Vbias factor k /Eh :  0.0203
     Vbias exp α /bohr⁻²:    0.47
Starting Meta-MD  10 with the settings:
     MD time /ps        :     6.0
     dt /fs             :     2.0
     dumpstep(trj) /fs  :     100
     dumpstep(Vbias)/ps :     1.0
     Vbias factor k /Eh :  0.0810
     Vbias exp α /bohr⁻²:    0.28
Starting Meta-MD  11 with the settings:
     MD time /ps        :     6.0
     dt /fs             :     2.0
     dumpstep(trj) /fs  :     100
     dumpstep(Vbias)/ps :     1.0
     Vbias factor k /Eh :  0.0405
     Vbias exp α /bohr⁻²:    0.28
Starting Meta-MD  12 with the settings:
     MD time /ps        :     6.0
     dt /fs             :     2.0
     dumpstep(trj) /fs  :     100
     dumpstep(Vbias)/ps :     1.0
     Vbias factor k /Eh :  0.0203
     Vbias exp α /bohr⁻²:    0.28
Starting Meta-MD  14 with the settings:
     MD time /ps        :     6.0
     dt /fs             :     2.0
     dumpstep(trj) /fs  :     100
     dumpstep(Vbias)/ps :     1.0
     Vbias factor k /Eh :  0.1350
     Vbias exp α /bohr⁻²:    0.80
Starting Meta-MD  13 with the settings:
     MD time /ps        :     6.0
     dt /fs             :     2.0
     dumpstep(trj) /fs  :     100
     dumpstep(Vbias)/ps :     1.0
     Vbias factor k /Eh :  0.0270
     Vbias exp α /bohr⁻²:    0.10
*Meta-MTD 12 finished*
*Meta-MTD 2 finished*
*Meta-MTD 7 finished*
*Meta-MTD 5 finished*
*Meta-MTD 3 finished*
*Meta-MTD 9 finished*
*Meta-MTD 11 finished*
*Meta-MTD 13 finished*
*Meta-MTD 6 finished*
*Meta-MTD 8 finished*
*Meta-MTD 4 finished*
*Meta-MTD 14 finished*
*Meta-MTD 1 finished*
*Meta-MTD 10 finished*

-----------------------
Multilevel Optimization
-----------------------

 -------------------------
 1. crude pre-optimization
 -------------------------
 Optimizing all 826 structures from file "crest_rotamers_0.xyz" ...
 1 2 3 4 5 6 7 8 9 10 11 12 13 14 15 16 17 18 19 20 21 22 23 24 25 26 27 28 29 30 31 32 33 34 35 36 37 38 39 40 41 42 43 44 45 46 47 48 49 50 51 52 53 54 55 56 57 58 59 60 61 62 63 64 65 66 67 68 69 70 71 72 73 74 75 76 77 78 79 80 81 82 83 84 85 86 87 88 89 90 91 92 93 94 95 96 97 98 99 100 101 102 103 104 105 106 107 108 109 110 111 112 113 114 115 116 117 118 119 120 121 122 123 124 125 126 127 128 129 130 131 132 133 134 135 136 137 138 139 140 141 142 143 144 145 146 147 148 149 150 151 152 153 154 155 156 157 158 159 160 161 162 163 164 165 166 167 168 169 170 171 172 173 174 175 176 177 178 179 180 181 182 183 184 185 186 187 188 189 190 191 192 193 194 195 196 197 198 199 200 201 202 203 204 205 206 207 208 209 210 211 212 213 214 215 216 217 218 219 220 221 222 223 224 225 226 227 228 229 230 231 232 233 234 235 236 237 238 239 240 241 242 243 244 245 246 247 248 249 250 251 252 253 254 255 256 257 258 259 260 261 262 263 264 265 266 267 268 269 270 271 272 273 274 275 276 277 278 279 280 281 282 283 284 285 286 287 288 289 290 291 292 293 294 295 296 297 298 299 300 301 302 303 304 305 306 307 308 309 310 311 312 313 314 315 316 317 318 319 320 321 322 323 324 325 326 327 328 329 330 331 332 333 334 335 336 337 338 339 340 341 342 343 344 345 346 347 348 349 350 351 352 353 354 355 356 357 358 359 360 361 362 363 364 365 366 367 368 369 370 371 372 373 374 375 376 377 378 379 380 381 382 383 384 385 386 387 388 389 390 391 392 393 394 395 396 397 398 399 400 401 402 403 404 405 406 407 408 409 410 411 412 413 414 415 416 417 418 419 420 421 422 423 424 425 426 427 428 429 430 431 432 433 434 435 436 437 438 439 440 441 442 443 444 445 446 447 448 449 450 451 452 453 454 455 456 457 458 459 460 461 462 463 464 465 466 467 468 469 470 471 472 473 474 475 476 477 478 479 480 481 482 483 484 485 486 487 488 489 490 491 492 493 494 495 496 497 498 499 500 501 502 503 504 505 506 507 508 509 510 511 512 513 514 515 516 517 518 519 520 521 522 523 524 525 526 527 528 529 530 531 532 533 534 535 536 537 538 539 540 541 542 543 544 545 546 547 548 549 550 551 552 553 554 555 556 557 558 559 560 561 562 563 564 565 566 567 568 569 570 571 572 573 574 575 576 577 578 579 580 581 582 583 584 585 586 587 588 589 590 591 592 593 594 595 596 597 598 599 600 601 602 603 604 605 606 607 608 609 610 611 612 613 614 615 616 617 618 619 620 621 622 623 624 625 626 627 628 629 630 631 632 633 634 635 636 637 638 639 640 641 642 643 644 645 646 647 648 649 650 651 652 653 654 655 656 657 658 659 660 661 662 663 664 665 666 667 668 669 670 671 672 673 674 675 676 677 678 679 680 681 682 683 684 685 686 687 688 689 690 691 692 693 694 695 696 697 698 699 700 701 702 703 704 705 706 707 708 709 710 711 712 713 714 715 716 717 718 719 720 721 722 723 724 725 726 727 728 729 730 731 732 733 734 735 736 737 738 739 740 741 742 743 744 745 746 747 748 749 750 751 752 753 754 755 756 757 758 759 760 761 762 763 764 765 766 767 768 769 770 771 772 773 774 775 776 777 778 779 780 781 782 783 784 785 786 787 788 789 790 791 792 793 794 795 796 797 798 799 800 801 802 803 804 805 806 807 808 809 810 811 812 813 814 815 816 817 818 819 820 821 822 823 824 825 826
 done.
 running RMSDs...
 done.
 E lowest :   -36.06319
 443 structures remain within    12.00 kcal/mol window

 -------------------------------------
 2. optimization with tight thresholds
 -------------------------------------
 Optimizing all 444 structures from file "crest_rotamers_1.xyz" ...
 1 2 3 4 5 6 7 8 9 10 11 12 13 14 15 16 17 18 19 20 21 22 23 24 25 26 27 28 29 30 31 32 33 34 35 36 37 38 39 40 41 42 43 44 45 46 47 48 49 50 51 52 53 54 55 56 57 58 59 60 61 62 63 64 65 66 67 68 69 70 71 72 73 74 75 76 77 78 79 80 81 82 83 84 85 86 87 88 89 90 91 92 93 94 95 96 97 98 99 100 101 102 103 104 105 106 107 108 109 110 111 112 113 114 115 116 117 118 119 120 121 122 123 124 125 126 127 128 129 130 131 132 133 134 135 136 137 138 139 140 141 142 143 144 145 146 147 148 149 150 151 152 153 154 155 156 157 158 159 160 161 162 163 164 165 166 167 168 169 170 171 172 173 174 175 176 177 178 179 180 181 182 183 184 185 186 187 188 189 190 191 192 193 194 195 196 197 198 199 200 201 202 203 204 205 206 207 208 209 210 211 212 213 214 215 216 217 218 219 220 221 222 223 224 225 226 227 228 229 230 231 232 233 234 235 236 237 238 239 240 241 242 243 244 245 246 247 248 249 250 251 252 253 254 255 256 257 258 259 260 261 262 263 264 265 266 267 268 269 270 271 272 273 274 275 276 277 278 279 280 281 282 283 284 285 286 287 288 289 290 291 292 293 294 295 296 297 298 299 300 301 302 303 304 305 306 307 308 309 310 311 312 313 314 315 316 317 318 319 320 321 322 323 324 325 326 327 328 329 330 331 332 333 334 335 336 337 338 339 340 341 342 343 344 345 346 347 348 349 350 351 352 353 354 355 356 357 358 359 360 361 362 363 364 365 366 367 368 369 370 371 372 373 374 375 376 377 378 379 380 381 382 383 384 385 386 387 388 389 390 391 392 393 394 395 396 397 398 399 400 401 402 403 404 405 406 407 408 409 410 411 412 413 414 415 416 417 418 419 420 421 422 423 424 425 426 427 428 429 430 431 432 433 434 435 436 437 438 439 440 441 442 443 444
 done.
 running RMSDs...
 done.
 E lowest :   -36.06374
 47 structures remain within     6.00 kcal/mol window


========================================
            MTD Iteration  2
========================================

     ========================================
     |         Meta-MD (MTD) Sampling       |
     ========================================

Starting Meta-MD   2 with the settings:
     MD time /ps        :     6.0
     dt /fs             :     2.0
     dumpstep(trj) /fs  :     100
     dumpstep(Vbias)/ps :     1.0
     Vbias factor k /Eh :  0.0405
     Vbias exp α /bohr⁻²:    1.30
Starting Meta-MD   1 with the settings:
     MD time /ps        :     6.0
     dt /fs             :     2.0
     dumpstep(trj) /fs  :     100
     dumpstep(Vbias)/ps :     1.0
     Vbias factor k /Eh :  0.0810
     Vbias exp α /bohr⁻²:    1.30
Starting Meta-MD   3 with the settings:
     MD time /ps        :     6.0
     dt /fs             :     2.0
     dumpstep(trj) /fs  :     100
     dumpstep(Vbias)/ps :     1.0
     Vbias factor k /Eh :  0.0203
     Vbias exp α /bohr⁻²:    1.30
Starting Meta-MD   4 with the settings:
     MD time /ps        :     6.0
     dt /fs             :     2.0
     dumpstep(trj) /fs  :     100
     dumpstep(Vbias)/ps :     1.0
     Vbias factor k /Eh :  0.0810
     Vbias exp α /bohr⁻²:    0.78
Starting Meta-MD   5 with the settings:
     MD time /ps        :     6.0
     dt /fs             :     2.0
     dumpstep(trj) /fs  :     100
     dumpstep(Vbias)/ps :     1.0
     Vbias factor k /Eh :  0.0405
     Vbias exp α /bohr⁻²:    0.78
Starting Meta-MD   6 with the settings:
     MD time /ps        :     6.0
     dt /fs             :     2.0
     dumpstep(trj) /fs  :     100
     dumpstep(Vbias)/ps :     1.0
     Vbias factor k /Eh :  0.0203
     Vbias exp α /bohr⁻²:    0.78
Starting Meta-MD   7 with the settings:
     MD time /ps        :     6.0
     dt /fs             :     2.0
     dumpstep(trj) /fs  :     100
     dumpstep(Vbias)/ps :     1.0
     Vbias factor k /Eh :  0.0810
     Vbias exp α /bohr⁻²:    0.47
Starting Meta-MD   8 with the settings:
     MD time /ps        :     6.0
     dt /fs             :     2.0
     dumpstep(trj) /fs  :     100
     dumpstep(Vbias)/ps :     1.0
     Vbias factor k /Eh :  0.0405
     Vbias exp α /bohr⁻²:    0.47
Starting Meta-MD  10 with the settings:
     MD time /ps        :     6.0
     dt /fs             :     2.0
     dumpstep(trj) /fs  :     100
     dumpstep(Vbias)/ps :     1.0
     Vbias factor k /Eh :  0.0810
     Vbias exp α /bohr⁻²:    0.28
Starting Meta-MD  12 with the settings:
     MD time /ps        :     6.0
     dt /fs             :     2.0
     dumpstep(trj) /fs  :     100
     dumpstep(Vbias)/ps :     1.0
     Vbias factor k /Eh :  0.0203
     Vbias exp α /bohr⁻²:    0.28
Starting Meta-MD  11 with the settings:
     MD time /ps        :     6.0
     dt /fs             :     2.0
     dumpstep(trj) /fs  :     100
     dumpstep(Vbias)/ps :     1.0
     Vbias factor k /Eh :  0.0405
     Vbias exp α /bohr⁻²:    0.28
Starting Meta-MD   9 with the settings:
     MD time /ps        :     6.0
     dt /fs             :     2.0
     dumpstep(trj) /fs  :     100
     dumpstep(Vbias)/ps :     1.0
     Vbias factor k /Eh :  0.0203
     Vbias exp α /bohr⁻²:    0.47
*Meta-MTD 3 finished*
*Meta-MTD 9 finished*
*Meta-MTD 8 finished*
*Meta-MTD 6 finished*
*Meta-MTD 10 finished*
*Meta-MTD 7 finished*
*Meta-MTD 2 finished*
*Meta-MTD 1 finished*
*Meta-MTD 11 finished*
*Meta-MTD 4 finished*
*Meta-MTD 5 finished*
*Meta-MTD 12 finished*

-----------------------
Multilevel Optimization
-----------------------

 -------------------------
 1. crude pre-optimization
 -------------------------
 Optimizing all 708 structures from file "crest_rotamers_0.xyz" ...
 1 2 3 4 5 6 7 8 9 10 11 12 13 14 15 16 17 18 19 20 21 22 23 24 25 26 27 28 29 30 31 32 33 34 35 36 37 38 39 40 41 42 43 44 45 46 47 48 49 50 51 52 53 54 55 56 57 58 59 60 61 62 63 64 65 66 67 68 69 70 71 72 73 74 75 76 77 78 79 80 81 82 83 84 85 86 87 88 89 90 91 92 93 94 95 96 97 98 99 100 101 102 103 104 105 106 107 108 109 110 111 112 113 114 115 116 117 118 119 120 121 122 123 124 125 126 127 128 129 130 131 132 133 134 135 136 137 138 139 140 141 142 143 144 145 146 147 148 149 150 151 152 153 154 155 156 157 158 159 160 161 162 163 164 165 166 167 168 169 170 171 172 173 174 175 176 177 178 179 180 181 182 183 184 185 186 187 188 189 190 191 192 193 194 195 196 197 198 199 200 201 202 203 204 205 206 207 208 209 210 211 212 213 214 215 216 217 218 219 220 221 222 223 224 225 226 227 228 229 230 231 232 233 234 235 236 237 238 239 240 241 242 243 244 245 246 247 248 249 250 251 252 253 254 255 256 257 258 259 260 261 262 263 264 265 266 267 268 269 270 271 272 273 274 275 276 277 278 279 280 281 282 283 284 285 286 287 288 289 290 291 292 293 294 295 296 297 298 299 300 301 302 303 304 305 306 307 308 309 310 311 312 313 314 315 316 317 318 319 320 321 322 323 324 325 326 327 328 329 330 331 332 333 334 335 336 337 338 339 340 341 342 343 344 345 346 347 348 349 350 351 352 353 354 355 356 357 358 359 360 361 362 363 364 365 366 367 368 369 370 371 372 373 374 375 376 377 378 379 380 381 382 383 384 385 386 387 388 389 390 391 392 393 394 395 396 397 398 399 400 401 402 403 404 405 406 407 408 409 410 411 412 413 414 415 416 417 418 419 420 421 422 423 424 425 426 427 428 429 430 431 432 433 434 435 436 437 438 439 440 441 442 443 444 445 446 447 448 449 450 451 452 453 454 455 456 457 458 459 460 461 462 463 464 465 466 467 468 469 470 471 472 473 474 475 476 477 478 479 480 481 482 483 484 485 486 487 488 489 490 491 492 493 494 495 496 497 498 499 500 501 502 503 504 505 506 507 508 509 510 511 512 513 514 515 516 517 518 519 520 521 522 523 524 525 526 527 528 529 530 531 532 533 534 535 536 537 538 539 540 541 542 543 544 545 546 547 548 549 550 551 552 553 554 555 556 557 558 559 560 561 562 563 564 565 566 567 568 569 570 571 572 573 574 575 576 577 578 579 580 581 582 583 584 585 586 587 588 589 590 591 592 593 594 595 596 597 598 599 600 601 602 603 604 605 606 607 608 609 610 611 612 613 614 615 616 617 618 619 620 621 622 623 624 625 626 627 628 629 630 631 632 633 634 635 636 637 638 639 640 641 642 643 644 645 646 647 648 649 650 651 652 653 654 655 656 657 658 659 660 661 662 663 664 665 666 667 668 669 670 671 672 673 674 675 676 677 678 679 680 681 682 683 684 685 686 687 688 689 690 691 692 693 694 695 696 697 698 699 700 701 702 703 704 705 706 707 708
 done.
 running RMSDs...
 done.
 E lowest :   -36.06351
 664 structures remain within    12.00 kcal/mol window

 -------------------------------------
 2. optimization with tight thresholds
 -------------------------------------
 Optimizing all 665 structures from file "crest_rotamers_1.xyz" ...
 1 2 3 4 5 6 7 8 9 10 11 12 13 14 15 16 17 18 19 20 21 22 23 24 25 26 27 28 29 30 31 32 33 34 35 36 37 38 39 40 41 42 43 44 45 46 47 48 49 50 51 52 53 54 55 56 57 58 59 60 61 62 63 64 65 66 67 68 69 70 71 72 73 74 75 76 77 78 79 80 81 82 83 84 85 86 87 88 89 90 91 92 93 94 95 96 97 98 99 100 101 102 103 104 105 106 107 108 109 110 111 112 113 114 115 116 117 118 119 120 121 122 123 124 125 126 127 128 129 130 131 132 133 134 135 136 137 138 139 140 141 142 143 144 145 146 147 148 149 150 151 152 153 154 155 156 157 158 159 160 161 162 163 164 165 166 167 168 169 170 171 172 173 174 175 176 177 178 179 180 181 182 183 184 185 186 187 188 189 190 191 192 193 194 195 196 197 198 199 200 201 202 203 204 205 206 207 208 209 210 211 212 213 214 215 216 217 218 219 220 221 222 223 224 225 226 227 228 229 230 231 232 233 234 235 236 237 238 239 240 241 242 243 244 245 246 247 248 249 250 251 252 253 254 255 256 257 258 259 260 261 262 263 264 265 266 267 268 269 270 271 272 273 274 275 276 277 278 279 280 281 282 283 284 285 286 287 288 289 290 291 292 293 294 295 296 297 298 299 300 301 302 303 304 305 306 307 308 309 310 311 312 313 314 315 316 317 318 319 320 321 322 323 324 325 326 327 328 329 330 331 332 333 334 335 336 337 338 339 340 341 342 343 344 345 346 347 348 349 350 351 352 353 354 355 356 357 358 359 360 361 362 363 364 365 366 367 368 369 370 371 372 373 374 375 376 377 378 379 380 381 382 383 384 385 386 387 388 389 390 391 392 393 394 395 396 397 398 399 400 401 402 403 404 405 406 407 408 409 410 411 412 413 414 415 416 417 418 419 420 421 422 423 424 425 426 427 428 429 430 431 432 433 434 435 436 437 438 439 440 441 442 443 444 445 446 447 448 449 450 451 452 453 454 455 456 457 458 459 460 461 462 463 464 465 466 467 468 469 470 471 472 473 474 475 476 477 478 479 480 481 482 483 484 485 486 487 488 489 490 491 492 493 494 495 496 497 498 499 500 501 502 503 504 505 506 507 508 509 510 511 512 513 514 515 516 517 518 519 520 521 522 523 524 525 526 527 528 529 530 531 532 533 534 535 536 537 538 539 540 541 542 543 544 545 546 547 548 549 550 551 552 553 554 555 556 557 558 559 560 561 562 563 564 565 566 567 568 569 570 571 572 573 574 575 576 577 578 579 580 581 582 583 584 585 586 587 588 589 590 591 592 593 594 595 596 597 598 599 600 601 602 603 604 605 606 607 608 609 610 611 612 613 614 615 616 617 618 619 620 621 622 623 624 625 626 627 628 629 630 631 632 633 634 635 636 637 638 639 640 641 642 643 644 645 646 647 648 649 650 651 652 653 654 655 656 657 658 659 660 661 662 663 664 665
 done.
 running RMSDs...
 done.
 E lowest :   -36.06375
 167 structures remain within     6.00 kcal/mol window

========================================
            MTD Iterations done         
========================================
 Collecting ensmbles.
 running RMSDs...
 done.
 E lowest :   -36.06375
 194 structures remain within     6.00 kcal/mol window

 -------------------------------
 Additional orientation sampling
 -------------------------------
 Optimizing all 79 structures from file "oh_ensemble.xyz" ...
 1 2 3 4 5 6 7 8 9 10 11 12 13 14 15 16 17 18 19 20 21 22 23 24 25 26 27 28 29 30 31 32 33 34 35 36 37 38 39 40 41 42 43 44 45 46 47 48 49 50 51 52 53 54 55 56 57 58 59 60 61 62 63 64 65 66 67 68 69 70 71 72 73 74 75 76 77 78 79
 done.
 running RMSDs...
 done.
 E lowest :   -36.06375
 194 structures remain within     6.00 kcal/mol window

-----------------------------------------------
Additional regular MDs on lowest 4 conformer(s)
-----------------------------------------------
Starting MD   1 with the settings:
     MD time /ps        :     3.0
     MD Temperature /K  :   400.0
     dt /fs             :     2.0
     dumpstep(trj) /fs  :     100
Starting MD   2 with the settings:
     MD time /ps        :     3.0
     MD Temperature /K  :   500.0
     dt /fs             :     2.0
     dumpstep(trj) /fs  :     100
Starting MD   3 with the settings:
     MD time /ps        :     3.0
     MD Temperature /K  :   400.0
     dt /fs             :     2.0
     dumpstep(trj) /fs  :     100
Starting MD   4 with the settings:
     MD time /ps        :     3.0
     MD Temperature /K  :   500.0
     dt /fs             :     2.0
     dumpstep(trj) /fs  :     100
Starting MD   5 with the settings:
     MD time /ps        :     3.0
     MD Temperature /K  :   400.0
     dt /fs             :     2.0
     dumpstep(trj) /fs  :     100
Starting MD   6 with the settings:
     MD time /ps        :     3.0
     MD Temperature /K  :   500.0
     dt /fs             :     2.0
     dumpstep(trj) /fs  :     100
Starting MD   7 with the settings:
     MD time /ps        :     3.0
     MD Temperature /K  :   400.0
     dt /fs             :     2.0
     dumpstep(trj) /fs  :     100
Starting MD   8 with the settings:
     MD time /ps        :     3.0
     MD Temperature /K  :   500.0
     dt /fs             :     2.0
     dumpstep(trj) /fs  :     100
*MD 5 finished*
*MD 6 finished*
*MD 7 finished*
*MD 3 finished*
*MD 2 finished*
*MD 4 finished*
*MD 8 finished*
*MD 1 finished*
 Appending file crest_rotamers_2.xyz with new structures

 -------------------------------------------
 Ensemble optimization with tight thresholds
 -------------------------------------------
 Optimizing all 426 structures from file "crest_rotamers_2.xyz" ...
 1 2 3 4 5 6 7 8 9 10 11 12 13 14 15 16 17 18 19 20 21 22 23 24 25 26 27 28 29 30 31 32 33 34 35 36 37 38 39 40 41 42 43 44 45 46 47 48 49 50 51 52 53 54 55 56 57 58 59 60 61 62 63 64 65 66 67 68 69 70 71 72 73 74 75 76 77 78 79 80 81 82 83 84 85 86 87 88 89 90 91 92 93 94 95 96 97 98 99 100 101 102 103 104 105 106 107 108 109 110 111 112 113 114 115 116 117 118 119 120 121 122 123 124 125 126 127 128 129 130 131 132 133 134 135 136 137 138 139 140 141 142 143 144 145 146 147 148 149 150 151 152 153 154 155 156 157 158 159 160 161 162 163 164 165 166 167 168 169 170 171 172 173 174 175 176 177 178 179 180 181 182 183 184 185 186 187 188 189 190 191 192 193 194 195 196 197 198 199 200 201 202 203 204 205 206 207 208 209 210 211 212 213 214 215 216 217 218 219 220 221 222 223 224 225 226 227 228 229 230 231 232 233 234 235 236 237 238 239 240 241 242 243 244 245 246 247 248 249 250 251 252 253 254 255 256 257 258 259 260 261 262 263 264 265 266 267 268 269 270 271 272 273 274 275 276 277 278 279 280 281 282 283 284 285 286 287 288 289 290 291 292 293 294 295 296 297 298 299 300 301 302 303 304 305 306 307 308 309 310 311 312 313 314 315 316 317 318 319 320 321 322 323 324 325 326 327 328 329 330 331 332 333 334 335 336 337 338 339 340 341 342 343 344 345 346 347 348 349 350 351 352 353 354 355 356 357 358 359 360 361 362 363 364 365 366 367 368 369 370 371 372 373 374 375 376 377 378 379 380 381 382 383 384 385 386 387 388 389 390 391 392 393 394 395 396 397 398 399 400 401 402 403 404 405 406 407 408 409 410 411 412 413 414 415 416 417 418 419 420 421 422 423 424 425 426
 done.
 running RMSDs...
 done.
 E lowest :   -36.06376
 191 structures remain within     6.00 kcal/mol window


     ========================================
     |        Structure Crossing (GC)       |
     ========================================
 =============================
  # threads =         128
 =============================
 input  file name : crest_rotamers_4.xyz
number of atoms                :    27
number of points on xyz files  :   191
conformer energy window  /kcal :    6.00
CN per atom difference cut-off :  0.3000
RMSD threshold                 :  0.2500
max. # of generated structures : 300
 reading xyz file ...
 # in E window                191
 generating pairs ...       18335
  92.7 % done
 generated pairs           :        8929
 number of clash discarded :        9216
 average rmsd w.r.t input  : 1.93236
 sd of ensemble            : 0.60690
 number of new structures      :          57
 removed identical structures  :         543
 writing           57  TMPCONF* dirs ...
 --------------------------
 GC: loose pre-optimization
 --------------------------
 Starting optimization of generated structures
 57 jobs to do.
 1 2 3 4 5 6 7 8 9 10 11 12 13 14 15 16 17 18 19 20 21 22 23 24 25 26 27 28 29 30 31 32 33 34 35 36 37 38 39 40 41 42 43 44 45 46 47 48 49 50 51 52 53 54 55 56 57 
 done.
 Now appending opt.xyz file with new structures
 running RMSDs...
 done.
 E lowest :   -36.06374
 56 structures remain within    10.00 kcal/mol window
 --------------------------------------
 GC: optimization with tight thresholds
 --------------------------------------
 Optimizing all 56 structures from file "crest_rotamers_1.xyz" ...
 1 2 3 4 5 6 7 8 9 10 11 12 13 14 15 16 17 18 19 20 21 22 23 24 25 26 27 28 29 30 31 32 33 34 35 36 37 38 39 40 41 42 43 44 45 46 47 48 49 50 51 52 53 54 55 56
 done.
 running RMSDs...
 done.
 E lowest :   -36.06376


   ================================================
   |           Final Geometry Optimization        |
   ================================================
 ------------------------------------------------
 Ensemble optimization with very tight thresholds
 ------------------------------------------------
 Optimizing all 210 structures from file "crest_rotamers_5.xyz" ...
 1 2 3 4 5 6 7 8 9 10 11 12 13 14 15 16 17 18 19 20 21 22 23 24 25 26 27 28 29 30 31 32 33 34 35 36 37 38 39 40 41 42 43 44 45 46 47 48 49 50 51 52 53 54 55 56 57 58 59 60 61 62 63 64 65 66 67 68 69 70 71 72 73 74 75 76 77 78 79 80 81 82 83 84 85 86 87 88 89 90 91 92 93 94 95 96 97 98 99 100 101 102 103 104 105 106 107 108 109 110 111 112 113 114 115 116 117 118 119 120 121 122 123 124 125 126 127 128 129 130 131 132 133 134 135 136 137 138 139 140 141 142 143 144 145 146 147 148 149 150 151 152 153 154 155 156 157 158 159 160 161 162 163 164 165 166 167 168 169 170 171 172 173 174 175 176 177 178 179 180 181 182 183 184 185 186 187 188 189 190 191 192 193 194 195 196 197 198 199 200 201 202 203 204 205 206 207 208 209 210
 done.
 running RMSDs...
 done.
 E lowest :   -36.06371
 147 structures remain within     6.00 kcal/mol window

 input  file name : crest_rotamers_6.xyz
 output file name : crest_rotamers_7.xyz
 number of atoms                :   27
 number of points on xyz files  :   210
 RMSD threshold                 :   0.1250
 Bconst threshold               :   0.0100
 population threshold           :   0.0500
 conformer energy window  /kcal :   6.0000
 # fragment in coord            :     1
 # bonds in reference structure :    27
 number of reliable points      :   210
 reference state Etot :  -36.063712830000000
 number of doubles removed by rot/RMSD         :          63
 total number unique points considered further :         147
       Erel/kcal        Etot weight/tot  conformer     set   degen     origin
       1   0.000   -36.06371    0.02635    0.05266       1       2     md3
       2   0.001   -36.06371    0.02631                                md4
       3   0.092   -36.06357    0.02256    0.08850       2       4     md1
       4   0.100   -36.06355    0.02227                                md4
       5   0.103   -36.06355    0.02216                                md6
       6   0.120   -36.06352    0.02151                                md1
       7   0.146   -36.06348    0.02061    0.07902       3       4     md7
       8   0.178   -36.06343    0.01951                                md3
       9   0.180   -36.06343    0.01946                                md3
      10   0.180   -36.06343    0.01944                                md1
      11   0.185   -36.06342    0.01928    0.07966       4       4     mtd7
      12   0.151   -36.06347    0.02043                                md3
      13   0.158   -36.06346    0.02019                                md3
      14   0.170   -36.06344    0.01977                                gc
      15   0.201   -36.06339    0.01878    0.01878       5       1     mtd3
      16   0.205   -36.06339    0.01865    0.03710       6       2     mtd3
      17   0.211   -36.06338    0.01846                                md5
      18   0.254   -36.06331    0.01717    0.04906       7       3     md5
      19   0.293   -36.06325    0.01609                                gc
      20   0.303   -36.06323    0.01580                                mtd6
      21   0.323   -36.06320    0.01529    0.02950       8       2     mtd1
      22   0.366   -36.06313    0.01420                                mtd8
      23   0.410   -36.06306    0.01320    0.06437       9       5     mtd1
      24   0.422   -36.06304    0.01293                                md4
      25   0.423   -36.06304    0.01291                                md1
      26   0.434   -36.06302    0.01268                                md6
      27   0.436   -36.06302    0.01264                                md6
      28   0.432   -36.06302    0.01272    0.07465      10       6     md6
      29   0.443   -36.06301    0.01249                                gc
      30   0.457   -36.06298    0.01219                                mtd10
      31   0.432   -36.06302    0.01271                                md6
      32   0.459   -36.06298    0.01215                                md7
      33   0.447   -36.06300    0.01239                                md1
      34   0.464   -36.06297    0.01204    0.03658      11       3     md8
      35   0.453   -36.06299    0.01227                                gc
      36   0.454   -36.06299    0.01226                                md7
      37   0.470   -36.06296    0.01194    0.10286      12       9     mtd8
      38   0.479   -36.06295    0.01175                                md1
      39   0.480   -36.06295    0.01174                                md1
      40   0.495   -36.06292    0.01144                                md6
      41   0.499   -36.06292    0.01136                                md7
      42   0.503   -36.06291    0.01128                                mtd14
      43   0.504   -36.06291    0.01126                                mtd8
      44   0.514   -36.06289    0.01108                                mtd6
      45   0.517   -36.06289    0.01102                                mtd3
      46   0.547   -36.06284    0.01048    0.06221      13       6     md2
      47   0.551   -36.06284    0.01041                                mtd4
      48   0.551   -36.06283    0.01040                                mtd1
      49   0.553   -36.06283    0.01036                                mtd1
      50   0.556   -36.06283    0.01033                                mtd3
      51   0.561   -36.06282    0.01022                                gc
      52   0.595   -36.06276    0.00966    0.00966      14       1     mtd10
      53   0.622   -36.06272    0.00924    0.01800      15       2     md4
      54   0.653   -36.06267    0.00876                                md7
      55   0.675   -36.06264    0.00844    0.02507      16       3     mtd5
      56   0.691   -36.06261    0.00822                                mtd5
      57   0.677   -36.06263    0.00841                                mtd12
      58   0.696   -36.06260    0.00815    0.02428      17       3     md7
      59   0.726   -36.06256    0.00775                                mtd10
      60   0.680   -36.06263    0.00837                                md2
      61   0.697   -36.06260    0.00814    0.03115      18       4     mtd9
      62   0.729   -36.06255    0.00771                                md3
      63   0.730   -36.06255    0.00770                                gc
      64   0.737   -36.06254    0.00760                                md5
      65   0.761   -36.06250    0.00731    0.03583      19       5     mtd6
      66   0.761   -36.06250    0.00731                                md6
      67   0.785   -36.06246    0.00701                                md7
      68   0.766   -36.06249    0.00724                                mtd5
      69   0.788   -36.06246    0.00698                                md2
      70   0.771   -36.06248    0.00718    0.02116      20       3     mtd11
      71   0.784   -36.06246    0.00703                                gc
      72   0.790   -36.06245    0.00695                                mtd5
      73   0.867   -36.06233    0.00611    0.00611      21       1     mtd5
      74   0.932   -36.06223    0.00548    0.01603      22       3     gc
      75   0.935   -36.06222    0.00544                                gc
      76   0.973   -36.06216    0.00511                                mtd5
      77   0.988   -36.06214    0.00498    0.02409      23       5     md2
      78   0.996   -36.06213    0.00491                                mtd6
      79   1.008   -36.06211    0.00481                                mtd5
      80   1.010   -36.06210    0.00480                                mtd9
      81   1.037   -36.06206    0.00458                                mtd6
      82   1.555   -36.06123    0.00191    0.00191      24       1     mtd4
      83   1.623   -36.06113    0.00171    0.00171      25       1     mtd2
      84   2.077   -36.06040    0.00079    0.00079      26       1     mtd2
      85   2.105   -36.06036    0.00076    0.00076      27       1     mtd11
      86   2.274   -36.06009    0.00057    0.00111      28       2     mtd7
      87   2.304   -36.06004    0.00054                                mtd8
      88   2.326   -36.06001    0.00052    0.00259      29       5     mtd8
      89   2.326   -36.06001    0.00052                                mtd4
      90   2.326   -36.06001    0.00052                                mtd8
      91   2.329   -36.06000    0.00052                                mtd2
      92   2.341   -36.05998    0.00051                                mtd4
      93   2.398   -36.05989    0.00046    0.00046      30       1     mtd11
      94   2.424   -36.05985    0.00044    0.00044      31       1     mtd11
      95   2.477   -36.05976    0.00040    0.00040      32       1     mtd11
      96   2.513   -36.05971    0.00038    0.00076      33       2     mtd8
      97   2.514   -36.05971    0.00038                                mtd2
      98   2.563   -36.05963    0.00035    0.00104      34       3     mtd14
      99   2.568   -36.05962    0.00035                                mtd4
     100   2.573   -36.05961    0.00034                                mtd8
     101   2.595   -36.05958    0.00033    0.00064      35       2     mtd11
     102   2.637   -36.05951    0.00031                                mtd2
     103   2.673   -36.05945    0.00029    0.00086      36       3     mtd14
     104   2.678   -36.05944    0.00029                                mtd11
     105   2.685   -36.05943    0.00028                                mtd14
     106   4.597   -36.05639    0.00001    0.00007      37       6     mtd9
     107   4.600   -36.05638    0.00001                                mtd9
     108   4.602   -36.05638    0.00001                                mtd7
     109   4.618   -36.05635    0.00001                                mtd7
     110   4.619   -36.05635    0.00001                                mtd2
     111   4.627   -36.05634    0.00001                                mtd9
     112   4.847   -36.05599    0.00001    0.00004      38       5     mtd14
     113   4.852   -36.05598    0.00001                                mtd7
     114   4.853   -36.05598    0.00001                                gc
     115   4.860   -36.05597    0.00001                                gc
     116   4.886   -36.05593    0.00001                                mtd12
     117   5.000   -36.05574    0.00001    0.00001      39       1     mtd7
     118   5.002   -36.05574    0.00001    0.00002      40       3     mtd7
     119   5.009   -36.05573    0.00001                                mtd5
     120   5.013   -36.05572    0.00001                                mtd9
     121   5.067   -36.05564    0.00001    0.00001      41       1     mtd8
     122   5.217   -36.05540    0.00000    0.00001      42       2     mtd10
     123   5.233   -36.05537    0.00000                                mtd7
     124   5.225   -36.05539    0.00000    0.00001      43       3     gc
     125   5.247   -36.05535    0.00000                                mtd12
     126   5.254   -36.05534    0.00000                                mtd7
     127   5.297   -36.05527    0.00000    0.00001      44       2     mtd9
     128   5.310   -36.05525    0.00000                                mtd5
     129   5.309   -36.05525    0.00000    0.00001      45       3     gc
     130   5.317   -36.05524    0.00000                                gc
     131   5.338   -36.05521    0.00000                                mtd10
     132   5.402   -36.05510    0.00000    0.00001      46       2     mtd7
     133   5.409   -36.05509    0.00000                                mtd7
     134   5.474   -36.05499    0.00000    0.00000      47       1     mtd7
     135   5.503   -36.05494    0.00000    0.00000      48       2     mtd7
     136   5.517   -36.05492    0.00000                                mtd10
     137   5.734   -36.05457    0.00000    0.00001      49       6     gc
     138   5.738   -36.05457    0.00000                                gc
     139   5.739   -36.05457    0.00000                                gc
     140   5.741   -36.05456    0.00000                                gc
     141   5.742   -36.05456    0.00000                                mtd1
     142   5.745   -36.05456    0.00000                                mtd10
     143   5.860   -36.05437    0.00000    0.00000      50       3     gc
     144   5.875   -36.05435    0.00000                                mtd1
     145   5.901   -36.05431    0.00000                                mtd5
     146   5.924   -36.05427    0.00000    0.00000      51       1     mtd7
     147   5.924   -36.05427    0.00000    0.00000      52       1     mtd11
T /K                                  :   298.15
E lowest                              :   -36.06371
ensemble average energy (kcal)        :    0.427
ensemble entropy (J/mol K, cal/mol K) :   36.221    8.657
ensemble free energy (kcal/mol)       :   -2.581
population of lowest in %             :    5.266
 number of unique conformers for further calc           52
 list of relative energies saved as "crest.energies"

 -----------------
 Wall Time Summary
 -----------------
             test MD wall time :         0h : 0m : 0s
                 MTD wall time :         0h : 0m : 5s
      multilevel OPT wall time :         0h : 0m :22s
                  MD wall time :         0h : 0m : 5s
                  GC wall time :         0h : 0m : 0s
--------------------
Overall wall time  : 0h : 0m :35s

 CREST terminated normally.
