
       ==============================================
       |                                            |
       |                 C R E S T                  |
       |                                            |
       |  Conformer-Rotamer Ensemble Sampling Tool  |
       |          based on the GFN methods          |
       |             P.Pracht, S.Grimme             |
       |          Universitaet Bonn, MCTC           |
       ==============================================
       Version 2.12,   Thu 19. Mai 16:32:32 CEST 2022
  Using the xTB program. Compatible with xTB version 6.4.0

   Cite work conducted with this code as

   • P.Pracht, F.Bohle, S.Grimme, PCCP, 2020, 22, 7169-7192.
   • S.Grimme, JCTC, 2019, 15, 2847-2862.

   and for works involving QCG as

   • S.Spicher, C.Plett, P.Pracht, A.Hansen, S.Grimme,
     JCTC, 2022, 18 (5), 3174-3189.

   with help from:
   C.Bannwarth, F.Bohle, S.Ehlert, S.Grimme,
   C.Plett, P.Pracht, S.Spicher

   This program is distributed in the hope that it will be useful,
   but WITHOUT ANY WARRANTY; without even the implied warranty of
   MERCHANTABILITY or FITNESS FOR A PARTICULAR PURPOSE.

 Command line input:
 > crest xtbopt.xyz --gfn2//gfnff --chrg 0 --uhf 0 --nci --cbonds -T 128

  -gfn2//gfnff : energy reweighting
  --chrg 0
  --uhf 0
  --nci  : Special NCI mode for non-covalently bound complexes or clusters.
  -T 128 (CPUs/Threads selected)
  Automatically generated ellipsoide potential for NCI mode:
> $wall
>   potential=polynomial
>   ellipsoid: 68.138837026202225, 34.297171656178037, 33.893268520473875, all


 -------------------------
 xTB Geometry Optimization
 -------------------------
 Geometry successfully optimized.

------------------------------------------------
Generating MTD length from a flexibility measure
------------------------------------------------
 System flexiblity is set to 1.0 for NCI mode
 flexibility measure :   1.000
 t(MTD) / ps    :    26.0
 Σ(t(MTD)) / ps :   156.0 (6 MTDs)

-------------------------------------
Starting a trial MTD to test settings
-------------------------------------
 Estimated runtime for one MTD (26.0 ps) on a single thread: 1 h 19 min 29 sec
 Estimated runtime for a batch of 6 MTDs on 128 threads: 3 min 47 sec

 list of Vbias parameters applied:
$metadyn    0.00100   1.000
$metadyn    0.00050   1.000
$metadyn    0.00100   0.500
$metadyn    0.00050   0.500
$metadyn    0.00100   0.250
$metadyn    0.00050   0.250

*******************************************************************************************
**                        N E W    I T E R A T I O N    C Y C L E                        **
*******************************************************************************************

========================================
            MTD Iteration  1
========================================

     ========================================
     |         Meta-MD (MTD) Sampling       |
     ========================================

Starting Meta-MD   1 with the settings:
     MD time /ps        :    26.0
     dt /fs             :     2.0
     dumpstep(trj) /fs  :     100
     dumpstep(Vbias)/ps :     1.0
     Vbias factor k /Eh :  0.0460
     Vbias exp α /bohr⁻²:    1.00
Starting Meta-MD   3 with the settings:
     MD time /ps        :    26.0
     dt /fs             :     2.0
     dumpstep(trj) /fs  :     100
     dumpstep(Vbias)/ps :     1.0
     Vbias factor k /Eh :  0.0460
     Vbias exp α /bohr⁻²:    0.50
Starting Meta-MD   4 with the settings:
     MD time /ps        :    26.0
     dt /fs             :     2.0
     dumpstep(trj) /fs  :     100
     dumpstep(Vbias)/ps :     1.0
     Vbias factor k /Eh :  0.0230
     Vbias exp α /bohr⁻²:    0.50
Starting Meta-MD   2 with the settings:
     MD time /ps        :    26.0
     dt /fs             :     2.0
     dumpstep(trj) /fs  :     100
     dumpstep(Vbias)/ps :     1.0
     Vbias factor k /Eh :  0.0230
     Vbias exp α /bohr⁻²:    1.00
Starting Meta-MD   6 with the settings:
     MD time /ps        :    26.0
     dt /fs             :     2.0
     dumpstep(trj) /fs  :     100
     dumpstep(Vbias)/ps :     1.0
     Vbias factor k /Eh :  0.0230
     Vbias exp α /bohr⁻²:    0.25
Starting Meta-MD   5 with the settings:
     MD time /ps        :    26.0
     dt /fs             :     2.0
     dumpstep(trj) /fs  :     100
     dumpstep(Vbias)/ps :     1.0
     Vbias factor k /Eh :  0.0460
     Vbias exp α /bohr⁻²:    0.25
*Meta-MTD 3 finished*
*Meta-MTD 6 finished*
*Meta-MTD 1 finished*
*Meta-MTD 5 finished*
*Meta-MTD 4 finished*
*Meta-MTD 2 finished*

-----------------------
Multilevel Optimization
-----------------------

 -------------------------
 1. crude pre-optimization
 -------------------------
 Optimizing all 1554 structures from file "crest_rotamers_0.xyz" ...
 1 2 3 4 5 6 7 8 9 10 11 12 13 14 15 16 17 18 19 20 21 22 23 24 25 26 27 28 29 30 31 32 33 34 35 36 37 38 39 40 41 42 43 44 45 46 47 48 49 50 51 52 53 54 55 56 57 58 59 60 61 62 63 64 65 66 67 68 69 70 71 72 73 74 75 76 77 78 79 80 81 82 83 84 85 86 87 88 89 90 91 92 93 94 95 96 97 98 99 100 101 102 103 104 105 106 107 108 109 110 111 112 113 114 115 116 117 118 119 120 121 122 123 124 125 126 127 128 129 130 131 132 133 134 135 136 137 138 139 140 141 142 143 144 145 146 147 148 149 150 151 152 153 154 155 156 157 158 159 160 161 162 163 164 165 166 167 168 169 170 171 172 173 174 175 176 177 178 179 180 181 182 183 184 185 186 187 188 189 190 191 192 193 194 195 196 197 198 199 200 201 202 203 204 205 206 207 208 209 210 211 212 213 214 215 216 217 218 219 220 221 222 223 224 225 226 227 228 229 230 231 232 233 234 235 236 237 238 239 240 241 242 243 244 245 246 247 248 249 250 251 252 253 254 255 256 257 258 259 260 261 262 263 264 265 266 267 268 269 270 271 272 273 274 275 276 277 278 279 280 281 282 283 284 285 286 287 288 289 290 291 292 293 294 295 296 297 298 299 300 301 302 303 304 305 306 307 308 309 310 311 312 313 314 315 316 317 318 319 320 321 322 323 324 325 326 327 328 329 330 331 332 333 334 335 336 337 338 339 340 341 342 343 344 345 346 347 348 349 350 351 352 353 354 355 356 357 358 359 360 361 362 363 364 365 366 367 368 369 370 371 372 373 374 375 376 377 378 379 380 381 382 383 384 385 386 387 388 389 390 391 392 393 394 395 396 397 398 399 400 401 402 403 404 405 406 407 408 409 410 411 412 413 414 415 416 417 418 419 420 421 422 423 424 425 426 427 428 429 430 431 432 433 434 435 436 437 438 439 440 441 442 443 444 445 446 447 448 449 450 451 452 453 454 455 456 457 458 459 460 461 462 463 464 465 466 467 468 469 470 471 472 473 474 475 476 477 478 479 480 481 482 483 484 485 486 487 488 489 490 491 492 493 494 495 496 497 498 499 500 501 502 503 504 505 506 507 508 509 510 511 512 513 514 515 516 517 518 519 520 521 522 523 524 525 526 527 528 529 530 531 532 533 534 535 536 537 538 539 540 541 542 543 544 545 546 547 548 549 550 551 552 553 554 555 556 557 558 559 560 561 562 563 564 565 566 567 568 569 570 571 572 573 574 575 576 577 578 579 580 581 582 583 584 585 586 587 588 589 590 591 592 593 594 595 596 597 598 599 600 601 602 603 604 605 606 607 608 609 610 611 612 613 614 615 616 617 618 619 620 621 622 623 624 625 626 627 628 629 630 631 632 633 634 635 636 637 638 639 640 641 642 643 644 645 646 647 648 649 650 651 652 653 654 655 656 657 658 659 660 661 662 663 664 665 666 667 668 669 670 671 672 673 674 675 676 677 678 679 680 681 682 683 684 685 686 687 688 689 690 691 692 693 694 695 696 697 698 699 700 701 702 703 704 705 706 707 708 709 710 711 712 713 714 715 716 717 718 719 720 721 722 723 724 725 726 727 728 729 730 731 732 733 734 735 736 737 738 739 740 741 742 743 744 745 746 747 748 749 750 751 752 753 754 755 756 757 758 759 760 761 762 763 764 765 766 767 768 769 770 771 772 773 774 775 776 777 778 779 780 781 782 783 784 785 786 787 788 789 790 791 792 793 794 795 796 797 798 799 800 801 802 803 804 805 806 807 808 809 810 811 812 813 814 815 816 817 818 819 820 821 822 823 824 825 826 827 828 829 830 831 832 833 834 835 836 837 838 839 840 841 842 843 844 845 846 847 848 849 850 851 852 853 854 855 856 857 858 859 860 861 862 863 864 865 866 867 868 869 870 871 872 873 874 875 876 877 878 879 880 881 882 883 884 885 886 887 888 889 890 891 892 893 894 895 896 897 898 899 900 901 902 903 904 905 906 907 908 909 910 911 912 913 914 915 916 917 918 919 920 921 922 923 924 925 926 927 928 929 930 931 932 933 934 935 936 937 938 939 940 941 942 943 944 945 946 947 948 949 950 951 952 953 954 955 956 957 958 959 960 961 962 963 964 965 966 967 968 969 970 971 972 973 974 975 976 977 978 979 980 981 982 983 984 985 986 987 988 989 990 991 992 993 994 995 996 997 998 999 1000 1001 1002 1003 1004 1005 1006 1007 1008 1009 1010 1011 1012 1013 1014 1015 1016 1017 1018 1019 1020 1021 1022 1023 1024 1025 1026 1027 1028 1029 1030 1031 1032 1033 1034 1035 1036 1037 1038 1039 1040 1041 1042 1043 1044 1045 1046 1047 1048 1049 1050 1051 1052 1053 1054 1055 1056 1057 1058 1059 1060 1061 1062 1063 1064 1065 1066 1067 1068 1069 1070 1071 1072 1073 1074 1075 1076 1077 1078 1079 1080 1081 1082 1083 1084 1085 1086 1087 1088 1089 1090 1091 1092 1093 1094 1095 1096 1097 1098 1099 1100 1101 1102 1103 1104 1105 1106 1107 1108 1109 1110 1111 1112 1113 1114 1115 1116 1117 1118 1119 1120 1121 1122 1123 1124 1125 1126 1127 1128 1129 1130 1131 1132 1133 1134 1135 1136 1137 1138 1139 1140 1141 1142 1143 1144 1145 1146 1147 1148 1149 1150 1151 1152 1153 1154 1155 1156 1157 1158 1159 1160 1161 1162 1163 1164 1165 1166 1167 1168 1169 1170 1171 1172 1173 1174 1175 1176 1177 1178 1179 1180 1181 1182 1183 1184 1185 1186 1187 1188 1189 1190 1191 1192 1193 1194 1195 1196 1197 1198 1199 1200 1201 1202 1203 1204 1205 1206 1207 1208 1209 1210 1211 1212 1213 1214 1215 1216 1217 1218 1219 1220 1221 1222 1223 1224 1225 1226 1227 1228 1229 1230 1231 1232 1233 1234 1235 1236 1237 1238 1239 1240 1241 1242 1243 1244 1245 1246 1247 1248 1249 1250 1251 1252 1253 1254 1255 1256 1257 1258 1259 1260 1261 1262 1263 1264 1265 1266 1267 1268 1269 1270 1271 1272 1273 1274 1275 1276 1277 1278 1279 1280 1281 1282 1283 1284 1285 1286 1287 1288 1289 1290 1291 1292 1293 1294 1295 1296 1297 1298 1299 1300 1301 1302 1303 1304 1305 1306 1307 1308 1309 1310 1311 1312 1313 1314 1315 1316 1317 1318 1319 1320 1321 1322 1323 1324 1325 1326 1327 1328 1329 1330 1331 1332 1333 1334 1335 1336 1337 1338 1339 1340 1341 1342 1343 1344 1345 1346 1347 1348 1349 1350 1351 1352 1353 1354 1355 1356 1357 1358 1359 1360 1361 1362 1363 1364 1365 1366 1367 1368 1369 1370 1371 1372 1373 1374 1375 1376 1377 1378 1379 1380 1381 1382 1383 1384 1385 1386 1387 1388 1389 1390 1391 1392 1393 1394 1395 1396 1397 1398 1399 1400 1401 1402 1403 1404 1405 1406 1407 1408 1409 1410 1411 1412 1413 1414 1415 1416 1417 1418 1419 1420 1421 1422 1423 1424 1425 1426 1427 1428 1429 1430 1431 1432 1433 1434 1435 1436 1437 1438 1439 1440 1441 1442 1443 1444 1445 1446 1447 1448 1449 1450 1451 1452 1453 1454 1455 1456 1457 1458 1459 1460 1461 1462 1463 1464 1465 1466 1467 1468 1469 1470 1471 1472 1473 1474 1475 1476 1477 1478 1479 1480 1481 1482 1483 1484 1485 1486 1487 1488 1489 1490 1491 1492 1493 1494 1495 1496 1497 1498 1499 1500 1501 1502 1503 1504 1505 1506 1507 1508 1509 1510 1511 1512 1513 1514 1515 1516 1517 1518 1519 1520 1521 1522 1523 1524 1525 1526 1527 1528 1529 1530 1531 1532 1533 1534 1535 1536 1537 1538 1539 1540 1541 1542 1543 1544 1545 1546 1547 1548 1549 1550 1551 1552 1553 1554
 done.
 running RMSDs...
 done.
 E lowest :   -73.45881
 934 structures remain within    12.00 kcal/mol window

 -------------------------------------
 2. optimization with tight thresholds
 -------------------------------------
 Optimizing all 935 structures from file "crest_rotamers_1.xyz" ...
 1 2 3 4 5 6 7 8 9 10 11 12 13 14 15 16 17 18 19 20 21 22 23 24 25 26 27 28 29 30 31 32 33 34 35 36 37 38 39 40 41 42 43 44 45 46 47 48 49 50 51 52 53 54 55 56 57 58 59 60 61 62 63 64 65 66 67 68 69 70 71 72 73 74 75 76 77 78 79 80 81 82 83 84 85 86 87 88 89 90 91 92 93 94 95 96 97 98 99 100 101 102 103 104 105 106 107 108 109 110 111 112 113 114 115 116 117 118 119 120 121 122 123 124 125 126 127 128 129 130 131 132 133 134 135 136 137 138 139 140 141 142 143 144 145 146 147 148 149 150 151 152 153 154 155 156 157 158 159 160 161 162 163 164 165 166 167 168 169 170 171 172 173 174 175 176 177 178 179 180 181 182 183 184 185 186 187 188 189 190 191 192 193 194 195 196 197 198 199 200 201 202 203 204 205 206 207 208 209 210 211 212 213 214 215 216 217 218 219 220 221 222 223 224 225 226 227 228 229 230 231 232 233 234 235 236 237 238 239 240 241 242 243 244 245 246 247 248 249 250 251 252 253 254 255 256 257 258 259 260 261 262 263 264 265 266 267 268 269 270 271 272 273 274 275 276 277 278 279 280 281 282 283 284 285 286 287 288 289 290 291 292 293 294 295 296 297 298 299 300 301 302 303 304 305 306 307 308 309 310 311 312 313 314 315 316 317 318 319 320 321 322 323 324 325 326 327 328 329 330 331 332 333 334 335 336 337 338 339 340 341 342 343 344 345 346 347 348 349 350 351 352 353 354 355 356 357 358 359 360 361 362 363 364 365 366 367 368 369 370 371 372 373 374 375 376 377 378 379 380 381 382 383 384 385 386 387 388 389 390 391 392 393 394 395 396 397 398 399 400 401 402 403 404 405 406 407 408 409 410 411 412 413 414 415 416 417 418 419 420 421 422 423 424 425 426 427 428 429 430 431 432 433 434 435 436 437 438 439 440 441 442 443 444 445 446 447 448 449 450 451 452 453 454 455 456 457 458 459 460 461 462 463 464 465 466 467 468 469 470 471 472 473 474 475 476 477 478 479 480 481 482 483 484 485 486 487 488 489 490 491 492 493 494 495 496 497 498 499 500 501 502 503 504 505 506 507 508 509 510 511 512 513 514 515 516 517 518 519 520 521 522 523 524 525 526 527 528 529 530 531 532 533 534 535 536 537 538 539 540 541 542 543 544 545 546 547 548 549 550 551 552 553 554 555 556 557 558 559 560 561 562 563 564 565 566 567 568 569 570 571 572 573 574 575 576 577 578 579 580 581 582 583 584 585 586 587 588 589 590 591 592 593 594 595 596 597 598 599 600 601 602 603 604 605 606 607 608 609 610 611 612 613 614 615 616 617 618 619 620 621 622 623 624 625 626 627 628 629 630 631 632 633 634 635 636 637 638 639 640 641 642 643 644 645 646 647 648 649 650 651 652 653 654 655 656 657 658 659 660 661 662 663 664 665 666 667 668 669 670 671 672 673 674 675 676 677 678 679 680 681 682 683 684 685 686 687 688 689 690 691 692 693 694 695 696 697 698 699 700 701 702 703 704 705 706 707 708 709 710 711 712 713 714 715 716 717 718 719 720 721 722 723 724 725 726 727 728 729 730 731 732 733 734 735 736 737 738 739 740 741 742 743 744 745 746 747 748 749 750 751 752 753 754 755 756 757 758 759 760 761 762 763 764 765 766 767 768 769 770 771 772 773 774 775 776 777 778 779 780 781 782 783 784 785 786 787 788 789 790 791 792 793 794 795 796 797 798 799 800 801 802 803 804 805 806 807 808 809 810 811 812 813 814 815 816 817 818 819 820 821 822 823 824 825 826 827 828 829 830 831 832 833 834 835 836 837 838 839 840 841 842 843 844 845 846 847 848 849 850 851 852 853 854 855 856 857 858 859 860 861 862 863 864 865 866 867 868 869 870 871 872 873 874 875 876 877 878 879 880 881 882 883 884 885 886 887 888 889 890 891 892 893 894 895 896 897 898 899 900 901 902 903 904 905 906 907 908 909 910 911 912 913 914 915 916 917 918 919 920 921 922 923 924 925 926 927 928 929 930 931 932 933 934 935
 done.
 running RMSDs...
 done.
 E lowest :   -73.46410
 148 structures remain within     6.00 kcal/mol window


========================================
            MTD Iteration  2
========================================

     ========================================
     |         Meta-MD (MTD) Sampling       |
     ========================================

Starting Meta-MD   1 with the settings:
     MD time /ps        :    26.0
     dt /fs             :     2.0
     dumpstep(trj) /fs  :     100
     dumpstep(Vbias)/ps :     1.0
     Vbias factor k /Eh :  0.0460
     Vbias exp α /bohr⁻²:    1.00
Starting Meta-MD   2 with the settings:
     MD time /ps        :    26.0
     dt /fs             :     2.0
     dumpstep(trj) /fs  :     100
     dumpstep(Vbias)/ps :     1.0
     Vbias factor k /Eh :  0.0230
     Vbias exp α /bohr⁻²:    1.00
Starting Meta-MD   4 with the settings:
     MD time /ps        :    26.0
     dt /fs             :     2.0
     dumpstep(trj) /fs  :     100
     dumpstep(Vbias)/ps :     1.0
     Vbias factor k /Eh :  0.0230
     Vbias exp α /bohr⁻²:    0.50
Starting Meta-MD   3 with the settings:
     MD time /ps        :    26.0
     dt /fs             :     2.0
     dumpstep(trj) /fs  :     100
     dumpstep(Vbias)/ps :     1.0
     Vbias factor k /Eh :  0.0460
     Vbias exp α /bohr⁻²:    0.50
*Meta-MTD 2 finished*
*Meta-MTD 3 finished*
*Meta-MTD 1 finished*
*Meta-MTD 4 finished*

-----------------------
Multilevel Optimization
-----------------------

 -------------------------
 1. crude pre-optimization
 -------------------------
 Optimizing all 1036 structures from file "crest_rotamers_0.xyz" ...
 1 2 3 4 5 6 7 8 9 10 11 12 13 14 15 16 17 18 19 20 21 22 23 24 25 26 27 28 29 30 31 32 33 34 35 36 37 38 39 40 41 42 43 44 45 46 47 48 49 50 51 52 53 54 55 56 57 58 59 60 61 62 63 64 65 66 67 68 69 70 71 72 73 74 75 76 77 78 79 80 81 82 83 84 85 86 87 88 89 90 91 92 93 94 95 96 97 98 99 100 101 102 103 104 105 106 107 108 109 110 111 112 113 114 115 116 117 118 119 120 121 122 123 124 125 126 127 128 129 130 131 132 133 134 135 136 137 138 139 140 141 142 143 144 145 146 147 148 149 150 151 152 153 154 155 156 157 158 159 160 161 162 163 164 165 166 167 168 169 170 171 172 173 174 175 176 177 178 179 180 181 182 183 184 185 186 187 188 189 190 191 192 193 194 195 196 197 198 199 200 201 202 203 204 205 206 207 208 209 210 211 212 213 214 215 216 217 218 219 220 221 222 223 224 225 226 227 228 229 230 231 232 233 234 235 236 237 238 239 240 241 242 243 244 245 246 247 248 249 250 251 252 253 254 255 256 257 258 259 260 261 262 263 264 265 266 267 268 269 270 271 272 273 274 275 276 277 278 279 280 281 282 283 284 285 286 287 288 289 290 291 292 293 294 295 296 297 298 299 300 301 302 303 304 305 306 307 308 309 310 311 312 313 314 315 316 317 318 319 320 321 322 323 324 325 326 327 328 329 330 331 332 333 334 335 336 337 338 339 340 341 342 343 344 345 346 347 348 349 350 351 352 353 354 355 356 357 358 359 360 361 362 363 364 365 366 367 368 369 370 371 372 373 374 375 376 377 378 379 380 381 382 383 384 385 386 387 388 389 390 391 392 393 394 395 396 397 398 399 400 401 402 403 404 405 406 407 408 409 410 411 412 413 414 415 416 417 418 419 420 421 422 423 424 425 426 427 428 429 430 431 432 433 434 435 436 437 438 439 440 441 442 443 444 445 446 447 448 449 450 451 452 453 454 455 456 457 458 459 460 461 462 463 464 465 466 467 468 469 470 471 472 473 474 475 476 477 478 479 480 481 482 483 484 485 486 487 488 489 490 491 492 493 494 495 496 497 498 499 500 501 502 503 504 505 506 507 508 509 510 511 512 513 514 515 516 517 518 519 520 521 522 523 524 525 526 527 528 529 530 531 532 533 534 535 536 537 538 539 540 541 542 543 544 545 546 547 548 549 550 551 552 553 554 555 556 557 558 559 560 561 562 563 564 565 566 567 568 569 570 571 572 573 574 575 576 577 578 579 580 581 582 583 584 585 586 587 588 589 590 591 592 593 594 595 596 597 598 599 600 601 602 603 604 605 606 607 608 609 610 611 612 613 614 615 616 617 618 619 620 621 622 623 624 625 626 627 628 629 630 631 632 633 634 635 636 637 638 639 640 641 642 643 644 645 646 647 648 649 650 651 652 653 654 655 656 657 658 659 660 661 662 663 664 665 666 667 668 669 670 671 672 673 674 675 676 677 678 679 680 681 682 683 684 685 686 687 688 689 690 691 692 693 694 695 696 697 698 699 700 701 702 703 704 705 706 707 708 709 710 711 712 713 714 715 716 717 718 719 720 721 722 723 724 725 726 727 728 729 730 731 732 733 734 735 736 737 738 739 740 741 742 743 744 745 746 747 748 749 750 751 752 753 754 755 756 757 758 759 760 761 762 763 764 765 766 767 768 769 770 771 772 773 774 775 776 777 778 779 780 781 782 783 784 785 786 787 788 789 790 791 792 793 794 795 796 797 798 799 800 801 802 803 804 805 806 807 808 809 810 811 812 813 814 815 816 817 818 819 820 821 822 823 824 825 826 827 828 829 830 831 832 833 834 835 836 837 838 839 840 841 842 843 844 845 846 847 848 849 850 851 852 853 854 855 856 857 858 859 860 861 862 863 864 865 866 867 868 869 870 871 872 873 874 875 876 877 878 879 880 881 882 883 884 885 886 887 888 889 890 891 892 893 894 895 896 897 898 899 900 901 902 903 904 905 906 907 908 909 910 911 912 913 914 915 916 917 918 919 920 921 922 923 924 925 926 927 928 929 930 931 932 933 934 935 936 937 938 939 940 941 942 943 944 945 946 947 948 949 950 951 952 953 954 955 956 957 958 959 960 961 962 963 964 965 966 967 968 969 970 971 972 973 974 975 976 977 978 979 980 981 982 983 984 985 986 987 988 989 990 991 992 993 994 995 996 997 998 999 1000 1001 1002 1003 1004 1005 1006 1007 1008 1009 1010 1011 1012 1013 1014 1015 1016 1017 1018 1019 1020 1021 1022 1023 1024 1025 1026 1027 1028 1029 1030 1031 1032 1033 1034 1035 1036
 done.
 running RMSDs...
 done.
 E lowest :   -73.46293
 368 structures remain within    12.00 kcal/mol window

 -------------------------------------
 2. optimization with tight thresholds
 -------------------------------------
 Optimizing all 369 structures from file "crest_rotamers_1.xyz" ...
 1 2 3 4 5 6 7 8 9 10 11 12 13 14 15 16 17 18 19 20 21 22 23 24 25 26 27 28 29 30 31 32 33 34 35 36 37 38 39 40 41 42 43 44 45 46 47 48 49 50 51 52 53 54 55 56 57 58 59 60 61 62 63 64 65 66 67 68 69 70 71 72 73 74 75 76 77 78 79 80 81 82 83 84 85 86 87 88 89 90 91 92 93 94 95 96 97 98 99 100 101 102 103 104 105 106 107 108 109 110 111 112 113 114 115 116 117 118 119 120 121 122 123 124 125 126 127 128 129 130 131 132 133 134 135 136 137 138 139 140 141 142 143 144 145 146 147 148 149 150 151 152 153 154 155 156 157 158 159 160 161 162 163 164 165 166 167 168 169 170 171 172 173 174 175 176 177 178 179 180 181 182 183 184 185 186 187 188 189 190 191 192 193 194 195 196 197 198 199 200 201 202 203 204 205 206 207 208 209 210 211 212 213 214 215 216 217 218 219 220 221 222 223 224 225 226 227 228 229 230 231 232 233 234 235 236 237 238 239 240 241 242 243 244 245 246 247 248 249 250 251 252 253 254 255 256 257 258 259 260 261 262 263 264 265 266 267 268 269 270 271 272 273 274 275 276 277 278 279 280 281 282 283 284 285 286 287 288 289 290 291 292 293 294 295 296 297 298 299 300 301 302 303 304 305 306 307 308 309 310 311 312 313 314 315 316 317 318 319 320 321 322 323 324 325 326 327 328 329 330 331 332 333 334 335 336 337 338 339 340 341 342 343 344 345 346 347 348 349 350 351 352 353 354 355 356 357 358 359 360 361 362 363 364 365 366 367 368 369
 done.
 running RMSDs...
 done.
 E lowest :   -73.46516
 106 structures remain within     6.00 kcal/mol window

 ...............................................
 A new lower conformer was found!
 Improved by    0.00106 Eh or    0.66690kcal/mol
 ...............................................

========================================
            MTD Iteration  3
========================================

     ========================================
     |         Meta-MD (MTD) Sampling       |
     ========================================

Starting Meta-MD   1 with the settings:
     MD time /ps        :    26.0
     dt /fs             :     2.0
     dumpstep(trj) /fs  :     100
     dumpstep(Vbias)/ps :     1.0
     Vbias factor k /Eh :  0.0460
     Vbias exp α /bohr⁻²:    1.00
Starting Meta-MD   2 with the settings:
     MD time /ps        :    26.0
     dt /fs             :     2.0
     dumpstep(trj) /fs  :     100
     dumpstep(Vbias)/ps :     1.0
     Vbias factor k /Eh :  0.0230
     Vbias exp α /bohr⁻²:    1.00
Starting Meta-MD   4 with the settings:
     MD time /ps        :    26.0
     dt /fs             :     2.0
     dumpstep(trj) /fs  :     100
     dumpstep(Vbias)/ps :     1.0
     Vbias factor k /Eh :  0.0230
     Vbias exp α /bohr⁻²:    0.50
Starting Meta-MD   3 with the settings:
     MD time /ps        :    26.0
     dt /fs             :     2.0
     dumpstep(trj) /fs  :     100
     dumpstep(Vbias)/ps :     1.0
     Vbias factor k /Eh :  0.0460
     Vbias exp α /bohr⁻²:    0.50
*Meta-MTD 4 finished*
*Meta-MTD 2 finished*
*Meta-MTD 3 finished*
*Meta-MTD 1 finished*

-----------------------
Multilevel Optimization
-----------------------

 -------------------------
 1. crude pre-optimization
 -------------------------
 Optimizing all 1036 structures from file "crest_rotamers_0.xyz" ...
 1 2 3 4 5 6 7 8 9 10 11 12 13 14 15 16 17 18 19 20 21 22 23 24 25 26 27 28 29 30 31 32 33 34 35 36 37 38 39 40 41 42 43 44 45 46 47 48 49 50 51 52 53 54 55 56 57 58 59 60 61 62 63 64 65 66 67 68 69 70 71 72 73 74 75 76 77 78 79 80 81 82 83 84 85 86 87 88 89 90 91 92 93 94 95 96 97 98 99 100 101 102 103 104 105 106 107 108 109 110 111 112 113 114 115 116 117 118 119 120 121 122 123 124 125 126 127 128 129 130 131 132 133 134 135 136 137 138 139 140 141 142 143 144 145 146 147 148 149 150 151 152 153 154 155 156 157 158 159 160 161 162 163 164 165 166 167 168 169 170 171 172 173 174 175 176 177 178 179 180 181 182 183 184 185 186 187 188 189 190 191 192 193 194 195 196 197 198 199 200 201 202 203 204 205 206 207 208 209 210 211 212 213 214 215 216 217 218 219 220 221 222 223 224 225 226 227 228 229 230 231 232 233 234 235 236 237 238 239 240 241 242 243 244 245 246 247 248 249 250 251 252 253 254 255 256 257 258 259 260 261 262 263 264 265 266 267 268 269 270 271 272 273 274 275 276 277 278 279 280 281 282 283 284 285 286 287 288 289 290 291 292 293 294 295 296 297 298 299 300 301 302 303 304 305 306 307 308 309 310 311 312 313 314 315 316 317 318 319 320 321 322 323 324 325 326 327 328 329 330 331 332 333 334 335 336 337 338 339 340 341 342 343 344 345 346 347 348 349 350 351 352 353 354 355 356 357 358 359 360 361 362 363 364 365 366 367 368 369 370 371 372 373 374 375 376 377 378 379 380 381 382 383 384 385 386 387 388 389 390 391 392 393 394 395 396 397 398 399 400 401 402 403 404 405 406 407 408 409 410 411 412 413 414 415 416 417 418 419 420 421 422 423 424 425 426 427 428 429 430 431 432 433 434 435 436 437 438 439 440 441 442 443 444 445 446 447 448 449 450 451 452 453 454 455 456 457 458 459 460 461 462 463 464 465 466 467 468 469 470 471 472 473 474 475 476 477 478 479 480 481 482 483 484 485 486 487 488 489 490 491 492 493 494 495 496 497 498 499 500 501 502 503 504 505 506 507 508 509 510 511 512 513 514 515 516 517 518 519 520 521 522 523 524 525 526 527 528 529 530 531 532 533 534 535 536 537 538 539 540 541 542 543 544 545 546 547 548 549 550 551 552 553 554 555 556 557 558 559 560 561 562 563 564 565 566 567 568 569 570 571 572 573 574 575 576 577 578 579 580 581 582 583 584 585 586 587 588 589 590 591 592 593 594 595 596 597 598 599 600 601 602 603 604 605 606 607 608 609 610 611 612 613 614 615 616 617 618 619 620 621 622 623 624 625 626 627 628 629 630 631 632 633 634 635 636 637 638 639 640 641 642 643 644 645 646 647 648 649 650 651 652 653 654 655 656 657 658 659 660 661 662 663 664 665 666 667 668 669 670 671 672 673 674 675 676 677 678 679 680 681 682 683 684 685 686 687 688 689 690 691 692 693 694 695 696 697 698 699 700 701 702 703 704 705 706 707 708 709 710 711 712 713 714 715 716 717 718 719 720 721 722 723 724 725 726 727 728 729 730 731 732 733 734 735 736 737 738 739 740 741 742 743 744 745 746 747 748 749 750 751 752 753 754 755 756 757 758 759 760 761 762 763 764 765 766 767 768 769 770 771 772 773 774 775 776 777 778 779 780 781 782 783 784 785 786 787 788 789 790 791 792 793 794 795 796 797 798 799 800 801 802 803 804 805 806 807 808 809 810 811 812 813 814 815 816 817 818 819 820 821 822 823 824 825 826 827 828 829 830 831 832 833 834 835 836 837 838 839 840 841 842 843 844 845 846 847 848 849 850 851 852 853 854 855 856 857 858 859 860 861 862 863 864 865 866 867 868 869 870 871 872 873 874 875 876 877 878 879 880 881 882 883 884 885 886 887 888 889 890 891 892 893 894 895 896 897 898 899 900 901 902 903 904 905 906 907 908 909 910 911 912 913 914 915 916 917 918 919 920 921 922 923 924 925 926 927 928 929 930 931 932 933 934 935 936 937 938 939 940 941 942 943 944 945 946 947 948 949 950 951 952 953 954 955 956 957 958 959 960 961 962 963 964 965 966 967 968 969 970 971 972 973 974 975 976 977 978 979 980 981 982 983 984 985 986 987 988 989 990 991 992 993 994 995 996 997 998 999 1000 1001 1002 1003 1004 1005 1006 1007 1008 1009 1010 1011 1012 1013 1014 1015 1016 1017 1018 1019 1020 1021 1022 1023 1024 1025 1026 1027 1028 1029 1030 1031 1032 1033 1034 1035 1036
 done.
 running RMSDs...
 done.
 E lowest :   -73.46351
 341 structures remain within    12.00 kcal/mol window

 -------------------------------------
 2. optimization with tight thresholds
 -------------------------------------
 Optimizing all 342 structures from file "crest_rotamers_1.xyz" ...
 1 2 3 4 5 6 7 8 9 10 11 12 13 14 15 16 17 18 19 20 21 22 23 24 25 26 27 28 29 30 31 32 33 34 35 36 37 38 39 40 41 42 43 44 45 46 47 48 49 50 51 52 53 54 55 56 57 58 59 60 61 62 63 64 65 66 67 68 69 70 71 72 73 74 75 76 77 78 79 80 81 82 83 84 85 86 87 88 89 90 91 92 93 94 95 96 97 98 99 100 101 102 103 104 105 106 107 108 109 110 111 112 113 114 115 116 117 118 119 120 121 122 123 124 125 126 127 128 129 130 131 132 133 134 135 136 137 138 139 140 141 142 143 144 145 146 147 148 149 150 151 152 153 154 155 156 157 158 159 160 161 162 163 164 165 166 167 168 169 170 171 172 173 174 175 176 177 178 179 180 181 182 183 184 185 186 187 188 189 190 191 192 193 194 195 196 197 198 199 200 201 202 203 204 205 206 207 208 209 210 211 212 213 214 215 216 217 218 219 220 221 222 223 224 225 226 227 228 229 230 231 232 233 234 235 236 237 238 239 240 241 242 243 244 245 246 247 248 249 250 251 252 253 254 255 256 257 258 259 260 261 262 263 264 265 266 267 268 269 270 271 272 273 274 275 276 277 278 279 280 281 282 283 284 285 286 287 288 289 290 291 292 293 294 295 296 297 298 299 300 301 302 303 304 305 306 307 308 309 310 311 312 313 314 315 316 317 318 319 320 321 322 323 324 325 326 327 328 329 330 331 332 333 334 335 336 337 338 339 340 341 342
 done.
 running RMSDs...
 done.
 E lowest :   -73.46521
 92 structures remain within     6.00 kcal/mol window

========================================
            MTD Iterations done         
========================================
 Collecting ensmbles.
 running RMSDs...
 done.
 E lowest :   -73.46521
 310 structures remain within     6.00 kcal/mol window



   ================================================
   |           Final Geometry Optimization        |
   ================================================
 ------------------------------------------------
 Ensemble optimization with very tight thresholds
 ------------------------------------------------
 Optimizing all 310 structures from file "crest_rotamers_1.xyz" ...
 1 2 3 4 5 6 7 8 9 10 11 12 13 14 15 16 17 18 19 20 21 22 23 24 25 26 27 28 29 30 31 32 33 34 35 36 37 38 39 40 41 42 43 44 45 46 47 48 49 50 51 52 53 54 55 56 57 58 59 60 61 62 63 64 65 66 67 68 69 70 71 72 73 74 75 76 77 78 79 80 81 82 83 84 85 86 87 88 89 90 91 92 93 94 95 96 97 98 99 100 101 102 103 104 105 106 107 108 109 110 111 112 113 114 115 116 117 118 119 120 121 122 123 124 125 126 127 128 129 130 131 132 133 134 135 136 137 138 139 140 141 142 143 144 145 146 147 148 149 150 151 152 153 154 155 156 157 158 159 160 161 162 163 164 165 166 167 168 169 170 171 172 173 174 175 176 177 178 179 180 181 182 183 184 185 186 187 188 189 190 191 192 193 194 195 196 197 198 199 200 201 202 203 204 205 206 207 208 209 210 211 212 213 214 215 216 217 218 219 220 221 222 223 224 225 226 227 228 229 230 231 232 233 234 235 236 237 238 239 240 241 242 243 244 245 246 247 248 249 250 251 252 253 254 255 256 257 258 259 260 261 262 263 264 265 266 267 268 269 270 271 272 273 274 275 276 277 278 279 280 281 282 283 284 285 286 287 288 289 290 291 292 293 294 295 296 297 298 299 300 301 302 303 304 305 306 307 308 309 310
 done.
 running RMSDs...
 done.
 E lowest :   -73.46515
 264 structures remain within     6.00 kcal/mol window

 input  file name : crest_rotamers_2.xyz
 output file name : crest_rotamers_3.xyz
 number of atoms                :   46
 number of points on xyz files  :   310
 RMSD threshold                 :   0.1250
 Bconst threshold               :   0.0100
 population threshold           :   0.0500
 conformer energy window  /kcal :   6.0000
 # fragment in coord            :     2
 # bonds in reference structure :    48
   => # of C=C bonds :     8
 number of reliable points      :   310
 number of removed by energy    :     4
 number of remaining points     :   306
 reference state Etot :  -73.465153889999996
 number of doubles removed by rot/RMSD         :          42
 total number unique points considered further :         264
       Erel/kcal        Etot weight/tot  conformer     set   degen     origin
       1   0.000   -73.46515    0.04842    0.13987       1       3     mtd4
       2   0.032   -73.46510    0.04585                                mtd3
       3   0.035   -73.46510    0.04561                                mtd2
       4   0.490   -73.46437    0.02120    0.08331       2       4     mtd1
       5   0.493   -73.46437    0.02109                                mtd1
       6   0.508   -73.46434    0.02055                                mtd1
       7   0.511   -73.46434    0.02047                                mtd1
       8   0.546   -73.46428    0.01928    0.05596       3       3     mtd1
       9   0.564   -73.46426    0.01871                                mtd1
      10   0.588   -73.46422    0.01797                                mtd1
      11   0.600   -73.46420    0.01760    0.08606       4       5     mtd3
      12   0.603   -73.46419    0.01752                                mtd1
      13   0.632   -73.46415    0.01669                                mtd3
      14   0.608   -73.46419    0.01738                                mtd2
      15   0.625   -73.46416    0.01688                                mtd2
      16   0.629   -73.46415    0.01676    0.03313       5       2     mtd3
      17   0.643   -73.46413    0.01637                                mtd2
      18   0.671   -73.46408    0.01562    0.18453       6      12     mtd3
      19   0.671   -73.46408    0.01562                                mtd3
      20   0.685   -73.46406    0.01525                                mtd3
      21   0.673   -73.46408    0.01556                                mtd2
      22   0.688   -73.46406    0.01517                                mtd1
      23   0.689   -73.46406    0.01515                                mtd1
      24   0.704   -73.46403    0.01478                                mtd1
      25   0.673   -73.46408    0.01555                                mtd3
      26   0.676   -73.46408    0.01549                                mtd2
      27   0.677   -73.46408    0.01546                                mtd1
      28   0.677   -73.46407    0.01546                                mtd3
      29   0.679   -73.46407    0.01541                                mtd3
      30   0.704   -73.46403    0.01476    0.06019       7       4     mtd2
      31   0.679   -73.46407    0.01541                                mtd1
      32   0.711   -73.46402    0.01460                                mtd1
      33   0.679   -73.46407    0.01541                                mtd3
      34   0.681   -73.46407    0.01536    0.06035       8       4     mtd1
      35   0.682   -73.46407    0.01533                                mtd3
      36   0.711   -73.46402    0.01459                                mtd1
      37   0.692   -73.46405    0.01507                                mtd1
      38   0.696   -73.46404    0.01498    0.07444       9       5     mtd6
      39   0.688   -73.46406    0.01517                                mtd3
      40   0.699   -73.46404    0.01489                                mtd1
      41   0.688   -73.46406    0.01516                                mtd1
      42   0.726   -73.46400    0.01424                                mtd4
      43   0.732   -73.46399    0.01408    0.04093      10       3     mtd2
      44   0.750   -73.46396    0.01368                                mtd1
      45   0.772   -73.46392    0.01317                                mtd4
      46   0.836   -73.46382    0.01182    0.01182      11       1     mtd1
      47   0.858   -73.46379    0.01139    0.03351      12       3     mtd1
      48   0.884   -73.46375    0.01091                                mtd1
      49   0.868   -73.46377    0.01120                                mtd2
      50   0.875   -73.46376    0.01108    0.01108      13       1     mtd1
      51   0.985   -73.46358    0.00920    0.00920      14       1     mtd1
      52   1.067   -73.46345    0.00801    0.00801      15       1     mtd1
      53   1.073   -73.46344    0.00792    0.03090      16       4     mtd6
      54   1.085   -73.46342    0.00776                                mtd1
      55   1.095   -73.46341    0.00764                                mtd6
      56   1.100   -73.46340    0.00757                                mtd6
      57   1.142   -73.46333    0.00706    0.01398      17       2     mtd2
      58   1.154   -73.46332    0.00692                                mtd1
      59   1.698   -73.46245    0.00276    0.00807      18       3     mtd3
      60   1.713   -73.46242    0.00270                                mtd3
      61   1.733   -73.46239    0.00261                                mtd3
      62   1.749   -73.46237    0.00254    0.00254      19       1     mtd5
      63   1.816   -73.46226    0.00227    0.00227      20       1     mtd3
      64   1.992   -73.46198    0.00168    0.00168      21       1     mtd3
      65   2.104   -73.46180    0.00139    0.00806      22       6     mtd1
      66   2.119   -73.46178    0.00136                                mtd1
      67   2.127   -73.46176    0.00134                                mtd1
      68   2.128   -73.46176    0.00134                                mtd1
      69   2.134   -73.46175    0.00133                                mtd1
      70   2.146   -73.46173    0.00130                                mtd5
      71   2.166   -73.46170    0.00125    0.00125      23       1     mtd1
      72   2.172   -73.46169    0.00124    0.01581      24      13     mtd2
      73   2.172   -73.46169    0.00124                                mtd2
      74   2.175   -73.46169    0.00124                                mtd1
      75   2.179   -73.46168    0.00123                                mtd2
      76   2.181   -73.46168    0.00122                                mtd1
      77   2.186   -73.46167    0.00121                                mtd1
      78   2.186   -73.46167    0.00121                                mtd2
      79   2.186   -73.46167    0.00121                                mtd1
      80   2.186   -73.46167    0.00121                                mtd1
      81   2.187   -73.46167    0.00121                                mtd1
      82   2.192   -73.46166    0.00120                                mtd1
      83   2.194   -73.46166    0.00120                                mtd2
      84   2.209   -73.46163    0.00117                                mtd2
      85   2.248   -73.46157    0.00109    0.00109      25       1     mtd2
      86   2.323   -73.46145    0.00096    0.00096      26       1     mtd3
      87   2.483   -73.46120    0.00074    0.00074      27       1     mtd5
      88   2.598   -73.46101    0.00061    0.00478      28       8     mtd1
      89   2.603   -73.46101    0.00060                                mtd1
      90   2.605   -73.46100    0.00060                                mtd1
      91   2.606   -73.46100    0.00060                                mtd1
      92   2.607   -73.46100    0.00060                                mtd1
      93   2.607   -73.46100    0.00060                                mtd1
      94   2.610   -73.46099    0.00059                                mtd1
      95   2.616   -73.46099    0.00059                                mtd1
      96   2.616   -73.46099    0.00059    0.00113      29       2     mtd3
      97   2.660   -73.46092    0.00055                                mtd3
      98   2.652   -73.46093    0.00055    0.00055      30       1     mtd5
      99   2.675   -73.46089    0.00053    0.00363      31       7     mtd3
     100   2.680   -73.46088    0.00053                                mtd3
     101   2.683   -73.46088    0.00052                                mtd3
     102   2.710   -73.46084    0.00050                                mtd6
     103   2.685   -73.46088    0.00052                                mtd4
     104   2.699   -73.46085    0.00051                                mtd3
     105   2.700   -73.46085    0.00051                                mtd6
     106   2.700   -73.46085    0.00051    0.00051      32       1     mtd6
     107   2.720   -73.46082    0.00049    0.00245      33       5     mtd1
     108   2.721   -73.46082    0.00049                                mtd1
     109   2.722   -73.46082    0.00049                                mtd1
     110   2.726   -73.46081    0.00049                                mtd1
     111   2.730   -73.46080    0.00048                                mtd1
     112   2.766   -73.46075    0.00046    0.00090      34       2     mtd6
     113   2.779   -73.46072    0.00045                                mtd3
     114   2.862   -73.46059    0.00039    0.00039      35       1     mtd1
     115   3.019   -73.46034    0.00030    0.00030      36       1     mtd6
     116   3.055   -73.46028    0.00028    0.00055      37       2     mtd6
     117   3.068   -73.46026    0.00027                                mtd6
     118   3.297   -73.45990    0.00019    0.00019      38       1     mtd4
     119   3.303   -73.45989    0.00018    0.00073      39       4     mtd3
     120   3.307   -73.45988    0.00018                                mtd3
     121   3.315   -73.45987    0.00018                                mtd3
     122   3.321   -73.45986    0.00018                                mtd3
     123   3.373   -73.45978    0.00016    0.00016      40       1     mtd3
     124   3.659   -73.45932    0.00010    0.00010      41       1     mtd5
     125   3.684   -73.45928    0.00010    0.00056      42       6     mtd1
     126   3.697   -73.45926    0.00009                                mtd3
     127   3.698   -73.45926    0.00009                                mtd3
     128   3.708   -73.45924    0.00009                                mtd5
     129   3.723   -73.45922    0.00009                                mtd1
     130   3.716   -73.45923    0.00009                                mtd5
     131   3.720   -73.45923    0.00009    0.00009      43       1     mtd1
     132   3.731   -73.45921    0.00009    0.00026      44       3     mtd5
     133   3.751   -73.45918    0.00009                                mtd1
     134   3.753   -73.45917    0.00009                                mtd1
     135   3.789   -73.45912    0.00008    0.00008      45       1     mtd5
     136   3.816   -73.45907    0.00008    0.00008      46       1     mtd4
     137   3.822   -73.45906    0.00008    0.00008      47       1     mtd1
     138   3.861   -73.45900    0.00007    0.00021      48       3     mtd4
     139   3.865   -73.45899    0.00007                                mtd4
     140   3.875   -73.45898    0.00007                                mtd4
     141   3.987   -73.45880    0.00006    0.00006      49       1     mtd1
     142   4.056   -73.45869    0.00005    0.00025      50       5     mtd4
     143   4.094   -73.45863    0.00005                                mtd4
     144   4.094   -73.45863    0.00005                                mtd2
     145   4.101   -73.45862    0.00005                                mtd4
     146   4.102   -73.45862    0.00005                                mtd1
     147   4.107   -73.45861    0.00005    0.00033      51       7     mtd5
     148   4.108   -73.45861    0.00005                                mtd4
     149   4.115   -73.45860    0.00005                                mtd4
     150   4.116   -73.45859    0.00005                                mtd6
     151   4.118   -73.45859    0.00005                                mtd4
     152   4.126   -73.45858    0.00005                                mtd5
     153   4.121   -73.45859    0.00005                                mtd5
     154   4.128   -73.45858    0.00005    0.00009      52       2     mtd6
     155   4.124   -73.45858    0.00005                                mtd5
     156   4.167   -73.45851    0.00004    0.00030      53       7     mtd2
     157   4.170   -73.45851    0.00004                                mtd1
     158   4.170   -73.45851    0.00004                                mtd2
     159   4.191   -73.45847    0.00004                                mtd4
     160   4.177   -73.45850    0.00004                                mtd1
     161   4.179   -73.45849    0.00004                                mtd1
     162   4.183   -73.45849    0.00004                                mtd2
     163   4.194   -73.45847    0.00004    0.00008      54       2     mtd1
     164   4.186   -73.45848    0.00004                                mtd2
     165   4.201   -73.45846    0.00004    0.00004      55       1     mtd5
     166   4.207   -73.45845    0.00004    0.00004      56       1     mtd2
     167   4.285   -73.45833    0.00004    0.00004      57       1     mtd6
     168   4.285   -73.45833    0.00004    0.00004      58       1     mtd2
     169   4.300   -73.45830    0.00003    0.00010      59       3     mtd2
     170   4.312   -73.45828    0.00003                                mtd1
     171   4.337   -73.45824    0.00003                                mtd2
     172   4.339   -73.45824    0.00003    0.00003      60       1     mtd2
     173   4.324   -73.45826    0.00003    0.00003      61       1     mtd2
     174   4.400   -73.45814    0.00003    0.00006      62       2     mtd5
     175   4.405   -73.45813    0.00003                                mtd5
     176   4.444   -73.45807    0.00003    0.00003      63       1     mtd6
     177   4.454   -73.45806    0.00003    0.00005      64       2     mtd1
     178   4.460   -73.45805    0.00003                                mtd1
     179   4.507   -73.45797    0.00002    0.00019      65       8     mtd5
     180   4.522   -73.45795    0.00002                                mtd5
     181   4.522   -73.45795    0.00002                                mtd1
     182   4.529   -73.45794    0.00002                                mtd1
     183   4.533   -73.45793    0.00002                                mtd5
     184   4.535   -73.45793    0.00002                                mtd1
     185   4.548   -73.45791    0.00002                                mtd1
     186   4.542   -73.45792    0.00002                                mtd4
     187   4.547   -73.45791    0.00002    0.00005      66       2     mtd1
     188   4.550   -73.45790    0.00002                                mtd2
     189   4.593   -73.45783    0.00002    0.00004      67       2     mtd1
     190   4.613   -73.45780    0.00002                                mtd1
     191   4.621   -73.45779    0.00002    0.00002      68       1     mtd1
     192   4.604   -73.45782    0.00002    0.00002      69       1     mtd5
     193   4.628   -73.45778    0.00002    0.00004      70       2     mtd4
     194   4.633   -73.45777    0.00002                                mtd4
     195   4.629   -73.45778    0.00002    0.00002      71       1     mtd2
     196   4.652   -73.45774    0.00002    0.00011      72       6     mtd2
     197   4.655   -73.45774    0.00002                                mtd2
     198   4.657   -73.45773    0.00002                                mtd2
     199   4.658   -73.45773    0.00002                                mtd2
     200   4.673   -73.45771    0.00002                                mtd2
     201   4.676   -73.45770    0.00002                                mtd2
     202   4.689   -73.45768    0.00002    0.00002      73       1     mtd2
     203   4.697   -73.45767    0.00002    0.00002      74       1     mtd2
     204   4.736   -73.45761    0.00002    0.00005      75       3     mtd2
     205   4.741   -73.45760    0.00002                                mtd2
     206   4.751   -73.45758    0.00002                                mtd1
     207   4.751   -73.45758    0.00002    0.00003      76       2     mtd1
     208   4.764   -73.45756    0.00002                                mtd2
     209   4.785   -73.45753    0.00002    0.00002      77       1     mtd2
     210   4.802   -73.45750    0.00001    0.00001      78       1     mtd2
     211   4.820   -73.45747    0.00001    0.00001      79       1     mtd2
     212   4.835   -73.45745    0.00001    0.00001      80       1     mtd3
     213   4.835   -73.45745    0.00001    0.00001      81       1     mtd1
     214   4.840   -73.45744    0.00001    0.00001      82       1     mtd6
     215   4.841   -73.45744    0.00001    0.00001      83       1     mtd2
     216   4.879   -73.45738    0.00001    0.00001      84       1     mtd6
     217   5.014   -73.45716    0.00001    0.00002      85       2     mtd6
     218   5.062   -73.45709    0.00001                                mtd6
     219   5.089   -73.45704    0.00001    0.00001      86       1     mtd6
     220   5.130   -73.45698    0.00001    0.00004      87       5     mtd6
     221   5.131   -73.45698    0.00001                                mtd6
     222   5.132   -73.45698    0.00001                                mtd2
     223   5.136   -73.45697    0.00001                                mtd2
     224   5.138   -73.45697    0.00001                                mtd6
     225   5.185   -73.45689    0.00001    0.00001      88       1     mtd1
     226   5.225   -73.45683    0.00001    0.00001      89       1     mtd6
     227   5.232   -73.45682    0.00001    0.00006      90       8     mtd3
     228   5.233   -73.45681    0.00001                                mtd3
     229   5.245   -73.45680    0.00001                                mtd3
     230   5.246   -73.45679    0.00001                                mtd3
     231   5.266   -73.45676    0.00001                                mtd3
     232   5.249   -73.45679    0.00001                                mtd1
     233   5.257   -73.45678    0.00001                                mtd3
     234   5.260   -73.45677    0.00001                                mtd3
     235   5.262   -73.45677    0.00001    0.00001      91       1     mtd3
     236   5.276   -73.45675    0.00001    0.00001      92       1     mtd1
     237   5.278   -73.45674    0.00001    0.00001      93       1     mtd2
     238   5.306   -73.45670    0.00001    0.00001      94       1     mtd2
     239   5.306   -73.45670    0.00001    0.00001      95       2     mtd5
     240   5.307   -73.45670    0.00001                                mtd5
     241   5.308   -73.45670    0.00001    0.00001      96       1     mtd5
     242   5.358   -73.45662    0.00001    0.00001      97       1     mtd1
     243   5.377   -73.45658    0.00001    0.00001      98       1     mtd1
     244   5.566   -73.45628    0.00000    0.00001      99       2     mtd4
     245   5.580   -73.45626    0.00000                                mtd4
     246   5.657   -73.45614    0.00000    0.00000     100       1     mtd3
     247   5.694   -73.45608    0.00000    0.00001     101       2     mtd2
     248   5.699   -73.45607    0.00000                                mtd2
     249   5.699   -73.45607    0.00000    0.00000     102       1     mtd4
     250   5.709   -73.45606    0.00000    0.00001     103       2     mtd2
     251   5.716   -73.45604    0.00000                                mtd2
     252   5.743   -73.45600    0.00000    0.00000     104       1     mtd1
     253   5.774   -73.45595    0.00000    0.00001     105       3     mtd2
     254   5.816   -73.45589    0.00000                                mtd2
     255   5.788   -73.45593    0.00000                                mtd2
     256   5.788   -73.45593    0.00000    0.00000     106       1     mtd2
     257   5.859   -73.45582    0.00000    0.00001     107       4     mtd1
     258   5.872   -73.45580    0.00000                                mtd4
     259   5.878   -73.45579    0.00000                                mtd5
     260   5.892   -73.45577    0.00000                                mtd5
     261   5.909   -73.45574    0.00000    0.00000     108       1     mtd6
     262   5.914   -73.45573    0.00000    0.00000     109       1     mtd3
     263   5.924   -73.45571    0.00000    0.00000     110       1     mtd3
     264   5.976   -73.45563    0.00000    0.00000     111       1     mtd3
T /K                                  :   298.15
E lowest                              :   -73.46515
ensemble average energy (kcal)        :    0.706
ensemble entropy (J/mol K, cal/mol K) :   35.071    8.382
ensemble free energy (kcal/mol)       :   -2.499
population of lowest in %             :   13.987
 number of unique conformers for further calc          111
 list of relative energies saved as "crest.energies"

 -----------------
 Wall Time Summary
 -----------------
             test MD wall time :         0h : 0m : 0s
                 MTD wall time :         0h : 0m :37s
      multilevel OPT wall time :         0h : 0m :48s
--------------------
Overall wall time  : 0h : 1m :29s

 CREST terminated normally.
