
       ==============================================
       |                                            |
       |                 C R E S T                  |
       |                                            |
       |  Conformer-Rotamer Ensemble Sampling Tool  |
       |          based on the GFN methods          |
       |             P.Pracht, S.Grimme             |
       |          Universitaet Bonn, MCTC           |
       ==============================================
       Version 2.12,   Thu 19. Mai 16:32:32 CEST 2022
  Using the xTB program. Compatible with xTB version 6.4.0

   Cite work conducted with this code as

   • P.Pracht, F.Bohle, S.Grimme, PCCP, 2020, 22, 7169-7192.
   • S.Grimme, JCTC, 2019, 15, 2847-2862.

   and for works involving QCG as

   • S.Spicher, C.Plett, P.Pracht, A.Hansen, S.Grimme,
     JCTC, 2022, 18 (5), 3174-3189.

   with help from:
   C.Bannwarth, F.Bohle, S.Ehlert, S.Grimme,
   C.Plett, P.Pracht, S.Spicher

   This program is distributed in the hope that it will be useful,
   but WITHOUT ANY WARRANTY; without even the implied warranty of
   MERCHANTABILITY or FITNESS FOR A PARTICULAR PURPOSE.

 Command line input:
 > crest init.xyz --gfn2//gfnff --chrg 0 --uhf 0 --cbonds -T 256 --noreftopo

  -gfn2//gfnff : energy reweighting
  --chrg 0
  --uhf 0
  -T 256 (CPUs/Threads selected)

 -------------------------
 xTB Geometry Optimization
 -------------------------
 Geometry successfully optimized.

------------------------------------------------
Generating MTD length from a flexibility measure
------------------------------------------------
 Calculating WBOs... done.
 Calculating NCI flexibility... done.
     covalent flexibility measure :   0.707
 non-covalent flexibility measure :   0.691
 flexibility measure :   0.644
 t(MTD) / ps    :     6.0
 Σ(t(MTD)) / ps :    84.0 (14 MTDs)

-------------------------------------
Starting a trial MTD to test settings
-------------------------------------
 Estimated runtime for one MTD (6.0 ps) on a single thread: 5 min 43 sec
 Estimated runtime for a batch of 14 MTDs on 256 threads: 19 sec

 list of Vbias parameters applied:
$metadyn    0.00300   1.300
$metadyn    0.00150   1.300
$metadyn    0.00075   1.300
$metadyn    0.00300   0.780
$metadyn    0.00150   0.780
$metadyn    0.00075   0.780
$metadyn    0.00300   0.468
$metadyn    0.00150   0.468
$metadyn    0.00075   0.468
$metadyn    0.00300   0.281
$metadyn    0.00150   0.281
$metadyn    0.00075   0.281
$metadyn    0.00100   0.100
$metadyn    0.00500   0.800

*******************************************************************************************
**                        N E W    I T E R A T I O N    C Y C L E                        **
*******************************************************************************************

========================================
            MTD Iteration  1
========================================

     ========================================
     |         Meta-MD (MTD) Sampling       |
     ========================================

Starting Meta-MD   3 with the settings:
     MD time /ps        :     6.0
     dt /fs             :     2.0
     dumpstep(trj) /fs  :     100
     dumpstep(Vbias)/ps :     1.0
     Vbias factor k /Eh :  0.0135
     Vbias exp α /bohr⁻²:    1.30
Starting Meta-MD   1 with the settings:
     MD time /ps        :     6.0
     dt /fs             :     2.0
     dumpstep(trj) /fs  :     100
     dumpstep(Vbias)/ps :     1.0
     Vbias factor k /Eh :  0.0540
     Vbias exp α /bohr⁻²:    1.30
Starting Meta-MD   2 with the settings:
     MD time /ps        :     6.0
     dt /fs             :     2.0
     dumpstep(trj) /fs  :     100
     dumpstep(Vbias)/ps :     1.0
     Vbias factor k /Eh :  0.0270
     Vbias exp α /bohr⁻²:    1.30
Starting Meta-MD   5 with the settings:
     MD time /ps        :     6.0
     dt /fs             :     2.0
     dumpstep(trj) /fs  :     100
     dumpstep(Vbias)/ps :     1.0
     Vbias factor k /Eh :  0.0270
     Vbias exp α /bohr⁻²:    0.78
Starting Meta-MD   4 with the settings:
     MD time /ps        :     6.0
     dt /fs             :     2.0
     dumpstep(trj) /fs  :     100
     dumpstep(Vbias)/ps :     1.0
     Vbias factor k /Eh :  0.0540
     Vbias exp α /bohr⁻²:    0.78
Starting Meta-MD   6 with the settings:
     MD time /ps        :     6.0
     dt /fs             :     2.0
     dumpstep(trj) /fs  :     100
     dumpstep(Vbias)/ps :     1.0
     Vbias factor k /Eh :  0.0135
     Vbias exp α /bohr⁻²:    0.78
Starting Meta-MD   7 with the settings:
     MD time /ps        :     6.0
     dt /fs             :     2.0
     dumpstep(trj) /fs  :     100
     dumpstep(Vbias)/ps :     1.0
     Vbias factor k /Eh :  0.0540
     Vbias exp α /bohr⁻²:    0.47
Starting Meta-MD   8 with the settings:
     MD time /ps        :     6.0
     dt /fs             :     2.0
     dumpstep(trj) /fs  :     100
     dumpstep(Vbias)/ps :     1.0
     Vbias factor k /Eh :  0.0270
     Vbias exp α /bohr⁻²:    0.47
Starting Meta-MD   9 with the settings:
     MD time /ps        :     6.0
     dt /fs             :     2.0
     dumpstep(trj) /fs  :     100
     dumpstep(Vbias)/ps :     1.0
     Vbias factor k /Eh :  0.0135
     Vbias exp α /bohr⁻²:    0.47
Starting Meta-MD  10 with the settings:
     MD time /ps        :     6.0
     dt /fs             :     2.0
     dumpstep(trj) /fs  :     100
     dumpstep(Vbias)/ps :     1.0
     Vbias factor k /Eh :  0.0540
     Vbias exp α /bohr⁻²:    0.28
Starting Meta-MD  14 with the settings:
     MD time /ps        :     6.0
     dt /fs             :     2.0
     dumpstep(trj) /fs  :     100
     dumpstep(Vbias)/ps :     1.0
     Vbias factor k /Eh :  0.0900
     Vbias exp α /bohr⁻²:    0.80
Starting Meta-MD  11 with the settings:
     MD time /ps        :     6.0
     dt /fs             :     2.0
     dumpstep(trj) /fs  :     100
     dumpstep(Vbias)/ps :     1.0
     Vbias factor k /Eh :  0.0270
     Vbias exp α /bohr⁻²:    0.28
Starting Meta-MD  12 with the settings:
     MD time /ps        :     6.0
     dt /fs             :     2.0
     dumpstep(trj) /fs  :     100
     dumpstep(Vbias)/ps :     1.0
     Vbias factor k /Eh :  0.0135
     Vbias exp α /bohr⁻²:    0.28
Starting Meta-MD  13 with the settings:
     MD time /ps        :     6.0
     dt /fs             :     2.0
     dumpstep(trj) /fs  :     100
     dumpstep(Vbias)/ps :     1.0
     Vbias factor k /Eh :  0.0180
     Vbias exp α /bohr⁻²:    0.10
*Meta-MTD 11 finished*
*Meta-MTD 5 finished*
*Meta-MTD 3 finished*
*Meta-MTD 13 finished*
*Meta-MTD 9 finished*
*Meta-MTD 14 finished*
*Meta-MTD 8 finished*
*Meta-MTD 10 finished*
*Meta-MTD 2 finished*
*Meta-MTD 1 finished*
*Meta-MTD 7 finished*
*Meta-MTD 6 finished*
*Meta-MTD 12 finished*
*Meta-MTD 4 finished*

-----------------------
Multilevel Optimization
-----------------------

 -------------------------
 1. crude pre-optimization
 -------------------------
 Optimizing all 826 structures from file "crest_rotamers_0.xyz" ...
 1 2 3 4 5 6 7 8 9 10 11 12 13 14 15 16 17 18 19 20 21 22 23 24 25 26 27 28 29 30 31 32 33 34 35 36 37 38 39 40 41 42 43 44 45 46 47 48 49 50 51 52 53 54 55 56 57 58 59 60 61 62 63 64 65 66 67 68 69 70 71 72 73 74 75 76 77 78 79 80 81 82 83 84 85 86 87 88 89 90 91 92 93 94 95 96 97 98 99 100 101 102 103 104 105 106 107 108 109 110 111 112 113 114 115 116 117 118 119 120 121 122 123 124 125 126 127 128 129 130 131 132 133 134 135 136 137 138 139 140 141 142 143 144 145 146 147 148 149 150 151 152 153 154 155 156 157 158 159 160 161 162 163 164 165 166 167 168 169 170 171 172 173 174 175 176 177 178 179 180 181 182 183 184 185 186 187 188 189 190 191 192 193 194 195 196 197 198 199 200 201 202 203 204 205 206 207 208 209 210 211 212 213 214 215 216 217 218 219 220 221 222 223 224 225 226 227 228 229 230 231 232 233 234 235 236 237 238 239 240 241 242 243 244 245 246 247 248 249 250 251 252 253 254 255 256 257 258 259 260 261 262 263 264 265 266 267 268 269 270 271 272 273 274 275 276 277 278 279 280 281 282 283 284 285 286 287 288 289 290 291 292 293 294 295 296 297 298 299 300 301 302 303 304 305 306 307 308 309 310 311 312 313 314 315 316 317 318 319 320 321 322 323 324 325 326 327 328 329 330 331 332 333 334 335 336 337 338 339 340 341 342 343 344 345 346 347 348 349 350 351 352 353 354 355 356 357 358 359 360 361 362 363 364 365 366 367 368 369 370 371 372 373 374 375 376 377 378 379 380 381 382 383 384 385 386 387 388 389 390 391 392 393 394 395 396 397 398 399 400 401 402 403 404 405 406 407 408 409 410 411 412 413 414 415 416 417 418 419 420 421 422 423 424 425 426 427 428 429 430 431 432 433 434 435 436 437 438 439 440 441 442 443 444 445 446 447 448 449 450 451 452 453 454 455 456 457 458 459 460 461 462 463 464 465 466 467 468 469 470 471 472 473 474 475 476 477 478 479 480 481 482 483 484 485 486 487 488 489 490 491 492 493 494 495 496 497 498 499 500 501 502 503 504 505 506 507 508 509 510 511 512 513 514 515 516 517 518 519 520 521 522 523 524 525 526 527 528 529 530 531 532 533 534 535 536 537 538 539 540 541 542 543 544 545 546 547 548 549 550 551 552 553 554 555 556 557 558 559 560 561 562 563 564 565 566 567 568 569 570 571 572 573 574 575 576 577 578 579 580 581 582 583 584 585 586 587 588 589 590 591 592 593 594 595 596 597 598 599 600 601 602 603 604 605 606 607 608 609 610 611 612 613 614 615 616 617 618 619 620 621 622 623 624 625 626 627 628 629 630 631 632 633 634 635 636 637 638 639 640 641 642 643 644 645 646 647 648 649 650 651 652 653 654 655 656 657 658 659 660 661 662 663 664 665 666 667 668 669 670 671 672 673 674 675 676 677 678 679 680 681 682 683 684 685 686 687 688 689 690 691 692 693 694 695 696 697 698 699 700 701 702 703 704 705 706 707 708 709 710 711 712 713 714 715 716 717 718 719 720 721 722 723 724 725 726 727 728 729 730 731 732 733 734 735 736 737 738 739 740 741 742 743 744 745 746 747 748 749 750 751 752 753 754 755 756 757 758 759 760 761 762 763 764 765 766 767 768 769 770 771 772 773 774 775 776 777 778 779 780 781 782 783 784 785 786 787 788 789 790 791 792 793 794 795 796 797 798 799 800 801 802 803 804 805 806 807 808 809 810 811 812 813 814 815 816 817 818 819 820 821 822 823 824 825 826
 done.
 running RMSDs...
 done.
 E lowest :   -22.10642
 53 structures remain within    12.00 kcal/mol window

 -------------------------------------
 2. optimization with tight thresholds
 -------------------------------------
 Optimizing all 54 structures from file "crest_rotamers_1.xyz" ...
 1 2 3 4 5 6 7 8 9 10 11 12 13 14 15 16 17 18 19 20 21 22 23 24 25 26 27 28 29 30 31 32 33 34 35 36 37 38 39 40 41 42 43 44 45 46 47 48 49 50 51 52 53 54
 done.
 running RMSDs...
 done.
 E lowest :   -22.10473
 20 structures remain within     6.00 kcal/mol window


========================================
            MTD Iteration  2
========================================

     ========================================
     |         Meta-MD (MTD) Sampling       |
     ========================================

Starting Meta-MD   1 with the settings:
     MD time /ps        :     6.0
     dt /fs             :     2.0
     dumpstep(trj) /fs  :     100
     dumpstep(Vbias)/ps :     1.0
     Vbias factor k /Eh :  0.0540
     Vbias exp α /bohr⁻²:    1.30
Starting Meta-MD   2 with the settings:
     MD time /ps        :     6.0
     dt /fs             :     2.0
     dumpstep(trj) /fs  :     100
     dumpstep(Vbias)/ps :     1.0
     Vbias factor k /Eh :  0.0270
     Vbias exp α /bohr⁻²:    1.30
Starting Meta-MD   3 with the settings:
     MD time /ps        :     6.0
     dt /fs             :     2.0
     dumpstep(trj) /fs  :     100
     dumpstep(Vbias)/ps :     1.0
     Vbias factor k /Eh :  0.0135
     Vbias exp α /bohr⁻²:    1.30
Starting Meta-MD   4 with the settings:
     MD time /ps        :     6.0
     dt /fs             :     2.0
     dumpstep(trj) /fs  :     100
     dumpstep(Vbias)/ps :     1.0
     Vbias factor k /Eh :  0.0540
     Vbias exp α /bohr⁻²:    0.78
Starting Meta-MD   5 with the settings:
     MD time /ps        :     6.0
     dt /fs             :     2.0
     dumpstep(trj) /fs  :     100
     dumpstep(Vbias)/ps :     1.0
     Vbias factor k /Eh :  0.0270
     Vbias exp α /bohr⁻²:    0.78
Starting Meta-MD   6 with the settings:
     MD time /ps        :     6.0
     dt /fs             :     2.0
     dumpstep(trj) /fs  :     100
     dumpstep(Vbias)/ps :     1.0
     Vbias factor k /Eh :  0.0135
     Vbias exp α /bohr⁻²:    0.78
Starting Meta-MD   7 with the settings:
     MD time /ps        :     6.0
     dt /fs             :     2.0
     dumpstep(trj) /fs  :     100
     dumpstep(Vbias)/ps :     1.0
     Vbias factor k /Eh :  0.0540
     Vbias exp α /bohr⁻²:    0.47
Starting Meta-MD   8 with the settings:
     MD time /ps        :     6.0
     dt /fs             :     2.0
     dumpstep(trj) /fs  :     100
     dumpstep(Vbias)/ps :     1.0
     Vbias factor k /Eh :  0.0270
     Vbias exp α /bohr⁻²:    0.47
Starting Meta-MD   9 with the settings:
     MD time /ps        :     6.0
     dt /fs             :     2.0
     dumpstep(trj) /fs  :     100
     dumpstep(Vbias)/ps :     1.0
     Vbias factor k /Eh :  0.0135
     Vbias exp α /bohr⁻²:    0.47
Starting Meta-MD  10 with the settings:
     MD time /ps        :     6.0
     dt /fs             :     2.0
     dumpstep(trj) /fs  :     100
     dumpstep(Vbias)/ps :     1.0
     Vbias factor k /Eh :  0.0540
     Vbias exp α /bohr⁻²:    0.28
Starting Meta-MD  11 with the settings:
     MD time /ps        :     6.0
     dt /fs             :     2.0
     dumpstep(trj) /fs  :     100
     dumpstep(Vbias)/ps :     1.0
     Vbias factor k /Eh :  0.0270
     Vbias exp α /bohr⁻²:    0.28
Starting Meta-MD  12 with the settings:
     MD time /ps        :     6.0
     dt /fs             :     2.0
     dumpstep(trj) /fs  :     100
     dumpstep(Vbias)/ps :     1.0
     Vbias factor k /Eh :  0.0135
     Vbias exp α /bohr⁻²:    0.28
*Meta-MTD 11 finished*
*Meta-MTD 2 finished*
*Meta-MTD 4 finished*
*Meta-MTD 9 finished*
*Meta-MTD 6 finished*
*Meta-MTD 10 finished*
*Meta-MTD 3 finished*
*Meta-MTD 12 finished*
*Meta-MTD 7 finished*
*Meta-MTD 1 finished*
*Meta-MTD 5 finished*
*Meta-MTD 8 finished*

-----------------------
Multilevel Optimization
-----------------------

 -------------------------
 1. crude pre-optimization
 -------------------------
 Optimizing all 708 structures from file "crest_rotamers_0.xyz" ...
 1 2 3 4 5 6 7 8 9 10 11 12 13 14 15 16 17 18 19 20 21 22 23 24 25 26 27 28 29 30 31 32 33 34 35 36 37 38 39 40 41 42 43 44 45 46 47 48 49 50 51 52 53 54 55 56 57 58 59 60 61 62 63 64 65 66 67 68 69 70 71 72 73 74 75 76 77 78 79 80 81 82 83 84 85 86 87 88 89 90 91 92 93 94 95 96 97 98 99 100 101 102 103 104 105 106 107 108 109 110 111 112 113 114 115 116 117 118 119 120 121 122 123 124 125 126 127 128 129 130 131 132 133 134 135 136 137 138 139 140 141 142 143 144 145 146 147 148 149 150 151 152 153 154 155 156 157 158 159 160 161 162 163 164 165 166 167 168 169 170 171 172 173 174 175 176 177 178 179 180 181 182 183 184 185 186 187 188 189 190 191 192 193 194 195 196 197 198 199 200 201 202 203 204 205 206 207 208 209 210 211 212 213 214 215 216 217 218 219 220 221 222 223 224 225 226 227 228 229 230 231 232 233 234 235 236 237 238 239 240 241 242 243 244 245 246 247 248 249 250 251 252 253 254 255 256 257 258 259 260 261 262 263 264 265 266 267 268 269 270 271 272 273 274 275 276 277 278 279 280 281 282 283 284 285 286 287 288 289 290 291 292 293 294 295 296 297 298 299 300 301 302 303 304 305 306 307 308 309 310 311 312 313 314 315 316 317 318 319 320 321 322 323 324 325 326 327 328 329 330 331 332 333 334 335 336 337 338 339 340 341 342 343 344 345 346 347 348 349 350 351 352 353 354 355 356 357 358 359 360 361 362 363 364 365 366 367 368 369 370 371 372 373 374 375 376 377 378 379 380 381 382 383 384 385 386 387 388 389 390 391 392 393 394 395 396 397 398 399 400 401 402 403 404 405 406 407 408 409 410 411 412 413 414 415 416 417 418 419 420 421 422 423 424 425 426 427 428 429 430 431 432 433 434 435 436 437 438 439 440 441 442 443 444 445 446 447 448 449 450 451 452 453 454 455 456 457 458 459 460 461 462 463 464 465 466 467 468 469 470 471 472 473 474 475 476 477 478 479 480 481 482 483 484 485 486 487 488 489 490 491 492 493 494 495 496 497 498 499 500 501 502 503 504 505 506 507 508 509 510 511 512 513 514 515 516 517 518 519 520 521 522 523 524 525 526 527 528 529 530 531 532 533 534 535 536 537 538 539 540 541 542 543 544 545 546 547 548 549 550 551 552 553 554 555 556 557 558 559 560 561 562 563 564 565 566 567 568 569 570 571 572 573 574 575 576 577 578 579 580 581 582 583 584 585 586 587 588 589 590 591 592 593 594 595 596 597 598 599 600 601 602 603 604 605 606 607 608 609 610 611 612 613 614 615 616 617 618 619 620 621 622 623 624 625 626 627 628 629 630 631 632 633 634 635 636 637 638 639 640 641 642 643 644 645 646 647 648 649 650 651 652 653 654 655 656 657 658 659 660 661 662 663 664 665 666 667 668 669 670 671 672 673 674 675 676 677 678 679 680 681 682 683 684 685 686 687 688 689 690 691 692 693 694 695 696 697 698 699 700 701 702 703 704 705 706 707 708
 done.
 running RMSDs...
 done.
 E lowest :   -22.10610
 44 structures remain within    12.00 kcal/mol window

 -------------------------------------
 2. optimization with tight thresholds
 -------------------------------------
 Optimizing all 45 structures from file "crest_rotamers_1.xyz" ...
 1 2 3 4 5 6 7 8 9 10 11 12 13 14 15 16 17 18 19 20 21 22 23 24 25 26 27 28 29 30 31 32 33 34 35 36 37 38 39 40 41 42 43 44 45
 done.
 running RMSDs...
 done.
 E lowest :   -22.10473
 16 structures remain within     6.00 kcal/mol window

========================================
            MTD Iterations done         
========================================
 Collecting ensmbles.
 running RMSDs...
 done.
 E lowest :   -22.10473
 34 structures remain within     6.00 kcal/mol window

-----------------------------------------------
Additional regular MDs on lowest 4 conformer(s)
-----------------------------------------------
Starting MD   1 with the settings:
     MD time /ps        :     3.0
     MD Temperature /K  :   400.0
     dt /fs             :     2.0
     dumpstep(trj) /fs  :     100
Starting MD   2 with the settings:
     MD time /ps        :     3.0
     MD Temperature /K  :   500.0
     dt /fs             :     2.0
     dumpstep(trj) /fs  :     100
Starting MD   3 with the settings:
     MD time /ps        :     3.0
     MD Temperature /K  :   400.0
     dt /fs             :     2.0
     dumpstep(trj) /fs  :     100
Starting MD   4 with the settings:
     MD time /ps        :     3.0
     MD Temperature /K  :   500.0
     dt /fs             :     2.0
     dumpstep(trj) /fs  :     100
Starting MD   5 with the settings:
     MD time /ps        :     3.0
     MD Temperature /K  :   400.0
     dt /fs             :     2.0
     dumpstep(trj) /fs  :     100
Starting MD   6 with the settings:
     MD time /ps        :     3.0
     MD Temperature /K  :   500.0
     dt /fs             :     2.0
     dumpstep(trj) /fs  :     100
Starting MD   7 with the settings:
     MD time /ps        :     3.0
     MD Temperature /K  :   400.0
     dt /fs             :     2.0
     dumpstep(trj) /fs  :     100
Starting MD   8 with the settings:
     MD time /ps        :     3.0
     MD Temperature /K  :   500.0
     dt /fs             :     2.0
     dumpstep(trj) /fs  :     100
*MD 6 finished*
*MD 8 finished*
*MD 5 finished*
*MD 4 finished*
*MD 1 finished*
*MD 7 finished*
*MD 2 finished*
*MD 3 finished*
 Appending file crest_rotamers_1.xyz with new structures

 -------------------------------------------
 Ensemble optimization with tight thresholds
 -------------------------------------------
 Optimizing all 266 structures from file "crest_rotamers_1.xyz" ...
 1 2 3 4 5 6 7 8 9 10 11 12 13 14 15 16 17 18 19 20 21 22 23 24 25 26 27 28 29 30 31 32 33 34 35 36 37 38 39 40 41 42 43 44 45 46 47 48 49 50 51 52 53 54 55 56 57 58 59 60 61 62 63 64 65 66 67 68 69 70 71 72 73 74 75 76 77 78 79 80 81 82 83 84 85 86 87 88 89 90 91 92 93 94 95 96 97 98 99 100 101 102 103 104 105 106 107 108 109 110 111 112 113 114 115 116 117 118 119 120 121 122 123 124 125 126 127 128 129 130 131 132 133 134 135 136 137 138 139 140 141 142 143 144 145 146 147 148 149 150 151 152 153 154 155 156 157 158 159 160 161 162 163 164 165 166 167 168 169 170 171 172 173 174 175 176 177 178 179 180 181 182 183 184 185 186 187 188 189 190 191 192 193 194 195 196 197 198 199 200 201 202 203 204 205 206 207 208 209 210 211 212 213 214 215 216 217 218 219 220 221 222 223 224 225 226 227 228 229 230 231 232 233 234 235 236 237 238 239 240 241 242 243 244 245 246 247 248 249 250 251 252 253 254 255 256 257 258 259 260 261 262 263 264 265 266
 done.
 running RMSDs...
 done.
 E lowest :   -22.10472
 61 structures remain within     6.00 kcal/mol window


     ========================================
     |        Structure Crossing (GC)       |
     ========================================
 =============================
  # threads =         256
 =============================
 input  file name : crest_rotamers_3.xyz
number of atoms                :    18
number of points on xyz files  :    61
conformer energy window  /kcal :    6.00
CN per atom difference cut-off :  0.3000
RMSD threshold                 :  0.2500
max. # of generated structures : 300
 reading xyz file ...
 # in E window                 61
 generating pairs ...        1890
 generated pairs           :        1578
 number of clash discarded :         252
 average rmsd w.r.t input  : 3.01330
 sd of ensemble            : 0.63730
 number of new structures      :         198
 removed identical structures  :         402
 writing          198  TMPCONF* dirs ...
 --------------------------
 GC: loose pre-optimization
 --------------------------
 Starting optimization of generated structures
 198 jobs to do.
 1 2 3 4 5 6 7 8 9 10 11 12 13 14 15 16 17 18 19 20 21 22 23 24 25 26 27 28 29 30 31 32 33 34 35 36 37 38 39 40 41 42 43 44 45 46 47 48 49 50 51 52 53 54 55 56 57 58 59 60 61 62 63 64 65 66 67 68 69 70 71 72 73 74 75 76 77 78 79 80 81 82 83 84 85 86 87 88 89 90 91 92 93 94 95 96 97 98 99 100 101 102 103 104 105 106 107 108 109 110 111 112 113 114 115 116 117 118 119 120 121 122 123 124 125 126 127 128 129 130 131 132 133 134 135 136 137 138 139 140 141 142 143 144 145 146 147 148 149 150 151 152 153 154 155 156 157 158 159 160 161 162 163 164 165 166 167 168 169 170 171 172 173 174 175 176 177 178 179 180 181 182 183 184 185 186 187 188 189 190 191 192 193 194 195 196 197 198 
 done.
 Now appending opt.xyz file with new structures
 running RMSDs...
 done.
 E lowest :   -22.10497
 195 structures remain within    10.00 kcal/mol window
 --------------------------------------
 GC: optimization with tight thresholds
 --------------------------------------
 Optimizing all 195 structures from file "crest_rotamers_1.xyz" ...
 1 2 3 4 5 6 7 8 9 10 11 12 13 14 15 16 17 18 19 20 21 22 23 24 25 26 27 28 29 30 31 32 33 34 35 36 37 38 39 40 41 42 43 44 45 46 47 48 49 50 51 52 53 54 55 56 57 58 59 60 61 62 63 64 65 66 67 68 69 70 71 72 73 74 75 76 77 78 79 80 81 82 83 84 85 86 87 88 89 90 91 92 93 94 95 96 97 98 99 100 101 102 103 104 105 106 107 108 109 110 111 112 113 114 115 116 117 118 119 120 121 122 123 124 125 126 127 128 129 130 131 132 133 134 135 136 137 138 139 140 141 142 143 144 145 146 147 148 149 150 151 152 153 154 155 156 157 158 159 160 161 162 163 164 165 166 167 168 169 170 171 172 173 174 175 176 177 178 179 180 181 182 183 184 185 186 187 188 189 190 191 192 193 194 195
 done.
 running RMSDs...
 done.
 E lowest :   -22.10476


   ================================================
   |           Final Geometry Optimization        |
   ================================================
 ------------------------------------------------
 Ensemble optimization with very tight thresholds
 ------------------------------------------------
 Optimizing all 190 structures from file "crest_rotamers_4.xyz" ...
 1 2 3 4 5 6 7 8 9 10 11 12 13 14 15 16 17 18 19 20 21 22 23 24 25 26 27 28 29 30 31 32 33 34 35 36 37 38 39 40 41 42 43 44 45 46 47 48 49 50 51 52 53 54 55 56 57 58 59 60 61 62 63 64 65 66 67 68 69 70 71 72 73 74 75 76 77 78 79 80 81 82 83 84 85 86 87 88 89 90 91 92 93 94 95 96 97 98 99 100 101 102 103 104 105 106 107 108 109 110 111 112 113 114 115 116 117 118 119 120 121 122 123 124 125 126 127 128 129 130 131 132 133 134 135 136 137 138 139 140 141 142 143 144 145 146 147 148 149 150 151 152 153 154 155 156 157 158 159 160 161 162 163 164 165 166 167 168 169 170 171 172 173 174 175 176 177 178 179 180 181 182 183 184 185 186 187 188 189 190
 done.
 running RMSDs...
 done.
 E lowest :   -22.10468
 173 structures remain within     6.00 kcal/mol window

 input  file name : crest_rotamers_5.xyz
 output file name : crest_rotamers_6.xyz
 number of atoms                :   18
 number of points on xyz files  :   190
 RMSD threshold                 :   0.1250
 Bconst threshold               :   0.0100
 population threshold           :   0.0500
 conformer energy window  /kcal :   6.0000
 # fragment in coord            :     2
 # bonds in reference structure :    16
 number of reliable points      :   190
 reference state Etot :  -22.104683250000001
 number of doubles removed by rot/RMSD         :          17
 total number unique points considered further :         173
       Erel/kcal        Etot weight/tot  conformer     set   degen     origin
       1   0.000   -22.10468    0.02151    0.10639       1       5     gc
       2   0.002   -22.10468    0.02142                                gc
       3   0.007   -22.10467    0.02126                                gc
       4   0.011   -22.10467    0.02110                                md3
       5   0.011   -22.10467    0.02110                                md3
       6   0.033   -22.10463    0.02034    0.02034       2       1     gc
       7   0.107   -22.10451    0.01796    0.05310       3       3     gc
       8   0.120   -22.10449    0.01758                                gc
       9   0.120   -22.10449    0.01756                                gc
      10   0.122   -22.10449    0.01750    0.10290       4       6     gc
      11   0.128   -22.10448    0.01735                                gc
      12   0.135   -22.10447    0.01712                                gc
      13   0.139   -22.10446    0.01701                                gc
      14   0.140   -22.10446    0.01697                                mtd4
      15   0.141   -22.10446    0.01694                                gc
      16   0.143   -22.10445    0.01688    0.14978       5       9     gc
      17   0.110   -22.10451    0.01786                                gc
      18   0.116   -22.10450    0.01768                                gc
      19   0.152   -22.10444    0.01663                                gc
      20   0.158   -22.10443    0.01649                                gc
      21   0.162   -22.10443    0.01638                                gc
      22   0.175   -22.10440    0.01602                                gc
      23   0.178   -22.10440    0.01594                                gc
      24   0.179   -22.10440    0.01590                                gc
      25   0.252   -22.10428    0.01406    0.09632       6       7     gc
      26   0.256   -22.10428    0.01397                                gc
      27   0.260   -22.10427    0.01387                                gc
      28   0.261   -22.10427    0.01384                                gc
      29   0.265   -22.10426    0.01377                                gc
      30   0.265   -22.10426    0.01375                                gc
      31   0.296   -22.10421    0.01306                                md7
      32   0.282   -22.10423    0.01338    0.01338       7       1     mtd2
      33   0.340   -22.10414    0.01212    0.04713       8       4     gc
      34   0.358   -22.10411    0.01176                                gc
      35   0.358   -22.10411    0.01175                                gc
      36   0.372   -22.10409    0.01149                                md4
      37   0.418   -22.10402    0.01063    0.01063       9       1     gc
      38   0.505   -22.10388    0.00918    0.01785      10       2     gc
      39   0.538   -22.10383    0.00867                                gc
      40   0.550   -22.10381    0.00851    0.02515      11       3     md8
      41   0.560   -22.10379    0.00837                                mtd6
      42   0.566   -22.10378    0.00828                                gc
      43   0.566   -22.10378    0.00829    0.03224      12       4     gc
      44   0.586   -22.10375    0.00800                                gc
      45   0.586   -22.10375    0.00800                                gc
      46   0.590   -22.10374    0.00795                                gc
      47   0.616   -22.10370    0.00761    0.02224      13       3     mtd6
      48   0.637   -22.10367    0.00735                                gc
      49   0.643   -22.10366    0.00727                                gc
      50   0.671   -22.10361    0.00693    0.03289      14       5     gc
      51   0.701   -22.10357    0.00659                                gc
      52   0.709   -22.10355    0.00650                                md5
      53   0.712   -22.10355    0.00648                                md4
      54   0.720   -22.10354    0.00639                                md6
      55   0.722   -22.10353    0.00636    0.03754      15       6     gc
      56   0.722   -22.10353    0.00636                                mtd3
      57   0.736   -22.10351    0.00621                                gc
      58   0.763   -22.10347    0.00594                                gc
      59   0.723   -22.10353    0.00636                                mtd4
      60   0.728   -22.10352    0.00631                                gc
      61   0.731   -22.10352    0.00627    0.02429      16       4     mtd11
      62   0.736   -22.10351    0.00622                                gc
      63   0.765   -22.10346    0.00592                                gc
      64   0.769   -22.10346    0.00588                                gc
      65   0.775   -22.10345    0.00582    0.01718      17       3     mtd8
      66   0.789   -22.10343    0.00568                                gc
      67   0.790   -22.10342    0.00568                                md5
      68   0.874   -22.10329    0.00493    0.03859      18       8     md6
      69   0.874   -22.10329    0.00493                                gc
      70   0.883   -22.10328    0.00486                                md6
      71   0.883   -22.10328    0.00485                                gc
      72   0.883   -22.10328    0.00485                                gc
      73   0.889   -22.10327    0.00480                                gc
      74   0.900   -22.10325    0.00471                                gc
      75   0.906   -22.10324    0.00467                                gc
      76   0.951   -22.10317    0.00433    0.01259      19       3     gc
      77   0.976   -22.10313    0.00414                                mtd10
      78   0.980   -22.10312    0.00412                                gc
      79   0.995   -22.10310    0.00402    0.01623      20       4     gc
      80   0.999   -22.10309    0.00399                                md8
      81   0.999   -22.10309    0.00399                                gc
      82   0.965   -22.10315    0.00423                                gc
      83   0.965   -22.10315    0.00422    0.01582      21       4     gc
      84   1.024   -22.10305    0.00383                                mtd13
      85   1.011   -22.10307    0.00391                                gc
      86   1.018   -22.10306    0.00386                                md4
      87   1.019   -22.10306    0.00386    0.00386      22       1     mtd8
      88   1.055   -22.10300    0.00363    0.00363      23       1     gc
      89   1.095   -22.10294    0.00339    0.01313      24       4     gc
      90   1.115   -22.10291    0.00328                                gc
      91   1.123   -22.10289    0.00324                                gc
      92   1.126   -22.10289    0.00322                                gc
      93   1.132   -22.10288    0.00319    0.01918      25       6     gc
      94   1.116   -22.10290    0.00328                                mtd7
      95   1.121   -22.10290    0.00325                                gc
      96   1.132   -22.10288    0.00319                                gc
      97   1.138   -22.10287    0.00316                                gc
      98   1.143   -22.10286    0.00313                                gc
      99   1.150   -22.10285    0.00309    0.00309      26       1     gc
     100   1.174   -22.10281    0.00297    0.00297      27       1     mtd12
     101   1.289   -22.10263    0.00245    0.00945      28       4     mtd12
     102   1.297   -22.10262    0.00242                                gc
     103   1.320   -22.10258    0.00232                                mtd12
     104   1.335   -22.10256    0.00226                                gc
     105   1.481   -22.10232    0.00177    0.01057      29       6     gc
     106   1.481   -22.10232    0.00177                                md7
     107   1.483   -22.10232    0.00176                                gc
     108   1.484   -22.10232    0.00176                                mtd2
     109   1.484   -22.10232    0.00176                                gc
     110   1.488   -22.10231    0.00175                                gc
     111   1.608   -22.10212    0.00143    0.01120      30       8     gc
     112   1.613   -22.10211    0.00142                                gc
     113   1.626   -22.10209    0.00139                                gc
     114   1.626   -22.10209    0.00139                                gc
     115   1.616   -22.10211    0.00141                                md6
     116   1.627   -22.10209    0.00138                                gc
     117   1.628   -22.10209    0.00138                                gc
     118   1.617   -22.10211    0.00141                                gc
     119   1.620   -22.10210    0.00140    0.00557      31       4     gc
     120   1.624   -22.10210    0.00139                                mtd2
     121   1.625   -22.10209    0.00139                                gc
     122   1.625   -22.10209    0.00139                                gc
     123   1.747   -22.10190    0.00113    0.00774      32       7     gc
     124   1.755   -22.10189    0.00112                                mtd8
     125   1.761   -22.10188    0.00110                                md1
     126   1.761   -22.10188    0.00110                                gc
     127   1.761   -22.10188    0.00110                                gc
     128   1.763   -22.10187    0.00110                                gc
     129   1.772   -22.10186    0.00108                                mtd1
     130   1.961   -22.10156    0.00079    0.00154      33       2     gc
     131   1.986   -22.10152    0.00076                                gc
     132   2.089   -22.10135    0.00063    0.00435      34       7     gc
     133   2.092   -22.10135    0.00063                                gc
     134   2.098   -22.10134    0.00063                                gc
     135   2.105   -22.10133    0.00062                                gc
     136   2.106   -22.10133    0.00062                                gc
     137   2.106   -22.10133    0.00062                                gc
     138   2.115   -22.10131    0.00061                                gc
     139   2.121   -22.10130    0.00060    0.00180      35       3     md4
     140   2.111   -22.10132    0.00061                                gc
     141   2.135   -22.10128    0.00059                                md6
     142   2.238   -22.10112    0.00049    0.00196      36       4     md7
     143   2.240   -22.10111    0.00049                                gc
     144   2.249   -22.10110    0.00048                                mtd11
     145   2.244   -22.10111    0.00049                                gc
     146   2.258   -22.10108    0.00048    0.00236      37       5     gc
     147   2.263   -22.10108    0.00047                                gc
     148   2.265   -22.10107    0.00047                                gc
     149   2.248   -22.10110    0.00049                                gc
     150   2.286   -22.10104    0.00046                                gc
     151   2.388   -22.10088    0.00038    0.00303      38       8     mtd13
     152   2.394   -22.10087    0.00038                                gc
     153   2.394   -22.10087    0.00038                                gc
     154   2.396   -22.10087    0.00038                                gc
     155   2.396   -22.10086    0.00038                                gc
     156   2.398   -22.10086    0.00038                                gc
     157   2.400   -22.10086    0.00038                                gc
     158   2.405   -22.10085    0.00037                                gc
     159   2.707   -22.10037    0.00022    0.00067      39       3     gc
     160   2.708   -22.10037    0.00022                                gc
     161   2.709   -22.10037    0.00022                                gc
     162   2.832   -22.10017    0.00018    0.00090      40       5     md4
     163   2.838   -22.10016    0.00018                                gc
     164   2.838   -22.10016    0.00018                                gc
     165   2.842   -22.10015    0.00018                                gc
     166   2.844   -22.10015    0.00018                                gc
     167   3.076   -22.09978    0.00012    0.00012      41       1     md8
     168   3.244   -22.09951    0.00009    0.00027      42       3     md4
     169   3.256   -22.09949    0.00009                                gc
     170   3.257   -22.09949    0.00009                                md8
     171   4.428   -22.09763    0.00001    0.00001      43       1     md8
     172   4.540   -22.09745    0.00001    0.00001      44       1     md8
     173   4.595   -22.09736    0.00001    0.00001      45       1     md8
T /K                                  :   298.15
E lowest                              :   -22.10468
ensemble average energy (kcal)        :    0.470
ensemble entropy (J/mol K, cal/mol K) :   38.512    9.205
ensemble free energy (kcal/mol)       :   -2.744
population of lowest in %             :   10.639
 number of unique conformers for further calc           45
 list of relative energies saved as "crest.energies"

 -----------------
 Wall Time Summary
 -----------------
             test MD wall time :         0h : 0m : 0s
                 MTD wall time :         0h : 0m :13s
      multilevel OPT wall time :         0h : 0m :12s
                  MD wall time :         0h : 0m : 6s
                  GC wall time :         0h : 0m : 4s
--------------------
Overall wall time  : 0h : 0m :39s

 CREST terminated normally.
