
       ==============================================
       |                                            |
       |                 C R E S T                  |
       |                                            |
       |  Conformer-Rotamer Ensemble Sampling Tool  |
       |          based on the GFN methods          |
       |             P.Pracht, S.Grimme             |
       |          Universitaet Bonn, MCTC           |
       ==============================================
       Version 2.12,   Thu 19. Mai 16:32:32 CEST 2022
  Using the xTB program. Compatible with xTB version 6.4.0

   Cite work conducted with this code as

   • P.Pracht, F.Bohle, S.Grimme, PCCP, 2020, 22, 7169-7192.
   • S.Grimme, JCTC, 2019, 15, 2847-2862.

   and for works involving QCG as

   • S.Spicher, C.Plett, P.Pracht, A.Hansen, S.Grimme,
     JCTC, 2022, 18 (5), 3174-3189.

   with help from:
   C.Bannwarth, F.Bohle, S.Ehlert, S.Grimme,
   C.Plett, P.Pracht, S.Spicher

   This program is distributed in the hope that it will be useful,
   but WITHOUT ANY WARRANTY; without even the implied warranty of
   MERCHANTABILITY or FITNESS FOR A PARTICULAR PURPOSE.

 Command line input:
 > crest xtbopt.xyz --gfn2//gfnff --chrg 0 --uhf 0 --nci --cbonds -T 128

  -gfn2//gfnff : energy reweighting
  --chrg 0
  --uhf 0
  --nci  : Special NCI mode for non-covalently bound complexes or clusters.
  -T 128 (CPUs/Threads selected)
  Automatically generated ellipsoide potential for NCI mode:
> $wall
>   potential=polynomial
>   ellipsoid: 51.871393084194949, 32.628744964460452, 31.621625322759506, all


 -------------------------
 xTB Geometry Optimization
 -------------------------
 Geometry successfully optimized.

------------------------------------------------
Generating MTD length from a flexibility measure
------------------------------------------------
 System flexiblity is set to 1.0 for NCI mode
 flexibility measure :   1.000
 t(MTD) / ps    :    17.0
 Σ(t(MTD)) / ps :   102.0 (6 MTDs)

-------------------------------------
Starting a trial MTD to test settings
-------------------------------------
 Estimated runtime for one MTD (17.0 ps) on a single thread: 38 min 14 sec
 Estimated runtime for a batch of 6 MTDs on 128 threads: 1 min 49 sec

 list of Vbias parameters applied:
$metadyn    0.00100   1.000
$metadyn    0.00050   1.000
$metadyn    0.00100   0.500
$metadyn    0.00050   0.500
$metadyn    0.00100   0.250
$metadyn    0.00050   0.250

*******************************************************************************************
**                        N E W    I T E R A T I O N    C Y C L E                        **
*******************************************************************************************

========================================
            MTD Iteration  1
========================================

     ========================================
     |         Meta-MD (MTD) Sampling       |
     ========================================

Starting Meta-MD   1 with the settings:
     MD time /ps        :    17.0
     dt /fs             :     2.0
     dumpstep(trj) /fs  :     100
     dumpstep(Vbias)/ps :     1.0
     Vbias factor k /Eh :  0.0370
     Vbias exp α /bohr⁻²:    1.00
Starting Meta-MD   6 with the settings:
     MD time /ps        :    17.0
     dt /fs             :     2.0
     dumpstep(trj) /fs  :     100
     dumpstep(Vbias)/ps :     1.0
     Vbias factor k /Eh :  0.0185
     Vbias exp α /bohr⁻²:    0.25
Starting Meta-MD   2 with the settings:
     MD time /ps        :    17.0
     dt /fs             :     2.0
     dumpstep(trj) /fs  :     100
     dumpstep(Vbias)/ps :     1.0
     Vbias factor k /Eh :  0.0185
     Vbias exp α /bohr⁻²:    1.00
Starting Meta-MD   3 with the settings:
     MD time /ps        :    17.0
     dt /fs             :     2.0
     dumpstep(trj) /fs  :     100
     dumpstep(Vbias)/ps :     1.0
     Vbias factor k /Eh :  0.0370
     Vbias exp α /bohr⁻²:    0.50
Starting Meta-MD   4 with the settings:
     MD time /ps        :    17.0
     dt /fs             :     2.0
     dumpstep(trj) /fs  :     100
     dumpstep(Vbias)/ps :     1.0
     Vbias factor k /Eh :  0.0185
     Vbias exp α /bohr⁻²:    0.50
Starting Meta-MD   5 with the settings:
     MD time /ps        :    17.0
     dt /fs             :     2.0
     dumpstep(trj) /fs  :     100
     dumpstep(Vbias)/ps :     1.0
     Vbias factor k /Eh :  0.0370
     Vbias exp α /bohr⁻²:    0.25
*Meta-MTD 1 finished*
*Meta-MTD 2 finished*
*Meta-MTD 3 finished*
*Meta-MTD 4 finished*
*Meta-MTD 5 finished*
*Meta-MTD 6 finished*

-----------------------
Multilevel Optimization
-----------------------

 -------------------------
 1. crude pre-optimization
 -------------------------
 Optimizing all 1014 structures from file "crest_rotamers_0.xyz" ...
 1 2 3 4 5 6 7 8 9 10 11 12 13 14 15 16 17 18 19 20 21 22 23 24 25 26 27 28 29 30 31 32 33 34 35 36 37 38 39 40 41 42 43 44 45 46 47 48 49 50 51 52 53 54 55 56 57 58 59 60 61 62 63 64 65 66 67 68 69 70 71 72 73 74 75 76 77 78 79 80 81 82 83 84 85 86 87 88 89 90 91 92 93 94 95 96 97 98 99 100 101 102 103 104 105 106 107 108 109 110 111 112 113 114 115 116 117 118 119 120 121 122 123 124 125 126 127 128 129 130 131 132 133 134 135 136 137 138 139 140 141 142 143 144 145 146 147 148 149 150 151 152 153 154 155 156 157 158 159 160 161 162 163 164 165 166 167 168 169 170 171 172 173 174 175 176 177 178 179 180 181 182 183 184 185 186 187 188 189 190 191 192 193 194 195 196 197 198 199 200 201 202 203 204 205 206 207 208 209 210 211 212 213 214 215 216 217 218 219 220 221 222 223 224 225 226 227 228 229 230 231 232 233 234 235 236 237 238 239 240 241 242 243 244 245 246 247 248 249 250 251 252 253 254 255 256 257 258 259 260 261 262 263 264 265 266 267 268 269 270 271 272 273 274 275 276 277 278 279 280 281 282 283 284 285 286 287 288 289 290 291 292 293 294 295 296 297 298 299 300 301 302 303 304 305 306 307 308 309 310 311 312 313 314 315 316 317 318 319 320 321 322 323 324 325 326 327 328 329 330 331 332 333 334 335 336 337 338 339 340 341 342 343 344 345 346 347 348 349 350 351 352 353 354 355 356 357 358 359 360 361 362 363 364 365 366 367 368 369 370 371 372 373 374 375 376 377 378 379 380 381 382 383 384 385 386 387 388 389 390 391 392 393 394 395 396 397 398 399 400 401 402 403 404 405 406 407 408 409 410 411 412 413 414 415 416 417 418 419 420 421 422 423 424 425 426 427 428 429 430 431 432 433 434 435 436 437 438 439 440 441 442 443 444 445 446 447 448 449 450 451 452 453 454 455 456 457 458 459 460 461 462 463 464 465 466 467 468 469 470 471 472 473 474 475 476 477 478 479 480 481 482 483 484 485 486 487 488 489 490 491 492 493 494 495 496 497 498 499 500 501 502 503 504 505 506 507 508 509 510 511 512 513 514 515 516 517 518 519 520 521 522 523 524 525 526 527 528 529 530 531 532 533 534 535 536 537 538 539 540 541 542 543 544 545 546 547 548 549 550 551 552 553 554 555 556 557 558 559 560 561 562 563 564 565 566 567 568 569 570 571 572 573 574 575 576 577 578 579 580 581 582 583 584 585 586 587 588 589 590 591 592 593 594 595 596 597 598 599 600 601 602 603 604 605 606 607 608 609 610 611 612 613 614 615 616 617 618 619 620 621 622 623 624 625 626 627 628 629 630 631 632 633 634 635 636 637 638 639 640 641 642 643 644 645 646 647 648 649 650 651 652 653 654 655 656 657 658 659 660 661 662 663 664 665 666 667 668 669 670 671 672 673 674 675 676 677 678 679 680 681 682 683 684 685 686 687 688 689 690 691 692 693 694 695 696 697 698 699 700 701 702 703 704 705 706 707 708 709 710 711 712 713 714 715 716 717 718 719 720 721 722 723 724 725 726 727 728 729 730 731 732 733 734 735 736 737 738 739 740 741 742 743 744 745 746 747 748 749 750 751 752 753 754 755 756 757 758 759 760 761 762 763 764 765 766 767 768 769 770 771 772 773 774 775 776 777 778 779 780 781 782 783 784 785 786 787 788 789 790 791 792 793 794 795 796 797 798 799 800 801 802 803 804 805 806 807 808 809 810 811 812 813 814 815 816 817 818 819 820 821 822 823 824 825 826 827 828 829 830 831 832 833 834 835 836 837 838 839 840 841 842 843 844 845 846 847 848 849 850 851 852 853 854 855 856 857 858 859 860 861 862 863 864 865 866 867 868 869 870 871 872 873 874 875 876 877 878 879 880 881 882 883 884 885 886 887 888 889 890 891 892 893 894 895 896 897 898 899 900 901 902 903 904 905 906 907 908 909 910 911 912 913 914 915 916 917 918 919 920 921 922 923 924 925 926 927 928 929 930 931 932 933 934 935 936 937 938 939 940 941 942 943 944 945 946 947 948 949 950 951 952 953 954 955 956 957 958 959 960 961 962 963 964 965 966 967 968 969 970 971 972 973 974 975 976 977 978 979 980 981 982 983 984 985 986 987 988 989 990 991 992 993 994 995 996 997 998 999 1000 1001 1002 1003 1004 1005 1006 1007 1008 1009 1010 1011 1012 1013 1014
 done.
 running RMSDs...
 done.
 E lowest :   -58.25674
 851 structures remain within    12.00 kcal/mol window

 -------------------------------------
 2. optimization with tight thresholds
 -------------------------------------
 Optimizing all 852 structures from file "crest_rotamers_1.xyz" ...
 1 2 3 4 5 6 7 8 9 10 11 12 13 14 15 16 17 18 19 20 21 22 23 24 25 26 27 28 29 30 31 32 33 34 35 36 37 38 39 40 41 42 43 44 45 46 47 48 49 50 51 52 53 54 55 56 57 58 59 60 61 62 63 64 65 66 67 68 69 70 71 72 73 74 75 76 77 78 79 80 81 82 83 84 85 86 87 88 89 90 91 92 93 94 95 96 97 98 99 100 101 102 103 104 105 106 107 108 109 110 111 112 113 114 115 116 117 118 119 120 121 122 123 124 125 126 127 128 129 130 131 132 133 134 135 136 137 138 139 140 141 142 143 144 145 146 147 148 149 150 151 152 153 154 155 156 157 158 159 160 161 162 163 164 165 166 167 168 169 170 171 172 173 174 175 176 177 178 179 180 181 182 183 184 185 186 187 188 189 190 191 192 193 194 195 196 197 198 199 200 201 202 203 204 205 206 207 208 209 210 211 212 213 214 215 216 217 218 219 220 221 222 223 224 225 226 227 228 229 230 231 232 233 234 235 236 237 238 239 240 241 242 243 244 245 246 247 248 249 250 251 252 253 254 255 256 257 258 259 260 261 262 263 264 265 266 267 268 269 270 271 272 273 274 275 276 277 278 279 280 281 282 283 284 285 286 287 288 289 290 291 292 293 294 295 296 297 298 299 300 301 302 303 304 305 306 307 308 309 310 311 312 313 314 315 316 317 318 319 320 321 322 323 324 325 326 327 328 329 330 331 332 333 334 335 336 337 338 339 340 341 342 343 344 345 346 347 348 349 350 351 352 353 354 355 356 357 358 359 360 361 362 363 364 365 366 367 368 369 370 371 372 373 374 375 376 377 378 379 380 381 382 383 384 385 386 387 388 389 390 391 392 393 394 395 396 397 398 399 400 401 402 403 404 405 406 407 408 409 410 411 412 413 414 415 416 417 418 419 420 421 422 423 424 425 426 427 428 429 430 431 432 433 434 435 436 437 438 439 440 441 442 443 444 445 446 447 448 449 450 451 452 453 454 455 456 457 458 459 460 461 462 463 464 465 466 467 468 469 470 471 472 473 474 475 476 477 478 479 480 481 482 483 484 485 486 487 488 489 490 491 492 493 494 495 496 497 498 499 500 501 502 503 504 505 506 507 508 509 510 511 512 513 514 515 516 517 518 519 520 521 522 523 524 525 526 527 528 529 530 531 532 533 534 535 536 537 538 539 540 541 542 543 544 545 546 547 548 549 550 551 552 553 554 555 556 557 558 559 560 561 562 563 564 565 566 567 568 569 570 571 572 573 574 575 576 577 578 579 580 581 582 583 584 585 586 587 588 589 590 591 592 593 594 595 596 597 598 599 600 601 602 603 604 605 606 607 608 609 610 611 612 613 614 615 616 617 618 619 620 621 622 623 624 625 626 627 628 629 630 631 632 633 634 635 636 637 638 639 640 641 642 643 644 645 646 647 648 649 650 651 652 653 654 655 656 657 658 659 660 661 662 663 664 665 666 667 668 669 670 671 672 673 674 675 676 677 678 679 680 681 682 683 684 685 686 687 688 689 690 691 692 693 694 695 696 697 698 699 700 701 702 703 704 705 706 707 708 709 710 711 712 713 714 715 716 717 718 719 720 721 722 723 724 725 726 727 728 729 730 731 732 733 734 735 736 737 738 739 740 741 742 743 744 745 746 747 748 749 750 751 752 753 754 755 756 757 758 759 760 761 762 763 764 765 766 767 768 769 770 771 772 773 774 775 776 777 778 779 780 781 782 783 784 785 786 787 788 789 790 791 792 793 794 795 796 797 798 799 800 801 802 803 804 805 806 807 808 809 810 811 812 813 814 815 816 817 818 819 820 821 822 823 824 825 826 827 828 829 830 831 832 833 834 835 836 837 838 839 840 841 842 843 844 845 846 847 848 849 850 851 852
 done.
 running RMSDs...
 done.
 E lowest :   -58.25734
 120 structures remain within     6.00 kcal/mol window


========================================
            MTD Iteration  2
========================================

     ========================================
     |         Meta-MD (MTD) Sampling       |
     ========================================

Starting Meta-MD   1 with the settings:
     MD time /ps        :    17.0
     dt /fs             :     2.0
     dumpstep(trj) /fs  :     100
     dumpstep(Vbias)/ps :     1.0
     Vbias factor k /Eh :  0.0370
     Vbias exp α /bohr⁻²:    1.00
Starting Meta-MD   2 with the settings:
     MD time /ps        :    17.0
     dt /fs             :     2.0
     dumpstep(trj) /fs  :     100
     dumpstep(Vbias)/ps :     1.0
     Vbias factor k /Eh :  0.0185
     Vbias exp α /bohr⁻²:    1.00
Starting Meta-MD   4 with the settings:
     MD time /ps        :    17.0
     dt /fs             :     2.0
     dumpstep(trj) /fs  :     100
     dumpstep(Vbias)/ps :     1.0
     Vbias factor k /Eh :  0.0185
     Vbias exp α /bohr⁻²:    0.50
Starting Meta-MD   3 with the settings:
     MD time /ps        :    17.0
     dt /fs             :     2.0
     dumpstep(trj) /fs  :     100
     dumpstep(Vbias)/ps :     1.0
     Vbias factor k /Eh :  0.0370
     Vbias exp α /bohr⁻²:    0.50
*Meta-MTD 2 finished*
*Meta-MTD 4 finished*
*Meta-MTD 3 finished*
*Meta-MTD 1 finished*

-----------------------
Multilevel Optimization
-----------------------

 -------------------------
 1. crude pre-optimization
 -------------------------
 Optimizing all 676 structures from file "crest_rotamers_0.xyz" ...
 1 2 3 4 5 6 7 8 9 10 11 12 13 14 15 16 17 18 19 20 21 22 23 24 25 26 27 28 29 30 31 32 33 34 35 36 37 38 39 40 41 42 43 44 45 46 47 48 49 50 51 52 53 54 55 56 57 58 59 60 61 62 63 64 65 66 67 68 69 70 71 72 73 74 75 76 77 78 79 80 81 82 83 84 85 86 87 88 89 90 91 92 93 94 95 96 97 98 99 100 101 102 103 104 105 106 107 108 109 110 111 112 113 114 115 116 117 118 119 120 121 122 123 124 125 126 127 128 129 130 131 132 133 134 135 136 137 138 139 140 141 142 143 144 145 146 147 148 149 150 151 152 153 154 155 156 157 158 159 160 161 162 163 164 165 166 167 168 169 170 171 172 173 174 175 176 177 178 179 180 181 182 183 184 185 186 187 188 189 190 191 192 193 194 195 196 197 198 199 200 201 202 203 204 205 206 207 208 209 210 211 212 213 214 215 216 217 218 219 220 221 222 223 224 225 226 227 228 229 230 231 232 233 234 235 236 237 238 239 240 241 242 243 244 245 246 247 248 249 250 251 252 253 254 255 256 257 258 259 260 261 262 263 264 265 266 267 268 269 270 271 272 273 274 275 276 277 278 279 280 281 282 283 284 285 286 287 288 289 290 291 292 293 294 295 296 297 298 299 300 301 302 303 304 305 306 307 308 309 310 311 312 313 314 315 316 317 318 319 320 321 322 323 324 325 326 327 328 329 330 331 332 333 334 335 336 337 338 339 340 341 342 343 344 345 346 347 348 349 350 351 352 353 354 355 356 357 358 359 360 361 362 363 364 365 366 367 368 369 370 371 372 373 374 375 376 377 378 379 380 381 382 383 384 385 386 387 388 389 390 391 392 393 394 395 396 397 398 399 400 401 402 403 404 405 406 407 408 409 410 411 412 413 414 415 416 417 418 419 420 421 422 423 424 425 426 427 428 429 430 431 432 433 434 435 436 437 438 439 440 441 442 443 444 445 446 447 448 449 450 451 452 453 454 455 456 457 458 459 460 461 462 463 464 465 466 467 468 469 470 471 472 473 474 475 476 477 478 479 480 481 482 483 484 485 486 487 488 489 490 491 492 493 494 495 496 497 498 499 500 501 502 503 504 505 506 507 508 509 510 511 512 513 514 515 516 517 518 519 520 521 522 523 524 525 526 527 528 529 530 531 532 533 534 535 536 537 538 539 540 541 542 543 544 545 546 547 548 549 550 551 552 553 554 555 556 557 558 559 560 561 562 563 564 565 566 567 568 569 570 571 572 573 574 575 576 577 578 579 580 581 582 583 584 585 586 587 588 589 590 591 592 593 594 595 596 597 598 599 600 601 602 603 604 605 606 607 608 609 610 611 612 613 614 615 616 617 618 619 620 621 622 623 624 625 626 627 628 629 630 631 632 633 634 635 636 637 638 639 640 641 642 643 644 645 646 647 648 649 650 651 652 653 654 655 656 657 658 659 660 661 662 663 664 665 666 667 668 669 670 671 672 673 674 675 676
 done.
 running RMSDs...
 done.
 E lowest :   -58.25722
 604 structures remain within    12.00 kcal/mol window

 -------------------------------------
 2. optimization with tight thresholds
 -------------------------------------
 Optimizing all 605 structures from file "crest_rotamers_1.xyz" ...
 1 2 3 4 5 6 7 8 9 10 11 12 13 14 15 16 17 18 19 20 21 22 23 24 25 26 27 28 29 30 31 32 33 34 35 36 37 38 39 40 41 42 43 44 45 46 47 48 49 50 51 52 53 54 55 56 57 58 59 60 61 62 63 64 65 66 67 68 69 70 71 72 73 74 75 76 77 78 79 80 81 82 83 84 85 86 87 88 89 90 91 92 93 94 95 96 97 98 99 100 101 102 103 104 105 106 107 108 109 110 111 112 113 114 115 116 117 118 119 120 121 122 123 124 125 126 127 128 129 130 131 132 133 134 135 136 137 138 139 140 141 142 143 144 145 146 147 148 149 150 151 152 153 154 155 156 157 158 159 160 161 162 163 164 165 166 167 168 169 170 171 172 173 174 175 176 177 178 179 180 181 182 183 184 185 186 187 188 189 190 191 192 193 194 195 196 197 198 199 200 201 202 203 204 205 206 207 208 209 210 211 212 213 214 215 216 217 218 219 220 221 222 223 224 225 226 227 228 229 230 231 232 233 234 235 236 237 238 239 240 241 242 243 244 245 246 247 248 249 250 251 252 253 254 255 256 257 258 259 260 261 262 263 264 265 266 267 268 269 270 271 272 273 274 275 276 277 278 279 280 281 282 283 284 285 286 287 288 289 290 291 292 293 294 295 296 297 298 299 300 301 302 303 304 305 306 307 308 309 310 311 312 313 314 315 316 317 318 319 320 321 322 323 324 325 326 327 328 329 330 331 332 333 334 335 336 337 338 339 340 341 342 343 344 345 346 347 348 349 350 351 352 353 354 355 356 357 358 359 360 361 362 363 364 365 366 367 368 369 370 371 372 373 374 375 376 377 378 379 380 381 382 383 384 385 386 387 388 389 390 391 392 393 394 395 396 397 398 399 400 401 402 403 404 405 406 407 408 409 410 411 412 413 414 415 416 417 418 419 420 421 422 423 424 425 426 427 428 429 430 431 432 433 434 435 436 437 438 439 440 441 442 443 444 445 446 447 448 449 450 451 452 453 454 455 456 457 458 459 460 461 462 463 464 465 466 467 468 469 470 471 472 473 474 475 476 477 478 479 480 481 482 483 484 485 486 487 488 489 490 491 492 493 494 495 496 497 498 499 500 501 502 503 504 505 506 507 508 509 510 511 512 513 514 515 516 517 518 519 520 521 522 523 524 525 526 527 528 529 530 531 532 533 534 535 536 537 538 539 540 541 542 543 544 545 546 547 548 549 550 551 552 553 554 555 556 557 558 559 560 561 562 563 564 565 566 567 568 569 570 571 572 573 574 575 576 577 578 579 580 581 582 583 584 585 586 587 588 589 590 591 592 593 594 595 596 597 598 599 600 601 602 603 604 605
 done.
 running RMSDs...
 done.
 E lowest :   -58.25740
 69 structures remain within     6.00 kcal/mol window

========================================
            MTD Iterations done         
========================================
 Collecting ensmbles.
 running RMSDs...
 done.
 E lowest :   -58.25740
 166 structures remain within     6.00 kcal/mol window



   ================================================
   |           Final Geometry Optimization        |
   ================================================
 ------------------------------------------------
 Ensemble optimization with very tight thresholds
 ------------------------------------------------
 Optimizing all 166 structures from file "crest_rotamers_1.xyz" ...
 1 2 3 4 5 6 7 8 9 10 11 12 13 14 15 16 17 18 19 20 21 22 23 24 25 26 27 28 29 30 31 32 33 34 35 36 37 38 39 40 41 42 43 44 45 46 47 48 49 50 51 52 53 54 55 56 57 58 59 60 61 62 63 64 65 66 67 68 69 70 71 72 73 74 75 76 77 78 79 80 81 82 83 84 85 86 87 88 89 90 91 92 93 94 95 96 97 98 99 100 101 102 103 104 105 106 107 108 109 110 111 112 113 114 115 116 117 118 119 120 121 122 123 124 125 126 127 128 129 130 131 132 133 134 135 136 137 138 139 140 141 142 143 144 145 146 147 148 149 150 151 152 153 154 155 156 157 158 159 160 161 162 163 164 165 166
 done.
 running RMSDs...
 done.
 E lowest :   -58.25738
 137 structures remain within     6.00 kcal/mol window

 input  file name : crest_rotamers_2.xyz
 output file name : crest_rotamers_3.xyz
 number of atoms                :   37
 number of points on xyz files  :   166
 RMSD threshold                 :   0.1250
 Bconst threshold               :   0.0100
 population threshold           :   0.0500
 conformer energy window  /kcal :   6.0000
 # fragment in coord            :     2
 # bonds in reference structure :    39
   => # of C=C bonds :     5
 number of reliable points      :   166
 number of removed by energy    :     1
 number of remaining points     :   165
 reference state Etot :  -58.257376579999999
 number of doubles removed by rot/RMSD         :          28
 total number unique points considered further :         137
       Erel/kcal        Etot weight/tot  conformer     set   degen     origin
       1   0.000   -58.25738    0.11385    0.11385       1       1     mtd3
       2   0.030   -58.25733    0.10821    0.10821       2       1     mtd3
       3   0.171   -58.25710    0.08536    0.08536       3       1     mtd2
       4   0.239   -58.25700    0.07605    0.15007       4       2     mtd2
       5   0.255   -58.25697    0.07402                                mtd6
       6   0.318   -58.25687    0.06661    0.06661       5       1     mtd2
       7   0.424   -58.25670    0.05568    0.05568       6       1     mtd2
       8   0.424   -58.25670    0.05567    0.05567       7       1     mtd1
       9   0.808   -58.25609    0.02912    0.02912       8       1     mtd2
      10   0.855   -58.25601    0.02694    0.07762       9       3     mtd3
      11   0.880   -58.25597    0.02583                                mtd1
      12   0.903   -58.25594    0.02484                                mtd2
      13   0.987   -58.25580    0.02157    0.02157      10       1     mtd3
      14   0.993   -58.25579    0.02132    0.02132      11       1     mtd3
      15   1.009   -58.25577    0.02078    0.02078      12       1     mtd2
      16   1.048   -58.25571    0.01944    0.01944      13       1     mtd2
      17   1.096   -58.25563    0.01795    0.01795      14       1     mtd4
      18   1.151   -58.25554    0.01634    0.03182      15       2     mtd2
      19   1.183   -58.25549    0.01548                                mtd1
      20   1.189   -58.25548    0.01532    0.01532      16       1     mtd2
      21   1.250   -58.25539    0.01384    0.01384      17       1     mtd1
      22   1.368   -58.25520    0.01133    0.02250      18       2     mtd2
      23   1.377   -58.25518    0.01117                                mtd3
      24   1.519   -58.25496    0.00879    0.00879      19       1     mtd3
      25   1.748   -58.25459    0.00597    0.01178      20       2     mtd2
      26   1.765   -58.25456    0.00581                                mtd1
      27   1.883   -58.25438    0.00476    0.00476      21       1     mtd2
      28   1.957   -58.25426    0.00420    0.01243      22       3     mtd4
      29   1.964   -58.25425    0.00415                                mtd2
      30   1.974   -58.25423    0.00408                                mtd4
      31   2.003   -58.25418    0.00388    0.00388      23       1     mtd1
      32   2.316   -58.25369    0.00229    0.00229      24       1     mtd1
      33   2.446   -58.25348    0.00184    0.00363      25       2     mtd6
      34   2.462   -58.25345    0.00179                                mtd2
      35   2.571   -58.25328    0.00149    0.00287      26       2     mtd3
      36   2.615   -58.25321    0.00138                                mtd4
      37   2.668   -58.25312    0.00127    0.00127      27       1     mtd3
      38   2.831   -58.25287    0.00096    0.00383      28       4     mtd1
      39   2.832   -58.25286    0.00096                                mtd3
      40   2.834   -58.25286    0.00096                                mtd4
      41   2.837   -58.25286    0.00095                                mtd4
      42   2.843   -58.25285    0.00094    0.00188      29       2     mtd1
      43   2.847   -58.25284    0.00094                                mtd3
      44   3.112   -58.25242    0.00060    0.00060      30       1     mtd1
      45   3.113   -58.25242    0.00060    0.00116      31       2     mtd5
      46   3.149   -58.25236    0.00056                                mtd3
      47   3.165   -58.25233    0.00055    0.00108      32       2     mtd3
      48   3.187   -58.25230    0.00053                                mtd1
      49   3.178   -58.25231    0.00054    0.00054      33       1     mtd2
      50   3.264   -58.25217    0.00046    0.00092      34       2     mtd2
      51   3.272   -58.25216    0.00046                                mtd1
      52   3.291   -58.25213    0.00044    0.00044      35       1     mtd2
      53   3.323   -58.25208    0.00042    0.00125      36       3     mtd2
      54   3.328   -58.25207    0.00042                                mtd4
      55   3.336   -58.25206    0.00041                                mtd3
      56   3.380   -58.25199    0.00038    0.00075      37       2     mtd1
      57   3.392   -58.25197    0.00037                                mtd3
      58   3.455   -58.25187    0.00034    0.00034      38       1     mtd2
      59   3.472   -58.25184    0.00033    0.00033      39       1     mtd2
      60   3.502   -58.25180    0.00031    0.00060      40       2     mtd3
      61   3.548   -58.25172    0.00029                                mtd4
      62   3.538   -58.25174    0.00029    0.00029      41       1     mtd4
      63   3.562   -58.25170    0.00028    0.00028      42       1     mtd3
      64   3.568   -58.25169    0.00028    0.00028      43       1     mtd2
      65   3.611   -58.25162    0.00026    0.00051      44       2     mtd2
      66   3.633   -58.25159    0.00025                                mtd3
      67   3.646   -58.25157    0.00024    0.00024      45       1     mtd3
      68   3.650   -58.25156    0.00024    0.00024      46       1     mtd2
      69   3.665   -58.25154    0.00024    0.00046      47       2     mtd4
      70   3.682   -58.25151    0.00023                                mtd1
      71   3.692   -58.25149    0.00022    0.00022      48       1     mtd3
      72   3.733   -58.25143    0.00021    0.00021      49       1     mtd4
      73   3.743   -58.25141    0.00021    0.00021      50       1     mtd3
      74   3.750   -58.25140    0.00020    0.00020      51       1     mtd3
      75   3.764   -58.25138    0.00020    0.00020      52       1     mtd2
      76   3.780   -58.25135    0.00019    0.00019      53       1     mtd4
      77   3.812   -58.25130    0.00018    0.00036      54       2     mtd2
      78   3.825   -58.25128    0.00018                                mtd4
      79   3.827   -58.25128    0.00018    0.00036      55       2     mtd1
      80   3.829   -58.25127    0.00018                                mtd3
      81   3.831   -58.25127    0.00018    0.00071      56       4     mtd3
      82   3.839   -58.25126    0.00018                                mtd4
      83   3.833   -58.25127    0.00018                                mtd2
      84   3.816   -58.25130    0.00018                                mtd2
      85   3.845   -58.25125    0.00017    0.00035      57       2     mtd3
      86   3.840   -58.25126    0.00018                                mtd2
      87   3.837   -58.25126    0.00018    0.00018      58       1     mtd1
      88   3.950   -58.25108    0.00015    0.00029      59       2     mtd3
      89   3.963   -58.25106    0.00014                                mtd3
      90   3.991   -58.25102    0.00014    0.00014      60       1     mtd3
      91   4.045   -58.25093    0.00012    0.00012      61       1     mtd2
      92   4.055   -58.25091    0.00012    0.00012      62       1     mtd6
      93   4.117   -58.25081    0.00011    0.00011      63       1     mtd1
      94   4.231   -58.25063    0.00009    0.00009      64       1     mtd2
      95   4.251   -58.25060    0.00009    0.00009      65       1     mtd3
      96   4.303   -58.25052    0.00008    0.00008      66       1     mtd4
      97   4.319   -58.25049    0.00008    0.00016      67       2     mtd4
      98   4.323   -58.25049    0.00008                                mtd3
      99   4.325   -58.25048    0.00008    0.00015      68       2     mtd4
     100   4.345   -58.25045    0.00007                                mtd1
     101   4.352   -58.25044    0.00007    0.00007      69       1     mtd4
     102   4.384   -58.25039    0.00007    0.00007      70       1     mtd2
     103   4.442   -58.25030    0.00006    0.00006      71       1     mtd2
     104   4.570   -58.25009    0.00005    0.00005      72       1     mtd4
     105   4.610   -58.25003    0.00005    0.00009      73       2     mtd1
     106   4.635   -58.24999    0.00005                                mtd1
     107   4.615   -58.25002    0.00005    0.00009      74       2     mtd5
     108   4.665   -58.24994    0.00004                                mtd6
     109   4.698   -58.24989    0.00004    0.00004      75       1     mtd2
     110   4.700   -58.24989    0.00004    0.00004      76       1     mtd3
     111   4.751   -58.24981    0.00004    0.00004      77       1     mtd3
     112   4.784   -58.24975    0.00004    0.00004      78       1     mtd1
     113   4.797   -58.24973    0.00003    0.00003      79       1     mtd4
     114   4.816   -58.24970    0.00003    0.00003      80       1     mtd2
     115   4.891   -58.24958    0.00003    0.00003      81       1     mtd4
     116   4.944   -58.24950    0.00003    0.00003      82       1     mtd3
     117   4.960   -58.24947    0.00003    0.00005      83       2     mtd2
     118   4.983   -58.24944    0.00003                                mtd6
     119   5.004   -58.24940    0.00002    0.00002      84       1     mtd2
     120   5.090   -58.24927    0.00002    0.00002      85       1     mtd2
     121   5.221   -58.24906    0.00002    0.00002      86       1     mtd1
     122   5.259   -58.24900    0.00002    0.00002      87       1     mtd1
     123   5.294   -58.24894    0.00002    0.00003      88       2     mtd4
     124   5.325   -58.24889    0.00001                                mtd2
     125   5.298   -58.24893    0.00002    0.00002      89       1     mtd4
     126   5.436   -58.24871    0.00001    0.00002      90       2     mtd4
     127   5.452   -58.24869    0.00001                                mtd1
     128   5.571   -58.24850    0.00001    0.00001      91       1     mtd1
     129   5.634   -58.24840    0.00001    0.00002      92       2     mtd3
     130   5.644   -58.24838    0.00001                                mtd2
     131   5.685   -58.24832    0.00001    0.00001      93       1     mtd2
     132   5.704   -58.24829    0.00001    0.00001      94       1     mtd2
     133   5.708   -58.24828    0.00001    0.00001      95       1     mtd1
     134   5.710   -58.24828    0.00001    0.00001      96       2     mtd6
     135   5.754   -58.24821    0.00001                                mtd6
     136   5.729   -58.24825    0.00001    0.00001      97       1     mtd1
     137   5.809   -58.24812    0.00001    0.00001      98       1     mtd5
T /K                                  :   298.15
E lowest                              :   -58.25738
ensemble average energy (kcal)        :    0.596
ensemble entropy (J/mol K, cal/mol K) :   26.416    6.314
ensemble free energy (kcal/mol)       :   -1.882
population of lowest in %             :   11.385
 number of unique conformers for further calc           98
 list of relative energies saved as "crest.energies"

 -----------------
 Wall Time Summary
 -----------------
             test MD wall time :         0h : 0m : 0s
                 MTD wall time :         0h : 0m :14s
      multilevel OPT wall time :         0h : 0m :28s
--------------------
Overall wall time  : 0h : 0m :44s

 CREST terminated normally.
