
       ==============================================
       |                                            |
       |                 C R E S T                  |
       |                                            |
       |  Conformer-Rotamer Ensemble Sampling Tool  |
       |          based on the GFN methods          |
       |             P.Pracht, S.Grimme             |
       |          Universitaet Bonn, MCTC           |
       ==============================================
       Version 2.12,   Thu 19. Mai 16:32:32 CEST 2022
  Using the xTB program. Compatible with xTB version 6.4.0

   Cite work conducted with this code as

   • P.Pracht, F.Bohle, S.Grimme, PCCP, 2020, 22, 7169-7192.
   • S.Grimme, JCTC, 2019, 15, 2847-2862.

   and for works involving QCG as

   • S.Spicher, C.Plett, P.Pracht, A.Hansen, S.Grimme,
     JCTC, 2022, 18 (5), 3174-3189.

   with help from:
   C.Bannwarth, F.Bohle, S.Ehlert, S.Grimme,
   C.Plett, P.Pracht, S.Spicher

   This program is distributed in the hope that it will be useful,
   but WITHOUT ANY WARRANTY; without even the implied warranty of
   MERCHANTABILITY or FITNESS FOR A PARTICULAR PURPOSE.

 Command line input:
 > crest xtbopt.xyz --gfn2//gfnff --chrg 0 --uhf 0 --nci --cbonds -T 128

  -gfn2//gfnff : energy reweighting
  --chrg 0
  --uhf 0
  --nci  : Special NCI mode for non-covalently bound complexes or clusters.
  -T 128 (CPUs/Threads selected)
  Automatically generated ellipsoide potential for NCI mode:
> $wall
>   potential=polynomial
>   ellipsoid: 34.802614700802550, 23.250880509724201, 22.435446573045212, all


 -------------------------
 xTB Geometry Optimization
 -------------------------
 Geometry successfully optimized.

------------------------------------------------
Generating MTD length from a flexibility measure
------------------------------------------------
 System flexiblity is set to 1.0 for NCI mode
 flexibility measure :   1.000
 t(MTD) / ps    :     7.0
 Σ(t(MTD)) / ps :    42.0 (6 MTDs)

-------------------------------------
Starting a trial MTD to test settings
-------------------------------------
 Estimated runtime for one MTD (7.0 ps) on a single thread: 9 min 3 sec
 Estimated runtime for a batch of 6 MTDs on 128 threads: 26 sec

 list of Vbias parameters applied:
$metadyn    0.00100   1.000
$metadyn    0.00050   1.000
$metadyn    0.00100   0.500
$metadyn    0.00050   0.500
$metadyn    0.00100   0.250
$metadyn    0.00050   0.250

*******************************************************************************************
**                        N E W    I T E R A T I O N    C Y C L E                        **
*******************************************************************************************

========================================
            MTD Iteration  1
========================================

     ========================================
     |         Meta-MD (MTD) Sampling       |
     ========================================

Starting Meta-MD   2 with the settings:
     MD time /ps        :     7.0
     dt /fs             :     2.0
     dumpstep(trj) /fs  :     100
     dumpstep(Vbias)/ps :     1.0
     Vbias factor k /Eh :  0.0105
     Vbias exp α /bohr⁻²:    1.00
Starting Meta-MD   1 with the settings:
     MD time /ps        :     7.0
     dt /fs             :     2.0
     dumpstep(trj) /fs  :     100
     dumpstep(Vbias)/ps :     1.0
     Vbias factor k /Eh :  0.0210
     Vbias exp α /bohr⁻²:    1.00
Starting Meta-MD   6 with the settings:
     MD time /ps        :     7.0
     dt /fs             :     2.0
     dumpstep(trj) /fs  :     100
     dumpstep(Vbias)/ps :     1.0
     Vbias factor k /Eh :  0.0105
     Vbias exp α /bohr⁻²:    0.25
Starting Meta-MD   3 with the settings:
     MD time /ps        :     7.0
     dt /fs             :     2.0
     dumpstep(trj) /fs  :     100
     dumpstep(Vbias)/ps :     1.0
     Vbias factor k /Eh :  0.0210
     Vbias exp α /bohr⁻²:    0.50
Starting Meta-MD   4 with the settings:
     MD time /ps        :     7.0
     dt /fs             :     2.0
     dumpstep(trj) /fs  :     100
     dumpstep(Vbias)/ps :     1.0
     Vbias factor k /Eh :  0.0105
     Vbias exp α /bohr⁻²:    0.50
Starting Meta-MD   5 with the settings:
     MD time /ps        :     7.0
     dt /fs             :     2.0
     dumpstep(trj) /fs  :     100
     dumpstep(Vbias)/ps :     1.0
     Vbias factor k /Eh :  0.0210
     Vbias exp α /bohr⁻²:    0.25
*Meta-MTD 1 finished*
*Meta-MTD 6 finished*
*Meta-MTD 5 finished*
*Meta-MTD 2 finished*
*Meta-MTD 3 finished*
*Meta-MTD 4 finished*

-----------------------
Multilevel Optimization
-----------------------

 -------------------------
 1. crude pre-optimization
 -------------------------
 Optimizing all 414 structures from file "crest_rotamers_0.xyz" ...
 1 2 3 4 5 6 7 8 9 10 11 12 13 14 15 16 17 18 19 20 21 22 23 24 25 26 27 28 29 30 31 32 33 34 35 36 37 38 39 40 41 42 43 44 45 46 47 48 49 50 51 52 53 54 55 56 57 58 59 60 61 62 63 64 65 66 67 68 69 70 71 72 73 74 75 76 77 78 79 80 81 82 83 84 85 86 87 88 89 90 91 92 93 94 95 96 97 98 99 100 101 102 103 104 105 106 107 108 109 110 111 112 113 114 115 116 117 118 119 120 121 122 123 124 125 126 127 128 129 130 131 132 133 134 135 136 137 138 139 140 141 142 143 144 145 146 147 148 149 150 151 152 153 154 155 156 157 158 159 160 161 162 163 164 165 166 167 168 169 170 171 172 173 174 175 176 177 178 179 180 181 182 183 184 185 186 187 188 189 190 191 192 193 194 195 196 197 198 199 200 201 202 203 204 205 206 207 208 209 210 211 212 213 214 215 216 217 218 219 220 221 222 223 224 225 226 227 228 229 230 231 232 233 234 235 236 237 238 239 240 241 242 243 244 245 246 247 248 249 250 251 252 253 254 255 256 257 258 259 260 261 262 263 264 265 266 267 268 269 270 271 272 273 274 275 276 277 278 279 280 281 282 283 284 285 286 287 288 289 290 291 292 293 294 295 296 297 298 299 300 301 302 303 304 305 306 307 308 309 310 311 312 313 314 315 316 317 318 319 320 321 322 323 324 325 326 327 328 329 330 331 332 333 334 335 336 337 338 339 340 341 342 343 344 345 346 347 348 349 350 351 352 353 354 355 356 357 358 359 360 361 362 363 364 365 366 367 368 369 370 371 372 373 374 375 376 377 378 379 380 381 382 383 384 385 386 387 388 389 390 391 392 393 394 395 396 397 398 399 400 401 402 403 404 405 406 407 408 409 410 411 412 413 414
 done.
 running RMSDs...
 done.
 E lowest :   -25.31005
 387 structures remain within    12.00 kcal/mol window

 -------------------------------------
 2. optimization with tight thresholds
 -------------------------------------
 Optimizing all 388 structures from file "crest_rotamers_1.xyz" ...
 1 2 3 4 5 6 7 8 9 10 11 12 13 14 15 16 17 18 19 20 21 22 23 24 25 26 27 28 29 30 31 32 33 34 35 36 37 38 39 40 41 42 43 44 45 46 47 48 49 50 51 52 53 54 55 56 57 58 59 60 61 62 63 64 65 66 67 68 69 70 71 72 73 74 75 76 77 78 79 80 81 82 83 84 85 86 87 88 89 90 91 92 93 94 95 96 97 98 99 100 101 102 103 104 105 106 107 108 109 110 111 112 113 114 115 116 117 118 119 120 121 122 123 124 125 126 127 128 129 130 131 132 133 134 135 136 137 138 139 140 141 142 143 144 145 146 147 148 149 150 151 152 153 154 155 156 157 158 159 160 161 162 163 164 165 166 167 168 169 170 171 172 173 174 175 176 177 178 179 180 181 182 183 184 185 186 187 188 189 190 191 192 193 194 195 196 197 198 199 200 201 202 203 204 205 206 207 208 209 210 211 212 213 214 215 216 217 218 219 220 221 222 223 224 225 226 227 228 229 230 231 232 233 234 235 236 237 238 239 240 241 242 243 244 245 246 247 248 249 250 251 252 253 254 255 256 257 258 259 260 261 262 263 264 265 266 267 268 269 270 271 272 273 274 275 276 277 278 279 280 281 282 283 284 285 286 287 288 289 290 291 292 293 294 295 296 297 298 299 300 301 302 303 304 305 306 307 308 309 310 311 312 313 314 315 316 317 318 319 320 321 322 323 324 325 326 327 328 329 330 331 332 333 334 335 336 337 338 339 340 341 342 343 344 345 346 347 348 349 350 351 352 353 354 355 356 357 358 359 360 361 362 363 364 365 366 367 368 369 370 371 372 373 374 375 376 377 378 379 380 381 382 383 384 385 386 387 388
 done.
 running RMSDs...
 done.
 E lowest :   -25.31093
 42 structures remain within     6.00 kcal/mol window


========================================
            MTD Iteration  2
========================================

     ========================================
     |         Meta-MD (MTD) Sampling       |
     ========================================

Starting Meta-MD   1 with the settings:
     MD time /ps        :     7.0
     dt /fs             :     2.0
     dumpstep(trj) /fs  :     100
     dumpstep(Vbias)/ps :     1.0
     Vbias factor k /Eh :  0.0210
     Vbias exp α /bohr⁻²:    1.00
Starting Meta-MD   2 with the settings:
     MD time /ps        :     7.0
     dt /fs             :     2.0
     dumpstep(trj) /fs  :     100
     dumpstep(Vbias)/ps :     1.0
     Vbias factor k /Eh :  0.0105
     Vbias exp α /bohr⁻²:    1.00
Starting Meta-MD   3 with the settings:
     MD time /ps        :     7.0
     dt /fs             :     2.0
     dumpstep(trj) /fs  :     100
     dumpstep(Vbias)/ps :     1.0
     Vbias factor k /Eh :  0.0210
     Vbias exp α /bohr⁻²:    0.50
Starting Meta-MD   4 with the settings:
     MD time /ps        :     7.0
     dt /fs             :     2.0
     dumpstep(trj) /fs  :     100
     dumpstep(Vbias)/ps :     1.0
     Vbias factor k /Eh :  0.0105
     Vbias exp α /bohr⁻²:    0.50
*Meta-MTD 2 finished*
*Meta-MTD 1 finished*
*Meta-MTD 3 finished*
*Meta-MTD 4 finished*

-----------------------
Multilevel Optimization
-----------------------

 -------------------------
 1. crude pre-optimization
 -------------------------
 Optimizing all 276 structures from file "crest_rotamers_0.xyz" ...
 1 2 3 4 5 6 7 8 9 10 11 12 13 14 15 16 17 18 19 20 21 22 23 24 25 26 27 28 29 30 31 32 33 34 35 36 37 38 39 40 41 42 43 44 45 46 47 48 49 50 51 52 53 54 55 56 57 58 59 60 61 62 63 64 65 66 67 68 69 70 71 72 73 74 75 76 77 78 79 80 81 82 83 84 85 86 87 88 89 90 91 92 93 94 95 96 97 98 99 100 101 102 103 104 105 106 107 108 109 110 111 112 113 114 115 116 117 118 119 120 121 122 123 124 125 126 127 128 129 130 131 132 133 134 135 136 137 138 139 140 141 142 143 144 145 146 147 148 149 150 151 152 153 154 155 156 157 158 159 160 161 162 163 164 165 166 167 168 169 170 171 172 173 174 175 176 177 178 179 180 181 182 183 184 185 186 187 188 189 190 191 192 193 194 195 196 197 198 199 200 201 202 203 204 205 206 207 208 209 210 211 212 213 214 215 216 217 218 219 220 221 222 223 224 225 226 227 228 229 230 231 232 233 234 235 236 237 238 239 240 241 242 243 244 245 246 247 248 249 250 251 252 253 254 255 256 257 258 259 260 261 262 263 264 265 266 267 268 269 270 271 272 273 274 275 276
 done.
 running RMSDs...
 done.
 E lowest :   -25.31069
 269 structures remain within    12.00 kcal/mol window

 -------------------------------------
 2. optimization with tight thresholds
 -------------------------------------
 Optimizing all 270 structures from file "crest_rotamers_1.xyz" ...
 1 2 3 4 5 6 7 8 9 10 11 12 13 14 15 16 17 18 19 20 21 22 23 24 25 26 27 28 29 30 31 32 33 34 35 36 37 38 39 40 41 42 43 44 45 46 47 48 49 50 51 52 53 54 55 56 57 58 59 60 61 62 63 64 65 66 67 68 69 70 71 72 73 74 75 76 77 78 79 80 81 82 83 84 85 86 87 88 89 90 91 92 93 94 95 96 97 98 99 100 101 102 103 104 105 106 107 108 109 110 111 112 113 114 115 116 117 118 119 120 121 122 123 124 125 126 127 128 129 130 131 132 133 134 135 136 137 138 139 140 141 142 143 144 145 146 147 148 149 150 151 152 153 154 155 156 157 158 159 160 161 162 163 164 165 166 167 168 169 170 171 172 173 174 175 176 177 178 179 180 181 182 183 184 185 186 187 188 189 190 191 192 193 194 195 196 197 198 199 200 201 202 203 204 205 206 207 208 209 210 211 212 213 214 215 216 217 218 219 220 221 222 223 224 225 226 227 228 229 230 231 232 233 234 235 236 237 238 239 240 241 242 243 244 245 246 247 248 249 250 251 252 253 254 255 256 257 258 259 260 261 262 263 264 265 266 267 268 269 270
 done.
 running RMSDs...
 done.
 E lowest :   -25.31092
 53 structures remain within     6.00 kcal/mol window

========================================
            MTD Iterations done         
========================================
 Collecting ensmbles.
 running RMSDs...
 done.
 E lowest :   -25.31093
 84 structures remain within     6.00 kcal/mol window



   ================================================
   |           Final Geometry Optimization        |
   ================================================
 ------------------------------------------------
 Ensemble optimization with very tight thresholds
 ------------------------------------------------
 Optimizing all 84 structures from file "crest_rotamers_1.xyz" ...
 1 2 3 4 5 6 7 8 9 10 11 12 13 14 15 16 17 18 19 20 21 22 23 24 25 26 27 28 29 30 31 32 33 34 35 36 37 38 39 40 41 42 43 44 45 46 47 48 49 50 51 52 53 54 55 56 57 58 59 60 61 62 63 64 65 66 67 68 69 70 71 72 73 74 75 76 77 78 79 80 81 82 83 84
 done.
 running RMSDs...
 done.
 E lowest :   -25.31094
 82 structures remain within     6.00 kcal/mol window

 input  file name : crest_rotamers_2.xyz
 output file name : crest_rotamers_3.xyz
 number of atoms                :   21
 number of points on xyz files  :   84
 RMSD threshold                 :   0.1250
 Bconst threshold               :   0.0100
 population threshold           :   0.0500
 conformer energy window  /kcal :   6.0000
 # fragment in coord            :     2
 # bonds in reference structure :    19
 number of reliable points      :    84
 reference state Etot :  -25.310941180000000
 number of doubles removed by rot/RMSD         :           2
 total number unique points considered further :          82
       Erel/kcal        Etot weight/tot  conformer     set   degen     origin
       1   0.000   -25.31094    0.06735    0.19821       1       3     mtd1
       2   0.017   -25.31091    0.06548                                mtd5
       3   0.018   -25.31091    0.06538                                mtd3
       4   0.267   -25.31052    0.04294    0.12844       2       3     mtd1
       5   0.268   -25.31051    0.04284                                mtd2
       6   0.271   -25.31051    0.04266                                mtd4
       7   0.559   -25.31005    0.02623    0.15638       3       6     mtd3
       8   0.561   -25.31005    0.02616                                mtd4
       9   0.561   -25.31005    0.02615                                mtd4
      10   0.562   -25.31005    0.02609                                mtd4
      11   0.566   -25.31004    0.02595                                mtd3
      12   0.569   -25.31003    0.02580                                mtd3
      13   0.588   -25.31000    0.02500    0.07357       4       3     mtd6
      14   0.604   -25.30998    0.02431                                mtd6
      15   0.605   -25.30998    0.02426                                input
      16   0.636   -25.30993    0.02302    0.02302       5       1     mtd4
      17   0.789   -25.30968    0.01781    0.01781       6       1     mtd2
      18   0.835   -25.30961    0.01648    0.01648       7       1     mtd3
      19   0.845   -25.30959    0.01619    0.03215       8       2     mtd4
      20   0.854   -25.30958    0.01596                                mtd4
      21   0.906   -25.30950    0.01461    0.01461       9       1     mtd4
      22   1.022   -25.30931    0.01201    0.03579      10       3     mtd1
      23   1.027   -25.30930    0.01191                                mtd1
      24   1.029   -25.30930    0.01187                                mtd1
      25   1.060   -25.30925    0.01127    0.03312      11       3     mtd4
      26   1.073   -25.30923    0.01103                                mtd4
      27   1.085   -25.30921    0.01081                                mtd4
      28   1.137   -25.30913    0.00990    0.00990      12       1     mtd1
      29   1.144   -25.30912    0.00978    0.05745      13       6     mtd3
      30   1.163   -25.30909    0.00948                                mtd2
      31   1.169   -25.30908    0.00938                                mtd3
      32   1.148   -25.30911    0.00971                                mtd3
      33   1.155   -25.30910    0.00960                                mtd3
      34   1.161   -25.30909    0.00951                                mtd4
      35   1.161   -25.30909    0.00951    0.01901      14       2     mtd4
      36   1.161   -25.30909    0.00950                                mtd2
      37   1.188   -25.30905    0.00908    0.00908      15       1     mtd1
      38   1.207   -25.30902    0.00880    0.04347      16       5     mtd1
      39   1.211   -25.30901    0.00874                                mtd4
      40   1.213   -25.30901    0.00871                                mtd4
      41   1.218   -25.30900    0.00864                                mtd6
      42   1.222   -25.30899    0.00857                                mtd4
      43   1.274   -25.30891    0.00785    0.02338      17       3     mtd1
      44   1.277   -25.30891    0.00781                                mtd1
      45   1.285   -25.30889    0.00771                                mtd1
      46   1.369   -25.30876    0.00670    0.01339      18       2     mtd3
      47   1.370   -25.30876    0.00669                                mtd3
      48   1.416   -25.30868    0.00618    0.02443      19       4     mtd4
      49   1.424   -25.30867    0.00610                                mtd1
      50   1.425   -25.30867    0.00609                                mtd1
      51   1.428   -25.30867    0.00606                                mtd1
      52   1.476   -25.30859    0.00559    0.01116      20       2     mtd1
      53   1.477   -25.30859    0.00558                                mtd1
      54   1.478   -25.30859    0.00557    0.00557      21       1     mtd1
      55   1.551   -25.30847    0.00492    0.00982      22       2     mtd1
      56   1.554   -25.30846    0.00490                                mtd4
      57   1.659   -25.30830    0.00411    0.01221      23       3     mtd1
      58   1.664   -25.30829    0.00407                                mtd1
      59   1.670   -25.30828    0.00403                                mtd1
      60   1.768   -25.30812    0.00342    0.00681      24       2     mtd1
      61   1.771   -25.30812    0.00340                                mtd1
      62   1.807   -25.30806    0.00320    0.00320      25       1     mtd3
      63   1.903   -25.30791    0.00272    0.00541      26       2     mtd1
      64   1.909   -25.30790    0.00269                                mtd1
      65   1.984   -25.30778    0.00237    0.00467      27       2     mtd3
      66   2.004   -25.30775    0.00230                                mtd3
      67   2.332   -25.30723    0.00132    0.00132      28       1     mtd4
      68   2.442   -25.30705    0.00110    0.00110      29       1     mtd3
      69   2.456   -25.30703    0.00107    0.00107      30       1     mtd5
      70   2.586   -25.30682    0.00086    0.00416      31       5     mtd4
      71   2.599   -25.30680    0.00084                                mtd1
      72   2.604   -25.30679    0.00083                                mtd4
      73   2.630   -25.30675    0.00080                                mtd3
      74   2.608   -25.30679    0.00083                                mtd3
      75   2.636   -25.30674    0.00079    0.00239      32       3     mtd1
      76   2.619   -25.30677    0.00081                                mtd1
      77   2.638   -25.30674    0.00079                                mtd3
      78   3.067   -25.30605    0.00038    0.00038      33       1     mtd3
      79   3.206   -25.30583    0.00030    0.00030      34       1     mtd1
      80   3.246   -25.30577    0.00028    0.00056      35       2     mtd1
      81   3.249   -25.30576    0.00028                                mtd1
      82   3.502   -25.30536    0.00018    0.00018      36       1     mtd1
T /K                                  :   298.15
E lowest                              :   -25.31094
ensemble average energy (kcal)        :    0.698
ensemble entropy (J/mol K, cal/mol K) :   32.223    7.701
ensemble free energy (kcal/mol)       :   -2.296
population of lowest in %             :   19.821
 number of unique conformers for further calc           36
 list of relative energies saved as "crest.energies"

 -----------------
 Wall Time Summary
 -----------------
             test MD wall time :         0h : 0m : 0s
                 MTD wall time :         0h : 0m : 4s
      multilevel OPT wall time :         0h : 0m :11s
--------------------
Overall wall time  : 0h : 0m :16s

 CREST terminated normally.
