
       ==============================================
       |                                            |
       |                 C R E S T                  |
       |                                            |
       |  Conformer-Rotamer Ensemble Sampling Tool  |
       |          based on the GFN methods          |
       |             P.Pracht, S.Grimme             |
       |          Universitaet Bonn, MCTC           |
       ==============================================
       Version 2.12,   Thu 19. Mai 16:32:32 CEST 2022
  Using the xTB program. Compatible with xTB version 6.4.0

   Cite work conducted with this code as

   • P.Pracht, F.Bohle, S.Grimme, PCCP, 2020, 22, 7169-7192.
   • S.Grimme, JCTC, 2019, 15, 2847-2862.

   and for works involving QCG as

   • S.Spicher, C.Plett, P.Pracht, A.Hansen, S.Grimme,
     JCTC, 2022, 18 (5), 3174-3189.

   with help from:
   C.Bannwarth, F.Bohle, S.Ehlert, S.Grimme,
   C.Plett, P.Pracht, S.Spicher

   This program is distributed in the hope that it will be useful,
   but WITHOUT ANY WARRANTY; without even the implied warranty of
   MERCHANTABILITY or FITNESS FOR A PARTICULAR PURPOSE.

 Command line input:
 > crest xtbopt.xyz --gfn2//gfnff --chrg 1 --uhf 0 --nci --cbonds -T 128

  -gfn2//gfnff : energy reweighting
  --chrg 1
  --uhf 0
  --nci  : Special NCI mode for non-covalently bound complexes or clusters.
  -T 128 (CPUs/Threads selected)
  Automatically generated ellipsoide potential for NCI mode:
> $wall
>   potential=polynomial
>   ellipsoid: 43.100124339808069, 21.329964706281235, 21.177029008431084, all


 -------------------------
 xTB Geometry Optimization
 -------------------------
 Geometry successfully optimized.

------------------------------------------------
Generating MTD length from a flexibility measure
------------------------------------------------
 System flexiblity is set to 1.0 for NCI mode
 flexibility measure :   1.000
 t(MTD) / ps    :     8.0
 Σ(t(MTD)) / ps :    48.0 (6 MTDs)

-------------------------------------
Starting a trial MTD to test settings
-------------------------------------
 Estimated runtime for one MTD (8.0 ps) on a single thread: 13 min 12 sec
 Estimated runtime for a batch of 6 MTDs on 128 threads: 38 sec

 list of Vbias parameters applied:
$metadyn    0.00100   1.000
$metadyn    0.00050   1.000
$metadyn    0.00100   0.500
$metadyn    0.00050   0.500
$metadyn    0.00100   0.250
$metadyn    0.00050   0.250

*******************************************************************************************
**                        N E W    I T E R A T I O N    C Y C L E                        **
*******************************************************************************************

========================================
            MTD Iteration  1
========================================

     ========================================
     |         Meta-MD (MTD) Sampling       |
     ========================================

Starting Meta-MD   1 with the settings:
     MD time /ps        :     8.0
     dt /fs             :     2.0
     dumpstep(trj) /fs  :     100
     dumpstep(Vbias)/ps :     1.0
     Vbias factor k /Eh :  0.0230
     Vbias exp α /bohr⁻²:    1.00
Starting Meta-MD   2 with the settings:
     MD time /ps        :     8.0
     dt /fs             :     2.0
     dumpstep(trj) /fs  :     100
     dumpstep(Vbias)/ps :     1.0
     Vbias factor k /Eh :  0.0115
     Vbias exp α /bohr⁻²:    1.00
Starting Meta-MD   3 with the settings:
     MD time /ps        :     8.0
     dt /fs             :     2.0
     dumpstep(trj) /fs  :     100
     dumpstep(Vbias)/ps :     1.0
     Vbias factor k /Eh :  0.0230
     Vbias exp α /bohr⁻²:    0.50
Starting Meta-MD   4 with the settings:
     MD time /ps        :     8.0
     dt /fs             :     2.0
     dumpstep(trj) /fs  :     100
     dumpstep(Vbias)/ps :     1.0
     Vbias factor k /Eh :  0.0115
     Vbias exp α /bohr⁻²:    0.50
Starting Meta-MD   6 with the settings:
     MD time /ps        :     8.0
     dt /fs             :     2.0
     dumpstep(trj) /fs  :     100
     dumpstep(Vbias)/ps :     1.0
     Vbias factor k /Eh :  0.0115
     Vbias exp α /bohr⁻²:    0.25
Starting Meta-MD   5 with the settings:
     MD time /ps        :     8.0
     dt /fs             :     2.0
     dumpstep(trj) /fs  :     100
     dumpstep(Vbias)/ps :     1.0
     Vbias factor k /Eh :  0.0230
     Vbias exp α /bohr⁻²:    0.25
*Meta-MTD 6 finished*
*Meta-MTD 2 finished*
*Meta-MTD 5 finished*
*Meta-MTD 1 finished*
*Meta-MTD 3 finished*
*Meta-MTD 4 finished*

-----------------------
Multilevel Optimization
-----------------------

 -------------------------
 1. crude pre-optimization
 -------------------------
 Optimizing all 474 structures from file "crest_rotamers_0.xyz" ...
 1 2 3 4 5 6 7 8 9 10 11 12 13 14 15 16 17 18 19 20 21 22 23 24 25 26 27 28 29 30 31 32 33 34 35 36 37 38 39 40 41 42 43 44 45 46 47 48 49 50 51 52 53 54 55 56 57 58 59 60 61 62 63 64 65 66 67 68 69 70 71 72 73 74 75 76 77 78 79 80 81 82 83 84 85 86 87 88 89 90 91 92 93 94 95 96 97 98 99 100 101 102 103 104 105 106 107 108 109 110 111 112 113 114 115 116 117 118 119 120 121 122 123 124 125 126 127 128 129 130 131 132 133 134 135 136 137 138 139 140 141 142 143 144 145 146 147 148 149 150 151 152 153 154 155 156 157 158 159 160 161 162 163 164 165 166 167 168 169 170 171 172 173 174 175 176 177 178 179 180 181 182 183 184 185 186 187 188 189 190 191 192 193 194 195 196 197 198 199 200 201 202 203 204 205 206 207 208 209 210 211 212 213 214 215 216 217 218 219 220 221 222 223 224 225 226 227 228 229 230 231 232 233 234 235 236 237 238 239 240 241 242 243 244 245 246 247 248 249 250 251 252 253 254 255 256 257 258 259 260 261 262 263 264 265 266 267 268 269 270 271 272 273 274 275 276 277 278 279 280 281 282 283 284 285 286 287 288 289 290 291 292 293 294 295 296 297 298 299 300 301 302 303 304 305 306 307 308 309 310 311 312 313 314 315 316 317 318 319 320 321 322 323 324 325 326 327 328 329 330 331 332 333 334 335 336 337 338 339 340 341 342 343 344 345 346 347 348 349 350 351 352 353 354 355 356 357 358 359 360 361 362 363 364 365 366 367 368 369 370 371 372 373 374 375 376 377 378 379 380 381 382 383 384 385 386 387 388 389 390 391 392 393 394 395 396 397 398 399 400 401 402 403 404 405 406 407 408 409 410 411 412 413 414 415 416 417 418 419 420 421 422 423 424 425 426 427 428 429 430 431 432 433 434 435 436 437 438 439 440 441 442 443 444 445 446 447 448 449 450 451 452 453 454 455 456 457 458 459 460 461 462 463 464 465 466 467 468 469 470 471 472 473 474
 done.
 running RMSDs...
 done.
 E lowest :   -23.49613
 460 structures remain within    12.00 kcal/mol window

 -------------------------------------
 2. optimization with tight thresholds
 -------------------------------------
 Optimizing all 461 structures from file "crest_rotamers_1.xyz" ...
 1 2 3 4 5 6 7 8 9 10 11 12 13 14 15 16 17 18 19 20 21 22 23 24 25 26 27 28 29 30 31 32 33 34 35 36 37 38 39 40 41 42 43 44 45 46 47 48 49 50 51 52 53 54 55 56 57 58 59 60 61 62 63 64 65 66 67 68 69 70 71 72 73 74 75 76 77 78 79 80 81 82 83 84 85 86 87 88 89 90 91 92 93 94 95 96 97 98 99 100 101 102 103 104 105 106 107 108 109 110 111 112 113 114 115 116 117 118 119 120 121 122 123 124 125 126 127 128 129 130 131 132 133 134 135 136 137 138 139 140 141 142 143 144 145 146 147 148 149 150 151 152 153 154 155 156 157 158 159 160 161 162 163 164 165 166 167 168 169 170 171 172 173 174 175 176 177 178 179 180 181 182 183 184 185 186 187 188 189 190 191 192 193 194 195 196 197 198 199 200 201 202 203 204 205 206 207 208 209 210 211 212 213 214 215 216 217 218 219 220 221 222 223 224 225 226 227 228 229 230 231 232 233 234 235 236 237 238 239 240 241 242 243 244 245 246 247 248 249 250 251 252 253 254 255 256 257 258 259 260 261 262 263 264 265 266 267 268 269 270 271 272 273 274 275 276 277 278 279 280 281 282 283 284 285 286 287 288 289 290 291 292 293 294 295 296 297 298 299 300 301 302 303 304 305 306 307 308 309 310 311 312 313 314 315 316 317 318 319 320 321 322 323 324 325 326 327 328 329 330 331 332 333 334 335 336 337 338 339 340 341 342 343 344 345 346 347 348 349 350 351 352 353 354 355 356 357 358 359 360 361 362 363 364 365 366 367 368 369 370 371 372 373 374 375 376 377 378 379 380 381 382 383 384 385 386 387 388 389 390 391 392 393 394 395 396 397 398 399 400 401 402 403 404 405 406 407 408 409 410 411 412 413 414 415 416 417 418 419 420 421 422 423 424 425 426 427 428 429 430 431 432 433 434 435 436 437 438 439 440 441 442 443 444 445 446 447 448 449 450 451 452 453 454 455 456 457 458 459 460 461
 done.
 running RMSDs...
 done.
 E lowest :   -23.49647
 208 structures remain within     6.00 kcal/mol window


========================================
            MTD Iteration  2
========================================

     ========================================
     |         Meta-MD (MTD) Sampling       |
     ========================================

Starting Meta-MD   1 with the settings:
     MD time /ps        :     8.0
     dt /fs             :     2.0
     dumpstep(trj) /fs  :     100
     dumpstep(Vbias)/ps :     1.0
     Vbias factor k /Eh :  0.0230
     Vbias exp α /bohr⁻²:    1.00
Starting Meta-MD   2 with the settings:
     MD time /ps        :     8.0
     dt /fs             :     2.0
     dumpstep(trj) /fs  :     100
     dumpstep(Vbias)/ps :     1.0
     Vbias factor k /Eh :  0.0115
     Vbias exp α /bohr⁻²:    1.00
Starting Meta-MD   4 with the settings:
     MD time /ps        :     8.0
     dt /fs             :     2.0
     dumpstep(trj) /fs  :     100
     dumpstep(Vbias)/ps :     1.0
     Vbias factor k /Eh :  0.0115
     Vbias exp α /bohr⁻²:    0.50
Starting Meta-MD   3 with the settings:
     MD time /ps        :     8.0
     dt /fs             :     2.0
     dumpstep(trj) /fs  :     100
     dumpstep(Vbias)/ps :     1.0
     Vbias factor k /Eh :  0.0230
     Vbias exp α /bohr⁻²:    0.50
*Meta-MTD 2 finished*
*Meta-MTD 3 finished*
*Meta-MTD 1 finished*
*Meta-MTD 4 finished*

-----------------------
Multilevel Optimization
-----------------------

 -------------------------
 1. crude pre-optimization
 -------------------------
 Optimizing all 316 structures from file "crest_rotamers_0.xyz" ...
 1 2 3 4 5 6 7 8 9 10 11 12 13 14 15 16 17 18 19 20 21 22 23 24 25 26 27 28 29 30 31 32 33 34 35 36 37 38 39 40 41 42 43 44 45 46 47 48 49 50 51 52 53 54 55 56 57 58 59 60 61 62 63 64 65 66 67 68 69 70 71 72 73 74 75 76 77 78 79 80 81 82 83 84 85 86 87 88 89 90 91 92 93 94 95 96 97 98 99 100 101 102 103 104 105 106 107 108 109 110 111 112 113 114 115 116 117 118 119 120 121 122 123 124 125 126 127 128 129 130 131 132 133 134 135 136 137 138 139 140 141 142 143 144 145 146 147 148 149 150 151 152 153 154 155 156 157 158 159 160 161 162 163 164 165 166 167 168 169 170 171 172 173 174 175 176 177 178 179 180 181 182 183 184 185 186 187 188 189 190 191 192 193 194 195 196 197 198 199 200 201 202 203 204 205 206 207 208 209 210 211 212 213 214 215 216 217 218 219 220 221 222 223 224 225 226 227 228 229 230 231 232 233 234 235 236 237 238 239 240 241 242 243 244 245 246 247 248 249 250 251 252 253 254 255 256 257 258 259 260 261 262 263 264 265 266 267 268 269 270 271 272 273 274 275 276 277 278 279 280 281 282 283 284 285 286 287 288 289 290 291 292 293 294 295 296 297 298 299 300 301 302 303 304 305 306 307 308 309 310 311 312 313 314 315 316
 done.
 running RMSDs...
 done.
 E lowest :   -23.49610
 312 structures remain within    12.00 kcal/mol window

 -------------------------------------
 2. optimization with tight thresholds
 -------------------------------------
 Optimizing all 313 structures from file "crest_rotamers_1.xyz" ...
 1 2 3 4 5 6 7 8 9 10 11 12 13 14 15 16 17 18 19 20 21 22 23 24 25 26 27 28 29 30 31 32 33 34 35 36 37 38 39 40 41 42 43 44 45 46 47 48 49 50 51 52 53 54 55 56 57 58 59 60 61 62 63 64 65 66 67 68 69 70 71 72 73 74 75 76 77 78 79 80 81 82 83 84 85 86 87 88 89 90 91 92 93 94 95 96 97 98 99 100 101 102 103 104 105 106 107 108 109 110 111 112 113 114 115 116 117 118 119 120 121 122 123 124 125 126 127 128 129 130 131 132 133 134 135 136 137 138 139 140 141 142 143 144 145 146 147 148 149 150 151 152 153 154 155 156 157 158 159 160 161 162 163 164 165 166 167 168 169 170 171 172 173 174 175 176 177 178 179 180 181 182 183 184 185 186 187 188 189 190 191 192 193 194 195 196 197 198 199 200 201 202 203 204 205 206 207 208 209 210 211 212 213 214 215 216 217 218 219 220 221 222 223 224 225 226 227 228 229 230 231 232 233 234 235 236 237 238 239 240 241 242 243 244 245 246 247 248 249 250 251 252 253 254 255 256 257 258 259 260 261 262 263 264 265 266 267 268 269 270 271 272 273 274 275 276 277 278 279 280 281 282 283 284 285 286 287 288 289 290 291 292 293 294 295 296 297 298 299 300 301 302 303 304 305 306 307 308 309 310 311 312 313
 done.
 running RMSDs...
 done.
 E lowest :   -23.49647
 143 structures remain within     6.00 kcal/mol window

========================================
            MTD Iterations done         
========================================
 Collecting ensmbles.
 running RMSDs...
 done.
 E lowest :   -23.49647
 309 structures remain within     6.00 kcal/mol window



   ================================================
   |           Final Geometry Optimization        |
   ================================================
 ------------------------------------------------
 Ensemble optimization with very tight thresholds
 ------------------------------------------------
 Optimizing all 309 structures from file "crest_rotamers_1.xyz" ...
 1 2 3 4 5 6 7 8 9 10 11 12 13 14 15 16 17 18 19 20 21 22 23 24 25 26 27 28 29 30 31 32 33 34 35 36 37 38 39 40 41 42 43 44 45 46 47 48 49 50 51 52 53 54 55 56 57 58 59 60 61 62 63 64 65 66 67 68 69 70 71 72 73 74 75 76 77 78 79 80 81 82 83 84 85 86 87 88 89 90 91 92 93 94 95 96 97 98 99 100 101 102 103 104 105 106 107 108 109 110 111 112 113 114 115 116 117 118 119 120 121 122 123 124 125 126 127 128 129 130 131 132 133 134 135 136 137 138 139 140 141 142 143 144 145 146 147 148 149 150 151 152 153 154 155 156 157 158 159 160 161 162 163 164 165 166 167 168 169 170 171 172 173 174 175 176 177 178 179 180 181 182 183 184 185 186 187 188 189 190 191 192 193 194 195 196 197 198 199 200 201 202 203 204 205 206 207 208 209 210 211 212 213 214 215 216 217 218 219 220 221 222 223 224 225 226 227 228 229 230 231 232 233 234 235 236 237 238 239 240 241 242 243 244 245 246 247 248 249 250 251 252 253 254 255 256 257 258 259 260 261 262 263 264 265 266 267 268 269 270 271 272 273 274 275 276 277 278 279 280 281 282 283 284 285 286 287 288 289 290 291 292 293 294 295 296 297 298 299 300 301 302 303 304 305 306 307 308 309
 done.
 running RMSDs...
 done.
 E lowest :   -23.49646
 298 structures remain within     6.00 kcal/mol window

 input  file name : crest_rotamers_2.xyz
 output file name : crest_rotamers_3.xyz
 number of atoms                :   23
 number of points on xyz files  :   309
 RMSD threshold                 :   0.1250
 Bconst threshold               :   0.0100
 population threshold           :   0.0500
 conformer energy window  /kcal :   6.0000
 # fragment in coord            :     1
 # bonds in reference structure :    22
 number of reliable points      :   309
 reference state Etot :  -23.496463179999999
 number of doubles removed by rot/RMSD         :          11
 total number unique points considered further :         298
       Erel/kcal        Etot weight/tot  conformer     set   degen     origin
       1   0.000   -23.49646    0.01231    0.17101       1      14     mtd1
       2   0.002   -23.49646    0.01227                                mtd2
       3   0.003   -23.49646    0.01225                                mtd1
       4   0.003   -23.49646    0.01225                                mtd3
       5   0.003   -23.49646    0.01224                                mtd3
       6   0.003   -23.49646    0.01224                                mtd1
       7   0.003   -23.49646    0.01224                                mtd1
       8   0.004   -23.49646    0.01222                                mtd3
       9   0.005   -23.49646    0.01221                                mtd5
      10   0.005   -23.49645    0.01220                                mtd4
      11   0.005   -23.49645    0.01219                                mtd2
      12   0.008   -23.49645    0.01215                                mtd5
      13   0.009   -23.49645    0.01213                                mtd1
      14   0.010   -23.49645    0.01210                                mtd2
      15   0.016   -23.49644    0.01198    0.11740       2      10     mtd5
      16   0.020   -23.49643    0.01190                                mtd3
      17   0.020   -23.49643    0.01190                                mtd1
      18   0.022   -23.49643    0.01185                                mtd6
      19   0.024   -23.49642    0.01182                                mtd2
      20   0.030   -23.49641    0.01169                                mtd6
      21   0.034   -23.49641    0.01163                                mtd2
      22   0.034   -23.49641    0.01162                                mtd2
      23   0.036   -23.49641    0.01158                                mtd5
      24   0.044   -23.49639    0.01143                                mtd1
      25   0.053   -23.49638    0.01126    0.04386       3       4     mtd6
      26   0.054   -23.49638    0.01123                                mtd3
      27   0.079   -23.49634    0.01077                                mtd1
      28   0.088   -23.49632    0.01061                                mtd5
      29   0.349   -23.49591    0.00683    0.01988       4       3     mtd4
      30   0.376   -23.49586    0.00653                                mtd1
      31   0.377   -23.49586    0.00651                                mtd1
      32   0.380   -23.49586    0.00649    0.01287       5       2     mtd4
      33   0.389   -23.49584    0.00639                                mtd3
      34   0.399   -23.49583    0.00628    0.01272       6       2     mtd4
      35   0.384   -23.49585    0.00644                                mtd3
      36   0.400   -23.49583    0.00627    0.08099       7      13     mtd1
      37   0.402   -23.49582    0.00625                                mtd6
      38   0.402   -23.49582    0.00625                                mtd5
      39   0.402   -23.49582    0.00624                                mtd6
      40   0.403   -23.49582    0.00624                                mtd1
      41   0.403   -23.49582    0.00624                                mtd5
      42   0.403   -23.49582    0.00623                                mtd6
      43   0.404   -23.49582    0.00623                                mtd1
      44   0.404   -23.49582    0.00623                                mtd1
      45   0.404   -23.49582    0.00622                                mtd6
      46   0.405   -23.49582    0.00622                                mtd1
      47   0.406   -23.49582    0.00620                                mtd3
      48   0.410   -23.49581    0.00617                                mtd5
      49   0.417   -23.49580    0.00609    0.01802       8       3     mtd1
      50   0.427   -23.49578    0.00599                                mtd1
      51   0.432   -23.49578    0.00594                                mtd4
      52   0.463   -23.49572    0.00563    0.00563       9       1     mtd4
      53   0.491   -23.49568    0.00538    0.01582      10       3     mtd4
      54   0.507   -23.49566    0.00524                                mtd3
      55   0.511   -23.49565    0.00520                                mtd2
      56   0.528   -23.49562    0.00505    0.06540      11      13     mtd1
      57   0.528   -23.49562    0.00505                                mtd3
      58   0.528   -23.49562    0.00505                                mtd6
      59   0.529   -23.49562    0.00505                                mtd5
      60   0.529   -23.49562    0.00504                                mtd2
      61   0.530   -23.49562    0.00504                                mtd6
      62   0.530   -23.49562    0.00504                                mtd5
      63   0.530   -23.49562    0.00504                                mtd2
      64   0.532   -23.49562    0.00502                                mtd4
      65   0.532   -23.49561    0.00502                                mtd4
      66   0.533   -23.49561    0.00501                                mtd5
      67   0.533   -23.49561    0.00501                                mtd4
      68   0.535   -23.49561    0.00500                                mtd6
      69   0.555   -23.49558    0.00483    0.02888      12       6     mtd3
      70   0.555   -23.49558    0.00483                                mtd4
      71   0.555   -23.49558    0.00483                                mtd1
      72   0.556   -23.49558    0.00482                                mtd3
      73   0.559   -23.49557    0.00480                                mtd3
      74   0.561   -23.49557    0.00478                                mtd2
      75   0.563   -23.49557    0.00476    0.03758      13       8     mtd3
      76   0.568   -23.49556    0.00472                                mtd4
      77   0.569   -23.49556    0.00471                                mtd5
      78   0.570   -23.49556    0.00471                                mtd3
      79   0.572   -23.49555    0.00469                                mtd4
      80   0.576   -23.49554    0.00466                                mtd1
      81   0.575   -23.49555    0.00467                                mtd5
      82   0.576   -23.49554    0.00466                                mtd4
      83   0.576   -23.49554    0.00466    0.04184      14       9     mtd6
      84   0.577   -23.49554    0.00465                                mtd5
      85   0.577   -23.49554    0.00465                                mtd3
      86   0.577   -23.49554    0.00465                                mtd4
      87   0.577   -23.49554    0.00465                                mtd4
      88   0.579   -23.49554    0.00463                                mtd3
      89   0.582   -23.49554    0.00461                                mtd4
      90   0.575   -23.49555    0.00466                                mtd2
      91   0.576   -23.49555    0.00466                                mtd1
      92   0.593   -23.49552    0.00453    0.02618      15       6     mtd4
      93   0.611   -23.49549    0.00439                                mtd1
      94   0.614   -23.49549    0.00437                                mtd1
      95   0.618   -23.49548    0.00434                                mtd5
      96   0.625   -23.49547    0.00429                                mtd1
      97   0.629   -23.49546    0.00426                                mtd6
      98   0.706   -23.49534    0.00374    0.01095      16       3     mtd5
      99   0.727   -23.49530    0.00361                                mtd3
     100   0.729   -23.49530    0.00360                                mtd1
     101   0.730   -23.49530    0.00360    0.02143      17       6     mtd6
     102   0.730   -23.49530    0.00359                                mtd3
     103   0.730   -23.49530    0.00359                                mtd6
     104   0.731   -23.49530    0.00359                                mtd5
     105   0.755   -23.49526    0.00345                                mtd3
     106   0.727   -23.49530    0.00361                                mtd3
     107   0.810   -23.49517    0.00314    0.03104      18      10     mtd3
     108   0.810   -23.49517    0.00314                                mtd4
     109   0.818   -23.49516    0.00310                                mtd4
     110   0.846   -23.49512    0.00296                                mtd2
     111   0.810   -23.49517    0.00314                                mtd6
     112   0.811   -23.49517    0.00314                                mtd4
     113   0.812   -23.49517    0.00313                                mtd2
     114   0.818   -23.49516    0.00310                                mtd5
     115   0.818   -23.49516    0.00310                                mtd2
     116   0.818   -23.49516    0.00310                                mtd1
     117   0.818   -23.49516    0.00310    0.03384      19      11     mtd5
     118   0.819   -23.49516    0.00310                                mtd3
     119   0.819   -23.49516    0.00309                                mtd3
     120   0.819   -23.49516    0.00309                                mtd2
     121   0.826   -23.49515    0.00306                                mtd2
     122   0.839   -23.49513    0.00299                                mtd3
     123   0.813   -23.49517    0.00312                                mtd3
     124   0.844   -23.49512    0.00296                                mtd4
     125   0.813   -23.49517    0.00312                                mtd3
     126   0.816   -23.49516    0.00311                                mtd6
     127   0.817   -23.49516    0.00310                                mtd3
     128   0.818   -23.49516    0.00310    0.00310      20       1     mtd3
     129   0.868   -23.49508    0.00285    0.00566      21       2     mtd2
     130   0.876   -23.49507    0.00281                                mtd2
     131   0.921   -23.49499    0.00260    0.01009      22       4     mtd1
     132   0.946   -23.49496    0.00250                                mtd4
     133   0.946   -23.49496    0.00250                                mtd3
     134   0.948   -23.49495    0.00249                                mtd6
     135   0.949   -23.49495    0.00248    0.01992      23       8     mtd2
     136   0.949   -23.49495    0.00248                                mtd3
     137   0.951   -23.49495    0.00248                                mtd4
     138   0.937   -23.49497    0.00253                                mtd1
     139   0.951   -23.49495    0.00247                                mtd5
     140   0.942   -23.49496    0.00251                                mtd3
     141   0.957   -23.49494    0.00245                                mtd1
     142   0.944   -23.49496    0.00250                                mtd3
     143   0.967   -23.49492    0.00241    0.01680      24       7     mtd3
     144   0.968   -23.49492    0.00240                                mtd2
     145   0.969   -23.49492    0.00240                                mtd2
     146   0.969   -23.49492    0.00240                                mtd4
     147   0.969   -23.49492    0.00240                                mtd3
     148   0.970   -23.49492    0.00240                                mtd3
     149   0.972   -23.49491    0.00239                                mtd2
     150   0.985   -23.49489    0.00234    0.00234      25       1     mtd1
     151   1.027   -23.49483    0.00218    0.02601      26      12     mtd6
     152   1.028   -23.49482    0.00217                                mtd2
     153   1.029   -23.49482    0.00217                                mtd1
     154   1.029   -23.49482    0.00217                                mtd3
     155   1.030   -23.49482    0.00217                                mtd1
     156   1.030   -23.49482    0.00217                                mtd4
     157   1.030   -23.49482    0.00217                                mtd5
     158   1.030   -23.49482    0.00217                                mtd4
     159   1.030   -23.49482    0.00217                                mtd1
     160   1.031   -23.49482    0.00216                                mtd4
     161   1.031   -23.49482    0.00216                                mtd2
     162   1.033   -23.49482    0.00216                                mtd4
     163   1.036   -23.49481    0.00214    0.02138      27      10     mtd4
     164   1.037   -23.49481    0.00214                                mtd2
     165   1.037   -23.49481    0.00214                                mtd2
     166   1.037   -23.49481    0.00214                                mtd4
     167   1.038   -23.49481    0.00214                                mtd3
     168   1.038   -23.49481    0.00214                                mtd2
     169   1.038   -23.49481    0.00214                                mtd2
     170   1.039   -23.49481    0.00213                                mtd4
     171   1.040   -23.49481    0.00213                                mtd5
     172   1.040   -23.49481    0.00213                                mtd4
     173   1.099   -23.49471    0.00193    0.00193      28       1     mtd2
     174   1.177   -23.49459    0.00169    0.01340      29       8     mtd4
     175   1.181   -23.49458    0.00168                                mtd4
     176   1.181   -23.49458    0.00168                                mtd5
     177   1.182   -23.49458    0.00168                                mtd4
     178   1.185   -23.49458    0.00167                                mtd1
     179   1.185   -23.49458    0.00167                                mtd3
     180   1.185   -23.49457    0.00167                                mtd4
     181   1.186   -23.49457    0.00166                                mtd4
     182   1.199   -23.49455    0.00163    0.01293      30       8     mtd2
     183   1.203   -23.49455    0.00162                                mtd1
     184   1.203   -23.49455    0.00162                                mtd1
     185   1.204   -23.49455    0.00162                                mtd1
     186   1.204   -23.49454    0.00162                                mtd4
     187   1.208   -23.49454    0.00160                                mtd4
     188   1.199   -23.49455    0.00163                                mtd2
     189   1.211   -23.49453    0.00160                                mtd4
     190   1.211   -23.49453    0.00160    0.01134      31       7     mtd3
     191   1.200   -23.49455    0.00163                                mtd3
     192   1.200   -23.49455    0.00163                                mtd2
     193   1.200   -23.49455    0.00163                                mtd6
     194   1.201   -23.49455    0.00162                                mtd3
     195   1.202   -23.49455    0.00162                                mtd1
     196   1.202   -23.49455    0.00162                                mtd2
     197   1.295   -23.49440    0.00139    0.00277      32       2     mtd6
     198   1.298   -23.49440    0.00138                                mtd3
     199   1.338   -23.49433    0.00129    0.00499      33       4     mtd6
     200   1.364   -23.49429    0.00123                                mtd2
     201   1.364   -23.49429    0.00123                                mtd2
     202   1.366   -23.49429    0.00123                                mtd4
     203   1.360   -23.49430    0.00124    0.01714      34      14     mtd2
     204   1.366   -23.49429    0.00123                                mtd4
     205   1.367   -23.49428    0.00123                                mtd4
     206   1.368   -23.49428    0.00123                                mtd4
     207   1.368   -23.49428    0.00123                                mtd2
     208   1.369   -23.49428    0.00122                                mtd3
     209   1.369   -23.49428    0.00122                                mtd2
     210   1.370   -23.49428    0.00122                                mtd2
     211   1.371   -23.49428    0.00122                                mtd1
     212   1.372   -23.49428    0.00122                                mtd5
     213   1.374   -23.49427    0.00121                                mtd2
     214   1.361   -23.49429    0.00124                                mtd2
     215   1.385   -23.49426    0.00119                                mtd3
     216   1.362   -23.49429    0.00124                                mtd2
     217   1.470   -23.49412    0.00103    0.00812      35       8     mtd1
     218   1.470   -23.49412    0.00103                                mtd3
     219   1.480   -23.49411    0.00101                                mtd2
     220   1.480   -23.49410    0.00101                                mtd1
     221   1.482   -23.49410    0.00101                                mtd2
     222   1.483   -23.49410    0.00101                                mtd5
     223   1.484   -23.49410    0.00101                                mtd2
     224   1.486   -23.49410    0.00100                                mtd3
     225   1.488   -23.49409    0.00100    0.00497      36       5     mtd4
     226   1.491   -23.49409    0.00100                                mtd1
     227   1.492   -23.49408    0.00099                                mtd2
     228   1.493   -23.49408    0.00099                                mtd2
     229   1.495   -23.49408    0.00099                                mtd2
     230   1.629   -23.49387    0.00079    0.00389      37       5     mtd2
     231   1.634   -23.49386    0.00078                                mtd5
     232   1.635   -23.49386    0.00078                                mtd6
     233   1.638   -23.49385    0.00078                                mtd6
     234   1.651   -23.49383    0.00076                                mtd6
     235   1.655   -23.49383    0.00075    0.00300      38       4     mtd3
     236   1.656   -23.49382    0.00075                                mtd2
     237   1.664   -23.49381    0.00074                                mtd1
     238   1.664   -23.49381    0.00074                                mtd5
     239   1.690   -23.49377    0.00071    0.00284      39       4     mtd3
     240   1.693   -23.49377    0.00071                                mtd3
     241   1.692   -23.49377    0.00071                                mtd2
     242   1.692   -23.49377    0.00071                                mtd6
     243   1.692   -23.49377    0.00071    0.00071      40       1     mtd5
     244   1.701   -23.49375    0.00070    0.00138      41       2     mtd2
     245   1.713   -23.49373    0.00068                                mtd4
     246   1.808   -23.49358    0.00058    0.00058      42       1     mtd6
     247   2.096   -23.49312    0.00036    0.00036      43       1     mtd2
     248   2.111   -23.49310    0.00035    0.00136      44       4     mtd4
     249   2.115   -23.49309    0.00035                                mtd2
     250   2.129   -23.49307    0.00034                                mtd2
     251   2.156   -23.49303    0.00032                                mtd4
     252   2.117   -23.49309    0.00035    0.00067      45       2     mtd2
     253   2.161   -23.49302    0.00032                                mtd4
     254   2.120   -23.49309    0.00034    0.00034      46       1     mtd5
     255   2.171   -23.49300    0.00032    0.00032      47       1     mtd2
     256   2.250   -23.49288    0.00028    0.00028      48       1     mtd5
     257   2.276   -23.49284    0.00027    0.00080      49       3     mtd4
     258   2.276   -23.49284    0.00027                                mtd1
     259   2.276   -23.49284    0.00027                                mtd4
     260   2.293   -23.49281    0.00026    0.00077      50       3     mtd5
     261   2.293   -23.49281    0.00026                                mtd4
     262   2.298   -23.49280    0.00026                                mtd1
     263   2.360   -23.49270    0.00023    0.00138      51       6     mtd4
     264   2.360   -23.49270    0.00023                                mtd4
     265   2.361   -23.49270    0.00023                                mtd3
     266   2.361   -23.49270    0.00023                                mtd5
     267   2.362   -23.49270    0.00023                                mtd3
     268   2.365   -23.49269    0.00023                                mtd1
     269   2.367   -23.49269    0.00023    0.00046      52       2     mtd1
     270   2.366   -23.49269    0.00023                                mtd2
     271   2.364   -23.49270    0.00023    0.00023      53       1     mtd2
     272   2.436   -23.49258    0.00020    0.00020      54       1     mtd4
     273   2.690   -23.49218    0.00013    0.00026      55       2     mtd1
     274   2.709   -23.49215    0.00013                                mtd2
     275   2.715   -23.49214    0.00013    0.00025      56       2     mtd3
     276   2.708   -23.49215    0.00013                                mtd4
     277   2.730   -23.49211    0.00012    0.00037      57       3     mtd3
     278   2.730   -23.49211    0.00012                                mtd1
     279   2.734   -23.49211    0.00012                                mtd5
     280   2.753   -23.49208    0.00012    0.00024      58       2     mtd3
     281   2.733   -23.49211    0.00012                                mtd3
     282   2.920   -23.49181    0.00009    0.00035      59       4     mtd1
     283   2.922   -23.49181    0.00009                                mtd3
     284   2.929   -23.49180    0.00009                                mtd5
     285   2.934   -23.49179    0.00009                                mtd5
     286   2.939   -23.49178    0.00009    0.00026      60       3     mtd4
     287   2.940   -23.49178    0.00009                                mtd3
     288   2.942   -23.49178    0.00009                                mtd4
     289   2.960   -23.49175    0.00008    0.00032      61       4     mtd4
     290   2.977   -23.49172    0.00008                                mtd5
     291   2.985   -23.49171    0.00008                                mtd4
     292   2.988   -23.49170    0.00008                                mtd3
     293   3.047   -23.49161    0.00007    0.00007      62       1     mtd4
     294   3.569   -23.49078    0.00003    0.00006      63       2     mtd5
     295   3.607   -23.49072    0.00003                                mtd4
     296   4.098   -23.48993    0.00001    0.00004      64       3     mtd5
     297   4.103   -23.48992    0.00001                                mtd5
     298   4.127   -23.48989    0.00001                                mtd5
T /K                                  :   298.15
E lowest                              :   -23.49646
ensemble average energy (kcal)        :    0.511
ensemble entropy (J/mol K, cal/mol K) :   43.735   10.453
ensemble free energy (kcal/mol)       :   -3.117
population of lowest in %             :   17.101
 number of unique conformers for further calc           64
 list of relative energies saved as "crest.energies"

 -----------------
 Wall Time Summary
 -----------------
             test MD wall time :         0h : 0m : 0s
                 MTD wall time :         0h : 0m : 4s
      multilevel OPT wall time :         0h : 0m :13s
--------------------
Overall wall time  : 0h : 0m :20s

 CREST terminated normally.
