
       ==============================================
       |                                            |
       |                 C R E S T                  |
       |                                            |
       |  Conformer-Rotamer Ensemble Sampling Tool  |
       |          based on the GFN methods          |
       |             P.Pracht, S.Grimme             |
       |          Universitaet Bonn, MCTC           |
       ==============================================
       Version 2.12,   Thu 19. Mai 16:32:32 CEST 2022
  Using the xTB program. Compatible with xTB version 6.4.0

   Cite work conducted with this code as

   • P.Pracht, F.Bohle, S.Grimme, PCCP, 2020, 22, 7169-7192.
   • S.Grimme, JCTC, 2019, 15, 2847-2862.

   and for works involving QCG as

   • S.Spicher, C.Plett, P.Pracht, A.Hansen, S.Grimme,
     JCTC, 2022, 18 (5), 3174-3189.

   with help from:
   C.Bannwarth, F.Bohle, S.Ehlert, S.Grimme,
   C.Plett, P.Pracht, S.Spicher

   This program is distributed in the hope that it will be useful,
   but WITHOUT ANY WARRANTY; without even the implied warranty of
   MERCHANTABILITY or FITNESS FOR A PARTICULAR PURPOSE.

 Command line input:
 > crest xtbopt.xyz --gfn2//gfnff --chrg 1 --uhf 0 --nci --cbonds -T 128

  -gfn2//gfnff : energy reweighting
  --chrg 1
  --uhf 0
  --nci  : Special NCI mode for non-covalently bound complexes or clusters.
  -T 128 (CPUs/Threads selected)
  Automatically generated ellipsoide potential for NCI mode:
> $wall
>   potential=polynomial
>   ellipsoid: 38.855386197237820, 23.638051313948207, 23.152307885124220, all


 -------------------------
 xTB Geometry Optimization
 -------------------------
 Geometry successfully optimized.

------------------------------------------------
Generating MTD length from a flexibility measure
------------------------------------------------
 System flexiblity is set to 1.0 for NCI mode
 flexibility measure :   1.000
 t(MTD) / ps    :     7.0
 Σ(t(MTD)) / ps :    42.0 (6 MTDs)

-------------------------------------
Starting a trial MTD to test settings
-------------------------------------
 Estimated runtime for one MTD (7.0 ps) on a single thread: 10 min 49 sec
 Estimated runtime for a batch of 6 MTDs on 128 threads: 31 sec

 list of Vbias parameters applied:
$metadyn    0.00100   1.000
$metadyn    0.00050   1.000
$metadyn    0.00100   0.500
$metadyn    0.00050   0.500
$metadyn    0.00100   0.250
$metadyn    0.00050   0.250

*******************************************************************************************
**                        N E W    I T E R A T I O N    C Y C L E                        **
*******************************************************************************************

========================================
            MTD Iteration  1
========================================

     ========================================
     |         Meta-MD (MTD) Sampling       |
     ========================================

Starting Meta-MD   2 with the settings:
     MD time /ps        :     7.0
     dt /fs             :     2.0
     dumpstep(trj) /fs  :     100
     dumpstep(Vbias)/ps :     1.0
     Vbias factor k /Eh :  0.0110
     Vbias exp α /bohr⁻²:    1.00
Starting Meta-MD   1 with the settings:
     MD time /ps        :     7.0
     dt /fs             :     2.0
     dumpstep(trj) /fs  :     100
     dumpstep(Vbias)/ps :     1.0
     Vbias factor k /Eh :  0.0220
     Vbias exp α /bohr⁻²:    1.00
Starting Meta-MD   6 with the settings:
     MD time /ps        :     7.0
     dt /fs             :     2.0
     dumpstep(trj) /fs  :     100
     dumpstep(Vbias)/ps :     1.0
     Vbias factor k /Eh :  0.0110
     Vbias exp α /bohr⁻²:    0.25
Starting Meta-MD   5 with the settings:
     MD time /ps        :     7.0
     dt /fs             :     2.0
     dumpstep(trj) /fs  :     100
     dumpstep(Vbias)/ps :     1.0
     Vbias factor k /Eh :  0.0220
     Vbias exp α /bohr⁻²:    0.25
Starting Meta-MD   4 with the settings:
     MD time /ps        :     7.0
     dt /fs             :     2.0
     dumpstep(trj) /fs  :     100
     dumpstep(Vbias)/ps :     1.0
     Vbias factor k /Eh :  0.0110
     Vbias exp α /bohr⁻²:    0.50
Starting Meta-MD   3 with the settings:
     MD time /ps        :     7.0
     dt /fs             :     2.0
     dumpstep(trj) /fs  :     100
     dumpstep(Vbias)/ps :     1.0
     Vbias factor k /Eh :  0.0220
     Vbias exp α /bohr⁻²:    0.50
*Meta-MTD 4 finished*
*Meta-MTD 6 finished*
*Meta-MTD 5 finished*
*Meta-MTD 2 finished*
*Meta-MTD 3 finished*
*Meta-MTD 1 finished*

-----------------------
Multilevel Optimization
-----------------------

 -------------------------
 1. crude pre-optimization
 -------------------------
 Optimizing all 414 structures from file "crest_rotamers_0.xyz" ...
 1 2 3 4 5 6 7 8 9 10 11 12 13 14 15 16 17 18 19 20 21 22 23 24 25 26 27 28 29 30 31 32 33 34 35 36 37 38 39 40 41 42 43 44 45 46 47 48 49 50 51 52 53 54 55 56 57 58 59 60 61 62 63 64 65 66 67 68 69 70 71 72 73 74 75 76 77 78 79 80 81 82 83 84 85 86 87 88 89 90 91 92 93 94 95 96 97 98 99 100 101 102 103 104 105 106 107 108 109 110 111 112 113 114 115 116 117 118 119 120 121 122 123 124 125 126 127 128 129 130 131 132 133 134 135 136 137 138 139 140 141 142 143 144 145 146 147 148 149 150 151 152 153 154 155 156 157 158 159 160 161 162 163 164 165 166 167 168 169 170 171 172 173 174 175 176 177 178 179 180 181 182 183 184 185 186 187 188 189 190 191 192 193 194 195 196 197 198 199 200 201 202 203 204 205 206 207 208 209 210 211 212 213 214 215 216 217 218 219 220 221 222 223 224 225 226 227 228 229 230 231 232 233 234 235 236 237 238 239 240 241 242 243 244 245 246 247 248 249 250 251 252 253 254 255 256 257 258 259 260 261 262 263 264 265 266 267 268 269 270 271 272 273 274 275 276 277 278 279 280 281 282 283 284 285 286 287 288 289 290 291 292 293 294 295 296 297 298 299 300 301 302 303 304 305 306 307 308 309 310 311 312 313 314 315 316 317 318 319 320 321 322 323 324 325 326 327 328 329 330 331 332 333 334 335 336 337 338 339 340 341 342 343 344 345 346 347 348 349 350 351 352 353 354 355 356 357 358 359 360 361 362 363 364 365 366 367 368 369 370 371 372 373 374 375 376 377 378 379 380 381 382 383 384 385 386 387 388 389 390 391 392 393 394 395 396 397 398 399 400 401 402 403 404 405 406 407 408 409 410 411 412 413 414
 done.
 running RMSDs...
 done.
 E lowest :   -27.83280
 269 structures remain within    12.00 kcal/mol window

 -------------------------------------
 2. optimization with tight thresholds
 -------------------------------------
 Optimizing all 270 structures from file "crest_rotamers_1.xyz" ...
 1 2 3 4 5 6 7 8 9 10 11 12 13 14 15 16 17 18 19 20 21 22 23 24 25 26 27 28 29 30 31 32 33 34 35 36 37 38 39 40 41 42 43 44 45 46 47 48 49 50 51 52 53 54 55 56 57 58 59 60 61 62 63 64 65 66 67 68 69 70 71 72 73 74 75 76 77 78 79 80 81 82 83 84 85 86 87 88 89 90 91 92 93 94 95 96 97 98 99 100 101 102 103 104 105 106 107 108 109 110 111 112 113 114 115 116 117 118 119 120 121 122 123 124 125 126 127 128 129 130 131 132 133 134 135 136 137 138 139 140 141 142 143 144 145 146 147 148 149 150 151 152 153 154 155 156 157 158 159 160 161 162 163 164 165 166 167 168 169 170 171 172 173 174 175 176 177 178 179 180 181 182 183 184 185 186 187 188 189 190 191 192 193 194 195 196 197 198 199 200 201 202 203 204 205 206 207 208 209 210 211 212 213 214 215 216 217 218 219 220 221 222 223 224 225 226 227 228 229 230 231 232 233 234 235 236 237 238 239 240 241 242 243 244 245 246 247 248 249 250 251 252 253 254 255 256 257 258 259 260 261 262 263 264 265 266 267 268 269 270
 done.
 running RMSDs...
 done.
 E lowest :   -27.83285
 62 structures remain within     6.00 kcal/mol window


========================================
            MTD Iteration  2
========================================

     ========================================
     |         Meta-MD (MTD) Sampling       |
     ========================================

Starting Meta-MD   1 with the settings:
     MD time /ps        :     7.0
     dt /fs             :     2.0
     dumpstep(trj) /fs  :     100
     dumpstep(Vbias)/ps :     1.0
     Vbias factor k /Eh :  0.0220
     Vbias exp α /bohr⁻²:    1.00
Starting Meta-MD   4 with the settings:
     MD time /ps        :     7.0
     dt /fs             :     2.0
     dumpstep(trj) /fs  :     100
     dumpstep(Vbias)/ps :     1.0
     Vbias factor k /Eh :  0.0110
     Vbias exp α /bohr⁻²:    0.50
Starting Meta-MD   2 with the settings:
     MD time /ps        :     7.0
     dt /fs             :     2.0
     dumpstep(trj) /fs  :     100
     dumpstep(Vbias)/ps :     1.0
     Vbias factor k /Eh :  0.0110
     Vbias exp α /bohr⁻²:    1.00
Starting Meta-MD   3 with the settings:
     MD time /ps        :     7.0
     dt /fs             :     2.0
     dumpstep(trj) /fs  :     100
     dumpstep(Vbias)/ps :     1.0
     Vbias factor k /Eh :  0.0220
     Vbias exp α /bohr⁻²:    0.50
*Meta-MTD 2 finished*
*Meta-MTD 1 finished*
*Meta-MTD 4 finished*
*Meta-MTD 3 finished*

-----------------------
Multilevel Optimization
-----------------------

 -------------------------
 1. crude pre-optimization
 -------------------------
 Optimizing all 276 structures from file "crest_rotamers_0.xyz" ...
 1 2 3 4 5 6 7 8 9 10 11 12 13 14 15 16 17 18 19 20 21 22 23 24 25 26 27 28 29 30 31 32 33 34 35 36 37 38 39 40 41 42 43 44 45 46 47 48 49 50 51 52 53 54 55 56 57 58 59 60 61 62 63 64 65 66 67 68 69 70 71 72 73 74 75 76 77 78 79 80 81 82 83 84 85 86 87 88 89 90 91 92 93 94 95 96 97 98 99 100 101 102 103 104 105 106 107 108 109 110 111 112 113 114 115 116 117 118 119 120 121 122 123 124 125 126 127 128 129 130 131 132 133 134 135 136 137 138 139 140 141 142 143 144 145 146 147 148 149 150 151 152 153 154 155 156 157 158 159 160 161 162 163 164 165 166 167 168 169 170 171 172 173 174 175 176 177 178 179 180 181 182 183 184 185 186 187 188 189 190 191 192 193 194 195 196 197 198 199 200 201 202 203 204 205 206 207 208 209 210 211 212 213 214 215 216 217 218 219 220 221 222 223 224 225 226 227 228 229 230 231 232 233 234 235 236 237 238 239 240 241 242 243 244 245 246 247 248 249 250 251 252 253 254 255 256 257 258 259 260 261 262 263 264 265 266 267 268 269 270 271 272 273 274 275 276
 done.
 running RMSDs...
 done.
 E lowest :   -27.83263
 181 structures remain within    12.00 kcal/mol window

 -------------------------------------
 2. optimization with tight thresholds
 -------------------------------------
 Optimizing all 182 structures from file "crest_rotamers_1.xyz" ...
 1 2 3 4 5 6 7 8 9 10 11 12 13 14 15 16 17 18 19 20 21 22 23 24 25 26 27 28 29 30 31 32 33 34 35 36 37 38 39 40 41 42 43 44 45 46 47 48 49 50 51 52 53 54 55 56 57 58 59 60 61 62 63 64 65 66 67 68 69 70 71 72 73 74 75 76 77 78 79 80 81 82 83 84 85 86 87 88 89 90 91 92 93 94 95 96 97 98 99 100 101 102 103 104 105 106 107 108 109 110 111 112 113 114 115 116 117 118 119 120 121 122 123 124 125 126 127 128 129 130 131 132 133 134 135 136 137 138 139 140 141 142 143 144 145 146 147 148 149 150 151 152 153 154 155 156 157 158 159 160 161 162 163 164 165 166 167 168 169 170 171 172 173 174 175 176 177 178 179 180 181 182
 done.
 running RMSDs...
 done.
 E lowest :   -27.83285
 51 structures remain within     6.00 kcal/mol window

========================================
            MTD Iterations done         
========================================
 Collecting ensmbles.
 running RMSDs...
 done.
 E lowest :   -27.83285
 76 structures remain within     6.00 kcal/mol window



   ================================================
   |           Final Geometry Optimization        |
   ================================================
 ------------------------------------------------
 Ensemble optimization with very tight thresholds
 ------------------------------------------------
 Optimizing all 76 structures from file "crest_rotamers_1.xyz" ...
 1 2 3 4 5 6 7 8 9 10 11 12 13 14 15 16 17 18 19 20 21 22 23 24 25 26 27 28 29 30 31 32 33 34 35 36 37 38 39 40 41 42 43 44 45 46 47 48 49 50 51 52 53 54 55 56 57 58 59 60 61 62 63 64 65 66 67 68 69 70 71 72 73 74 75 76
 done.
 running RMSDs...
 done.
 E lowest :   -27.83284
 56 structures remain within     6.00 kcal/mol window

 input  file name : crest_rotamers_2.xyz
 output file name : crest_rotamers_3.xyz
 number of atoms                :   22
 number of points on xyz files  :   76
 RMSD threshold                 :   0.1250
 Bconst threshold               :   0.0100
 population threshold           :   0.0500
 conformer energy window  /kcal :   6.0000
 # fragment in coord            :     1
 # bonds in reference structure :    22
   => # of C=C bonds :     3
 number of reliable points      :    76
 reference state Etot :  -27.832841559999999
 number of doubles removed by rot/RMSD         :          20
 total number unique points considered further :          56
       Erel/kcal        Etot weight/tot  conformer     set   degen     origin
       1   0.000   -27.83284    0.03352    0.16586       1       5     mtd6
       2   0.001   -27.83284    0.03348                                mtd3
       3   0.002   -27.83284    0.03344                                mtd3
       4   0.004   -27.83283    0.03327                                mtd1
       5   0.025   -27.83280    0.03215                                mtd2
       6   0.052   -27.83276    0.03070    0.06024       2       2     mtd1
       7   0.075   -27.83272    0.02955                                mtd5
       8   0.131   -27.83263    0.02690    0.13213       3       5     mtd1
       9   0.132   -27.83263    0.02682                                mtd1
      10   0.136   -27.83263    0.02666                                mtd1
      11   0.146   -27.83261    0.02622                                mtd3
      12   0.161   -27.83258    0.02553                                mtd1
      13   0.187   -27.83254    0.02447    0.14196       4       6     mtd5
      14   0.199   -27.83252    0.02398                                mtd3
      15   0.201   -27.83252    0.02390                                mtd3
      16   0.202   -27.83252    0.02385                                mtd6
      17   0.220   -27.83249    0.02314                                mtd5
      18   0.233   -27.83247    0.02262                                mtd6
      19   0.254   -27.83244    0.02186    0.12620       5       6     mtd4
      20   0.256   -27.83243    0.02176                                mtd3
      21   0.280   -27.83239    0.02090                                mtd4
      22   0.280   -27.83239    0.02089                                mtd2
      23   0.287   -27.83238    0.02065                                mtd6
      24   0.302   -27.83236    0.02014                                mtd1
      25   0.329   -27.83232    0.01925    0.07451       6       4     mtd3
      26   0.342   -27.83230    0.01883                                mtd4
      27   0.350   -27.83228    0.01856                                mtd5
      28   0.373   -27.83225    0.01786                                mtd2
      29   0.386   -27.83223    0.01749    0.11597       7       7     mtd4
      30   0.403   -27.83220    0.01698                                mtd1
      31   0.418   -27.83218    0.01656                                mtd4
      32   0.427   -27.83216    0.01631                                mtd1
      33   0.429   -27.83216    0.01627                                mtd1
      34   0.431   -27.83216    0.01621                                mtd1
      35   0.433   -27.83215    0.01614                                mtd1
      36   0.440   -27.83214    0.01597    0.09369       8       6     mtd6
      37   0.446   -27.83213    0.01581                                mtd6
      38   0.448   -27.83213    0.01574                                mtd1
      39   0.455   -27.83212    0.01557                                mtd6
      40   0.456   -27.83212    0.01555                                mtd4
      41   0.475   -27.83208    0.01505                                mtd2
      42   0.493   -27.83206    0.01461    0.04354       9       3     mtd5
      43   0.493   -27.83206    0.01459                                mtd6
      44   0.504   -27.83204    0.01434                                mtd3
      45   0.551   -27.83196    0.01323    0.03826      10       3     mtd2
      46   0.572   -27.83193    0.01278                                mtd3
      47   0.597   -27.83189    0.01226                                mtd4
      48   1.972   -27.82970    0.00120    0.00361      11       3     mtd3
      49   1.973   -27.82970    0.00120                                mtd4
      50   1.974   -27.82970    0.00120                                mtd1
      51   2.293   -27.82919    0.00070    0.00402      12       6     mtd5
      52   2.324   -27.82914    0.00067                                mtd2
      53   2.325   -27.82914    0.00066                                mtd3
      54   2.326   -27.82913    0.00066                                mtd4
      55   2.329   -27.82913    0.00066                                mtd6
      56   2.329   -27.82913    0.00066                                mtd5
T /K                                  :   298.15
E lowest                              :   -27.83284
ensemble average energy (kcal)        :    0.264
ensemble entropy (J/mol K, cal/mol K) :   31.940    7.634
ensemble free energy (kcal/mol)       :   -2.276
population of lowest in %             :   16.586
 number of unique conformers for further calc           12
 list of relative energies saved as "crest.energies"

 -----------------
 Wall Time Summary
 -----------------
             test MD wall time :         0h : 0m : 0s
                 MTD wall time :         0h : 0m : 4s
      multilevel OPT wall time :         0h : 0m : 9s
--------------------
Overall wall time  : 0h : 0m :15s

 CREST terminated normally.
