
       ==============================================
       |                                            |
       |                 C R E S T                  |
       |                                            |
       |  Conformer-Rotamer Ensemble Sampling Tool  |
       |          based on the GFN methods          |
       |             P.Pracht, S.Grimme             |
       |          Universitaet Bonn, MCTC           |
       ==============================================
       Version 2.12,   Thu 19. Mai 16:32:32 CEST 2022
  Using the xTB program. Compatible with xTB version 6.4.0

   Cite work conducted with this code as

   • P.Pracht, F.Bohle, S.Grimme, PCCP, 2020, 22, 7169-7192.
   • S.Grimme, JCTC, 2019, 15, 2847-2862.

   and for works involving QCG as

   • S.Spicher, C.Plett, P.Pracht, A.Hansen, S.Grimme,
     JCTC, 2022, 18 (5), 3174-3189.

   with help from:
   C.Bannwarth, F.Bohle, S.Ehlert, S.Grimme,
   C.Plett, P.Pracht, S.Spicher

   This program is distributed in the hope that it will be useful,
   but WITHOUT ANY WARRANTY; without even the implied warranty of
   MERCHANTABILITY or FITNESS FOR A PARTICULAR PURPOSE.

 Command line input:
 > crest xtbopt.xyz --gfn2//gfnff --chrg 1 --uhf 0 --nci --cbonds -T 128

  -gfn2//gfnff : energy reweighting
  --chrg 1
  --uhf 0
  --nci  : Special NCI mode for non-covalently bound complexes or clusters.
  -T 128 (CPUs/Threads selected)
  Automatically generated ellipsoide potential for NCI mode:
> $wall
>   potential=polynomial
>   ellipsoid: 37.603206930702690, 19.822911806491689, 19.648162438302062, all


 -------------------------
 xTB Geometry Optimization
 -------------------------
 Geometry successfully optimized.

------------------------------------------------
Generating MTD length from a flexibility measure
------------------------------------------------
 System flexiblity is set to 1.0 for NCI mode
 flexibility measure :   1.000
 t(MTD) / ps    :     6.0
 Σ(t(MTD)) / ps :    36.0 (6 MTDs)

-------------------------------------
Starting a trial MTD to test settings
-------------------------------------
 Estimated runtime for one MTD (6.0 ps) on a single thread: 9 min 29 sec
 Estimated runtime for a batch of 6 MTDs on 128 threads: 27 sec

 list of Vbias parameters applied:
$metadyn    0.00100   1.000
$metadyn    0.00050   1.000
$metadyn    0.00100   0.500
$metadyn    0.00050   0.500
$metadyn    0.00100   0.250
$metadyn    0.00050   0.250

*******************************************************************************************
**                        N E W    I T E R A T I O N    C Y C L E                        **
*******************************************************************************************

========================================
            MTD Iteration  1
========================================

     ========================================
     |         Meta-MD (MTD) Sampling       |
     ========================================

Starting Meta-MD   3 with the settings:
     MD time /ps        :     6.0
     dt /fs             :     2.0
     dumpstep(trj) /fs  :     100
     dumpstep(Vbias)/ps :     1.0
     Vbias factor k /Eh :  0.0200
     Vbias exp α /bohr⁻²:    0.50
Starting Meta-MD   1 with the settings:
     MD time /ps        :     6.0
     dt /fs             :     2.0
     dumpstep(trj) /fs  :     100
     dumpstep(Vbias)/ps :     1.0
     Vbias factor k /Eh :  0.0200
     Vbias exp α /bohr⁻²:    1.00
Starting Meta-MD   5 with the settings:
     MD time /ps        :     6.0
     dt /fs             :     2.0
     dumpstep(trj) /fs  :     100
     dumpstep(Vbias)/ps :     1.0
     Vbias factor k /Eh :  0.0200
     Vbias exp α /bohr⁻²:    0.25
Starting Meta-MD   6 with the settings:
     MD time /ps        :     6.0
     dt /fs             :     2.0
     dumpstep(trj) /fs  :     100
     dumpstep(Vbias)/ps :     1.0
     Vbias factor k /Eh :  0.0100
     Vbias exp α /bohr⁻²:    0.25
Starting Meta-MD   2 with the settings:
     MD time /ps        :     6.0
     dt /fs             :     2.0
     dumpstep(trj) /fs  :     100
     dumpstep(Vbias)/ps :     1.0
     Vbias factor k /Eh :  0.0100
     Vbias exp α /bohr⁻²:    1.00
Starting Meta-MD   4 with the settings:
     MD time /ps        :     6.0
     dt /fs             :     2.0
     dumpstep(trj) /fs  :     100
     dumpstep(Vbias)/ps :     1.0
     Vbias factor k /Eh :  0.0100
     Vbias exp α /bohr⁻²:    0.50
*Meta-MTD 1 finished*
*Meta-MTD 6 finished*
*Meta-MTD 2 finished*
*Meta-MTD 4 finished*
*Meta-MTD 3 finished*
*Meta-MTD 5 finished*

-----------------------
Multilevel Optimization
-----------------------

 -------------------------
 1. crude pre-optimization
 -------------------------
 Optimizing all 354 structures from file "crest_rotamers_0.xyz" ...
 1 2 3 4 5 6 7 8 9 10 11 12 13 14 15 16 17 18 19 20 21 22 23 24 25 26 27 28 29 30 31 32 33 34 35 36 37 38 39 40 41 42 43 44 45 46 47 48 49 50 51 52 53 54 55 56 57 58 59 60 61 62 63 64 65 66 67 68 69 70 71 72 73 74 75 76 77 78 79 80 81 82 83 84 85 86 87 88 89 90 91 92 93 94 95 96 97 98 99 100 101 102 103 104 105 106 107 108 109 110 111 112 113 114 115 116 117 118 119 120 121 122 123 124 125 126 127 128 129 130 131 132 133 134 135 136 137 138 139 140 141 142 143 144 145 146 147 148 149 150 151 152 153 154 155 156 157 158 159 160 161 162 163 164 165 166 167 168 169 170 171 172 173 174 175 176 177 178 179 180 181 182 183 184 185 186 187 188 189 190 191 192 193 194 195 196 197 198 199 200 201 202 203 204 205 206 207 208 209 210 211 212 213 214 215 216 217 218 219 220 221 222 223 224 225 226 227 228 229 230 231 232 233 234 235 236 237 238 239 240 241 242 243 244 245 246 247 248 249 250 251 252 253 254 255 256 257 258 259 260 261 262 263 264 265 266 267 268 269 270 271 272 273 274 275 276 277 278 279 280 281 282 283 284 285 286 287 288 289 290 291 292 293 294 295 296 297 298 299 300 301 302 303 304 305 306 307 308 309 310 311 312 313 314 315 316 317 318 319 320 321 322 323 324 325 326 327 328 329 330 331 332 333 334 335 336 337 338 339 340 341 342 343 344 345 346 347 348 349 350 351 352 353 354
 done.
 running RMSDs...
 done.
 E lowest :   -20.33196
 325 structures remain within    12.00 kcal/mol window

 -------------------------------------
 2. optimization with tight thresholds
 -------------------------------------
 Optimizing all 326 structures from file "crest_rotamers_1.xyz" ...
 1 2 3 4 5 6 7 8 9 10 11 12 13 14 15 16 17 18 19 20 21 22 23 24 25 26 27 28 29 30 31 32 33 34 35 36 37 38 39 40 41 42 43 44 45 46 47 48 49 50 51 52 53 54 55 56 57 58 59 60 61 62 63 64 65 66 67 68 69 70 71 72 73 74 75 76 77 78 79 80 81 82 83 84 85 86 87 88 89 90 91 92 93 94 95 96 97 98 99 100 101 102 103 104 105 106 107 108 109 110 111 112 113 114 115 116 117 118 119 120 121 122 123 124 125 126 127 128 129 130 131 132 133 134 135 136 137 138 139 140 141 142 143 144 145 146 147 148 149 150 151 152 153 154 155 156 157 158 159 160 161 162 163 164 165 166 167 168 169 170 171 172 173 174 175 176 177 178 179 180 181 182 183 184 185 186 187 188 189 190 191 192 193 194 195 196 197 198 199 200 201 202 203 204 205 206 207 208 209 210 211 212 213 214 215 216 217 218 219 220 221 222 223 224 225 226 227 228 229 230 231 232 233 234 235 236 237 238 239 240 241 242 243 244 245 246 247 248 249 250 251 252 253 254 255 256 257 258 259 260 261 262 263 264 265 266 267 268 269 270 271 272 273 274 275 276 277 278 279 280 281 282 283 284 285 286 287 288 289 290 291 292 293 294 295 296 297 298 299 300 301 302 303 304 305 306 307 308 309 310 311 312 313 314 315 316 317 318 319 320 321 322 323 324 325 326
 done.
 running RMSDs...
 done.
 E lowest :   -20.33205
 149 structures remain within     6.00 kcal/mol window


========================================
            MTD Iteration  2
========================================

     ========================================
     |         Meta-MD (MTD) Sampling       |
     ========================================

Starting Meta-MD   1 with the settings:
     MD time /ps        :     6.0
     dt /fs             :     2.0
     dumpstep(trj) /fs  :     100
     dumpstep(Vbias)/ps :     1.0
     Vbias factor k /Eh :  0.0200
     Vbias exp α /bohr⁻²:    1.00
Starting Meta-MD   2 with the settings:
     MD time /ps        :     6.0
     dt /fs             :     2.0
     dumpstep(trj) /fs  :     100
     dumpstep(Vbias)/ps :     1.0
     Vbias factor k /Eh :  0.0100
     Vbias exp α /bohr⁻²:    1.00
Starting Meta-MD   4 with the settings:
     MD time /ps        :     6.0
     dt /fs             :     2.0
     dumpstep(trj) /fs  :     100
     dumpstep(Vbias)/ps :     1.0
     Vbias factor k /Eh :  0.0100
     Vbias exp α /bohr⁻²:    0.50
Starting Meta-MD   3 with the settings:
     MD time /ps        :     6.0
     dt /fs             :     2.0
     dumpstep(trj) /fs  :     100
     dumpstep(Vbias)/ps :     1.0
     Vbias factor k /Eh :  0.0200
     Vbias exp α /bohr⁻²:    0.50
*Meta-MTD 3 finished*
*Meta-MTD 1 finished*
*Meta-MTD 2 finished*
*Meta-MTD 4 finished*

-----------------------
Multilevel Optimization
-----------------------

 -------------------------
 1. crude pre-optimization
 -------------------------
 Optimizing all 236 structures from file "crest_rotamers_0.xyz" ...
 1 2 3 4 5 6 7 8 9 10 11 12 13 14 15 16 17 18 19 20 21 22 23 24 25 26 27 28 29 30 31 32 33 34 35 36 37 38 39 40 41 42 43 44 45 46 47 48 49 50 51 52 53 54 55 56 57 58 59 60 61 62 63 64 65 66 67 68 69 70 71 72 73 74 75 76 77 78 79 80 81 82 83 84 85 86 87 88 89 90 91 92 93 94 95 96 97 98 99 100 101 102 103 104 105 106 107 108 109 110 111 112 113 114 115 116 117 118 119 120 121 122 123 124 125 126 127 128 129 130 131 132 133 134 135 136 137 138 139 140 141 142 143 144 145 146 147 148 149 150 151 152 153 154 155 156 157 158 159 160 161 162 163 164 165 166 167 168 169 170 171 172 173 174 175 176 177 178 179 180 181 182 183 184 185 186 187 188 189 190 191 192 193 194 195 196 197 198 199 200 201 202 203 204 205 206 207 208 209 210 211 212 213 214 215 216 217 218 219 220 221 222 223 224 225 226 227 228 229 230 231 232 233 234 235 236
 done.
 running RMSDs...
 done.
 E lowest :   -20.33195
 220 structures remain within    12.00 kcal/mol window

 -------------------------------------
 2. optimization with tight thresholds
 -------------------------------------
 Optimizing all 221 structures from file "crest_rotamers_1.xyz" ...
 1 2 3 4 5 6 7 8 9 10 11 12 13 14 15 16 17 18 19 20 21 22 23 24 25 26 27 28 29 30 31 32 33 34 35 36 37 38 39 40 41 42 43 44 45 46 47 48 49 50 51 52 53 54 55 56 57 58 59 60 61 62 63 64 65 66 67 68 69 70 71 72 73 74 75 76 77 78 79 80 81 82 83 84 85 86 87 88 89 90 91 92 93 94 95 96 97 98 99 100 101 102 103 104 105 106 107 108 109 110 111 112 113 114 115 116 117 118 119 120 121 122 123 124 125 126 127 128 129 130 131 132 133 134 135 136 137 138 139 140 141 142 143 144 145 146 147 148 149 150 151 152 153 154 155 156 157 158 159 160 161 162 163 164 165 166 167 168 169 170 171 172 173 174 175 176 177 178 179 180 181 182 183 184 185 186 187 188 189 190 191 192 193 194 195 196 197 198 199 200 201 202 203 204 205 206 207 208 209 210 211 212 213 214 215 216 217 218 219 220 221
 done.
 running RMSDs...
 done.
 E lowest :   -20.33204
 75 structures remain within     6.00 kcal/mol window

========================================
            MTD Iterations done         
========================================
 Collecting ensmbles.
 running RMSDs...
 done.
 E lowest :   -20.33205
 189 structures remain within     6.00 kcal/mol window



   ================================================
   |           Final Geometry Optimization        |
   ================================================
 ------------------------------------------------
 Ensemble optimization with very tight thresholds
 ------------------------------------------------
 Optimizing all 189 structures from file "crest_rotamers_1.xyz" ...
 1 2 3 4 5 6 7 8 9 10 11 12 13 14 15 16 17 18 19 20 21 22 23 24 25 26 27 28 29 30 31 32 33 34 35 36 37 38 39 40 41 42 43 44 45 46 47 48 49 50 51 52 53 54 55 56 57 58 59 60 61 62 63 64 65 66 67 68 69 70 71 72 73 74 75 76 77 78 79 80 81 82 83 84 85 86 87 88 89 90 91 92 93 94 95 96 97 98 99 100 101 102 103 104 105 106 107 108 109 110 111 112 113 114 115 116 117 118 119 120 121 122 123 124 125 126 127 128 129 130 131 132 133 134 135 136 137 138 139 140 141 142 143 144 145 146 147 148 149 150 151 152 153 154 155 156 157 158 159 160 161 162 163 164 165 166 167 168 169 170 171 172 173 174 175 176 177 178 179 180 181 182 183 184 185 186 187 188 189
 done.
 running RMSDs...
 done.
 E lowest :   -20.33204
 177 structures remain within     6.00 kcal/mol window

 input  file name : crest_rotamers_2.xyz
 output file name : crest_rotamers_3.xyz
 number of atoms                :   20
 number of points on xyz files  :   189
 RMSD threshold                 :   0.1250
 Bconst threshold               :   0.0100
 population threshold           :   0.0500
 conformer energy window  /kcal :   6.0000
 # fragment in coord            :     1
 # bonds in reference structure :    19
 number of reliable points      :   189
 reference state Etot :  -20.332042550000001
 number of doubles removed by rot/RMSD         :          12
 total number unique points considered further :         177
       Erel/kcal        Etot weight/tot  conformer     set   degen     origin
       1   0.000   -20.33204    0.01423    0.25166       1      18     mtd2
       2   0.004   -20.33204    0.01412                                mtd4
       3   0.007   -20.33203    0.01405                                mtd2
       4   0.008   -20.33203    0.01404                                mtd2
       5   0.008   -20.33203    0.01404                                mtd2
       6   0.008   -20.33203    0.01404                                mtd5
       7   0.008   -20.33203    0.01403                                mtd1
       8   0.009   -20.33203    0.01402                                mtd1
       9   0.009   -20.33203    0.01401                                mtd5
      10   0.009   -20.33203    0.01401                                mtd2
      11   0.011   -20.33203    0.01397                                mtd1
      12   0.011   -20.33202    0.01396                                mtd4
      13   0.012   -20.33202    0.01395                                mtd3
      14   0.013   -20.33202    0.01391                                mtd2
      15   0.013   -20.33202    0.01391                                mtd1
      16   0.016   -20.33202    0.01384                                mtd2
      17   0.019   -20.33201    0.01377                                mtd1
      18   0.019   -20.33201    0.01377                                mtd2
      19   0.087   -20.33190    0.01229    0.15483       2      13     mtd6
      20   0.093   -20.33189    0.01216                                mtd6
      21   0.098   -20.33189    0.01206                                mtd3
      22   0.099   -20.33189    0.01204                                mtd2
      23   0.103   -20.33188    0.01196                                mtd5
      24   0.104   -20.33188    0.01195                                mtd2
      25   0.109   -20.33187    0.01184                                mtd2
      26   0.109   -20.33187    0.01184                                mtd2
      27   0.110   -20.33187    0.01181                                mtd6
      28   0.111   -20.33187    0.01180                                mtd3
      29   0.111   -20.33186    0.01179                                mtd3
      30   0.116   -20.33186    0.01169                                mtd6
      31   0.121   -20.33185    0.01161                                mtd2
      32   0.137   -20.33182    0.01129    0.02232       3       2     mtd3
      33   0.151   -20.33180    0.01102                                mtd6
      34   0.332   -20.33151    0.00813    0.12970       4      16     mtd1
      35   0.332   -20.33151    0.00813                                mtd3
      36   0.332   -20.33151    0.00813                                mtd1
      37   0.332   -20.33151    0.00812                                mtd3
      38   0.333   -20.33151    0.00812                                mtd4
      39   0.333   -20.33151    0.00811                                mtd3
      40   0.333   -20.33151    0.00811                                mtd3
      41   0.333   -20.33151    0.00811                                mtd4
      42   0.333   -20.33151    0.00811                                mtd1
      43   0.334   -20.33151    0.00810                                mtd3
      44   0.334   -20.33151    0.00810                                mtd1
      45   0.335   -20.33151    0.00809                                mtd4
      46   0.335   -20.33151    0.00809                                mtd3
      47   0.335   -20.33151    0.00808                                mtd4
      48   0.335   -20.33151    0.00808                                mtd3
      49   0.336   -20.33151    0.00807                                mtd3
      50   0.365   -20.33146    0.00768    0.01507       5       2     mtd4
      51   0.388   -20.33142    0.00739                                mtd3
      52   0.402   -20.33140    0.00722    0.04948       6       7     mtd3
      53   0.403   -20.33140    0.00721                                mtd3
      54   0.409   -20.33139    0.00714                                mtd3
      55   0.411   -20.33139    0.00711                                mtd5
      56   0.425   -20.33137    0.00695                                mtd5
      57   0.427   -20.33136    0.00693                                mtd5
      58   0.428   -20.33136    0.00691                                mtd3
      59   0.433   -20.33135    0.00686    0.03399       7       5     mtd4
      60   0.433   -20.33135    0.00685                                mtd4
      61   0.440   -20.33134    0.00678                                mtd3
      62   0.440   -20.33134    0.00677                                mtd5
      63   0.443   -20.33134    0.00674                                mtd3
      64   0.446   -20.33133    0.00670    0.07972       8      12     mtd1
      65   0.448   -20.33133    0.00669                                mtd5
      66   0.450   -20.33133    0.00667                                mtd1
      67   0.450   -20.33133    0.00666                                mtd6
      68   0.451   -20.33132    0.00665                                mtd4
      69   0.451   -20.33132    0.00665                                mtd3
      70   0.451   -20.33132    0.00665                                mtd1
      71   0.451   -20.33132    0.00665                                mtd3
      72   0.452   -20.33132    0.00663                                mtd1
      73   0.456   -20.33132    0.00660                                mtd3
      74   0.456   -20.33132    0.00659                                mtd3
      75   0.457   -20.33131    0.00658                                mtd1
      76   0.470   -20.33129    0.00644    0.00644       9       1     mtd3
      77   0.538   -20.33119    0.00574    0.05161      10       9     mtd1
      78   0.538   -20.33118    0.00574                                mtd1
      79   0.538   -20.33118    0.00574                                mtd2
      80   0.538   -20.33118    0.00574                                mtd1
      81   0.539   -20.33118    0.00573                                mtd3
      82   0.539   -20.33118    0.00573                                mtd5
      83   0.539   -20.33118    0.00573                                mtd4
      84   0.539   -20.33118    0.00573                                mtd5
      85   0.539   -20.33118    0.00573                                mtd2
      86   0.799   -20.33077    0.00370    0.02890      11       8     mtd2
      87   0.803   -20.33076    0.00367                                mtd1
      88   0.811   -20.33075    0.00362                                mtd2
      89   0.816   -20.33074    0.00359                                mtd5
      90   0.818   -20.33074    0.00358                                mtd3
      91   0.818   -20.33074    0.00358                                mtd4
      92   0.818   -20.33074    0.00358                                mtd4
      93   0.818   -20.33074    0.00358                                mtd3
      94   0.818   -20.33074    0.00358    0.04982      12      14     mtd2
      95   0.819   -20.33074    0.00358                                mtd5
      96   0.819   -20.33074    0.00358                                mtd6
      97   0.817   -20.33074    0.00359                                mtd6
      98   0.819   -20.33074    0.00358                                mtd4
      99   0.819   -20.33074    0.00357                                mtd2
     100   0.821   -20.33073    0.00356                                mtd5
     101   0.823   -20.33073    0.00355                                mtd3
     102   0.827   -20.33072    0.00353                                mtd2
     103   0.832   -20.33072    0.00350                                mtd5
     104   0.838   -20.33071    0.00346                                mtd3
     105   0.818   -20.33074    0.00358                                mtd5
     106   0.818   -20.33074    0.00358                                mtd2
     107   0.818   -20.33074    0.00358                                mtd6
     108   0.866   -20.33066    0.00330    0.01648      13       5     mtd3
     109   0.867   -20.33066    0.00330                                mtd2
     110   0.867   -20.33066    0.00330                                mtd1
     111   0.868   -20.33066    0.00329                                mtd2
     112   0.868   -20.33066    0.00329                                mtd3
     113   0.947   -20.33053    0.00288    0.04301      14      15     mtd2
     114   0.948   -20.33053    0.00288                                mtd2
     115   0.948   -20.33053    0.00288                                mtd1
     116   0.948   -20.33053    0.00288                                mtd3
     117   0.949   -20.33053    0.00287                                mtd4
     118   0.950   -20.33053    0.00287                                mtd1
     119   0.950   -20.33053    0.00287                                mtd3
     120   0.950   -20.33053    0.00287                                mtd1
     121   0.950   -20.33053    0.00287                                mtd4
     122   0.951   -20.33053    0.00286                                mtd1
     123   0.951   -20.33053    0.00286                                mtd1
     124   0.951   -20.33053    0.00286                                mtd2
     125   0.952   -20.33053    0.00286                                mtd1
     126   0.952   -20.33053    0.00286                                mtd4
     127   0.952   -20.33053    0.00286                                mtd1
     128   1.003   -20.33044    0.00262    0.01549      15       6     mtd4
     129   1.004   -20.33044    0.00262                                mtd5
     130   1.004   -20.33044    0.00262                                mtd3
     131   1.008   -20.33044    0.00260                                mtd6
     132   1.026   -20.33041    0.00252                                mtd6
     133   1.027   -20.33041    0.00252                                mtd6
     134   1.058   -20.33036    0.00239    0.00239      16       1     mtd3
     135   1.176   -20.33017    0.00196    0.01712      17       9     mtd4
     136   1.191   -20.33014    0.00191                                mtd3
     137   1.192   -20.33014    0.00191                                mtd4
     138   1.193   -20.33014    0.00190                                mtd5
     139   1.195   -20.33014    0.00190                                mtd1
     140   1.196   -20.33014    0.00189                                mtd5
     141   1.200   -20.33013    0.00188                                mtd3
     142   1.198   -20.33013    0.00189                                mtd5
     143   1.199   -20.33013    0.00188                                mtd3
     144   1.199   -20.33013    0.00188    0.01122      18       6     mtd6
     145   1.202   -20.33013    0.00188                                mtd3
     146   1.202   -20.33013    0.00187                                mtd1
     147   1.203   -20.33013    0.00187                                mtd4
     148   1.207   -20.33012    0.00186                                mtd2
     149   1.208   -20.33012    0.00185                                mtd5
     150   1.283   -20.33000    0.00164    0.00814      19       5     mtd5
     151   1.285   -20.32999    0.00163                                mtd5
     152   1.286   -20.32999    0.00163                                mtd3
     153   1.287   -20.32999    0.00162                                mtd3
     154   1.288   -20.32999    0.00162                                mtd3
     155   1.461   -20.32971    0.00121    0.00468      20       4     mtd2
     156   1.469   -20.32970    0.00120                                mtd2
     157   1.484   -20.32968    0.00116                                mtd2
     158   1.510   -20.32964    0.00111                                mtd6
     159   1.543   -20.32958    0.00106    0.00106      21       1     mtd6
     160   1.601   -20.32949    0.00096    0.00287      22       3     mtd5
     161   1.601   -20.32949    0.00096                                mtd6
     162   1.602   -20.32949    0.00096                                mtd2
     163   2.230   -20.32849    0.00033    0.00197      23       6     mtd1
     164   2.231   -20.32849    0.00033                                mtd3
     165   2.231   -20.32849    0.00033                                mtd3
     166   2.235   -20.32848    0.00033                                mtd3
     167   2.237   -20.32848    0.00033                                mtd3
     168   2.240   -20.32847    0.00033                                mtd3
     169   2.357   -20.32829    0.00027    0.00027      24       1     mtd3
     170   2.400   -20.32822    0.00025    0.00173      25       7     mtd3
     171   2.403   -20.32821    0.00025                                mtd4
     172   2.403   -20.32821    0.00025                                mtd4
     173   2.404   -20.32821    0.00025                                mtd4
     174   2.405   -20.32821    0.00025                                mtd4
     175   2.408   -20.32821    0.00025                                mtd3
     176   2.408   -20.32821    0.00025                                mtd4
     177   3.336   -20.32673    0.00005    0.00005      26       1     mtd3
T /K                                  :   298.15
E lowest                              :   -20.33204
ensemble average energy (kcal)        :    0.378
ensemble entropy (J/mol K, cal/mol K) :   40.658    9.718
ensemble free energy (kcal/mol)       :   -2.897
population of lowest in %             :   25.166
 number of unique conformers for further calc           26
 list of relative energies saved as "crest.energies"

 -----------------
 Wall Time Summary
 -----------------
             test MD wall time :         0h : 0m : 0s
                 MTD wall time :         0h : 0m : 5s
      multilevel OPT wall time :         0h : 0m : 9s
--------------------
Overall wall time  : 0h : 0m :17s

 CREST terminated normally.
