
       ==============================================
       |                                            |
       |                 C R E S T                  |
       |                                            |
       |  Conformer-Rotamer Ensemble Sampling Tool  |
       |          based on the GFN methods          |
       |             P.Pracht, S.Grimme             |
       |          Universitaet Bonn, MCTC           |
       ==============================================
       Version 2.12,   Thu 19. Mai 16:32:32 CEST 2022
  Using the xTB program. Compatible with xTB version 6.4.0

   Cite work conducted with this code as

   • P.Pracht, F.Bohle, S.Grimme, PCCP, 2020, 22, 7169-7192.
   • S.Grimme, JCTC, 2019, 15, 2847-2862.

   and for works involving QCG as

   • S.Spicher, C.Plett, P.Pracht, A.Hansen, S.Grimme,
     JCTC, 2022, 18 (5), 3174-3189.

   with help from:
   C.Bannwarth, F.Bohle, S.Ehlert, S.Grimme,
   C.Plett, P.Pracht, S.Spicher

   This program is distributed in the hope that it will be useful,
   but WITHOUT ANY WARRANTY; without even the implied warranty of
   MERCHANTABILITY or FITNESS FOR A PARTICULAR PURPOSE.

 Command line input:
 > crest xtbopt.xyz --gfn2//gfnff --chrg 0 --uhf 0 --nci --cbonds -T 128

  -gfn2//gfnff : energy reweighting
  --chrg 0
  --uhf 0
  --nci  : Special NCI mode for non-covalently bound complexes or clusters.
  -T 128 (CPUs/Threads selected)
  Automatically generated ellipsoide potential for NCI mode:
> $wall
>   potential=polynomial
>   ellipsoid: 50.878215600121905, 31.207760933441712, 30.724531600700089, all


 -------------------------
 xTB Geometry Optimization
 -------------------------
 Geometry successfully optimized.

------------------------------------------------
Generating MTD length from a flexibility measure
------------------------------------------------
 System flexiblity is set to 1.0 for NCI mode
 flexibility measure :   1.000
 t(MTD) / ps    :    15.0
 Σ(t(MTD)) / ps :    90.0 (6 MTDs)

-------------------------------------
Starting a trial MTD to test settings
-------------------------------------
 Estimated runtime for one MTD (15.0 ps) on a single thread: 35 min 29 sec
 Estimated runtime for a batch of 6 MTDs on 128 threads: 1 min 41 sec

 list of Vbias parameters applied:
$metadyn    0.00100   1.000
$metadyn    0.00050   1.000
$metadyn    0.00100   0.500
$metadyn    0.00050   0.500
$metadyn    0.00100   0.250
$metadyn    0.00050   0.250

*******************************************************************************************
**                        N E W    I T E R A T I O N    C Y C L E                        **
*******************************************************************************************

========================================
            MTD Iteration  1
========================================

     ========================================
     |         Meta-MD (MTD) Sampling       |
     ========================================

Starting Meta-MD   1 with the settings:
     MD time /ps        :    15.0
     dt /fs             :     2.0
     dumpstep(trj) /fs  :     100
     dumpstep(Vbias)/ps :     1.0
     Vbias factor k /Eh :  0.0340
     Vbias exp α /bohr⁻²:    1.00
Starting Meta-MD   3 with the settings:
     MD time /ps        :    15.0
     dt /fs             :     2.0
     dumpstep(trj) /fs  :     100
     dumpstep(Vbias)/ps :     1.0
     Vbias factor k /Eh :  0.0340
     Vbias exp α /bohr⁻²:    0.50
Starting Meta-MD   2 with the settings:
     MD time /ps        :    15.0
     dt /fs             :     2.0
     dumpstep(trj) /fs  :     100
     dumpstep(Vbias)/ps :     1.0
     Vbias factor k /Eh :  0.0170
     Vbias exp α /bohr⁻²:    1.00
Starting Meta-MD   4 with the settings:
     MD time /ps        :    15.0
     dt /fs             :     2.0
     dumpstep(trj) /fs  :     100
     dumpstep(Vbias)/ps :     1.0
     Vbias factor k /Eh :  0.0170
     Vbias exp α /bohr⁻²:    0.50
Starting Meta-MD   5 with the settings:
     MD time /ps        :    15.0
     dt /fs             :     2.0
     dumpstep(trj) /fs  :     100
     dumpstep(Vbias)/ps :     1.0
     Vbias factor k /Eh :  0.0340
     Vbias exp α /bohr⁻²:    0.25
Starting Meta-MD   6 with the settings:
     MD time /ps        :    15.0
     dt /fs             :     2.0
     dumpstep(trj) /fs  :     100
     dumpstep(Vbias)/ps :     1.0
     Vbias factor k /Eh :  0.0170
     Vbias exp α /bohr⁻²:    0.25
*Meta-MTD 2 finished*
*Meta-MTD 6 finished*
*Meta-MTD 1 finished*
*Meta-MTD 5 finished*
*Meta-MTD 4 finished*
*Meta-MTD 3 finished*

-----------------------
Multilevel Optimization
-----------------------

 -------------------------
 1. crude pre-optimization
 -------------------------
 Optimizing all 894 structures from file "crest_rotamers_0.xyz" ...
 1 2 3 4 5 6 7 8 9 10 11 12 13 14 15 16 17 18 19 20 21 22 23 24 25 26 27 28 29 30 31 32 33 34 35 36 37 38 39 40 41 42 43 44 45 46 47 48 49 50 51 52 53 54 55 56 57 58 59 60 61 62 63 64 65 66 67 68 69 70 71 72 73 74 75 76 77 78 79 80 81 82 83 84 85 86 87 88 89 90 91 92 93 94 95 96 97 98 99 100 101 102 103 104 105 106 107 108 109 110 111 112 113 114 115 116 117 118 119 120 121 122 123 124 125 126 127 128 129 130 131 132 133 134 135 136 137 138 139 140 141 142 143 144 145 146 147 148 149 150 151 152 153 154 155 156 157 158 159 160 161 162 163 164 165 166 167 168 169 170 171 172 173 174 175 176 177 178 179 180 181 182 183 184 185 186 187 188 189 190 191 192 193 194 195 196 197 198 199 200 201 202 203 204 205 206 207 208 209 210 211 212 213 214 215 216 217 218 219 220 221 222 223 224 225 226 227 228 229 230 231 232 233 234 235 236 237 238 239 240 241 242 243 244 245 246 247 248 249 250 251 252 253 254 255 256 257 258 259 260 261 262 263 264 265 266 267 268 269 270 271 272 273 274 275 276 277 278 279 280 281 282 283 284 285 286 287 288 289 290 291 292 293 294 295 296 297 298 299 300 301 302 303 304 305 306 307 308 309 310 311 312 313 314 315 316 317 318 319 320 321 322 323 324 325 326 327 328 329 330 331 332 333 334 335 336 337 338 339 340 341 342 343 344 345 346 347 348 349 350 351 352 353 354 355 356 357 358 359 360 361 362 363 364 365 366 367 368 369 370 371 372 373 374 375 376 377 378 379 380 381 382 383 384 385 386 387 388 389 390 391 392 393 394 395 396 397 398 399 400 401 402 403 404 405 406 407 408 409 410 411 412 413 414 415 416 417 418 419 420 421 422 423 424 425 426 427 428 429 430 431 432 433 434 435 436 437 438 439 440 441 442 443 444 445 446 447 448 449 450 451 452 453 454 455 456 457 458 459 460 461 462 463 464 465 466 467 468 469 470 471 472 473 474 475 476 477 478 479 480 481 482 483 484 485 486 487 488 489 490 491 492 493 494 495 496 497 498 499 500 501 502 503 504 505 506 507 508 509 510 511 512 513 514 515 516 517 518 519 520 521 522 523 524 525 526 527 528 529 530 531 532 533 534 535 536 537 538 539 540 541 542 543 544 545 546 547 548 549 550 551 552 553 554 555 556 557 558 559 560 561 562 563 564 565 566 567 568 569 570 571 572 573 574 575 576 577 578 579 580 581 582 583 584 585 586 587 588 589 590 591 592 593 594 595 596 597 598 599 600 601 602 603 604 605 606 607 608 609 610 611 612 613 614 615 616 617 618 619 620 621 622 623 624 625 626 627 628 629 630 631 632 633 634 635 636 637 638 639 640 641 642 643 644 645 646 647 648 649 650 651 652 653 654 655 656 657 658 659 660 661 662 663 664 665 666 667 668 669 670 671 672 673 674 675 676 677 678 679 680 681 682 683 684 685 686 687 688 689 690 691 692 693 694 695 696 697 698 699 700 701 702 703 704 705 706 707 708 709 710 711 712 713 714 715 716 717 718 719 720 721 722 723 724 725 726 727 728 729 730 731 732 733 734 735 736 737 738 739 740 741 742 743 744 745 746 747 748 749 750 751 752 753 754 755 756 757 758 759 760 761 762 763 764 765 766 767 768 769 770 771 772 773 774 775 776 777 778 779 780 781 782 783 784 785 786 787 788 789 790 791 792 793 794 795 796 797 798 799 800 801 802 803 804 805 806 807 808 809 810 811 812 813 814 815 816 817 818 819 820 821 822 823 824 825 826 827 828 829 830 831 832 833 834 835 836 837 838 839 840 841 842 843 844 845 846 847 848 849 850 851 852 853 854 855 856 857 858 859 860 861 862 863 864 865 866 867 868 869 870 871 872 873 874 875 876 877 878 879 880 881 882 883 884 885 886 887 888 889 890 891 892 893 894
 done.
 running RMSDs...
 done.
 E lowest :   -51.37612
 461 structures remain within    12.00 kcal/mol window

 -------------------------------------
 2. optimization with tight thresholds
 -------------------------------------
 Optimizing all 462 structures from file "crest_rotamers_1.xyz" ...
 1 2 3 4 5 6 7 8 9 10 11 12 13 14 15 16 17 18 19 20 21 22 23 24 25 26 27 28 29 30 31 32 33 34 35 36 37 38 39 40 41 42 43 44 45 46 47 48 49 50 51 52 53 54 55 56 57 58 59 60 61 62 63 64 65 66 67 68 69 70 71 72 73 74 75 76 77 78 79 80 81 82 83 84 85 86 87 88 89 90 91 92 93 94 95 96 97 98 99 100 101 102 103 104 105 106 107 108 109 110 111 112 113 114 115 116 117 118 119 120 121 122 123 124 125 126 127 128 129 130 131 132 133 134 135 136 137 138 139 140 141 142 143 144 145 146 147 148 149 150 151 152 153 154 155 156 157 158 159 160 161 162 163 164 165 166 167 168 169 170 171 172 173 174 175 176 177 178 179 180 181 182 183 184 185 186 187 188 189 190 191 192 193 194 195 196 197 198 199 200 201 202 203 204 205 206 207 208 209 210 211 212 213 214 215 216 217 218 219 220 221 222 223 224 225 226 227 228 229 230 231 232 233 234 235 236 237 238 239 240 241 242 243 244 245 246 247 248 249 250 251 252 253 254 255 256 257 258 259 260 261 262 263 264 265 266 267 268 269 270 271 272 273 274 275 276 277 278 279 280 281 282 283 284 285 286 287 288 289 290 291 292 293 294 295 296 297 298 299 300 301 302 303 304 305 306 307 308 309 310 311 312 313 314 315 316 317 318 319 320 321 322 323 324 325 326 327 328 329 330 331 332 333 334 335 336 337 338 339 340 341 342 343 344 345 346 347 348 349 350 351 352 353 354 355 356 357 358 359 360 361 362 363 364 365 366 367 368 369 370 371 372 373 374 375 376 377 378 379 380 381 382 383 384 385 386 387 388 389 390 391 392 393 394 395 396 397 398 399 400 401 402 403 404 405 406 407 408 409 410 411 412 413 414 415 416 417 418 419 420 421 422 423 424 425 426 427 428 429 430 431 432 433 434 435 436 437 438 439 440 441 442 443 444 445 446 447 448 449 450 451 452 453 454 455 456 457 458 459 460 461 462
 done.
 running RMSDs...
 done.
 E lowest :   -51.37562
 103 structures remain within     6.00 kcal/mol window


========================================
            MTD Iteration  2
========================================

     ========================================
     |         Meta-MD (MTD) Sampling       |
     ========================================

Starting Meta-MD   1 with the settings:
     MD time /ps        :    15.0
     dt /fs             :     2.0
     dumpstep(trj) /fs  :     100
     dumpstep(Vbias)/ps :     1.0
     Vbias factor k /Eh :  0.0340
     Vbias exp α /bohr⁻²:    1.00
Starting Meta-MD   2 with the settings:
     MD time /ps        :    15.0
     dt /fs             :     2.0
     dumpstep(trj) /fs  :     100
     dumpstep(Vbias)/ps :     1.0
     Vbias factor k /Eh :  0.0170
     Vbias exp α /bohr⁻²:    1.00
Starting Meta-MD   3 with the settings:
     MD time /ps        :    15.0
     dt /fs             :     2.0
     dumpstep(trj) /fs  :     100
     dumpstep(Vbias)/ps :     1.0
     Vbias factor k /Eh :  0.0340
     Vbias exp α /bohr⁻²:    0.50
Starting Meta-MD   4 with the settings:
     MD time /ps        :    15.0
     dt /fs             :     2.0
     dumpstep(trj) /fs  :     100
     dumpstep(Vbias)/ps :     1.0
     Vbias factor k /Eh :  0.0170
     Vbias exp α /bohr⁻²:    0.50
*Meta-MTD 4 finished*
*Meta-MTD 1 finished*
*Meta-MTD 2 finished*
*Meta-MTD 3 finished*

-----------------------
Multilevel Optimization
-----------------------

 -------------------------
 1. crude pre-optimization
 -------------------------
 Optimizing all 596 structures from file "crest_rotamers_0.xyz" ...
 1 2 3 4 5 6 7 8 9 10 11 12 13 14 15 16 17 18 19 20 21 22 23 24 25 26 27 28 29 30 31 32 33 34 35 36 37 38 39 40 41 42 43 44 45 46 47 48 49 50 51 52 53 54 55 56 57 58 59 60 61 62 63 64 65 66 67 68 69 70 71 72 73 74 75 76 77 78 79 80 81 82 83 84 85 86 87 88 89 90 91 92 93 94 95 96 97 98 99 100 101 102 103 104 105 106 107 108 109 110 111 112 113 114 115 116 117 118 119 120 121 122 123 124 125 126 127 128 129 130 131 132 133 134 135 136 137 138 139 140 141 142 143 144 145 146 147 148 149 150 151 152 153 154 155 156 157 158 159 160 161 162 163 164 165 166 167 168 169 170 171 172 173 174 175 176 177 178 179 180 181 182 183 184 185 186 187 188 189 190 191 192 193 194 195 196 197 198 199 200 201 202 203 204 205 206 207 208 209 210 211 212 213 214 215 216 217 218 219 220 221 222 223 224 225 226 227 228 229 230 231 232 233 234 235 236 237 238 239 240 241 242 243 244 245 246 247 248 249 250 251 252 253 254 255 256 257 258 259 260 261 262 263 264 265 266 267 268 269 270 271 272 273 274 275 276 277 278 279 280 281 282 283 284 285 286 287 288 289 290 291 292 293 294 295 296 297 298 299 300 301 302 303 304 305 306 307 308 309 310 311 312 313 314 315 316 317 318 319 320 321 322 323 324 325 326 327 328 329 330 331 332 333 334 335 336 337 338 339 340 341 342 343 344 345 346 347 348 349 350 351 352 353 354 355 356 357 358 359 360 361 362 363 364 365 366 367 368 369 370 371 372 373 374 375 376 377 378 379 380 381 382 383 384 385 386 387 388 389 390 391 392 393 394 395 396 397 398 399 400 401 402 403 404 405 406 407 408 409 410 411 412 413 414 415 416 417 418 419 420 421 422 423 424 425 426 427 428 429 430 431 432 433 434 435 436 437 438 439 440 441 442 443 444 445 446 447 448 449 450 451 452 453 454 455 456 457 458 459 460 461 462 463 464 465 466 467 468 469 470 471 472 473 474 475 476 477 478 479 480 481 482 483 484 485 486 487 488 489 490 491 492 493 494 495 496 497 498 499 500 501 502 503 504 505 506 507 508 509 510 511 512 513 514 515 516 517 518 519 520 521 522 523 524 525 526 527 528 529 530 531 532 533 534 535 536 537 538 539 540 541 542 543 544 545 546 547 548 549 550 551 552 553 554 555 556 557 558 559 560 561 562 563 564 565 566 567 568 569 570 571 572 573 574 575 576 577 578 579 580 581 582 583 584 585 586 587 588 589 590 591 592 593 594 595 596
 done.
 running RMSDs...
 done.
 E lowest :   -51.37655
 266 structures remain within    12.00 kcal/mol window

 -------------------------------------
 2. optimization with tight thresholds
 -------------------------------------
 Optimizing all 267 structures from file "crest_rotamers_1.xyz" ...
 1 2 3 4 5 6 7 8 9 10 11 12 13 14 15 16 17 18 19 20 21 22 23 24 25 26 27 28 29 30 31 32 33 34 35 36 37 38 39 40 41 42 43 44 45 46 47 48 49 50 51 52 53 54 55 56 57 58 59 60 61 62 63 64 65 66 67 68 69 70 71 72 73 74 75 76 77 78 79 80 81 82 83 84 85 86 87 88 89 90 91 92 93 94 95 96 97 98 99 100 101 102 103 104 105 106 107 108 109 110 111 112 113 114 115 116 117 118 119 120 121 122 123 124 125 126 127 128 129 130 131 132 133 134 135 136 137 138 139 140 141 142 143 144 145 146 147 148 149 150 151 152 153 154 155 156 157 158 159 160 161 162 163 164 165 166 167 168 169 170 171 172 173 174 175 176 177 178 179 180 181 182 183 184 185 186 187 188 189 190 191 192 193 194 195 196 197 198 199 200 201 202 203 204 205 206 207 208 209 210 211 212 213 214 215 216 217 218 219 220 221 222 223 224 225 226 227 228 229 230 231 232 233 234 235 236 237 238 239 240 241 242 243 244 245 246 247 248 249 250 251 252 253 254 255 256 257 258 259 260 261 262 263 264 265 266 267
 done.
 running RMSDs...
 done.
 E lowest :   -51.37603
 54 structures remain within     6.00 kcal/mol window

 ...............................................
 A new lower conformer was found!
 Improved by    0.00041 Eh or    0.25977kcal/mol
 ...............................................

========================================
            MTD Iteration  3
========================================

     ========================================
     |         Meta-MD (MTD) Sampling       |
     ========================================

Starting Meta-MD   1 with the settings:
     MD time /ps        :    15.0
     dt /fs             :     2.0
     dumpstep(trj) /fs  :     100
     dumpstep(Vbias)/ps :     1.0
     Vbias factor k /Eh :  0.0340
     Vbias exp α /bohr⁻²:    1.00
Starting Meta-MD   2 with the settings:
     MD time /ps        :    15.0
     dt /fs             :     2.0
     dumpstep(trj) /fs  :     100
     dumpstep(Vbias)/ps :     1.0
     Vbias factor k /Eh :  0.0170
     Vbias exp α /bohr⁻²:    1.00
Starting Meta-MD   3 with the settings:
     MD time /ps        :    15.0
     dt /fs             :     2.0
     dumpstep(trj) /fs  :     100
     dumpstep(Vbias)/ps :     1.0
     Vbias factor k /Eh :  0.0340
     Vbias exp α /bohr⁻²:    0.50
Starting Meta-MD   4 with the settings:
     MD time /ps        :    15.0
     dt /fs             :     2.0
     dumpstep(trj) /fs  :     100
     dumpstep(Vbias)/ps :     1.0
     Vbias factor k /Eh :  0.0170
     Vbias exp α /bohr⁻²:    0.50
*Meta-MTD 4 finished*
*Meta-MTD 2 finished*
*Meta-MTD 1 finished*
*Meta-MTD 3 finished*

-----------------------
Multilevel Optimization
-----------------------

 -------------------------
 1. crude pre-optimization
 -------------------------
 Optimizing all 596 structures from file "crest_rotamers_0.xyz" ...
 1 2 3 4 5 6 7 8 9 10 11 12 13 14 15 16 17 18 19 20 21 22 23 24 25 26 27 28 29 30 31 32 33 34 35 36 37 38 39 40 41 42 43 44 45 46 47 48 49 50 51 52 53 54 55 56 57 58 59 60 61 62 63 64 65 66 67 68 69 70 71 72 73 74 75 76 77 78 79 80 81 82 83 84 85 86 87 88 89 90 91 92 93 94 95 96 97 98 99 100 101 102 103 104 105 106 107 108 109 110 111 112 113 114 115 116 117 118 119 120 121 122 123 124 125 126 127 128 129 130 131 132 133 134 135 136 137 138 139 140 141 142 143 144 145 146 147 148 149 150 151 152 153 154 155 156 157 158 159 160 161 162 163 164 165 166 167 168 169 170 171 172 173 174 175 176 177 178 179 180 181 182 183 184 185 186 187 188 189 190 191 192 193 194 195 196 197 198 199 200 201 202 203 204 205 206 207 208 209 210 211 212 213 214 215 216 217 218 219 220 221 222 223 224 225 226 227 228 229 230 231 232 233 234 235 236 237 238 239 240 241 242 243 244 245 246 247 248 249 250 251 252 253 254 255 256 257 258 259 260 261 262 263 264 265 266 267 268 269 270 271 272 273 274 275 276 277 278 279 280 281 282 283 284 285 286 287 288 289 290 291 292 293 294 295 296 297 298 299 300 301 302 303 304 305 306 307 308 309 310 311 312 313 314 315 316 317 318 319 320 321 322 323 324 325 326 327 328 329 330 331 332 333 334 335 336 337 338 339 340 341 342 343 344 345 346 347 348 349 350 351 352 353 354 355 356 357 358 359 360 361 362 363 364 365 366 367 368 369 370 371 372 373 374 375 376 377 378 379 380 381 382 383 384 385 386 387 388 389 390 391 392 393 394 395 396 397 398 399 400 401 402 403 404 405 406 407 408 409 410 411 412 413 414 415 416 417 418 419 420 421 422 423 424 425 426 427 428 429 430 431 432 433 434 435 436 437 438 439 440 441 442 443 444 445 446 447 448 449 450 451 452 453 454 455 456 457 458 459 460 461 462 463 464 465 466 467 468 469 470 471 472 473 474 475 476 477 478 479 480 481 482 483 484 485 486 487 488 489 490 491 492 493 494 495 496 497 498 499 500 501 502 503 504 505 506 507 508 509 510 511 512 513 514 515 516 517 518 519 520 521 522 523 524 525 526 527 528 529 530 531 532 533 534 535 536 537 538 539 540 541 542 543 544 545 546 547 548 549 550 551 552 553 554 555 556 557 558 559 560 561 562 563 564 565 566 567 568 569 570 571 572 573 574 575 576 577 578 579 580 581 582 583 584 585 586 587 588 589 590 591 592 593 594 595 596
 done.
 running RMSDs...
 done.
 E lowest :   -51.37730
 220 structures remain within    12.00 kcal/mol window

 -------------------------------------
 2. optimization with tight thresholds
 -------------------------------------
 Optimizing all 221 structures from file "crest_rotamers_1.xyz" ...
 1 2 3 4 5 6 7 8 9 10 11 12 13 14 15 16 17 18 19 20 21 22 23 24 25 26 27 28 29 30 31 32 33 34 35 36 37 38 39 40 41 42 43 44 45 46 47 48 49 50 51 52 53 54 55 56 57 58 59 60 61 62 63 64 65 66 67 68 69 70 71 72 73 74 75 76 77 78 79 80 81 82 83 84 85 86 87 88 89 90 91 92 93 94 95 96 97 98 99 100 101 102 103 104 105 106 107 108 109 110 111 112 113 114 115 116 117 118 119 120 121 122 123 124 125 126 127 128 129 130 131 132 133 134 135 136 137 138 139 140 141 142 143 144 145 146 147 148 149 150 151 152 153 154 155 156 157 158 159 160 161 162 163 164 165 166 167 168 169 170 171 172 173 174 175 176 177 178 179 180 181 182 183 184 185 186 187 188 189 190 191 192 193 194 195 196 197 198 199 200 201 202 203 204 205 206 207 208 209 210 211 212 213 214 215 216 217 218 219 220 221
 done.
 running RMSDs...
 done.
 E lowest :   -51.37597
 43 structures remain within     6.00 kcal/mol window

========================================
            MTD Iterations done         
========================================
 Collecting ensmbles.
 running RMSDs...
 done.
 E lowest :   -51.37603
 186 structures remain within     6.00 kcal/mol window



   ================================================
   |           Final Geometry Optimization        |
   ================================================
 ------------------------------------------------
 Ensemble optimization with very tight thresholds
 ------------------------------------------------
 Optimizing all 186 structures from file "crest_rotamers_1.xyz" ...
 1 2 3 4 5 6 7 8 9 10 11 12 13 14 15 16 17 18 19 20 21 22 23 24 25 26 27 28 29 30 31 32 33 34 35 36 37 38 39 40 41 42 43 44 45 46 47 48 49 50 51 52 53 54 55 56 57 58 59 60 61 62 63 64 65 66 67 68 69 70 71 72 73 74 75 76 77 78 79 80 81 82 83 84 85 86 87 88 89 90 91 92 93 94 95 96 97 98 99 100 101 102 103 104 105 106 107 108 109 110 111 112 113 114 115 116 117 118 119 120 121 122 123 124 125 126 127 128 129 130 131 132 133 134 135 136 137 138 139 140 141 142 143 144 145 146 147 148 149 150 151 152 153 154 155 156 157 158 159 160 161 162 163 164 165 166 167 168 169 170 171 172 173 174 175 176 177 178 179 180 181 182 183 184 185 186
 done.
 running RMSDs...
 done.
 E lowest :   -51.37577
 139 structures remain within     6.00 kcal/mol window

 input  file name : crest_rotamers_2.xyz
 output file name : crest_rotamers_3.xyz
 number of atoms                :   34
 number of points on xyz files  :   186
 RMSD threshold                 :   0.1250
 Bconst threshold               :   0.0100
 population threshold           :   0.0500
 conformer energy window  /kcal :   6.0000
 # fragment in coord            :     2
 # bonds in reference structure :    34
   => # of C=C bonds :     6
 number of reliable points      :   186
 reference state Etot :  -51.375766310000003
 number of doubles removed by rot/RMSD         :          47
 total number unique points considered further :         139
       Erel/kcal        Etot weight/tot  conformer     set   degen     origin
       1   0.000   -51.37577    0.09374    0.18182       1       2     mtd4
       2   0.037   -51.37571    0.08808                                mtd1
       3   0.041   -51.37570    0.08748    0.08748       2       1     mtd3
       4   0.098   -51.37561    0.07951    0.07951       3       1     mtd4
       5   0.107   -51.37560    0.07825    0.15549       4       2     mtd1
       6   0.115   -51.37558    0.07724                                mtd4
       7   0.637   -51.37475    0.03200    0.09200       5       3     mtd3
       8   0.672   -51.37470    0.03020                                mtd1
       9   0.680   -51.37468    0.02979                                mtd3
      10   0.708   -51.37464    0.02841    0.05670       6       2     mtd3
      11   0.711   -51.37463    0.02828                                mtd3
      12   0.780   -51.37452    0.02516    0.02516       7       1     mtd4
      13   0.806   -51.37448    0.02408    0.02408       8       1     mtd1
      14   0.874   -51.37437    0.02147    0.02147       9       1     mtd3
      15   0.935   -51.37428    0.01936    0.01936      10       1     mtd1
      16   0.979   -51.37421    0.01798    0.03552      11       2     mtd3
      17   0.994   -51.37418    0.01754                                mtd5
      18   0.996   -51.37418    0.01748    0.01748      12       1     mtd3
      19   1.033   -51.37412    0.01641    0.01641      13       1     mtd3
      20   1.085   -51.37404    0.01503    0.01503      14       1     mtd5
      21   1.201   -51.37385    0.01237    0.02417      15       2     mtd5
      22   1.229   -51.37381    0.01179                                mtd3
      23   1.206   -51.37384    0.01226    0.02401      16       2     mtd5
      24   1.232   -51.37380    0.01174                                mtd3
      25   1.256   -51.37376    0.01128    0.02172      17       2     mtd5
      26   1.301   -51.37369    0.01045                                mtd3
      27   1.287   -51.37372    0.01071    0.01071      18       1     mtd3
      28   1.332   -51.37364    0.00992    0.00992      19       1     mtd2
      29   1.459   -51.37344    0.00801    0.00801      20       1     mtd5
      30   1.549   -51.37330    0.00687    0.02050      21       3     mtd3
      31   1.553   -51.37329    0.00683                                mtd3
      32   1.556   -51.37329    0.00680                                mtd4
      33   1.894   -51.37275    0.00385    0.00385      22       1     mtd5
      34   1.994   -51.37259    0.00325    0.00325      23       1     mtd4
      35   2.057   -51.37249    0.00292    0.00854      24       3     mtd4
      36   2.072   -51.37246    0.00285                                mtd3
      37   2.087   -51.37244    0.00277                                mtd3
      38   2.167   -51.37231    0.00243    0.00721      25       3     mtd2
      39   2.172   -51.37230    0.00240                                mtd4
      40   2.178   -51.37230    0.00238                                mtd5
      41   2.199   -51.37226    0.00230    0.00230      26       1     mtd1
      42   2.326   -51.37206    0.00185    0.00185      27       1     mtd4
      43   2.343   -51.37203    0.00180    0.00520      28       3     mtd3
      44   2.371   -51.37199    0.00172                                mtd4
      45   2.387   -51.37196    0.00167                                mtd3
      46   2.395   -51.37195    0.00165    0.00165      29       1     mtd3
      47   2.447   -51.37187    0.00151    0.00151      30       1     mtd3
      48   2.461   -51.37184    0.00148    0.00148      31       1     mtd5
      49   2.529   -51.37174    0.00132    0.00132      32       1     mtd4
      50   2.530   -51.37173    0.00131    0.00131      33       1     mtd3
      51   2.592   -51.37164    0.00118    0.00118      34       1     mtd3
      52   2.640   -51.37156    0.00109    0.00109      35       1     mtd3
      53   2.643   -51.37155    0.00109    0.00109      36       1     mtd5
      54   2.644   -51.37155    0.00109    0.00109      37       1     mtd4
      55   3.125   -51.37079    0.00048    0.00048      38       1     mtd3
      56   3.379   -51.37038    0.00031    0.00031      39       1     mtd3
      57   3.389   -51.37037    0.00031    0.00031      40       1     mtd3
      58   3.446   -51.37027    0.00028    0.00028      41       1     mtd3
      59   3.459   -51.37025    0.00027    0.00027      42       1     mtd3
      60   3.512   -51.37017    0.00025    0.00073      43       3     mtd2
      61   3.526   -51.37015    0.00025                                mtd3
      62   3.550   -51.37011    0.00024                                mtd4
      63   3.543   -51.37012    0.00024    0.00024      44       1     mtd3
      64   3.559   -51.37009    0.00023    0.00046      45       2     mtd3
      65   3.581   -51.37006    0.00022                                mtd2
      66   3.590   -51.37005    0.00022    0.00022      46       1     mtd3
      67   3.641   -51.36996    0.00020    0.00215      47      11     mtd2
      68   3.642   -51.36996    0.00020                                mtd2
      69   3.652   -51.36995    0.00020                                mtd6
      70   3.685   -51.36989    0.00019                                mtd1
      71   3.652   -51.36995    0.00020                                mtd1
      72   3.686   -51.36989    0.00019                                mtd4
      73   3.658   -51.36994    0.00020                                mtd4
      74   3.658   -51.36994    0.00020                                mtd4
      75   3.660   -51.36993    0.00020                                mtd2
      76   3.664   -51.36993    0.00019                                mtd2
      77   3.673   -51.36991    0.00019                                mtd2
      78   3.674   -51.36991    0.00019    0.00038      48       2     mtd2
      79   3.682   -51.36990    0.00019                                mtd2
      80   3.697   -51.36988    0.00018    0.00018      49       1     mtd2
      81   3.725   -51.36983    0.00018    0.00018      50       1     mtd2
      82   3.732   -51.36982    0.00017    0.00017      51       1     mtd2
      83   3.759   -51.36978    0.00017    0.00017      52       1     mtd1
      84   3.792   -51.36972    0.00016    0.00031      53       2     mtd2
      85   3.792   -51.36972    0.00016                                mtd1
      86   3.792   -51.36972    0.00016    0.00016      54       1     mtd5
      87   3.946   -51.36948    0.00012    0.00012      55       1     mtd2
      88   4.003   -51.36939    0.00011    0.00011      56       1     mtd2
      89   4.041   -51.36933    0.00010    0.00020      57       2     mtd5
      90   4.047   -51.36932    0.00010                                mtd4
      91   4.203   -51.36907    0.00008    0.00038      58       5     mtd2
      92   4.223   -51.36904    0.00008                                mtd5
      93   4.229   -51.36903    0.00007                                mtd2
      94   4.231   -51.36902    0.00007                                mtd5
      95   4.232   -51.36902    0.00007                                mtd4
      96   4.271   -51.36896    0.00007    0.00007      59       1     mtd5
      97   4.292   -51.36893    0.00007    0.00047      60       7     mtd2
      98   4.294   -51.36892    0.00007                                mtd2
      99   4.295   -51.36892    0.00007                                mtd2
     100   4.296   -51.36892    0.00007                                mtd2
     101   4.297   -51.36892    0.00007                                mtd2
     102   4.297   -51.36892    0.00007                                mtd3
     103   4.298   -51.36892    0.00007                                mtd2
     104   4.324   -51.36888    0.00006    0.00019      61       3     mtd4
     105   4.344   -51.36884    0.00006                                mtd2
     106   4.353   -51.36883    0.00006                                mtd4
     107   4.378   -51.36879    0.00006    0.00006      62       1     mtd2
     108   4.379   -51.36879    0.00006    0.00006      63       1     mtd5
     109   4.625   -51.36840    0.00004    0.00004      64       1     mtd2
     110   4.661   -51.36834    0.00004    0.00004      65       1     mtd4
     111   4.683   -51.36830    0.00003    0.00017      66       5     mtd2
     112   4.696   -51.36828    0.00003                                mtd4
     113   4.701   -51.36827    0.00003                                mtd4
     114   4.687   -51.36830    0.00003                                mtd4
     115   4.698   -51.36828    0.00003                                mtd2
     116   4.688   -51.36830    0.00003    0.00007      67       2     mtd3
     117   4.689   -51.36829    0.00003                                mtd3
     118   4.690   -51.36829    0.00003    0.00003      68       1     mtd2
     119   4.703   -51.36827    0.00003    0.00016      69       5     mtd4
     120   4.711   -51.36826    0.00003                                mtd2
     121   4.720   -51.36825    0.00003                                mtd1
     122   4.722   -51.36824    0.00003                                mtd2
     123   4.723   -51.36824    0.00003                                mtd2
     124   4.748   -51.36820    0.00003    0.00015      70       5     mtd1
     125   4.762   -51.36818    0.00003                                mtd2
     126   4.778   -51.36815    0.00003                                mtd4
     127   4.749   -51.36820    0.00003                                mtd2
     128   4.755   -51.36819    0.00003                                mtd2
     129   4.756   -51.36819    0.00003    0.00006      71       2     mtd2
     130   4.759   -51.36818    0.00003                                mtd1
     131   4.826   -51.36808    0.00003    0.00003      72       1     mtd1
     132   4.982   -51.36783    0.00002    0.00002      73       1     mtd3
     133   5.033   -51.36775    0.00002    0.00002      74       1     mtd1
     134   5.088   -51.36766    0.00002    0.00002      75       1     mtd1
     135   5.094   -51.36765    0.00002    0.00002      76       1     mtd2
     136   5.121   -51.36760    0.00002    0.00002      77       1     mtd1
     137   5.402   -51.36716    0.00001    0.00001      78       1     mtd4
     138   5.561   -51.36690    0.00001    0.00001      79       1     mtd2
     139   5.628   -51.36680    0.00001    0.00001      80       1     mtd3
T /K                                  :   298.15
E lowest                              :   -51.37577
ensemble average energy (kcal)        :    0.586
ensemble entropy (J/mol K, cal/mol K) :   27.900    6.668
ensemble free energy (kcal/mol)       :   -1.988
population of lowest in %             :   18.182
 number of unique conformers for further calc           80
 list of relative energies saved as "crest.energies"

 -----------------
 Wall Time Summary
 -----------------
             test MD wall time :         0h : 0m : 0s
                 MTD wall time :         0h : 0m :19s
      multilevel OPT wall time :         0h : 0m :27s
--------------------
Overall wall time  : 0h : 0m :48s

 CREST terminated normally.
