
       ==============================================
       |                                            |
       |                 C R E S T                  |
       |                                            |
       |  Conformer-Rotamer Ensemble Sampling Tool  |
       |          based on the GFN methods          |
       |             P.Pracht, S.Grimme             |
       |          Universitaet Bonn, MCTC           |
       ==============================================
       Version 2.12,   Thu 19. Mai 16:32:32 CEST 2022
  Using the xTB program. Compatible with xTB version 6.4.0

   Cite work conducted with this code as

   • P.Pracht, F.Bohle, S.Grimme, PCCP, 2020, 22, 7169-7192.
   • S.Grimme, JCTC, 2019, 15, 2847-2862.

   and for works involving QCG as

   • S.Spicher, C.Plett, P.Pracht, A.Hansen, S.Grimme,
     JCTC, 2022, 18 (5), 3174-3189.

   with help from:
   C.Bannwarth, F.Bohle, S.Ehlert, S.Grimme,
   C.Plett, P.Pracht, S.Spicher

   This program is distributed in the hope that it will be useful,
   but WITHOUT ANY WARRANTY; without even the implied warranty of
   MERCHANTABILITY or FITNESS FOR A PARTICULAR PURPOSE.

 Command line input:
 > crest xtbopt.xyz --gfn2//gfnff --chrg 0 --uhf 0 --cbonds --alpb water -T 128 --noreftopo

  -gfn2//gfnff : energy reweighting
  --chrg 0
  --uhf 0
  --alpb water : implicit solvation
  -T 128 (CPUs/Threads selected)

 -------------------------
 xTB Geometry Optimization
 -------------------------
 Geometry successfully optimized.
 WARNING! Change in topology detected!

------------------------------------------------
Generating MTD length from a flexibility measure
------------------------------------------------
 Calculating WBOs... done.
 Calculating NCI flexibility... done.
     covalent flexibility measure :   0.199
 non-covalent flexibility measure :   0.586
 flexibility measure :   0.230
 t(MTD) / ps    :     8.0
 Σ(t(MTD)) / ps :   112.0 (14 MTDs)

-------------------------------------
Starting a trial MTD to test settings
-------------------------------------
 Estimated runtime for one MTD (8.0 ps) on a single thread: 50 min 4 sec
 Estimated runtime for a batch of 14 MTDs on 128 threads: 5 min 34 sec

 list of Vbias parameters applied:
$metadyn    0.00300   1.300
$metadyn    0.00150   1.300
$metadyn    0.00075   1.300
$metadyn    0.00300   0.780
$metadyn    0.00150   0.780
$metadyn    0.00075   0.780
$metadyn    0.00300   0.468
$metadyn    0.00150   0.468
$metadyn    0.00075   0.468
$metadyn    0.00300   0.281
$metadyn    0.00150   0.281
$metadyn    0.00075   0.281
$metadyn    0.00100   0.100
$metadyn    0.00500   0.800

*******************************************************************************************
**                        N E W    I T E R A T I O N    C Y C L E                        **
*******************************************************************************************

========================================
            MTD Iteration  1
========================================

     ========================================
     |         Meta-MD (MTD) Sampling       |
     ========================================

Starting Meta-MD   2 with the settings:
     MD time /ps        :     8.0
     dt /fs             :     2.0
     dumpstep(trj) /fs  :     100
     dumpstep(Vbias)/ps :     1.0
     Vbias factor k /Eh :  0.0750
     Vbias exp α /bohr⁻²:    1.30
Starting Meta-MD   1 with the settings:
     MD time /ps        :     8.0
     dt /fs             :     2.0
     dumpstep(trj) /fs  :     100
     dumpstep(Vbias)/ps :     1.0
     Vbias factor k /Eh :  0.1500
     Vbias exp α /bohr⁻²:    1.30
Starting Meta-MD   4 with the settings:
     MD time /ps        :     8.0
     dt /fs             :     2.0
     dumpstep(trj) /fs  :     100
     dumpstep(Vbias)/ps :     1.0
     Vbias factor k /Eh :  0.1500
     Vbias exp α /bohr⁻²:    0.78
Starting Meta-MD   3 with the settings:
     MD time /ps        :     8.0
     dt /fs             :     2.0
     dumpstep(trj) /fs  :     100
     dumpstep(Vbias)/ps :     1.0
     Vbias factor k /Eh :  0.0375
     Vbias exp α /bohr⁻²:    1.30
Starting Meta-MD   6 with the settings:
     MD time /ps        :     8.0
     dt /fs             :     2.0
     dumpstep(trj) /fs  :     100
     dumpstep(Vbias)/ps :     1.0
     Vbias factor k /Eh :  0.0375
     Vbias exp α /bohr⁻²:    0.78
Starting Meta-MD   5 with the settings:
     MD time /ps        :     8.0
     dt /fs             :     2.0
     dumpstep(trj) /fs  :     100
     dumpstep(Vbias)/ps :     1.0
     Vbias factor k /Eh :  0.0750
     Vbias exp α /bohr⁻²:    0.78
Starting Meta-MD   7 with the settings:
     MD time /ps        :     8.0
     dt /fs             :     2.0
     dumpstep(trj) /fs  :     100
     dumpstep(Vbias)/ps :     1.0
     Vbias factor k /Eh :  0.1500
     Vbias exp α /bohr⁻²:    0.47
Starting Meta-MD   8 with the settings:
     MD time /ps        :     8.0
     dt /fs             :     2.0
     dumpstep(trj) /fs  :     100
     dumpstep(Vbias)/ps :     1.0
     Vbias factor k /Eh :  0.0750
     Vbias exp α /bohr⁻²:    0.47
Starting Meta-MD   9 with the settings:
     MD time /ps        :     8.0
     dt /fs             :     2.0
     dumpstep(trj) /fs  :     100
     dumpstep(Vbias)/ps :     1.0
     Vbias factor k /Eh :  0.0375
     Vbias exp α /bohr⁻²:    0.47
Starting Meta-MD  10 with the settings:
     MD time /ps        :     8.0
     dt /fs             :     2.0
     dumpstep(trj) /fs  :     100
     dumpstep(Vbias)/ps :     1.0
     Vbias factor k /Eh :  0.1500
     Vbias exp α /bohr⁻²:    0.28
Starting Meta-MD  11 with the settings:
     MD time /ps        :     8.0
     dt /fs             :     2.0
     dumpstep(trj) /fs  :     100
     dumpstep(Vbias)/ps :     1.0
     Vbias factor k /Eh :  0.0750
     Vbias exp α /bohr⁻²:    0.28
Starting Meta-MD  12 with the settings:
     MD time /ps        :     8.0
     dt /fs             :     2.0
     dumpstep(trj) /fs  :     100
     dumpstep(Vbias)/ps :     1.0
     Vbias factor k /Eh :  0.0375
     Vbias exp α /bohr⁻²:    0.28
Starting Meta-MD  14 with the settings:
     MD time /ps        :     8.0
     dt /fs             :     2.0
     dumpstep(trj) /fs  :     100
     dumpstep(Vbias)/ps :     1.0
     Vbias factor k /Eh :  0.2500
     Vbias exp α /bohr⁻²:    0.80
Starting Meta-MD  13 with the settings:
     MD time /ps        :     8.0
     dt /fs             :     2.0
     dumpstep(trj) /fs  :     100
     dumpstep(Vbias)/ps :     1.0
     Vbias factor k /Eh :  0.0500
     Vbias exp α /bohr⁻²:    0.10
*Meta-MTD 5 finished*
*Meta-MTD 8 finished*
*Meta-MTD 1 finished*
*Meta-MTD 2 finished*
*Meta-MTD 4 finished*
*Meta-MTD 3 finished*
*Meta-MTD 6 finished*
*Meta-MTD 14 finished*
*Meta-MTD 11 finished*
*Meta-MTD 13 finished*
*Meta-MTD 9 finished*
*Meta-MTD 10 finished*
*Meta-MTD 7 finished*
*Meta-MTD 12 finished*

-----------------------
Multilevel Optimization
-----------------------

 -------------------------
 1. crude pre-optimization
 -------------------------
 Optimizing all 1106 structures from file "crest_rotamers_0.xyz" ...
 1 2 3 4 5 6 7 8 9 10 11 12 13 14 15 16 17 18 19 20 21 22 23 24 25 26 27 28 29 30 31 32 33 34 35 36 37 38 39 40 41 42 43 44 45 46 47 48 49 50 51 52 53 54 55 56 57 58 59 60 61 62 63 64 65 66 67 68 69 70 71 72 73 74 75 76 77 78 79 80 81 82 83 84 85 86 87 88 89 90 91 92 93 94 95 96 97 98 99 100 101 102 103 104 105 106 107 108 109 110 111 112 113 114 115 116 117 118 119 120 121 122 123 124 125 126 127 128 129 130 131 132 133 134 135 136 137 138 139 140 141 142 143 144 145 146 147 148 149 150 151 152 153 154 155 156 157 158 159 160 161 162 163 164 165 166 167 168 169 170 171 172 173 174 175 176 177 178 179 180 181 182 183 184 185 186 187 188 189 190 191 192 193 194 195 196 197 198 199 200 201 202 203 204 205 206 207 208 209 210 211 212 213 214 215 216 217 218 219 220 221 222 223 224 225 226 227 228 229 230 231 232 233 234 235 236 237 238 239 240 241 242 243 244 245 246 247 248 249 250 251 252 253 254 255 256 257 258 259 260 261 262 263 264 265 266 267 268 269 270 271 272 273 274 275 276 277 278 279 280 281 282 283 284 285 286 287 288 289 290 291 292 293 294 295 296 297 298 299 300 301 302 303 304 305 306 307 308 309 310 311 312 313 314 315 316 317 318 319 320 321 322 323 324 325 326 327 328 329 330 331 332 333 334 335 336 337 338 339 340 341 342 343 344 345 346 347 348 349 350 351 352 353 354 355 356 357 358 359 360 361 362 363 364 365 366 367 368 369 370 371 372 373 374 375 376 377 378 379 380 381 382 383 384 385 386 387 388 389 390 391 392 393 394 395 396 397 398 399 400 401 402 403 404 405 406 407 408 409 410 411 412 413 414 415 416 417 418 419 420 421 422 423 424 425 426 427 428 429 430 431 432 433 434 435 436 437 438 439 440 441 442 443 444 445 446 447 448 449 450 451 452 453 454 455 456 457 458 459 460 461 462 463 464 465 466 467 468 469 470 471 472 473 474 475 476 477 478 479 480 481 482 483 484 485 486 487 488 489 490 491 492 493 494 495 496 497 498 499 500 501 502 503 504 505 506 507 508 509 510 511 512 513 514 515 516 517 518 519 520 521 522 523 524 525 526 527 528 529 530 531 532 533 534 535 536 537 538 539 540 541 542 543 544 545 546 547 548 549 550 551 552 553 554 555 556 557 558 559 560 561 562 563 564 565 566 567 568 569 570 571 572 573 574 575 576 577 578 579 580 581 582 583 584 585 586 587 588 589 590 591 592 593 594 595 596 597 598 599 600 601 602 603 604 605 606 607 608 609 610 611 612 613 614 615 616 617 618 619 620 621 622 623 624 625 626 627 628 629 630 631 632 633 634 635 636 637 638 639 640 641 642 643 644 645 646 647 648 649 650 651 652 653 654 655 656 657 658 659 660 661 662 663 664 665 666 667 668 669 670 671 672 673 674 675 676 677 678 679 680 681 682 683 684 685 686 687 688 689 690 691 692 693 694 695 696 697 698 699 700 701 702 703 704 705 706 707 708 709 710 711 712 713 714 715 716 717 718 719 720 721 722 723 724 725 726 727 728 729 730 731 732 733 734 735 736 737 738 739 740 741 742 743 744 745 746 747 748 749 750 751 752 753 754 755 756 757 758 759 760 761 762 763 764 765 766 767 768 769 770 771 772 773 774 775 776 777 778 779 780 781 782 783 784 785 786 787 788 789 790 791 792 793 794 795 796 797 798 799 800 801 802 803 804 805 806 807 808 809 810 811 812 813 814 815 816 817 818 819 820 821 822 823 824 825 826 827 828 829 830 831 832 833 834 835 836 837 838 839 840 841 842 843 844 845 846 847 848 849 850 851 852 853 854 855 856 857 858 859 860 861 862 863 864 865 866 867 868 869 870 871 872 873 874 875 876 877 878 879 880 881 882 883 884 885 886 887 888 889 890 891 892 893 894 895 896 897 898 899 900 901 902 903 904 905 906 907 908 909 910 911 912 913 914 915 916 917 918 919 920 921 922 923 924 925 926 927 928 929 930 931 932 933 934 935 936 937 938 939 940 941 942 943 944 945 946 947 948 949 950 951 952 953 954 955 956 957 958 959 960 961 962 963 964 965 966 967 968 969 970 971 972 973 974 975 976 977 978 979 980 981 982 983 984 985 986 987 988 989 990 991 992 993 994 995 996 997 998 999 1000 1001 1002 1003 1004 1005 1006 1007 1008 1009 1010 1011 1012 1013 1014 1015 1016 1017 1018 1019 1020 1021 1022 1023 1024 1025 1026 1027 1028 1029 1030 1031 1032 1033 1034 1035 1036 1037 1038 1039 1040 1041 1042 1043 1044 1045 1046 1047 1048 1049 1050 1051 1052 1053 1054 1055 1056 1057 1058 1059 1060 1061 1062 1063 1064 1065 1066 1067 1068 1069 1070 1071 1072 1073 1074 1075 1076 1077 1078 1079 1080 1081 1082 1083 1084 1085 1086 1087 1088 1089 1090 1091 1092 1093 1094 1095 1096 1097 1098 1099 1100 1101 1102 1103 1104 1105 1106
 done.
 running RMSDs...
 done.
 E lowest :   -83.64650
 355 structures remain within    12.00 kcal/mol window

 -------------------------------------
 2. optimization with tight thresholds
 -------------------------------------
 Optimizing all 356 structures from file "crest_rotamers_1.xyz" ...
 1 2 3 4 5 6 7 8 9 10 11 12 13 14 15 16 17 18 19 20 21 22 23 24 25 26 27 28 29 30 31 32 33 34 35 36 37 38 39 40 41 42 43 44 45 46 47 48 49 50 51 52 53 54 55 56 57 58 59 60 61 62 63 64 65 66 67 68 69 70 71 72 73 74 75 76 77 78 79 80 81 82 83 84 85 86 87 88 89 90 91 92 93 94 95 96 97 98 99 100 101 102 103 104 105 106 107 108 109 110 111 112 113 114 115 116 117 118 119 120 121 122 123 124 125 126 127 128 129 130 131 132 133 134 135 136 137 138 139 140 141 142 143 144 145 146 147 148 149 150 151 152 153 154 155 156 157 158 159 160 161 162 163 164 165 166 167 168 169 170 171 172 173 174 175 176 177 178 179 180 181 182 183 184 185 186 187 188 189 190 191 192 193 194 195 196 197 198 199 200 201 202 203 204 205 206 207 208 209 210 211 212 213 214 215 216 217 218 219 220 221 222 223 224 225 226 227 228 229 230 231 232 233 234 235 236 237 238 239 240 241 242 243 244 245 246 247 248 249 250 251 252 253 254 255 256 257 258 259 260 261 262 263 264 265 266 267 268 269 270 271 272 273 274 275 276 277 278 279 280 281 282 283 284 285 286 287 288 289 290 291 292 293 294 295 296 297 298 299 300 301 302 303 304 305 306 307 308 309 310 311 312 313 314 315 316 317 318 319 320 321 322 323 324 325 326 327 328 329 330 331 332 333 334 335 336 337 338 339 340 341 342 343 344 345 346 347 348 349 350 351 352 353 354 355 356
 done.
 running RMSDs...
 done.
 E lowest :   -83.65409
 67 structures remain within     6.00 kcal/mol window


========================================
            MTD Iteration  2
========================================

     ========================================
     |         Meta-MD (MTD) Sampling       |
     ========================================

Starting Meta-MD   1 with the settings:
     MD time /ps        :     8.0
     dt /fs             :     2.0
     dumpstep(trj) /fs  :     100
     dumpstep(Vbias)/ps :     1.0
     Vbias factor k /Eh :  0.1500
     Vbias exp α /bohr⁻²:    1.30
Starting Meta-MD   2 with the settings:
     MD time /ps        :     8.0
     dt /fs             :     2.0
     dumpstep(trj) /fs  :     100
     dumpstep(Vbias)/ps :     1.0
     Vbias factor k /Eh :  0.0750
     Vbias exp α /bohr⁻²:    1.30
Starting Meta-MD   3 with the settings:
     MD time /ps        :     8.0
     dt /fs             :     2.0
     dumpstep(trj) /fs  :     100
     dumpstep(Vbias)/ps :     1.0
     Vbias factor k /Eh :  0.0375
     Vbias exp α /bohr⁻²:    1.30
Starting Meta-MD   4 with the settings:
     MD time /ps        :     8.0
     dt /fs             :     2.0
     dumpstep(trj) /fs  :     100
     dumpstep(Vbias)/ps :     1.0
     Vbias factor k /Eh :  0.1500
     Vbias exp α /bohr⁻²:    0.78
Starting Meta-MD   5 with the settings:
     MD time /ps        :     8.0
     dt /fs             :     2.0
     dumpstep(trj) /fs  :     100
     dumpstep(Vbias)/ps :     1.0
     Vbias factor k /Eh :  0.0750
     Vbias exp α /bohr⁻²:    0.78
Starting Meta-MD   6 with the settings:
     MD time /ps        :     8.0
     dt /fs             :     2.0
     dumpstep(trj) /fs  :     100
     dumpstep(Vbias)/ps :     1.0
     Vbias factor k /Eh :  0.0375
     Vbias exp α /bohr⁻²:    0.78
Starting Meta-MD   7 with the settings:
     MD time /ps        :     8.0
     dt /fs             :     2.0
     dumpstep(trj) /fs  :     100
     dumpstep(Vbias)/ps :     1.0
     Vbias factor k /Eh :  0.1500
     Vbias exp α /bohr⁻²:    0.47
Starting Meta-MD   8 with the settings:
     MD time /ps        :     8.0
     dt /fs             :     2.0
     dumpstep(trj) /fs  :     100
     dumpstep(Vbias)/ps :     1.0
     Vbias factor k /Eh :  0.0750
     Vbias exp α /bohr⁻²:    0.47
Starting Meta-MD   9 with the settings:
     MD time /ps        :     8.0
     dt /fs             :     2.0
     dumpstep(trj) /fs  :     100
     dumpstep(Vbias)/ps :     1.0
     Vbias factor k /Eh :  0.0375
     Vbias exp α /bohr⁻²:    0.47
Starting Meta-MD  10 with the settings:
     MD time /ps        :     8.0
     dt /fs             :     2.0
     dumpstep(trj) /fs  :     100
     dumpstep(Vbias)/ps :     1.0
     Vbias factor k /Eh :  0.1500
     Vbias exp α /bohr⁻²:    0.28
Starting Meta-MD  12 with the settings:
     MD time /ps        :     8.0
     dt /fs             :     2.0
     dumpstep(trj) /fs  :     100
     dumpstep(Vbias)/ps :     1.0
     Vbias factor k /Eh :  0.0375
     Vbias exp α /bohr⁻²:    0.28
Starting Meta-MD  11 with the settings:
     MD time /ps        :     8.0
     dt /fs             :     2.0
     dumpstep(trj) /fs  :     100
     dumpstep(Vbias)/ps :     1.0
     Vbias factor k /Eh :  0.0750
     Vbias exp α /bohr⁻²:    0.28
*Meta-MTD 1 finished*
*Meta-MTD 6 finished*
*Meta-MTD 12 finished*
*Meta-MTD 9 finished*
*Meta-MTD 7 finished*
*Meta-MTD 5 finished*
*Meta-MTD 10 finished*
*Meta-MTD 11 finished*
*Meta-MTD 8 finished*
*Meta-MTD 3 finished*
*Meta-MTD 2 finished*
*Meta-MTD 4 finished*

-----------------------
Multilevel Optimization
-----------------------

 -------------------------
 1. crude pre-optimization
 -------------------------
 Optimizing all 948 structures from file "crest_rotamers_0.xyz" ...
 1 2 3 4 5 6 7 8 9 10 11 12 13 14 15 16 17 18 19 20 21 22 23 24 25 26 27 28 29 30 31 32 33 34 35 36 37 38 39 40 41 42 43 44 45 46 47 48 49 50 51 52 53 54 55 56 57 58 59 60 61 62 63 64 65 66 67 68 69 70 71 72 73 74 75 76 77 78 79 80 81 82 83 84 85 86 87 88 89 90 91 92 93 94 95 96 97 98 99 100 101 102 103 104 105 106 107 108 109 110 111 112 113 114 115 116 117 118 119 120 121 122 123 124 125 126 127 128 129 130 131 132 133 134 135 136 137 138 139 140 141 142 143 144 145 146 147 148 149 150 151 152 153 154 155 156 157 158 159 160 161 162 163 164 165 166 167 168 169 170 171 172 173 174 175 176 177 178 179 180 181 182 183 184 185 186 187 188 189 190 191 192 193 194 195 196 197 198 199 200 201 202 203 204 205 206 207 208 209 210 211 212 213 214 215 216 217 218 219 220 221 222 223 224 225 226 227 228 229 230 231 232 233 234 235 236 237 238 239 240 241 242 243 244 245 246 247 248 249 250 251 252 253 254 255 256 257 258 259 260 261 262 263 264 265 266 267 268 269 270 271 272 273 274 275 276 277 278 279 280 281 282 283 284 285 286 287 288 289 290 291 292 293 294 295 296 297 298 299 300 301 302 303 304 305 306 307 308 309 310 311 312 313 314 315 316 317 318 319 320 321 322 323 324 325 326 327 328 329 330 331 332 333 334 335 336 337 338 339 340 341 342 343 344 345 346 347 348 349 350 351 352 353 354 355 356 357 358 359 360 361 362 363 364 365 366 367 368 369 370 371 372 373 374 375 376 377 378 379 380 381 382 383 384 385 386 387 388 389 390 391 392 393 394 395 396 397 398 399 400 401 402 403 404 405 406 407 408 409 410 411 412 413 414 415 416 417 418 419 420 421 422 423 424 425 426 427 428 429 430 431 432 433 434 435 436 437 438 439 440 441 442 443 444 445 446 447 448 449 450 451 452 453 454 455 456 457 458 459 460 461 462 463 464 465 466 467 468 469 470 471 472 473 474 475 476 477 478 479 480 481 482 483 484 485 486 487 488 489 490 491 492 493 494 495 496 497 498 499 500 501 502 503 504 505 506 507 508 509 510 511 512 513 514 515 516 517 518 519 520 521 522 523 524 525 526 527 528 529 530 531 532 533 534 535 536 537 538 539 540 541 542 543 544 545 546 547 548 549 550 551 552 553 554 555 556 557 558 559 560 561 562 563 564 565 566 567 568 569 570 571 572 573 574 575 576 577 578 579 580 581 582 583 584 585 586 587 588 589 590 591 592 593 594 595 596 597 598 599 600 601 602 603 604 605 606 607 608 609 610 611 612 613 614 615 616 617 618 619 620 621 622 623 624 625 626 627 628 629 630 631 632 633 634 635 636 637 638 639 640 641 642 643 644 645 646 647 648 649 650 651 652 653 654 655 656 657 658 659 660 661 662 663 664 665 666 667 668 669 670 671 672 673 674 675 676 677 678 679 680 681 682 683 684 685 686 687 688 689 690 691 692 693 694 695 696 697 698 699 700 701 702 703 704 705 706 707 708 709 710 711 712 713 714 715 716 717 718 719 720 721 722 723 724 725 726 727 728 729 730 731 732 733 734 735 736 737 738 739 740 741 742 743 744 745 746 747 748 749 750 751 752 753 754 755 756 757 758 759 760 761 762 763 764 765 766 767 768 769 770 771 772 773 774 775 776 777 778 779 780 781 782 783 784 785 786 787 788 789 790 791 792 793 794 795 796 797 798 799 800 801 802 803 804 805 806 807 808 809 810 811 812 813 814 815 816 817 818 819 820 821 822 823 824 825 826 827 828 829 830 831 832 833 834 835 836 837 838 839 840 841 842 843 844 845 846 847 848 849 850 851 852 853 854 855 856 857 858 859 860 861 862 863 864 865 866 867 868 869 870 871 872 873 874 875 876 877 878 879 880 881 882 883 884 885 886 887 888 889 890 891 892 893 894 895 896 897 898 899 900 901 902 903 904 905 906 907 908 909 910 911 912 913 914 915 916 917 918 919 920 921 922 923 924 925 926 927 928 929 930 931 932 933 934 935 936 937 938 939 940 941 942 943 944 945 946 947 948
 done.
 running RMSDs...
 done.
 E lowest :   -83.65447
 215 structures remain within    12.00 kcal/mol window

 -------------------------------------
 2. optimization with tight thresholds
 -------------------------------------
 Optimizing all 216 structures from file "crest_rotamers_1.xyz" ...
 1 2 3 4 5 6 7 8 9 10 11 12 13 14 15 16 17 18 19 20 21 22 23 24 25 26 27 28 29 30 31 32 33 34 35 36 37 38 39 40 41 42 43 44 45 46 47 48 49 50 51 52 53 54 55 56 57 58 59 60 61 62 63 64 65 66 67 68 69 70 71 72 73 74 75 76 77 78 79 80 81 82 83 84 85 86 87 88 89 90 91 92 93 94 95 96 97 98 99 100 101 102 103 104 105 106 107 108 109 110 111 112 113 114 115 116 117 118 119 120 121 122 123 124 125 126 127 128 129 130 131 132 133 134 135 136 137 138 139 140 141 142 143 144 145 146 147 148 149 150 151 152 153 154 155 156 157 158 159 160 161 162 163 164 165 166 167 168 169 170 171 172 173 174 175 176 177 178 179 180 181 182 183 184 185 186 187 188 189 190 191 192 193 194 195 196 197 198 199 200 201 202 203 204 205 206 207 208 209 210 211 212 213 214 215 216
 done.
 running RMSDs...
 done.
 E lowest :   -83.65649
 122 structures remain within     6.00 kcal/mol window

 ...............................................
 A new lower conformer was found!
 Improved by    0.00240 Eh or    1.50869kcal/mol
 ...............................................

========================================
            MTD Iteration  3
========================================

     ========================================
     |         Meta-MD (MTD) Sampling       |
     ========================================

Starting Meta-MD   1 with the settings:
     MD time /ps        :     8.0
     dt /fs             :     2.0
     dumpstep(trj) /fs  :     100
     dumpstep(Vbias)/ps :     1.0
     Vbias factor k /Eh :  0.1500
     Vbias exp α /bohr⁻²:    1.30
Starting Meta-MD   2 with the settings:
     MD time /ps        :     8.0
     dt /fs             :     2.0
     dumpstep(trj) /fs  :     100
     dumpstep(Vbias)/ps :     1.0
     Vbias factor k /Eh :  0.0750
     Vbias exp α /bohr⁻²:    1.30
Starting Meta-MD   3 with the settings:
     MD time /ps        :     8.0
     dt /fs             :     2.0
     dumpstep(trj) /fs  :     100
     dumpstep(Vbias)/ps :     1.0
     Vbias factor k /Eh :  0.0375
     Vbias exp α /bohr⁻²:    1.30
Starting Meta-MD   4 with the settings:
     MD time /ps        :     8.0
     dt /fs             :     2.0
     dumpstep(trj) /fs  :     100
     dumpstep(Vbias)/ps :     1.0
     Vbias factor k /Eh :  0.1500
     Vbias exp α /bohr⁻²:    0.78
Starting Meta-MD   5 with the settings:
     MD time /ps        :     8.0
     dt /fs             :     2.0
     dumpstep(trj) /fs  :     100
     dumpstep(Vbias)/ps :     1.0
     Vbias factor k /Eh :  0.0750
     Vbias exp α /bohr⁻²:    0.78
Starting Meta-MD   6 with the settings:
     MD time /ps        :     8.0
     dt /fs             :     2.0
     dumpstep(trj) /fs  :     100
     dumpstep(Vbias)/ps :     1.0
     Vbias factor k /Eh :  0.0375
     Vbias exp α /bohr⁻²:    0.78
Starting Meta-MD   7 with the settings:
     MD time /ps        :     8.0
     dt /fs             :     2.0
     dumpstep(trj) /fs  :     100
     dumpstep(Vbias)/ps :     1.0
     Vbias factor k /Eh :  0.1500
     Vbias exp α /bohr⁻²:    0.47
Starting Meta-MD   8 with the settings:
     MD time /ps        :     8.0
     dt /fs             :     2.0
     dumpstep(trj) /fs  :     100
     dumpstep(Vbias)/ps :     1.0
     Vbias factor k /Eh :  0.0750
     Vbias exp α /bohr⁻²:    0.47
Starting Meta-MD   9 with the settings:
     MD time /ps        :     8.0
     dt /fs             :     2.0
     dumpstep(trj) /fs  :     100
     dumpstep(Vbias)/ps :     1.0
     Vbias factor k /Eh :  0.0375
     Vbias exp α /bohr⁻²:    0.47
Starting Meta-MD  10 with the settings:
     MD time /ps        :     8.0
     dt /fs             :     2.0
     dumpstep(trj) /fs  :     100
     dumpstep(Vbias)/ps :     1.0
     Vbias factor k /Eh :  0.1500
     Vbias exp α /bohr⁻²:    0.28
Starting Meta-MD  11 with the settings:
     MD time /ps        :     8.0
     dt /fs             :     2.0
     dumpstep(trj) /fs  :     100
     dumpstep(Vbias)/ps :     1.0
     Vbias factor k /Eh :  0.0750
     Vbias exp α /bohr⁻²:    0.28
Starting Meta-MD  12 with the settings:
     MD time /ps        :     8.0
     dt /fs             :     2.0
     dumpstep(trj) /fs  :     100
     dumpstep(Vbias)/ps :     1.0
     Vbias factor k /Eh :  0.0375
     Vbias exp α /bohr⁻²:    0.28
*Meta-MTD 7 finished*
*Meta-MTD 8 finished*
*Meta-MTD 4 finished*
*Meta-MTD 11 finished*
*Meta-MTD 1 finished*
*Meta-MTD 12 finished*
*Meta-MTD 5 finished*
*Meta-MTD 3 finished*
*Meta-MTD 6 finished*
*Meta-MTD 9 finished*
*Meta-MTD 2 finished*
*Meta-MTD 10 finished*

-----------------------
Multilevel Optimization
-----------------------

 -------------------------
 1. crude pre-optimization
 -------------------------
 Optimizing all 948 structures from file "crest_rotamers_0.xyz" ...
 1 2 3 4 5 6 7 8 9 10 11 12 13 14 15 16 17 18 19 20 21 22 23 24 25 26 27 28 29 30 31 32 33 34 35 36 37 38 39 40 41 42 43 44 45 46 47 48 49 50 51 52 53 54 55 56 57 58 59 60 61 62 63 64 65 66 67 68 69 70 71 72 73 74 75 76 77 78 79 80 81 82 83 84 85 86 87 88 89 90 91 92 93 94 95 96 97 98 99 100 101 102 103 104 105 106 107 108 109 110 111 112 113 114 115 116 117 118 119 120 121 122 123 124 125 126 127 128 129 130 131 132 133 134 135 136 137 138 139 140 141 142 143 144 145 146 147 148 149 150 151 152 153 154 155 156 157 158 159 160 161 162 163 164 165 166 167 168 169 170 171 172 173 174 175 176 177 178 179 180 181 182 183 184 185 186 187 188 189 190 191 192 193 194 195 196 197 198 199 200 201 202 203 204 205 206 207 208 209 210 211 212 213 214 215 216 217 218 219 220 221 222 223 224 225 226 227 228 229 230 231 232 233 234 235 236 237 238 239 240 241 242 243 244 245 246 247 248 249 250 251 252 253 254 255 256 257 258 259 260 261 262 263 264 265 266 267 268 269 270 271 272 273 274 275 276 277 278 279 280 281 282 283 284 285 286 287 288 289 290 291 292 293 294 295 296 297 298 299 300 301 302 303 304 305 306 307 308 309 310 311 312 313 314 315 316 317 318 319 320 321 322 323 324 325 326 327 328 329 330 331 332 333 334 335 336 337 338 339 340 341 342 343 344 345 346 347 348 349 350 351 352 353 354 355 356 357 358 359 360 361 362 363 364 365 366 367 368 369 370 371 372 373 374 375 376 377 378 379 380 381 382 383 384 385 386 387 388 389 390 391 392 393 394 395 396 397 398 399 400 401 402 403 404 405 406 407 408 409 410 411 412 413 414 415 416 417 418 419 420 421 422 423 424 425 426 427 428 429 430 431 432 433 434 435 436 437 438 439 440 441 442 443 444 445 446 447 448 449 450 451 452 453 454 455 456 457 458 459 460 461 462 463 464 465 466 467 468 469 470 471 472 473 474 475 476 477 478 479 480 481 482 483 484 485 486 487 488 489 490 491 492 493 494 495 496 497 498 499 500 501 502 503 504 505 506 507 508 509 510 511 512 513 514 515 516 517 518 519 520 521 522 523 524 525 526 527 528 529 530 531 532 533 534 535 536 537 538 539 540 541 542 543 544 545 546 547 548 549 550 551 552 553 554 555 556 557 558 559 560 561 562 563 564 565 566 567 568 569 570 571 572 573 574 575 576 577 578 579 580 581 582 583 584 585 586 587 588 589 590 591 592 593 594 595 596 597 598 599 600 601 602 603 604 605 606 607 608 609 610 611 612 613 614 615 616 617 618 619 620 621 622 623 624 625 626 627 628 629 630 631 632 633 634 635 636 637 638 639 640 641 642 643 644 645 646 647 648 649 650 651 652 653 654 655 656 657 658 659 660 661 662 663 664 665 666 667 668 669 670 671 672 673 674 675 676 677 678 679 680 681 682 683 684 685 686 687 688 689 690 691 692 693 694 695 696 697 698 699 700 701 702 703 704 705 706 707 708 709 710 711 712 713 714 715 716 717 718 719 720 721 722 723 724 725 726 727 728 729 730 731 732 733 734 735 736 737 738 739 740 741 742 743 744 745 746 747 748 749 750 751 752 753 754 755 756 757 758 759 760 761 762 763 764 765 766 767 768 769 770 771 772 773 774 775 776 777 778 779 780 781 782 783 784 785 786 787 788 789 790 791 792 793 794 795 796 797 798 799 800 801 802 803 804 805 806 807 808 809 810 811 812 813 814 815 816 817 818 819 820 821 822 823 824 825 826 827 828 829 830 831 832 833 834 835 836 837 838 839 840 841 842 843 844 845 846 847 848 849 850 851 852 853 854 855 856 857 858 859 860 861 862 863 864 865 866 867 868 869 870 871 872 873 874 875 876 877 878 879 880 881 882 883 884 885 886 887 888 889 890 891 892 893 894 895 896 897 898 899 900 901 902 903 904 905 906 907 908 909 910 911 912 913 914 915 916 917 918 919 920 921 922 923 924 925 926 927 928 929 930 931 932 933 934 935 936 937 938 939 940 941 942 943 944 945 946 947 948
 done.
 running RMSDs...
 done.
 E lowest :   -83.65565
 173 structures remain within    12.00 kcal/mol window

 -------------------------------------
 2. optimization with tight thresholds
 -------------------------------------
 Optimizing all 174 structures from file "crest_rotamers_1.xyz" ...
 1 2 3 4 5 6 7 8 9 10 11 12 13 14 15 16 17 18 19 20 21 22 23 24 25 26 27 28 29 30 31 32 33 34 35 36 37 38 39 40 41 42 43 44 45 46 47 48 49 50 51 52 53 54 55 56 57 58 59 60 61 62 63 64 65 66 67 68 69 70 71 72 73 74 75 76 77 78 79 80 81 82 83 84 85 86 87 88 89 90 91 92 93 94 95 96 97 98 99 100 101 102 103 104 105 106 107 108 109 110 111 112 113 114 115 116 117 118 119 120 121 122 123 124 125 126 127 128 129 130 131 132 133 134 135 136 137 138 139 140 141 142 143 144 145 146 147 148 149 150 151 152 153 154 155 156 157 158 159 160 161 162 163 164 165 166 167 168 169 170 171 172 173 174
 done.
 running RMSDs...
 done.
 E lowest :   -83.65693
 105 structures remain within     6.00 kcal/mol window

 ...............................................
 A new lower conformer was found!
 Improved by    0.00044 Eh or    0.27578kcal/mol
 ...............................................

========================================
            MTD Iteration  4
========================================

     ========================================
     |         Meta-MD (MTD) Sampling       |
     ========================================

Starting Meta-MD   1 with the settings:
     MD time /ps        :     8.0
     dt /fs             :     2.0
     dumpstep(trj) /fs  :     100
     dumpstep(Vbias)/ps :     1.0
     Vbias factor k /Eh :  0.1500
     Vbias exp α /bohr⁻²:    1.30
Starting Meta-MD   2 with the settings:
     MD time /ps        :     8.0
     dt /fs             :     2.0
     dumpstep(trj) /fs  :     100
     dumpstep(Vbias)/ps :     1.0
     Vbias factor k /Eh :  0.0750
     Vbias exp α /bohr⁻²:    1.30
Starting Meta-MD   3 with the settings:
     MD time /ps        :     8.0
     dt /fs             :     2.0
     dumpstep(trj) /fs  :     100
     dumpstep(Vbias)/ps :     1.0
     Vbias factor k /Eh :  0.0375
     Vbias exp α /bohr⁻²:    1.30
Starting Meta-MD   4 with the settings:
     MD time /ps        :     8.0
     dt /fs             :     2.0
     dumpstep(trj) /fs  :     100
     dumpstep(Vbias)/ps :     1.0
     Vbias factor k /Eh :  0.1500
     Vbias exp α /bohr⁻²:    0.78
Starting Meta-MD   5 with the settings:
     MD time /ps        :     8.0
     dt /fs             :     2.0
     dumpstep(trj) /fs  :     100
     dumpstep(Vbias)/ps :     1.0
     Vbias factor k /Eh :  0.0750
     Vbias exp α /bohr⁻²:    0.78
Starting Meta-MD   6 with the settings:
     MD time /ps        :     8.0
     dt /fs             :     2.0
     dumpstep(trj) /fs  :     100
     dumpstep(Vbias)/ps :     1.0
     Vbias factor k /Eh :  0.0375
     Vbias exp α /bohr⁻²:    0.78
Starting Meta-MD   7 with the settings:
     MD time /ps        :     8.0
     dt /fs             :     2.0
     dumpstep(trj) /fs  :     100
     dumpstep(Vbias)/ps :     1.0
     Vbias factor k /Eh :  0.1500
     Vbias exp α /bohr⁻²:    0.47
Starting Meta-MD   8 with the settings:
     MD time /ps        :     8.0
     dt /fs             :     2.0
     dumpstep(trj) /fs  :     100
     dumpstep(Vbias)/ps :     1.0
     Vbias factor k /Eh :  0.0750
     Vbias exp α /bohr⁻²:    0.47
Starting Meta-MD   9 with the settings:
     MD time /ps        :     8.0
     dt /fs             :     2.0
     dumpstep(trj) /fs  :     100
     dumpstep(Vbias)/ps :     1.0
     Vbias factor k /Eh :  0.0375
     Vbias exp α /bohr⁻²:    0.47
Starting Meta-MD  10 with the settings:
     MD time /ps        :     8.0
     dt /fs             :     2.0
     dumpstep(trj) /fs  :     100
     dumpstep(Vbias)/ps :     1.0
     Vbias factor k /Eh :  0.1500
     Vbias exp α /bohr⁻²:    0.28
Starting Meta-MD  12 with the settings:
     MD time /ps        :     8.0
     dt /fs             :     2.0
     dumpstep(trj) /fs  :     100
     dumpstep(Vbias)/ps :     1.0
     Vbias factor k /Eh :  0.0375
     Vbias exp α /bohr⁻²:    0.28
Starting Meta-MD  11 with the settings:
     MD time /ps        :     8.0
     dt /fs             :     2.0
     dumpstep(trj) /fs  :     100
     dumpstep(Vbias)/ps :     1.0
     Vbias factor k /Eh :  0.0750
     Vbias exp α /bohr⁻²:    0.28
*Meta-MTD 1 finished*
*Meta-MTD 7 finished*
*Meta-MTD 12 finished*
*Meta-MTD 6 finished*
*Meta-MTD 8 finished*
*Meta-MTD 9 finished*
*Meta-MTD 4 finished*
*Meta-MTD 11 finished*
*Meta-MTD 3 finished*
*Meta-MTD 2 finished*
*Meta-MTD 5 finished*
*Meta-MTD 10 finished*

-----------------------
Multilevel Optimization
-----------------------

 -------------------------
 1. crude pre-optimization
 -------------------------
 Optimizing all 948 structures from file "crest_rotamers_0.xyz" ...
 1 2 3 4 5 6 7 8 9 10 11 12 13 14 15 16 17 18 19 20 21 22 23 24 25 26 27 28 29 30 31 32 33 34 35 36 37 38 39 40 41 42 43 44 45 46 47 48 49 50 51 52 53 54 55 56 57 58 59 60 61 62 63 64 65 66 67 68 69 70 71 72 73 74 75 76 77 78 79 80 81 82 83 84 85 86 87 88 89 90 91 92 93 94 95 96 97 98 99 100 101 102 103 104 105 106 107 108 109 110 111 112 113 114 115 116 117 118 119 120 121 122 123 124 125 126 127 128 129 130 131 132 133 134 135 136 137 138 139 140 141 142 143 144 145 146 147 148 149 150 151 152 153 154 155 156 157 158 159 160 161 162 163 164 165 166 167 168 169 170 171 172 173 174 175 176 177 178 179 180 181 182 183 184 185 186 187 188 189 190 191 192 193 194 195 196 197 198 199 200 201 202 203 204 205 206 207 208 209 210 211 212 213 214 215 216 217 218 219 220 221 222 223 224 225 226 227 228 229 230 231 232 233 234 235 236 237 238 239 240 241 242 243 244 245 246 247 248 249 250 251 252 253 254 255 256 257 258 259 260 261 262 263 264 265 266 267 268 269 270 271 272 273 274 275 276 277 278 279 280 281 282 283 284 285 286 287 288 289 290 291 292 293 294 295 296 297 298 299 300 301 302 303 304 305 306 307 308 309 310 311 312 313 314 315 316 317 318 319 320 321 322 323 324 325 326 327 328 329 330 331 332 333 334 335 336 337 338 339 340 341 342 343 344 345 346 347 348 349 350 351 352 353 354 355 356 357 358 359 360 361 362 363 364 365 366 367 368 369 370 371 372 373 374 375 376 377 378 379 380 381 382 383 384 385 386 387 388 389 390 391 392 393 394 395 396 397 398 399 400 401 402 403 404 405 406 407 408 409 410 411 412 413 414 415 416 417 418 419 420 421 422 423 424 425 426 427 428 429 430 431 432 433 434 435 436 437 438 439 440 441 442 443 444 445 446 447 448 449 450 451 452 453 454 455 456 457 458 459 460 461 462 463 464 465 466 467 468 469 470 471 472 473 474 475 476 477 478 479 480 481 482 483 484 485 486 487 488 489 490 491 492 493 494 495 496 497 498 499 500 501 502 503 504 505 506 507 508 509 510 511 512 513 514 515 516 517 518 519 520 521 522 523 524 525 526 527 528 529 530 531 532 533 534 535 536 537 538 539 540 541 542 543 544 545 546 547 548 549 550 551 552 553 554 555 556 557 558 559 560 561 562 563 564 565 566 567 568 569 570 571 572 573 574 575 576 577 578 579 580 581 582 583 584 585 586 587 588 589 590 591 592 593 594 595 596 597 598 599 600 601 602 603 604 605 606 607 608 609 610 611 612 613 614 615 616 617 618 619 620 621 622 623 624 625 626 627 628 629 630 631 632 633 634 635 636 637 638 639 640 641 642 643 644 645 646 647 648 649 650 651 652 653 654 655 656 657 658 659 660 661 662 663 664 665 666 667 668 669 670 671 672 673 674 675 676 677 678 679 680 681 682 683 684 685 686 687 688 689 690 691 692 693 694 695 696 697 698 699 700 701 702 703 704 705 706 707 708 709 710 711 712 713 714 715 716 717 718 719 720 721 722 723 724 725 726 727 728 729 730 731 732 733 734 735 736 737 738 739 740 741 742 743 744 745 746 747 748 749 750 751 752 753 754 755 756 757 758 759 760 761 762 763 764 765 766 767 768 769 770 771 772 773 774 775 776 777 778 779 780 781 782 783 784 785 786 787 788 789 790 791 792 793 794 795 796 797 798 799 800 801 802 803 804 805 806 807 808 809 810 811 812 813 814 815 816 817 818 819 820 821 822 823 824 825 826 827 828 829 830 831 832 833 834 835 836 837 838 839 840 841 842 843 844 845 846 847 848 849 850 851 852 853 854 855 856 857 858 859 860 861 862 863 864 865 866 867 868 869 870 871 872 873 874 875 876 877 878 879 880 881 882 883 884 885 886 887 888 889 890 891 892 893 894 895 896 897 898 899 900 901 902 903 904 905 906 907 908 909 910 911 912 913 914 915 916 917 918 919 920 921 922 923 924 925 926 927 928 929 930 931 932 933 934 935 936 937 938 939 940 941 942 943 944 945 946 947 948
 done.
 running RMSDs...
 done.
 E lowest :   -83.65564
 198 structures remain within    12.00 kcal/mol window

 -------------------------------------
 2. optimization with tight thresholds
 -------------------------------------
 Optimizing all 199 structures from file "crest_rotamers_1.xyz" ...
 1 2 3 4 5 6 7 8 9 10 11 12 13 14 15 16 17 18 19 20 21 22 23 24 25 26 27 28 29 30 31 32 33 34 35 36 37 38 39 40 41 42 43 44 45 46 47 48 49 50 51 52 53 54 55 56 57 58 59 60 61 62 63 64 65 66 67 68 69 70 71 72 73 74 75 76 77 78 79 80 81 82 83 84 85 86 87 88 89 90 91 92 93 94 95 96 97 98 99 100 101 102 103 104 105 106 107 108 109 110 111 112 113 114 115 116 117 118 119 120 121 122 123 124 125 126 127 128 129 130 131 132 133 134 135 136 137 138 139 140 141 142 143 144 145 146 147 148 149 150 151 152 153 154 155 156 157 158 159 160 161 162 163 164 165 166 167 168 169 170 171 172 173 174 175 176 177 178 179 180 181 182 183 184 185 186 187 188 189 190 191 192 193 194 195 196 197 198 199
 done.
 running RMSDs...
 done.
 E lowest :   -83.65692
 139 structures remain within     6.00 kcal/mol window

========================================
            MTD Iterations done         
========================================
 Collecting ensmbles.
 running RMSDs...
 done.
 E lowest :   -83.65693
 365 structures remain within     6.00 kcal/mol window

-----------------------------------------------
Additional regular MDs on lowest 4 conformer(s)
-----------------------------------------------
Starting MD   1 with the settings:
     MD time /ps        :     4.0
     MD Temperature /K  :   400.0
     dt /fs             :     2.0
     dumpstep(trj) /fs  :     100
Starting MD   2 with the settings:
     MD time /ps        :     4.0
     MD Temperature /K  :   500.0
     dt /fs             :     2.0
     dumpstep(trj) /fs  :     100
Starting MD   3 with the settings:
     MD time /ps        :     4.0
     MD Temperature /K  :   400.0
     dt /fs             :     2.0
     dumpstep(trj) /fs  :     100
Starting MD   4 with the settings:
     MD time /ps        :     4.0
     MD Temperature /K  :   500.0
     dt /fs             :     2.0
     dumpstep(trj) /fs  :     100
Starting MD   8 with the settings:
     MD time /ps        :     4.0
     MD Temperature /K  :   500.0
     dt /fs             :     2.0
     dumpstep(trj) /fs  :     100
Starting MD   5 with the settings:
     MD time /ps        :     4.0
     MD Temperature /K  :   400.0
     dt /fs             :     2.0
     dumpstep(trj) /fs  :     100
Starting MD   6 with the settings:
     MD time /ps        :     4.0
     MD Temperature /K  :   500.0
     dt /fs             :     2.0
     dumpstep(trj) /fs  :     100
Starting MD   7 with the settings:
     MD time /ps        :     4.0
     MD Temperature /K  :   400.0
     dt /fs             :     2.0
     dumpstep(trj) /fs  :     100
*MD 1 finished*
*MD 5 finished*
*MD 2 finished*
*MD 4 finished*
*MD 3 finished*
*MD 7 finished*
*MD 6 finished*
*MD 8 finished*
 Appending file crest_rotamers_1.xyz with new structures

 -------------------------------------------
 Ensemble optimization with tight thresholds
 -------------------------------------------
 Optimizing all 677 structures from file "crest_rotamers_1.xyz" ...
 1 2 3 4 5 6 7 8 9 10 11 12 13 14 15 16 17 18 19 20 21 22 23 24 25 26 27 28 29 30 31 32 33 34 35 36 37 38 39 40 41 42 43 44 45 46 47 48 49 50 51 52 53 54 55 56 57 58 59 60 61 62 63 64 65 66 67 68 69 70 71 72 73 74 75 76 77 78 79 80 81 82 83 84 85 86 87 88 89 90 91 92 93 94 95 96 97 98 99 100 101 102 103 104 105 106 107 108 109 110 111 112 113 114 115 116 117 118 119 120 121 122 123 124 125 126 127 128 129 130 131 132 133 134 135 136 137 138 139 140 141 142 143 144 145 146 147 148 149 150 151 152 153 154 155 156 157 158 159 160 161 162 163 164 165 166 167 168 169 170 171 172 173 174 175 176 177 178 179 180 181 182 183 184 185 186 187 188 189 190 191 192 193 194 195 196 197 198 199 200 201 202 203 204 205 206 207 208 209 210 211 212 213 214 215 216 217 218 219 220 221 222 223 224 225 226 227 228 229 230 231 232 233 234 235 236 237 238 239 240 241 242 243 244 245 246 247 248 249 250 251 252 253 254 255 256 257 258 259 260 261 262 263 264 265 266 267 268 269 270 271 272 273 274 275 276 277 278 279 280 281 282 283 284 285 286 287 288 289 290 291 292 293 294 295 296 297 298 299 300 301 302 303 304 305 306 307 308 309 310 311 312 313 314 315 316 317 318 319 320 321 322 323 324 325 326 327 328 329 330 331 332 333 334 335 336 337 338 339 340 341 342 343 344 345 346 347 348 349 350 351 352 353 354 355 356 357 358 359 360 361 362 363 364 365 366 367 368 369 370 371 372 373 374 375 376 377 378 379 380 381 382 383 384 385 386 387 388 389 390 391 392 393 394 395 396 397 398 399 400 401 402 403 404 405 406 407 408 409 410 411 412 413 414 415 416 417 418 419 420 421 422 423 424 425 426 427 428 429 430 431 432 433 434 435 436 437 438 439 440 441 442 443 444 445 446 447 448 449 450 451 452 453 454 455 456 457 458 459 460 461 462 463 464 465 466 467 468 469 470 471 472 473 474 475 476 477 478 479 480 481 482 483 484 485 486 487 488 489 490 491 492 493 494 495 496 497 498 499 500 501 502 503 504 505 506 507 508 509 510 511 512 513 514 515 516 517 518 519 520 521 522 523 524 525 526 527 528 529 530 531 532 533 534 535 536 537 538 539 540 541 542 543 544 545 546 547 548 549 550 551 552 553 554 555 556 557 558 559 560 561 562 563 564 565 566 567 568 569 570 571 572 573 574 575 576 577 578 579 580 581 582 583 584 585 586 587 588 589 590 591 592 593 594 595 596 597 598 599 600 601 602 603 604 605 606 607 608 609 610 611 612 613 614 615 616 617 618 619 620 621 622 623 624 625 626 627 628 629 630 631 632 633 634 635 636 637 638 639 640 641 642 643 644 645 646 647 648 649 650 651 652 653 654 655 656 657 658 659 660 661 662 663 664 665 666 667 668 669 670 671 672 673 674 675 676 677
 done.
 running RMSDs...
 done.
 E lowest :   -83.65692
 476 structures remain within     6.00 kcal/mol window


     ========================================
     |        Structure Crossing (GC)       |
     ========================================
 =============================
  # threads =         128
 =============================
 input  file name : crest_rotamers_3.xyz
number of atoms                :    50
number of points on xyz files  :   476
conformer energy window  /kcal :    6.00
CN per atom difference cut-off :  0.3000
RMSD threshold                 :  0.2500
max. # of generated structures : 400
 reading xyz file ...
 # in E window                476
 generating pairs ...      113525
  65.3 % done
  66.4 % done
  75.2 % done
  80.7 % done
 generated pairs           :        2307
 number of clash discarded :      110743
 average rmsd w.r.t input  : 1.50301
 sd of ensemble            : 0.83560
 number of new structures      :         108
 removed identical structures  :         692
 writing          108  TMPCONF* dirs ...
 --------------------------
 GC: loose pre-optimization
 --------------------------
 Starting optimization of generated structures
 108 jobs to do.
 1 2 3 4 5 6 7 8 9 10 11 12 13 14 15 16 17 18 19 20 21 22 23 24 25 26 27 28 29 30 31 32 33 34 35 36 37 38 39 40 41 42 43 44 45 46 47 48 49 50 51 52 53 54 55 56 57 58 59 60 61 62 63 64 65 66 67 68 69 70 71 72 73 74 75 76 77 78 79 80 81 82 83 84 85 86 87 88 89 90 91 92 93 94 95 96 97 98 99 100 101 102 103 104 105 106 107 108 
 done.
 Now appending opt.xyz file with new structures
 running RMSDs...
 done.
 E lowest :   -83.65762
 108 structures remain within    10.00 kcal/mol window
 --------------------------------------
 GC: optimization with tight thresholds
 --------------------------------------
 Optimizing all 108 structures from file "crest_rotamers_1.xyz" ...
 1 2 3 4 5 6 7 8 9 10 11 12 13 14 15 16 17 18 19 20 21 22 23 24 25 26 27 28 29 30 31 32 33 34 35 36 37 38 39 40 41 42 43 44 45 46 47 48 49 50 51 52 53 54 55 56 57 58 59 60 61 62 63 64 65 66 67 68 69 70 71 72 73 74 75 76 77 78 79 80 81 82 83 84 85 86 87 88 89 90 91 92 93 94 95 96 97 98 99 100 101 102 103 104 105 106 107 108
 done.
 running RMSDs...
 done.
 E lowest :   -83.65692


   ================================================
   |           Final Geometry Optimization        |
   ================================================
 ------------------------------------------------
 Ensemble optimization with very tight thresholds
 ------------------------------------------------
 Optimizing all 549 structures from file "crest_rotamers_4.xyz" ...
 1 2 3 4 5 6 7 8 9 10 11 12 13 14 15 16 17 18 19 20 21 22 23 24 25 26 27 28 29 30 31 32 33 34 35 36 37 38 39 40 41 42 43 44 45 46 47 48 49 50 51 52 53 54 55 56 57 58 59 60 61 62 63 64 65 66 67 68 69 70 71 72 73 74 75 76 77 78 79 80 81 82 83 84 85 86 87 88 89 90 91 92 93 94 95 96 97 98 99 100 101 102 103 104 105 106 107 108 109 110 111 112 113 114 115 116 117 118 119 120 121 122 123 124 125 126 127 128 129 130 131 132 133 134 135 136 137 138 139 140 141 142 143 144 145 146 147 148 149 150 151 152 153 154 155 156 157 158 159 160 161 162 163 164 165 166 167 168 169 170 171 172 173 174 175 176 177 178 179 180 181 182 183 184 185 186 187 188 189 190 191 192 193 194 195 196 197 198 199 200 201 202 203 204 205 206 207 208 209 210 211 212 213 214 215 216 217 218 219 220 221 222 223 224 225 226 227 228 229 230 231 232 233 234 235 236 237 238 239 240 241 242 243 244 245 246 247 248 249 250 251 252 253 254 255 256 257 258 259 260 261 262 263 264 265 266 267 268 269 270 271 272 273 274 275 276 277 278 279 280 281 282 283 284 285 286 287 288 289 290 291 292 293 294 295 296 297 298 299 300 301 302 303 304 305 306 307 308 309 310 311 312 313 314 315 316 317 318 319 320 321 322 323 324 325 326 327 328 329 330 331 332 333 334 335 336 337 338 339 340 341 342 343 344 345 346 347 348 349 350 351 352 353 354 355 356 357 358 359 360 361 362 363 364 365 366 367 368 369 370 371 372 373 374 375 376 377 378 379 380 381 382 383 384 385 386 387 388 389 390 391 392 393 394 395 396 397 398 399 400 401 402 403 404 405 406 407 408 409 410 411 412 413 414 415 416 417 418 419 420 421 422 423 424 425 426 427 428 429 430 431 432 433 434 435 436 437 438 439 440 441 442 443 444 445 446 447 448 449 450 451 452 453 454 455 456 457 458 459 460 461 462 463 464 465 466 467 468 469 470 471 472 473 474 475 476 477 478 479 480 481 482 483 484 485 486 487 488 489 490 491 492 493 494 495 496 497 498 499 500 501 502 503 504 505 506 507 508 509 510 511 512 513 514 515 516 517 518 519 520 521 522 523 524 525 526 527 528 529 530 531 532 533 534 535 536 537 538 539 540 541 542 543 544 545 546 547 548 549
 done.
 running RMSDs...
 done.
 E lowest :   -83.65686
 465 structures remain within     6.00 kcal/mol window

 input  file name : crest_rotamers_5.xyz
 output file name : crest_rotamers_6.xyz
 number of atoms                :   50
 number of points on xyz files  :   549
 RMSD threshold                 :   0.1250
 Bconst threshold               :   0.0100
 population threshold           :   0.0500
 conformer energy window  /kcal :   6.0000
 # fragment in coord            :     2
 # bonds in reference structure :    53
   => # of C=C bonds :     8
 number of reliable points      :   549
 number of removed by energy    :     3
 number of remaining points     :   546
 reference state Etot :  -83.656857329999994
 number of doubles removed by rot/RMSD         :          81
 total number unique points considered further :         465
       Erel/kcal        Etot weight/tot  conformer     set   degen     origin
       1   0.000   -83.65686    0.01526    0.06026       1       4     mtd2
       2   0.001   -83.65686    0.01522                                mtd2
       3   0.010   -83.65684    0.01499                                mtd12
       4   0.019   -83.65683    0.01478                                mtd9
       5   0.054   -83.65677    0.01394    0.13306       2      10     mtd8
       6   0.067   -83.65675    0.01364                                mtd10
       7   0.068   -83.65675    0.01361                                mtd12
       8   0.070   -83.65675    0.01356                                md8
       9   0.087   -83.65672    0.01317                                md7
      10   0.088   -83.65672    0.01315                                md6
      11   0.091   -83.65671    0.01309                                md7
      12   0.095   -83.65671    0.01301                                mtd4
      13   0.095   -83.65671    0.01301                                mtd1
      14   0.100   -83.65670    0.01289                                mtd10
      15   0.109   -83.65668    0.01270    0.09761       3       8     mtd2
      16   0.115   -83.65667    0.01257                                md8
      17   0.122   -83.65666    0.01242                                md7
      18   0.136   -83.65664    0.01212                                md7
      19   0.136   -83.65664    0.01212                                mtd5
      20   0.138   -83.65664    0.01209                                md6
      21   0.148   -83.65662    0.01188                                md7
      22   0.157   -83.65661    0.01171                                mtd4
      23   0.169   -83.65659    0.01147    0.10010       4       9     mtd10
      24   0.173   -83.65658    0.01141                                md5
      25   0.174   -83.65658    0.01137                                gc
      26   0.175   -83.65658    0.01137                                md6
      27   0.181   -83.65657    0.01124                                md4
      28   0.193   -83.65655    0.01101                                gc
      29   0.196   -83.65655    0.01097                                md7
      30   0.212   -83.65652    0.01066                                md7
      31   0.217   -83.65651    0.01058                                md6
      32   0.240   -83.65647    0.01017    0.03987       5       4     md4
      33   0.247   -83.65646    0.01006                                md5
      34   0.255   -83.65645    0.00993                                mtd10
      35   0.269   -83.65643    0.00970                                md6
      36   0.303   -83.65638    0.00916    0.01788       6       2     mtd7
      37   0.332   -83.65633    0.00872                                mtd7
      38   0.465   -83.65612    0.00696    0.01355       7       2     mtd10
      39   0.498   -83.65606    0.00659                                mtd11
      40   0.603   -83.65590    0.00552    0.04252       8       8     gc
      41   0.622   -83.65587    0.00535                                gc
      42   0.623   -83.65586    0.00533                                gc
      43   0.624   -83.65586    0.00533                                gc
      44   0.625   -83.65586    0.00532                                gc
      45   0.626   -83.65586    0.00531                                gc
      46   0.636   -83.65584    0.00522                                gc
      47   0.645   -83.65583    0.00514                                gc
      48   0.654   -83.65582    0.00507    0.02459       9       5     gc
      49   0.664   -83.65580    0.00498                                gc
      50   0.695   -83.65575    0.00472                                gc
      51   0.670   -83.65579    0.00493                                mtd10
      52   0.675   -83.65578    0.00489                                gc
      53   0.694   -83.65575    0.00473    0.00473      10       1     mtd1
      54   0.714   -83.65572    0.00457    0.01736      11       4     md5
      55   0.747   -83.65567    0.00433                                md6
      56   0.761   -83.65565    0.00423                                md6
      57   0.761   -83.65564    0.00423                                md6
      58   0.772   -83.65563    0.00415    0.04806      12      12     mtd4
      59   0.779   -83.65562    0.00410                                md6
      60   0.779   -83.65562    0.00410                                mtd4
      61   0.788   -83.65560    0.00404                                md3
      62   0.788   -83.65560    0.00404                                md4
      63   0.788   -83.65560    0.00404                                md5
      64   0.790   -83.65560    0.00403                                md5
      65   0.799   -83.65558    0.00397                                md6
      66   0.799   -83.65558    0.00396                                md6
      67   0.805   -83.65557    0.00393                                md1
      68   0.817   -83.65556    0.00385                                md6
      69   0.818   -83.65555    0.00384                                md6
      70   0.829   -83.65554    0.00377    0.03333      13       9     mtd1
      71   0.836   -83.65552    0.00372                                gc
      72   0.829   -83.65554    0.00377                                gc
      73   0.847   -83.65551    0.00365                                gc
      74   0.829   -83.65554    0.00377                                md7
      75   0.831   -83.65553    0.00376                                gc
      76   0.876   -83.65546    0.00348                                mtd1
      77   0.848   -83.65551    0.00365                                gc
      78   0.833   -83.65553    0.00375                                md1
      79   0.852   -83.65550    0.00363    0.04680      14      13     mtd1
      80   0.852   -83.65550    0.00363                                gc
      81   0.858   -83.65549    0.00359                                gc
      82   0.833   -83.65553    0.00374                                md4
      83   0.860   -83.65549    0.00358                                mtd5
      84   0.861   -83.65549    0.00357                                mtd5
      85   0.834   -83.65553    0.00374                                mtd10
      86   0.877   -83.65546    0.00348                                gc
      87   0.878   -83.65546    0.00347                                gc
      88   0.866   -83.65548    0.00354                                md8
      89   0.867   -83.65548    0.00354                                gc
      90   0.834   -83.65553    0.00374                                gc
      91   0.867   -83.65548    0.00354                                gc
      92   0.836   -83.65553    0.00373    0.01076      15       3     md4
      93   0.867   -83.65548    0.00354                                md3
      94   0.874   -83.65546    0.00350                                gc
      95   0.895   -83.65543    0.00337    0.01652      16       5     gc
      96   0.909   -83.65541    0.00329                                md8
      97   0.900   -83.65542    0.00334                                mtd5
      98   0.916   -83.65540    0.00325                                mtd5
      99   0.916   -83.65540    0.00325                                md8
     100   0.918   -83.65539    0.00324    0.00324      17       1     gc
     101   0.919   -83.65539    0.00324    0.06387      18      20     md8
     102   0.920   -83.65539    0.00324                                md8
     103   0.920   -83.65539    0.00323                                md8
     104   0.921   -83.65539    0.00323                                md8
     105   0.924   -83.65538    0.00321                                mtd5
     106   0.925   -83.65538    0.00321                                md3
     107   0.925   -83.65538    0.00320                                mtd5
     108   0.929   -83.65538    0.00318                                mtd2
     109   0.900   -83.65542    0.00334                                gc
     110   0.932   -83.65537    0.00317                                mtd5
     111   0.906   -83.65541    0.00331                                mtd5
     112   0.935   -83.65537    0.00316                                gc
     113   0.936   -83.65537    0.00315                                mtd11
     114   0.938   -83.65536    0.00314                                mtd9
     115   0.908   -83.65541    0.00330                                mtd5
     116   0.938   -83.65536    0.00314                                gc
     117   0.938   -83.65536    0.00313                                md1
     118   0.941   -83.65536    0.00312                                mtd5
     119   0.942   -83.65536    0.00312                                gc
     120   0.955   -83.65534    0.00305                                mtd1
     121   0.957   -83.65533    0.00304    0.01200      19       4     md1
     122   0.971   -83.65531    0.00297                                mtd2
     123   0.957   -83.65533    0.00304                                mtd11
     124   0.973   -83.65531    0.00296                                gc
     125   0.980   -83.65530    0.00292    0.01162      20       4     md4
     126   0.995   -83.65527    0.00285                                mtd8
     127   1.000   -83.65526    0.00283                                md5
     128   0.961   -83.65533    0.00302                                md1
     129   0.962   -83.65532    0.00301    0.01681      21       6     gc
     130   1.010   -83.65525    0.00278                                md7
     131   1.012   -83.65524    0.00277                                md3
     132   1.013   -83.65524    0.00276                                md7
     133   1.014   -83.65524    0.00276                                md1
     134   1.020   -83.65523    0.00273                                md7
     135   1.028   -83.65522    0.00270    0.01084      22       4     md8
     136   1.029   -83.65522    0.00269                                md6
     137   1.022   -83.65523    0.00272                                md1
     138   1.020   -83.65523    0.00273                                mtd11
     139   1.025   -83.65522    0.00271    0.02925      23      11     mtd2
     140   1.030   -83.65522    0.00269                                md1
     141   1.032   -83.65521    0.00268                                mtd4
     142   1.033   -83.65521    0.00267                                mtd5
     143   1.062   -83.65516    0.00254                                mtd3
     144   1.035   -83.65521    0.00267                                mtd4
     145   1.036   -83.65521    0.00266                                md5
     146   1.038   -83.65520    0.00265                                mtd3
     147   1.026   -83.65522    0.00271                                md7
     148   1.040   -83.65520    0.00264                                mtd2
     149   1.041   -83.65520    0.00264                                mtd9
     150   1.066   -83.65516    0.00253    0.00253      24       1     mtd2
     151   1.062   -83.65516    0.00254    0.00750      25       3     md6
     152   1.077   -83.65514    0.00248                                mtd3
     153   1.078   -83.65514    0.00248                                md1
     154   1.096   -83.65511    0.00240    0.00488      26       2     mtd1
     155   1.078   -83.65514    0.00248                                mtd11
     156   1.086   -83.65513    0.00244    0.00714      27       3     mtd3
     157   1.118   -83.65508    0.00231                                mtd3
     158   1.101   -83.65510    0.00238                                md7
     159   1.134   -83.65505    0.00225    0.00687      28       3     mtd7
     160   1.115   -83.65508    0.00233                                md6
     161   1.123   -83.65507    0.00230                                mtd9
     162   1.135   -83.65505    0.00225    0.01113      29       5     mtd3
     163   1.139   -83.65504    0.00223                                md1
     164   1.162   -83.65501    0.00215                                mtd4
     165   1.129   -83.65506    0.00227                                md7
     166   1.143   -83.65504    0.00222                                mtd4
     167   1.186   -83.65497    0.00207    0.00631      30       3     mtd9
     168   1.151   -83.65502    0.00219                                mtd3
     169   1.189   -83.65496    0.00206                                mtd9
     170   1.166   -83.65500    0.00213    0.00213      31       1     mtd1
     171   1.183   -83.65497    0.00208    0.00608      32       3     mtd1
     172   1.195   -83.65495    0.00204                                mtd10
     173   1.216   -83.65492    0.00196                                gc
     174   1.218   -83.65492    0.00196    0.00196      33       1     gc
     175   1.219   -83.65491    0.00195    0.02496      34      13     gc
     176   1.222   -83.65491    0.00194                                gc
     177   1.224   -83.65491    0.00194                                md4
     178   1.226   -83.65490    0.00193                                gc
     179   1.226   -83.65490    0.00193                                gc
     180   1.227   -83.65490    0.00193                                gc
     181   1.229   -83.65490    0.00192                                mtd1
     182   1.213   -83.65492    0.00197                                mtd5
     183   1.230   -83.65490    0.00192                                gc
     184   1.234   -83.65489    0.00190                                gc
     185   1.242   -83.65488    0.00188                                gc
     186   1.244   -83.65487    0.00187                                gc
     187   1.245   -83.65487    0.00187                                gc
     188   1.252   -83.65486    0.00185    0.00365      35       2     mtd5
     189   1.267   -83.65484    0.00180                                mtd7
     190   1.269   -83.65483    0.00179    0.00530      36       3     mtd6
     191   1.297   -83.65479    0.00171                                mtd6
     192   1.271   -83.65483    0.00179                                mtd12
     193   1.296   -83.65479    0.00171    0.00338      37       2     gc
     194   1.314   -83.65476    0.00166                                mtd5
     195   1.321   -83.65475    0.00164    0.00479      38       3     mtd7
     196   1.341   -83.65472    0.00159                                mtd7
     197   1.355   -83.65470    0.00155                                mtd11
     198   1.356   -83.65470    0.00155    0.00155      39       1     md4
     199   1.324   -83.65475    0.00164    0.00318      40       2     mtd5
     200   1.357   -83.65469    0.00155                                mtd7
     201   1.326   -83.65474    0.00163    0.00163      41       1     mtd3
     202   1.396   -83.65463    0.00145    0.00145      42       1     mtd5
     203   1.400   -83.65463    0.00144    0.00144      43       1     mtd1
     204   1.404   -83.65462    0.00143    0.00143      44       1     mtd3
     205   1.437   -83.65457    0.00135    0.00135      45       1     mtd9
     206   1.536   -83.65441    0.00114    0.00221      46       2     mtd5
     207   1.580   -83.65434    0.00106                                mtd6
     208   1.564   -83.65436    0.00109    0.00109      47       1     mtd1
     209   1.608   -83.65429    0.00101    0.00101      48       1     mtd9
     210   1.659   -83.65421    0.00093    0.00184      49       2     mtd6
     211   1.673   -83.65419    0.00091                                mtd6
     212   1.690   -83.65416    0.00088    0.00176      50       2     mtd7
     213   1.695   -83.65416    0.00087                                mtd12
     214   1.710   -83.65413    0.00085    0.00085      51       1     mtd6
     215   1.713   -83.65413    0.00085    0.00085      52       1     mtd2
     216   1.764   -83.65405    0.00078    0.00078      53       1     mtd6
     217   1.784   -83.65401    0.00075    0.00221      54       3     mtd4
     218   1.804   -83.65398    0.00073                                mtd11
     219   1.806   -83.65398    0.00073                                mtd8
     220   1.824   -83.65395    0.00070    0.00070      55       1     mtd6
     221   1.834   -83.65393    0.00069    0.00274      56       4     mtd5
     222   1.839   -83.65393    0.00069                                mtd5
     223   1.840   -83.65392    0.00069                                mtd5
     224   1.849   -83.65391    0.00068                                mtd5
     225   1.876   -83.65387    0.00065    0.00065      57       1     mtd12
     226   1.905   -83.65382    0.00061    0.00061      58       1     md4
     227   1.910   -83.65381    0.00061    0.00120      59       2     mtd6
     228   1.927   -83.65379    0.00059                                mtd6
     229   1.948   -83.65375    0.00057    0.00057      60       1     mtd9
     230   1.951   -83.65375    0.00057    0.00057      61       1     mtd5
     231   2.011   -83.65365    0.00051    0.00051      62       1     mtd10
     232   2.032   -83.65362    0.00050    0.00050      63       1     mtd5
     233   2.141   -83.65344    0.00041    0.00041      64       1     mtd10
     234   2.233   -83.65330    0.00035    0.00277      65       8     mtd3
     235   2.238   -83.65329    0.00035                                gc
     236   2.241   -83.65329    0.00035                                mtd3
     237   2.244   -83.65328    0.00035                                gc
     238   2.247   -83.65328    0.00034                                gc
     239   2.248   -83.65328    0.00034                                gc
     240   2.249   -83.65327    0.00034                                gc
     241   2.258   -83.65326    0.00034                                mtd3
     242   2.287   -83.65321    0.00032    0.00032      66       1     mtd7
     243   2.297   -83.65320    0.00032    0.00093      67       3     gc
     244   2.299   -83.65319    0.00032                                gc
     245   2.340   -83.65313    0.00030                                mtd3
     246   2.385   -83.65306    0.00027    0.00027      68       1     mtd4
     247   2.471   -83.65292    0.00024    0.00024      69       1     mtd3
     248   2.480   -83.65291    0.00023    0.00023      70       1     mtd5
     249   2.480   -83.65290    0.00023    0.00023      71       1     mtd3
     250   2.489   -83.65289    0.00023    0.00023      72       1     mtd1
     251   2.557   -83.65278    0.00020    0.00020      73       1     mtd9
     252   2.566   -83.65277    0.00020    0.00020      74       1     mtd11
     253   2.581   -83.65274    0.00020    0.00039      75       2     mtd4
     254   2.603   -83.65271    0.00019                                mtd1
     255   2.619   -83.65268    0.00018    0.00038      76       2     mtd3
     256   2.586   -83.65274    0.00019                                mtd3
     257   2.617   -83.65269    0.00018    0.00018      77       1     mtd3
     258   2.669   -83.65260    0.00017    0.00017      78       1     mtd7
     259   2.675   -83.65259    0.00017    0.00017      79       1     mtd9
     260   2.676   -83.65259    0.00017    0.00017      80       1     mtd8
     261   2.715   -83.65253    0.00016    0.00016      81       1     mtd10
     262   2.749   -83.65248    0.00015    0.00029      82       2     mtd1
     263   2.778   -83.65243    0.00014                                mtd1
     264   2.773   -83.65244    0.00014    0.00028      83       2     mtd8
     265   2.811   -83.65238    0.00013                                mtd8
     266   2.805   -83.65239    0.00013    0.00013      84       1     mtd3
     267   2.838   -83.65234    0.00013    0.00013      85       1     mtd11
     268   2.855   -83.65231    0.00012    0.00036      86       3     mtd1
     269   2.856   -83.65231    0.00012                                mtd1
     270   2.888   -83.65226    0.00012                                mtd2
     271   2.865   -83.65229    0.00012    0.00012      87       1     md2
     272   2.890   -83.65225    0.00012    0.00012      88       1     mtd6
     273   2.946   -83.65216    0.00011    0.00011      89       1     md1
     274   2.949   -83.65216    0.00011    0.00011      90       1     mtd7
     275   2.970   -83.65212    0.00010    0.00010      91       1     mtd9
     276   2.975   -83.65212    0.00010    0.00020      92       2     mtd9
     277   3.014   -83.65205    0.00009                                mtd5
     278   3.014   -83.65205    0.00009    0.00009      93       1     md1
     279   3.015   -83.65205    0.00009    0.00009      94       1     mtd3
     280   3.037   -83.65202    0.00009    0.00009      95       1     mtd10
     281   3.090   -83.65193    0.00008    0.00008      96       1     mtd1
     282   3.103   -83.65191    0.00008    0.00016      97       2     mtd7
     283   3.112   -83.65190    0.00008                                mtd1
     284   3.141   -83.65185    0.00008    0.00023      98       3     mtd3
     285   3.119   -83.65189    0.00008                                mtd3
     286   3.144   -83.65185    0.00008                                mtd5
     287   3.136   -83.65186    0.00008    0.00008      99       1     md1
     288   3.108   -83.65190    0.00008    0.00008     100       1     mtd3
     289   3.158   -83.65183    0.00007    0.00015     101       2     mtd11
     290   3.169   -83.65181    0.00007                                mtd7
     291   3.160   -83.65182    0.00007    0.00007     102       1     mtd9
     292   3.174   -83.65180    0.00007    0.00014     103       2     mtd2
     293   3.220   -83.65173    0.00007                                mtd1
     294   3.192   -83.65177    0.00007    0.00007     104       1     mtd3
     295   3.234   -83.65170    0.00007    0.00013     105       2     mtd5
     296   3.249   -83.65168    0.00006                                mtd11
     297   3.285   -83.65162    0.00006    0.00012     106       2     mtd6
     298   3.288   -83.65162    0.00006                                mtd6
     299   3.292   -83.65161    0.00006    0.00006     107       1     mtd7
     300   3.303   -83.65159    0.00006    0.00006     108       1     md1
     301   3.332   -83.65155    0.00006    0.00006     109       1     md1
     302   3.349   -83.65152    0.00005    0.00005     110       1     mtd1
     303   3.363   -83.65150    0.00005    0.00010     111       2     md1
     304   3.366   -83.65149    0.00005                                mtd1
     305   3.383   -83.65147    0.00005    0.00005     112       1     gc
     306   3.363   -83.65150    0.00005    0.00010     113       2     md5
     307   3.403   -83.65143    0.00005                                mtd1
     308   3.414   -83.65142    0.00005    0.00005     114       1     mtd1
     309   3.397   -83.65144    0.00005    0.00010     115       2     mtd9
     310   3.419   -83.65141    0.00005                                md2
     311   3.424   -83.65140    0.00005    0.00019     116       4     gc
     312   3.432   -83.65139    0.00005                                gc
     313   3.419   -83.65141    0.00005                                mtd9
     314   3.432   -83.65139    0.00005                                mtd10
     315   3.437   -83.65138    0.00005    0.00005     117       1     mtd6
     316   3.426   -83.65140    0.00005    0.00019     118       4     mtd2
     317   3.440   -83.65138    0.00005                                mtd8
     318   3.453   -83.65135    0.00005                                gc
     319   3.426   -83.65140    0.00005                                mtd6
     320   3.446   -83.65137    0.00005    0.00005     119       1     md2
     321   3.457   -83.65135    0.00004    0.00004     120       1     mtd10
     322   3.458   -83.65135    0.00004    0.00004     121       1     mtd5
     323   3.486   -83.65130    0.00004    0.00009     122       2     mtd10
     324   3.490   -83.65130    0.00004                                mtd9
     325   3.497   -83.65128    0.00004    0.00008     123       2     gc
     326   3.516   -83.65125    0.00004                                mtd1
     327   3.518   -83.65125    0.00004    0.00004     124       1     gc
     328   3.514   -83.65126    0.00004    0.00004     125       1     mtd5
     329   3.519   -83.65125    0.00004    0.00004     126       1     md1
     330   3.534   -83.65122    0.00004    0.00004     127       1     mtd5
     331   3.565   -83.65118    0.00004    0.00004     128       1     mtd6
     332   3.568   -83.65117    0.00004    0.00011     129       3     gc
     333   3.578   -83.65116    0.00004                                gc
     334   3.591   -83.65113    0.00004                                mtd9
     335   3.622   -83.65109    0.00003    0.00010     130       3     gc
     336   3.636   -83.65106    0.00003                                gc
     337   3.648   -83.65104    0.00003                                mtd11
     338   3.631   -83.65107    0.00003    0.00013     131       4     mtd6
     339   3.662   -83.65102    0.00003                                md1
     340   3.633   -83.65107    0.00003                                mtd10
     341   3.650   -83.65104    0.00003                                gc
     342   3.663   -83.65102    0.00003    0.00003     132       1     mtd12
     343   3.656   -83.65103    0.00003    0.00003     133       1     mtd6
     344   3.706   -83.65095    0.00003    0.00003     134       1     mtd11
     345   3.711   -83.65094    0.00003    0.00006     135       2     mtd1
     346   3.731   -83.65091    0.00003                                mtd11
     347   3.753   -83.65088    0.00003    0.00003     136       1     mtd1
     348   3.722   -83.65093    0.00003    0.00003     137       1     mtd6
     349   3.755   -83.65087    0.00003    0.00003     138       1     gc
     350   3.772   -83.65085    0.00003    0.00003     139       1     mtd10
     351   3.797   -83.65081    0.00003    0.00003     140       1     mtd12
     352   3.811   -83.65078    0.00002    0.00005     141       2     gc
     353   3.826   -83.65076    0.00002                                mtd5
     354   3.830   -83.65075    0.00002    0.00002     142       1     gc
     355   3.811   -83.65078    0.00002    0.00002     143       1     mtd3
     356   3.878   -83.65068    0.00002    0.00002     144       1     mtd9
     357   3.916   -83.65062    0.00002    0.00006     145       3     mtd4
     358   3.921   -83.65061    0.00002                                mtd4
     359   3.925   -83.65060    0.00002                                mtd4
     360   3.947   -83.65057    0.00002    0.00002     146       1     gc
     361   3.976   -83.65052    0.00002    0.00002     147       1     mtd9
     362   4.017   -83.65046    0.00002    0.00002     148       1     md3
     363   4.114   -83.65030    0.00001    0.00004     149       3     mtd9
     364   4.121   -83.65029    0.00001                                mtd1
     365   4.127   -83.65028    0.00001                                mtd1
     366   4.118   -83.65029    0.00001    0.00001     150       1     md3
     367   4.119   -83.65029    0.00001    0.00003     151       2     gc
     368   4.146   -83.65025    0.00001                                gc
     369   4.165   -83.65022    0.00001    0.00001     152       1     mtd9
     370   4.188   -83.65018    0.00001    0.00003     153       2     md3
     371   4.222   -83.65013    0.00001                                md3
     372   4.291   -83.65002    0.00001    0.00002     154       2     mtd6
     373   4.334   -83.64995    0.00001                                mtd7
     374   4.336   -83.64995    0.00001    0.00003     155       3     mtd6
     375   4.348   -83.64993    0.00001                                mtd6
     376   4.331   -83.64996    0.00001                                mtd7
     377   4.350   -83.64993    0.00001    0.00001     156       1     md4
     378   4.357   -83.64991    0.00001    0.00005     157       5     mtd6
     379   4.363   -83.64991    0.00001                                mtd3
     380   4.364   -83.64990    0.00001                                md4
     381   4.365   -83.64990    0.00001                                mtd5
     382   4.338   -83.64994    0.00001                                md4
     383   4.402   -83.64984    0.00001    0.00001     158       1     mtd6
     384   4.473   -83.64973    0.00001    0.00001     159       1     mtd5
     385   4.529   -83.64964    0.00001    0.00001     160       1     mtd6
     386   4.536   -83.64963    0.00001    0.00001     161       2     mtd5
     387   4.553   -83.64960    0.00001                                mtd5
     388   4.554   -83.64960    0.00001    0.00002     162       3     mtd7
     389   4.578   -83.64956    0.00001                                mtd10
     390   4.585   -83.64955    0.00001                                mtd10
     391   4.618   -83.64950    0.00001    0.00001     163       1     mtd7
     392   4.630   -83.64948    0.00001    0.00001     164       1     mtd1
     393   4.639   -83.64946    0.00001    0.00001     165       1     mtd2
     394   4.679   -83.64940    0.00001    0.00002     166       3     mtd9
     395   4.692   -83.64938    0.00001                                mtd1
     396   4.699   -83.64937    0.00001                                mtd10
     397   4.710   -83.64935    0.00001    0.00001     167       2     mtd7
     398   4.685   -83.64939    0.00001                                mtd10
     399   4.693   -83.64938    0.00001    0.00001     168       2     mtd7
     400   4.689   -83.64939    0.00001                                mtd1
     401   4.721   -83.64933    0.00001    0.00001     169       1     mtd7
     402   4.729   -83.64932    0.00001    0.00001     170       1     gc
     403   4.761   -83.64927    0.00000    0.00000     171       1     mtd9
     404   4.767   -83.64926    0.00000    0.00000     172       1     mtd8
     405   4.796   -83.64921    0.00000    0.00001     173       2     mtd9
     406   4.843   -83.64914    0.00000                                mtd9
     407   4.825   -83.64917    0.00000    0.00001     174       2     mtd7
     408   4.858   -83.64911    0.00000                                mtd7
     409   4.877   -83.64909    0.00000    0.00000     175       1     mtd1
     410   4.880   -83.64908    0.00000    0.00001     176       2     mtd11
     411   4.886   -83.64907    0.00000                                mtd8
     412   4.923   -83.64901    0.00000    0.00000     177       1     mtd5
     413   4.880   -83.64908    0.00000    0.00000     178       1     mtd9
     414   4.946   -83.64898    0.00000    0.00000     179       1     mtd5
     415   4.952   -83.64897    0.00000    0.00000     180       1     mtd1
     416   5.020   -83.64886    0.00000    0.00001     181       2     mtd9
     417   5.050   -83.64881    0.00000                                mtd1
     418   5.057   -83.64880    0.00000    0.00000     182       1     mtd4
     419   5.096   -83.64874    0.00000    0.00000     183       1     mtd10
     420   5.109   -83.64872    0.00000    0.00000     184       1     mtd3
     421   5.161   -83.64863    0.00000    0.00000     185       1     mtd8
     422   5.208   -83.64856    0.00000    0.00000     186       1     mtd10
     423   5.211   -83.64855    0.00000    0.00000     187       1     mtd3
     424   5.280   -83.64844    0.00000    0.00000     188       1     mtd2
     425   5.312   -83.64839    0.00000    0.00001     189       3     mtd8
     426   5.343   -83.64834    0.00000                                mtd9
     427   5.349   -83.64833    0.00000                                mtd9
     428   5.350   -83.64833    0.00000    0.00000     190       1     mtd2
     429   5.318   -83.64838    0.00000    0.00000     191       1     md4
     430   5.351   -83.64833    0.00000    0.00000     192       1     mtd9
     431   5.327   -83.64837    0.00000    0.00000     193       1     mtd10
     432   5.374   -83.64829    0.00000    0.00000     194       1     mtd11
     433   5.376   -83.64829    0.00000    0.00000     195       1     md4
     434   5.427   -83.64821    0.00000    0.00000     196       2     mtd4
     435   5.428   -83.64821    0.00000                                mtd3
     436   5.441   -83.64819    0.00000    0.00000     197       1     mtd4
     437   5.428   -83.64821    0.00000    0.00000     198       1     mtd9
     438   5.458   -83.64816    0.00000    0.00000     199       1     mtd11
     439   5.499   -83.64809    0.00000    0.00000     200       1     md4
     440   5.528   -83.64805    0.00000    0.00000     201       1     mtd11
     441   5.550   -83.64801    0.00000    0.00000     202       1     mtd4
     442   5.582   -83.64796    0.00000    0.00000     203       3     mtd2
     443   5.593   -83.64794    0.00000                                mtd2
     444   5.618   -83.64790    0.00000                                mtd2
     445   5.604   -83.64793    0.00000    0.00000     204       1     mtd10
     446   5.655   -83.64785    0.00000    0.00000     205       1     mtd5
     447   5.676   -83.64781    0.00000    0.00000     206       2     md5
     448   5.694   -83.64778    0.00000                                md5
     449   5.703   -83.64777    0.00000    0.00000     207       5     mtd12
     450   5.707   -83.64776    0.00000                                mtd2
     451   5.714   -83.64775    0.00000                                mtd12
     452   5.716   -83.64775    0.00000                                mtd12
     453   5.728   -83.64773    0.00000                                mtd9
     454   5.734   -83.64772    0.00000    0.00000     208       1     mtd12
     455   5.724   -83.64774    0.00000    0.00000     209       1     mtd7
     456   5.802   -83.64761    0.00000    0.00000     210       3     mtd6
     457   5.820   -83.64758    0.00000                                mtd8
     458   5.832   -83.64756    0.00000                                mtd6
     459   5.840   -83.64755    0.00000    0.00000     211       1     mtd12
     460   5.842   -83.64755    0.00000    0.00000     212       2     mtd6
     461   5.851   -83.64753    0.00000                                mtd11
     462   5.877   -83.64749    0.00000    0.00000     213       1     mtd5
     463   5.894   -83.64746    0.00000    0.00000     214       1     mtd12
     464   5.915   -83.64743    0.00000    0.00000     215       1     mtd6
     465   5.933   -83.64740    0.00000    0.00000     216       1     mtd14
T /K                                  :   298.15
E lowest                              :   -83.65686
ensemble average energy (kcal)        :    0.608
ensemble entropy (J/mol K, cal/mol K) :   43.295   10.348
ensemble free energy (kcal/mol)       :   -3.085
population of lowest in %             :    6.026
 number of unique conformers for further calc          216
 list of relative energies saved as "crest.energies"

 -----------------
 Wall Time Summary
 -----------------
             test MD wall time :         0h : 0m : 0s
                 MTD wall time :         0h : 0m :50s
      multilevel OPT wall time :         0h : 1m : 3s
                  MD wall time :         0h : 0m :12s
                  GC wall time :         0h : 0m : 4s
--------------------
Overall wall time  : 0h : 2m :19s

 CREST terminated normally.
