
       ==============================================
       |                                            |
       |                 C R E S T                  |
       |                                            |
       |  Conformer-Rotamer Ensemble Sampling Tool  |
       |          based on the GFN methods          |
       |             P.Pracht, S.Grimme             |
       |          Universitaet Bonn, MCTC           |
       ==============================================
       Version 2.12,   Thu 19. Mai 16:32:32 CEST 2022
  Using the xTB program. Compatible with xTB version 6.4.0

   Cite work conducted with this code as

   • P.Pracht, F.Bohle, S.Grimme, PCCP, 2020, 22, 7169-7192.
   • S.Grimme, JCTC, 2019, 15, 2847-2862.

   and for works involving QCG as

   • S.Spicher, C.Plett, P.Pracht, A.Hansen, S.Grimme,
     JCTC, 2022, 18 (5), 3174-3189.

   with help from:
   C.Bannwarth, F.Bohle, S.Ehlert, S.Grimme,
   C.Plett, P.Pracht, S.Spicher

   This program is distributed in the hope that it will be useful,
   but WITHOUT ANY WARRANTY; without even the implied warranty of
   MERCHANTABILITY or FITNESS FOR A PARTICULAR PURPOSE.

 Command line input:
 > crest xtbopt.xyz --gfn2//gfnff --chrg 1 --uhf 0 --nci --cbonds -T 128

  -gfn2//gfnff : energy reweighting
  --chrg 1
  --uhf 0
  --nci  : Special NCI mode for non-covalently bound complexes or clusters.
  -T 128 (CPUs/Threads selected)
  Automatically generated ellipsoide potential for NCI mode:
> $wall
>   potential=polynomial
>   ellipsoid: 54.729701836636082, 24.011888229604761, 23.904579818383318, all


 -------------------------
 xTB Geometry Optimization
 -------------------------
 Geometry successfully optimized.

------------------------------------------------
Generating MTD length from a flexibility measure
------------------------------------------------
 System flexiblity is set to 1.0 for NCI mode
 flexibility measure :   1.000
 t(MTD) / ps    :    11.0
 Σ(t(MTD)) / ps :    66.0 (6 MTDs)

-------------------------------------
Starting a trial MTD to test settings
-------------------------------------
 Estimated runtime for one MTD (11.0 ps) on a single thread: 21 min 31 sec
 Estimated runtime for a batch of 6 MTDs on 128 threads: 1 min 1 sec

 list of Vbias parameters applied:
$metadyn    0.00100   1.000
$metadyn    0.00050   1.000
$metadyn    0.00100   0.500
$metadyn    0.00050   0.500
$metadyn    0.00100   0.250
$metadyn    0.00050   0.250

*******************************************************************************************
**                        N E W    I T E R A T I O N    C Y C L E                        **
*******************************************************************************************

========================================
            MTD Iteration  1
========================================

     ========================================
     |         Meta-MD (MTD) Sampling       |
     ========================================

Starting Meta-MD   2 with the settings:
     MD time /ps        :    11.0
     dt /fs             :     2.0
     dumpstep(trj) /fs  :     100
     dumpstep(Vbias)/ps :     1.0
     Vbias factor k /Eh :  0.0145
     Vbias exp α /bohr⁻²:    1.00
Starting Meta-MD   1 with the settings:
     MD time /ps        :    11.0
     dt /fs             :     2.0
     dumpstep(trj) /fs  :     100
     dumpstep(Vbias)/ps :     1.0
     Vbias factor k /Eh :  0.0290
     Vbias exp α /bohr⁻²:    1.00
Starting Meta-MD   6 with the settings:
     MD time /ps        :    11.0
     dt /fs             :     2.0
     dumpstep(trj) /fs  :     100
     dumpstep(Vbias)/ps :     1.0
     Vbias factor k /Eh :  0.0145
     Vbias exp α /bohr⁻²:    0.25
Starting Meta-MD   3 with the settings:
     MD time /ps        :    11.0
     dt /fs             :     2.0
     dumpstep(trj) /fs  :     100
     dumpstep(Vbias)/ps :     1.0
     Vbias factor k /Eh :  0.0290
     Vbias exp α /bohr⁻²:    0.50
Starting Meta-MD   4 with the settings:
     MD time /ps        :    11.0
     dt /fs             :     2.0
     dumpstep(trj) /fs  :     100
     dumpstep(Vbias)/ps :     1.0
     Vbias factor k /Eh :  0.0145
     Vbias exp α /bohr⁻²:    0.50
Starting Meta-MD   5 with the settings:
     MD time /ps        :    11.0
     dt /fs             :     2.0
     dumpstep(trj) /fs  :     100
     dumpstep(Vbias)/ps :     1.0
     Vbias factor k /Eh :  0.0290
     Vbias exp α /bohr⁻²:    0.25
*Meta-MTD 1 finished*
*Meta-MTD 4 finished*
*Meta-MTD 5 finished*
*Meta-MTD 2 finished*
*Meta-MTD 3 finished*
*Meta-MTD 6 finished*

-----------------------
Multilevel Optimization
-----------------------

 -------------------------
 1. crude pre-optimization
 -------------------------
 Optimizing all 654 structures from file "crest_rotamers_0.xyz" ...
 1 2 3 4 5 6 7 8 9 10 11 12 13 14 15 16 17 18 19 20 21 22 23 24 25 26 27 28 29 30 31 32 33 34 35 36 37 38 39 40 41 42 43 44 45 46 47 48 49 50 51 52 53 54 55 56 57 58 59 60 61 62 63 64 65 66 67 68 69 70 71 72 73 74 75 76 77 78 79 80 81 82 83 84 85 86 87 88 89 90 91 92 93 94 95 96 97 98 99 100 101 102 103 104 105 106 107 108 109 110 111 112 113 114 115 116 117 118 119 120 121 122 123 124 125 126 127 128 129 130 131 132 133 134 135 136 137 138 139 140 141 142 143 144 145 146 147 148 149 150 151 152 153 154 155 156 157 158 159 160 161 162 163 164 165 166 167 168 169 170 171 172 173 174 175 176 177 178 179 180 181 182 183 184 185 186 187 188 189 190 191 192 193 194 195 196 197 198 199 200 201 202 203 204 205 206 207 208 209 210 211 212 213 214 215 216 217 218 219 220 221 222 223 224 225 226 227 228 229 230 231 232 233 234 235 236 237 238 239 240 241 242 243 244 245 246 247 248 249 250 251 252 253 254 255 256 257 258 259 260 261 262 263 264 265 266 267 268 269 270 271 272 273 274 275 276 277 278 279 280 281 282 283 284 285 286 287 288 289 290 291 292 293 294 295 296 297 298 299 300 301 302 303 304 305 306 307 308 309 310 311 312 313 314 315 316 317 318 319 320 321 322 323 324 325 326 327 328 329 330 331 332 333 334 335 336 337 338 339 340 341 342 343 344 345 346 347 348 349 350 351 352 353 354 355 356 357 358 359 360 361 362 363 364 365 366 367 368 369 370 371 372 373 374 375 376 377 378 379 380 381 382 383 384 385 386 387 388 389 390 391 392 393 394 395 396 397 398 399 400 401 402 403 404 405 406 407 408 409 410 411 412 413 414 415 416 417 418 419 420 421 422 423 424 425 426 427 428 429 430 431 432 433 434 435 436 437 438 439 440 441 442 443 444 445 446 447 448 449 450 451 452 453 454 455 456 457 458 459 460 461 462 463 464 465 466 467 468 469 470 471 472 473 474 475 476 477 478 479 480 481 482 483 484 485 486 487 488 489 490 491 492 493 494 495 496 497 498 499 500 501 502 503 504 505 506 507 508 509 510 511 512 513 514 515 516 517 518 519 520 521 522 523 524 525 526 527 528 529 530 531 532 533 534 535 536 537 538 539 540 541 542 543 544 545 546 547 548 549 550 551 552 553 554 555 556 557 558 559 560 561 562 563 564 565 566 567 568 569 570 571 572 573 574 575 576 577 578 579 580 581 582 583 584 585 586 587 588 589 590 591 592 593 594 595 596 597 598 599 600 601 602 603 604 605 606 607 608 609 610 611 612 613 614 615 616 617 618 619 620 621 622 623 624 625 626 627 628 629 630 631 632 633 634 635 636 637 638 639 640 641 642 643 644 645 646 647 648 649 650 651 652 653 654
 done.
 running RMSDs...
 done.
 E lowest :   -29.82428
 642 structures remain within    12.00 kcal/mol window

 -------------------------------------
 2. optimization with tight thresholds
 -------------------------------------
 Optimizing all 643 structures from file "crest_rotamers_1.xyz" ...
 1 2 3 4 5 6 7 8 9 10 11 12 13 14 15 16 17 18 19 20 21 22 23 24 25 26 27 28 29 30 31 32 33 34 35 36 37 38 39 40 41 42 43 44 45 46 47 48 49 50 51 52 53 54 55 56 57 58 59 60 61 62 63 64 65 66 67 68 69 70 71 72 73 74 75 76 77 78 79 80 81 82 83 84 85 86 87 88 89 90 91 92 93 94 95 96 97 98 99 100 101 102 103 104 105 106 107 108 109 110 111 112 113 114 115 116 117 118 119 120 121 122 123 124 125 126 127 128 129 130 131 132 133 134 135 136 137 138 139 140 141 142 143 144 145 146 147 148 149 150 151 152 153 154 155 156 157 158 159 160 161 162 163 164 165 166 167 168 169 170 171 172 173 174 175 176 177 178 179 180 181 182 183 184 185 186 187 188 189 190 191 192 193 194 195 196 197 198 199 200 201 202 203 204 205 206 207 208 209 210 211 212 213 214 215 216 217 218 219 220 221 222 223 224 225 226 227 228 229 230 231 232 233 234 235 236 237 238 239 240 241 242 243 244 245 246 247 248 249 250 251 252 253 254 255 256 257 258 259 260 261 262 263 264 265 266 267 268 269 270 271 272 273 274 275 276 277 278 279 280 281 282 283 284 285 286 287 288 289 290 291 292 293 294 295 296 297 298 299 300 301 302 303 304 305 306 307 308 309 310 311 312 313 314 315 316 317 318 319 320 321 322 323 324 325 326 327 328 329 330 331 332 333 334 335 336 337 338 339 340 341 342 343 344 345 346 347 348 349 350 351 352 353 354 355 356 357 358 359 360 361 362 363 364 365 366 367 368 369 370 371 372 373 374 375 376 377 378 379 380 381 382 383 384 385 386 387 388 389 390 391 392 393 394 395 396 397 398 399 400 401 402 403 404 405 406 407 408 409 410 411 412 413 414 415 416 417 418 419 420 421 422 423 424 425 426 427 428 429 430 431 432 433 434 435 436 437 438 439 440 441 442 443 444 445 446 447 448 449 450 451 452 453 454 455 456 457 458 459 460 461 462 463 464 465 466 467 468 469 470 471 472 473 474 475 476 477 478 479 480 481 482 483 484 485 486 487 488 489 490 491 492 493 494 495 496 497 498 499 500 501 502 503 504 505 506 507 508 509 510 511 512 513 514 515 516 517 518 519 520 521 522 523 524 525 526 527 528 529 530 531 532 533 534 535 536 537 538 539 540 541 542 543 544 545 546 547 548 549 550 551 552 553 554 555 556 557 558 559 560 561 562 563 564 565 566 567 568 569 570 571 572 573 574 575 576 577 578 579 580 581 582 583 584 585 586 587 588 589 590 591 592 593 594 595 596 597 598 599 600 601 602 603 604 605 606 607 608 609 610 611 612 613 614 615 616 617 618 619 620 621 622 623 624 625 626 627 628 629 630 631 632 633 634 635 636 637 638 639 640 641 642 643
 done.
 running RMSDs...
 done.
 E lowest :   -29.82522
 336 structures remain within     6.00 kcal/mol window


========================================
            MTD Iteration  2
========================================

     ========================================
     |         Meta-MD (MTD) Sampling       |
     ========================================

Starting Meta-MD   1 with the settings:
     MD time /ps        :    11.0
     dt /fs             :     2.0
     dumpstep(trj) /fs  :     100
     dumpstep(Vbias)/ps :     1.0
     Vbias factor k /Eh :  0.0290
     Vbias exp α /bohr⁻²:    1.00
Starting Meta-MD   2 with the settings:
     MD time /ps        :    11.0
     dt /fs             :     2.0
     dumpstep(trj) /fs  :     100
     dumpstep(Vbias)/ps :     1.0
     Vbias factor k /Eh :  0.0145
     Vbias exp α /bohr⁻²:    1.00
Starting Meta-MD   4 with the settings:
     MD time /ps        :    11.0
     dt /fs             :     2.0
     dumpstep(trj) /fs  :     100
     dumpstep(Vbias)/ps :     1.0
     Vbias factor k /Eh :  0.0145
     Vbias exp α /bohr⁻²:    0.50
Starting Meta-MD   3 with the settings:
     MD time /ps        :    11.0
     dt /fs             :     2.0
     dumpstep(trj) /fs  :     100
     dumpstep(Vbias)/ps :     1.0
     Vbias factor k /Eh :  0.0290
     Vbias exp α /bohr⁻²:    0.50
*Meta-MTD 3 finished*
*Meta-MTD 4 finished*
*Meta-MTD 2 finished*
*Meta-MTD 1 finished*

-----------------------
Multilevel Optimization
-----------------------

 -------------------------
 1. crude pre-optimization
 -------------------------
 Optimizing all 436 structures from file "crest_rotamers_0.xyz" ...
 1 2 3 4 5 6 7 8 9 10 11 12 13 14 15 16 17 18 19 20 21 22 23 24 25 26 27 28 29 30 31 32 33 34 35 36 37 38 39 40 41 42 43 44 45 46 47 48 49 50 51 52 53 54 55 56 57 58 59 60 61 62 63 64 65 66 67 68 69 70 71 72 73 74 75 76 77 78 79 80 81 82 83 84 85 86 87 88 89 90 91 92 93 94 95 96 97 98 99 100 101 102 103 104 105 106 107 108 109 110 111 112 113 114 115 116 117 118 119 120 121 122 123 124 125 126 127 128 129 130 131 132 133 134 135 136 137 138 139 140 141 142 143 144 145 146 147 148 149 150 151 152 153 154 155 156 157 158 159 160 161 162 163 164 165 166 167 168 169 170 171 172 173 174 175 176 177 178 179 180 181 182 183 184 185 186 187 188 189 190 191 192 193 194 195 196 197 198 199 200 201 202 203 204 205 206 207 208 209 210 211 212 213 214 215 216 217 218 219 220 221 222 223 224 225 226 227 228 229 230 231 232 233 234 235 236 237 238 239 240 241 242 243 244 245 246 247 248 249 250 251 252 253 254 255 256 257 258 259 260 261 262 263 264 265 266 267 268 269 270 271 272 273 274 275 276 277 278 279 280 281 282 283 284 285 286 287 288 289 290 291 292 293 294 295 296 297 298 299 300 301 302 303 304 305 306 307 308 309 310 311 312 313 314 315 316 317 318 319 320 321 322 323 324 325 326 327 328 329 330 331 332 333 334 335 336 337 338 339 340 341 342 343 344 345 346 347 348 349 350 351 352 353 354 355 356 357 358 359 360 361 362 363 364 365 366 367 368 369 370 371 372 373 374 375 376 377 378 379 380 381 382 383 384 385 386 387 388 389 390 391 392 393 394 395 396 397 398 399 400 401 402 403 404 405 406 407 408 409 410 411 412 413 414 415 416 417 418 419 420 421 422 423 424 425 426 427 428 429 430 431 432 433 434 435 436
 done.
 running RMSDs...
 done.
 E lowest :   -29.82513
 429 structures remain within    12.00 kcal/mol window

 -------------------------------------
 2. optimization with tight thresholds
 -------------------------------------
 Optimizing all 430 structures from file "crest_rotamers_1.xyz" ...
 1 2 3 4 5 6 7 8 9 10 11 12 13 14 15 16 17 18 19 20 21 22 23 24 25 26 27 28 29 30 31 32 33 34 35 36 37 38 39 40 41 42 43 44 45 46 47 48 49 50 51 52 53 54 55 56 57 58 59 60 61 62 63 64 65 66 67 68 69 70 71 72 73 74 75 76 77 78 79 80 81 82 83 84 85 86 87 88 89 90 91 92 93 94 95 96 97 98 99 100 101 102 103 104 105 106 107 108 109 110 111 112 113 114 115 116 117 118 119 120 121 122 123 124 125 126 127 128 129 130 131 132 133 134 135 136 137 138 139 140 141 142 143 144 145 146 147 148 149 150 151 152 153 154 155 156 157 158 159 160 161 162 163 164 165 166 167 168 169 170 171 172 173 174 175 176 177 178 179 180 181 182 183 184 185 186 187 188 189 190 191 192 193 194 195 196 197 198 199 200 201 202 203 204 205 206 207 208 209 210 211 212 213 214 215 216 217 218 219 220 221 222 223 224 225 226 227 228 229 230 231 232 233 234 235 236 237 238 239 240 241 242 243 244 245 246 247 248 249 250 251 252 253 254 255 256 257 258 259 260 261 262 263 264 265 266 267 268 269 270 271 272 273 274 275 276 277 278 279 280 281 282 283 284 285 286 287 288 289 290 291 292 293 294 295 296 297 298 299 300 301 302 303 304 305 306 307 308 309 310 311 312 313 314 315 316 317 318 319 320 321 322 323 324 325 326 327 328 329 330 331 332 333 334 335 336 337 338 339 340 341 342 343 344 345 346 347 348 349 350 351 352 353 354 355 356 357 358 359 360 361 362 363 364 365 366 367 368 369 370 371 372 373 374 375 376 377 378 379 380 381 382 383 384 385 386 387 388 389 390 391 392 393 394 395 396 397 398 399 400 401 402 403 404 405 406 407 408 409 410 411 412 413 414 415 416 417 418 419 420 421 422 423 424 425 426 427 428 429 430
 done.
 running RMSDs...
 done.
 E lowest :   -29.82525
 201 structures remain within     6.00 kcal/mol window

========================================
            MTD Iterations done         
========================================
 Collecting ensmbles.
 running RMSDs...
 done.
 E lowest :   -29.82525
 525 structures remain within     6.00 kcal/mol window



   ================================================
   |           Final Geometry Optimization        |
   ================================================
 ------------------------------------------------
 Ensemble optimization with very tight thresholds
 ------------------------------------------------
 Optimizing all 525 structures from file "crest_rotamers_1.xyz" ...
 1 2 3 4 5 6 7 8 9 10 11 12 13 14 15 16 17 18 19 20 21 22 23 24 25 26 27 28 29 30 31 32 33 34 35 36 37 38 39 40 41 42 43 44 45 46 47 48 49 50 51 52 53 54 55 56 57 58 59 60 61 62 63 64 65 66 67 68 69 70 71 72 73 74 75 76 77 78 79 80 81 82 83 84 85 86 87 88 89 90 91 92 93 94 95 96 97 98 99 100 101 102 103 104 105 106 107 108 109 110 111 112 113 114 115 116 117 118 119 120 121 122 123 124 125 126 127 128 129 130 131 132 133 134 135 136 137 138 139 140 141 142 143 144 145 146 147 148 149 150 151 152 153 154 155 156 157 158 159 160 161 162 163 164 165 166 167 168 169 170 171 172 173 174 175 176 177 178 179 180 181 182 183 184 185 186 187 188 189 190 191 192 193 194 195 196 197 198 199 200 201 202 203 204 205 206 207 208 209 210 211 212 213 214 215 216 217 218 219 220 221 222 223 224 225 226 227 228 229 230 231 232 233 234 235 236 237 238 239 240 241 242 243 244 245 246 247 248 249 250 251 252 253 254 255 256 257 258 259 260 261 262 263 264 265 266 267 268 269 270 271 272 273 274 275 276 277 278 279 280 281 282 283 284 285 286 287 288 289 290 291 292 293 294 295 296 297 298 299 300 301 302 303 304 305 306 307 308 309 310 311 312 313 314 315 316 317 318 319 320 321 322 323 324 325 326 327 328 329 330 331 332 333 334 335 336 337 338 339 340 341 342 343 344 345 346 347 348 349 350 351 352 353 354 355 356 357 358 359 360 361 362 363 364 365 366 367 368 369 370 371 372 373 374 375 376 377 378 379 380 381 382 383 384 385 386 387 388 389 390 391 392 393 394 395 396 397 398 399 400 401 402 403 404 405 406 407 408 409 410 411 412 413 414 415 416 417 418 419 420 421 422 423 424 425 426 427 428 429 430 431 432 433 434 435 436 437 438 439 440 441 442 443 444 445 446 447 448 449 450 451 452 453 454 455 456 457 458 459 460 461 462 463 464 465 466 467 468 469 470 471 472 473 474 475 476 477 478 479 480 481 482 483 484 485 486 487 488 489 490 491 492 493 494 495 496 497 498 499 500 501 502 503 504 505 506 507 508 509 510 511 512 513 514 515 516 517 518 519 520 521 522 523 524 525
 done.
 running RMSDs...
 done.
 E lowest :   -29.82525
 511 structures remain within     6.00 kcal/mol window

 input  file name : crest_rotamers_2.xyz
 output file name : crest_rotamers_3.xyz
 number of atoms                :   29
 number of points on xyz files  :   525
 RMSD threshold                 :   0.1250
 Bconst threshold               :   0.0100
 population threshold           :   0.0500
 conformer energy window  /kcal :   6.0000
 # fragment in coord            :     1
 # bonds in reference structure :    28
 number of reliable points      :   525
 reference state Etot :  -29.825248819999999
 number of doubles removed by rot/RMSD         :          14
 total number unique points considered further :         511
       Erel/kcal        Etot weight/tot  conformer     set   degen     origin
       1   0.000   -29.82525    0.01369    0.07865       1       6     mtd2
       2   0.022   -29.82521    0.01319                                mtd4
       3   0.028   -29.82520    0.01305                                mtd2
       4   0.029   -29.82520    0.01304                                mtd4
       5   0.037   -29.82519    0.01286                                mtd2
       6   0.039   -29.82519    0.01281                                mtd2
       7   0.059   -29.82516    0.01240    0.03641       2       3     mtd6
       8   0.078   -29.82512    0.01201                                mtd4
       9   0.078   -29.82512    0.01200                                mtd3
      10   0.080   -29.82512    0.01197    0.08359       3       7     mtd2
      11   0.081   -29.82512    0.01194                                mtd2
      12   0.081   -29.82512    0.01194                                mtd3
      13   0.085   -29.82511    0.01187                                mtd3
      14   0.088   -29.82511    0.01181                                mtd3
      15   0.077   -29.82513    0.01203                                mtd2
      16   0.077   -29.82513    0.01202                                mtd2
      17   0.362   -29.82467    0.00744    0.02220       4       3     mtd2
      18   0.364   -29.82467    0.00741                                mtd2
      19   0.369   -29.82466    0.00735                                mtd2
      20   0.382   -29.82464    0.00719    0.04953       5       7     mtd5
      21   0.388   -29.82463    0.00711                                mtd4
      22   0.389   -29.82463    0.00711                                mtd1
      23   0.390   -29.82463    0.00709                                mtd1
      24   0.391   -29.82463    0.00708                                mtd1
      25   0.391   -29.82463    0.00708                                mtd1
      26   0.408   -29.82460    0.00688                                mtd1
      27   0.436   -29.82455    0.00657    0.03273       6       5     mtd2
      28   0.437   -29.82455    0.00655                                mtd4
      29   0.437   -29.82455    0.00655                                mtd2
      30   0.439   -29.82455    0.00654                                mtd4
      31   0.439   -29.82455    0.00653                                mtd4
      32   0.540   -29.82439    0.00551    0.01083       7       2     mtd6
      33   0.561   -29.82436    0.00532                                mtd6
      34   0.554   -29.82437    0.00538    0.01593       8       3     mtd5
      35   0.564   -29.82435    0.00529                                mtd3
      36   0.567   -29.82435    0.00527                                mtd4
      37   0.566   -29.82435    0.00527    0.00527       9       1     mtd2
      38   0.575   -29.82433    0.00519    0.00519      10       1     mtd1
      39   0.580   -29.82432    0.00515    0.02553      11       5     mtd3
      40   0.586   -29.82432    0.00510                                mtd3
      41   0.586   -29.82431    0.00509                                mtd2
      42   0.591   -29.82431    0.00506                                mtd2
      43   0.582   -29.82432    0.00513                                mtd4
      44   0.583   -29.82432    0.00513    0.02022      12       4     mtd4
      45   0.587   -29.82431    0.00509                                mtd1
      46   0.603   -29.82429    0.00495                                mtd3
      47   0.592   -29.82431    0.00505                                mtd1
      48   0.584   -29.82432    0.00511    0.02025      13       4     mtd2
      49   0.586   -29.82432    0.00510                                mtd1
      50   0.587   -29.82431    0.00509                                mtd3
      51   0.603   -29.82429    0.00495                                mtd3
      52   0.604   -29.82429    0.00495    0.00495      14       1     mtd2
      53   0.604   -29.82429    0.00495    0.01476      15       3     mtd3
      54   0.604   -29.82429    0.00494                                mtd2
      55   0.613   -29.82427    0.00487                                mtd2
      56   0.605   -29.82429    0.00494    0.04434      16       9     mtd2
      57   0.605   -29.82429    0.00494                                mtd2
      58   0.609   -29.82428    0.00490                                mtd2
      59   0.610   -29.82428    0.00489                                mtd2
      60   0.617   -29.82427    0.00484                                mtd2
      61   0.603   -29.82429    0.00495                                mtd2
      62   0.610   -29.82428    0.00489                                mtd2
      63   0.593   -29.82430    0.00504                                mtd2
      64   0.603   -29.82429    0.00495                                mtd2
      65   0.601   -29.82429    0.00497    0.00497      17       1     mtd1
      66   0.612   -29.82427    0.00488    0.00488      18       1     mtd4
      67   0.630   -29.82425    0.00474    0.00945      19       2     mtd3
      68   0.632   -29.82424    0.00472                                mtd2
      69   0.645   -29.82422    0.00461    0.01377      20       3     mtd4
      70   0.649   -29.82421    0.00458                                mtd4
      71   0.649   -29.82421    0.00458                                mtd1
      72   0.690   -29.82415    0.00427    0.02558      21       6     mtd5
      73   0.691   -29.82415    0.00427                                mtd3
      74   0.691   -29.82415    0.00427                                mtd3
      75   0.692   -29.82415    0.00427                                mtd2
      76   0.693   -29.82414    0.00426                                mtd2
      77   0.694   -29.82414    0.00425                                mtd3
      78   0.727   -29.82409    0.00402    0.00402      22       1     mtd1
      79   0.766   -29.82403    0.00376    0.01124      23       3     mtd4
      80   0.772   -29.82402    0.00372                                mtd6
      81   0.767   -29.82403    0.00376                                mtd6
      82   0.782   -29.82400    0.00366    0.02191      24       6     mtd6
      83   0.784   -29.82400    0.00365                                mtd5
      84   0.772   -29.82402    0.00373                                mtd4
      85   0.787   -29.82399    0.00363                                mtd5
      86   0.789   -29.82399    0.00362                                mtd6
      87   0.789   -29.82399    0.00362                                mtd4
      88   0.808   -29.82396    0.00350    0.01010      25       3     mtd3
      89   0.843   -29.82391    0.00331                                mtd1
      90   0.845   -29.82390    0.00329                                mtd5
      91   0.853   -29.82389    0.00325    0.00963      26       3     mtd1
      92   0.869   -29.82386    0.00316                                mtd4
      93   0.858   -29.82388    0.00322                                mtd5
      94   0.863   -29.82387    0.00319    0.00627      27       2     mtd5
      95   0.886   -29.82384    0.00307                                mtd3
      96   0.888   -29.82383    0.00306    0.01218      28       4     mtd5
      97   0.889   -29.82383    0.00306                                mtd2
      98   0.890   -29.82383    0.00305                                mtd1
      99   0.897   -29.82382    0.00302                                mtd5
     100   0.902   -29.82381    0.00299    0.00299      29       1     mtd4
     101   0.891   -29.82383    0.00304    0.00602      30       2     mtd6
     102   0.906   -29.82381    0.00297                                mtd3
     103   0.904   -29.82381    0.00298    0.01183      31       4     mtd4
     104   0.912   -29.82380    0.00294                                mtd1
     105   0.909   -29.82380    0.00296                                mtd1
     106   0.909   -29.82380    0.00296                                mtd6
     107   0.913   -29.82379    0.00293    0.01470      32       5     mtd2
     108   0.909   -29.82380    0.00295                                mtd3
     109   0.912   -29.82380    0.00294                                mtd3
     110   0.913   -29.82379    0.00293                                mtd3
     111   0.914   -29.82379    0.00293                                mtd1
     112   0.912   -29.82379    0.00294    0.00881      33       3     mtd6
     113   0.913   -29.82379    0.00294                                mtd4
     114   0.913   -29.82379    0.00294                                mtd3
     115   0.921   -29.82378    0.00290    0.00290      34       1     mtd3
     116   0.932   -29.82376    0.00284    0.01105      35       4     mtd4
     117   0.962   -29.82372    0.00271                                mtd4
     118   0.962   -29.82372    0.00270                                mtd2
     119   0.941   -29.82375    0.00280                                mtd6
     120   0.962   -29.82372    0.00270    0.00270      36       1     mtd2
     121   0.946   -29.82374    0.00278    0.00278      37       1     mtd4
     122   0.958   -29.82372    0.00272    0.00790      38       3     mtd2
     123   0.972   -29.82370    0.00266                                mtd4
     124   1.004   -29.82365    0.00252                                mtd4
     125   1.016   -29.82363    0.00247    0.01708      39       7     mtd5
     126   1.017   -29.82363    0.00247                                mtd4
     127   1.018   -29.82363    0.00246                                mtd1
     128   1.022   -29.82362    0.00244                                mtd1
     129   1.025   -29.82362    0.00243                                mtd5
     130   1.026   -29.82361    0.00243                                mtd4
     131   1.037   -29.82360    0.00238                                mtd4
     132   1.038   -29.82359    0.00238    0.01879      40       8     mtd5
     133   1.039   -29.82359    0.00237                                mtd2
     134   1.039   -29.82359    0.00237                                mtd4
     135   1.045   -29.82358    0.00235                                mtd5
     136   1.040   -29.82359    0.00237                                mtd4
     137   1.040   -29.82359    0.00237                                mtd2
     138   1.054   -29.82357    0.00231                                mtd1
     139   1.067   -29.82355    0.00227                                mtd1
     140   1.074   -29.82354    0.00224    0.01583      41       7     mtd3
     141   1.036   -29.82360    0.00238                                mtd4
     142   1.080   -29.82353    0.00222                                mtd6
     143   1.067   -29.82355    0.00226                                mtd4
     144   1.072   -29.82354    0.00225                                mtd1
     145   1.073   -29.82354    0.00224                                mtd4
     146   1.073   -29.82354    0.00224                                mtd4
     147   1.082   -29.82353    0.00221    0.00221      42       1     mtd1
     148   1.042   -29.82359    0.00236    0.00236      43       1     mtd4
     149   1.044   -29.82358    0.00235    0.00235      44       1     mtd1
     150   1.105   -29.82349    0.00212    0.00212      45       1     mtd5
     151   1.105   -29.82349    0.00212    0.02328      46      11     mtd1
     152   1.106   -29.82349    0.00212                                mtd3
     153   1.106   -29.82349    0.00212                                mtd2
     154   1.106   -29.82349    0.00212                                mtd5
     155   1.112   -29.82348    0.00210                                mtd2
     156   1.106   -29.82349    0.00212                                mtd1
     157   1.107   -29.82348    0.00212                                mtd3
     158   1.107   -29.82348    0.00212                                mtd3
     159   1.108   -29.82348    0.00212                                mtd5
     160   1.108   -29.82348    0.00212                                mtd5
     161   1.108   -29.82348    0.00211                                mtd3
     162   1.108   -29.82348    0.00211    0.00211      47       1     mtd2
     163   1.135   -29.82344    0.00202    0.00402      48       2     mtd1
     164   1.142   -29.82343    0.00200                                mtd2
     165   1.145   -29.82342    0.00199    0.00199      49       1     mtd5
     166   1.146   -29.82342    0.00198    0.01181      50       6     mtd2
     167   1.146   -29.82342    0.00198                                mtd3
     168   1.149   -29.82342    0.00197                                mtd4
     169   1.160   -29.82340    0.00193                                mtd1
     170   1.150   -29.82342    0.00197                                mtd3
     171   1.150   -29.82342    0.00197                                mtd3
     172   1.169   -29.82339    0.00191    0.00191      51       1     mtd4
     173   1.170   -29.82338    0.00190    0.00190      52       1     mtd6
     174   1.170   -29.82338    0.00190    0.01325      53       7     mtd1
     175   1.170   -29.82338    0.00190                                mtd1
     176   1.170   -29.82338    0.00190                                mtd6
     177   1.171   -29.82338    0.00190                                mtd1
     178   1.173   -29.82338    0.00189                                mtd3
     179   1.179   -29.82337    0.00187                                mtd3
     180   1.180   -29.82337    0.00187                                mtd6
     181   1.180   -29.82337    0.00187    0.00373      54       2     mtd3
     182   1.184   -29.82336    0.00186                                mtd4
     183   1.135   -29.82344    0.00202    0.00387      55       2     mtd1
     184   1.187   -29.82336    0.00185                                mtd4
     185   1.188   -29.82336    0.00185    0.00914      56       5     mtd2
     186   1.188   -29.82336    0.00185                                mtd3
     187   1.190   -29.82335    0.00184                                mtd3
     188   1.202   -29.82333    0.00180                                mtd1
     189   1.203   -29.82333    0.00180                                mtd1
     190   1.210   -29.82332    0.00178    0.00880      57       5     mtd2
     191   1.220   -29.82330    0.00175                                mtd4
     192   1.211   -29.82332    0.00178                                mtd4
     193   1.221   -29.82330    0.00175                                mtd4
     194   1.222   -29.82330    0.00174                                mtd4
     195   1.220   -29.82331    0.00175    0.00175      58       1     mtd1
     196   1.220   -29.82330    0.00175    0.00523      59       3     mtd2
     197   1.222   -29.82330    0.00174                                mtd6
     198   1.223   -29.82330    0.00174                                mtd2
     199   1.223   -29.82330    0.00174    0.01041      60       6     mtd3
     200   1.224   -29.82330    0.00174                                mtd3
     201   1.224   -29.82330    0.00174                                mtd6
     202   1.225   -29.82330    0.00173                                mtd3
     203   1.226   -29.82330    0.00173                                mtd4
     204   1.226   -29.82330    0.00173                                mtd3
     205   1.186   -29.82336    0.00185    0.00864      61       5     mtd4
     206   1.234   -29.82328    0.00171                                mtd1
     207   1.235   -29.82328    0.00170                                mtd5
     208   1.242   -29.82327    0.00169                                mtd6
     209   1.243   -29.82327    0.00168                                mtd1
     210   1.231   -29.82329    0.00172    0.00512      62       3     mtd1
     211   1.241   -29.82327    0.00169                                mtd4
     212   1.232   -29.82329    0.00172                                mtd1
     213   1.232   -29.82328    0.00171    0.00339      63       2     mtd3
     214   1.245   -29.82326    0.00168                                mtd5
     215   1.251   -29.82326    0.00166    0.00166      64       1     mtd6
     216   1.233   -29.82328    0.00171    0.00171      65       1     mtd2
     217   1.260   -29.82324    0.00164    0.00164      66       1     mtd3
     218   1.264   -29.82323    0.00163    0.00163      67       1     mtd1
     219   1.266   -29.82323    0.00162    0.00162      68       1     mtd1
     220   1.271   -29.82322    0.00161    0.00161      69       1     mtd4
     221   1.295   -29.82319    0.00154    0.00307      70       2     mtd1
     222   1.302   -29.82317    0.00152                                mtd6
     223   1.324   -29.82314    0.00147    0.00147      71       1     mtd1
     224   1.335   -29.82312    0.00144    0.00282      72       2     mtd4
     225   1.361   -29.82308    0.00138                                mtd4
     226   1.383   -29.82304    0.00133    0.00790      73       6     mtd4
     227   1.384   -29.82304    0.00133                                mtd4
     228   1.385   -29.82304    0.00133                                mtd6
     229   1.388   -29.82304    0.00132                                mtd4
     230   1.390   -29.82303    0.00131                                mtd6
     231   1.401   -29.82302    0.00129                                mtd4
     232   1.406   -29.82301    0.00128    0.00256      74       2     mtd5
     233   1.406   -29.82301    0.00128                                mtd5
     234   1.436   -29.82296    0.00122    0.00364      75       3     mtd1
     235   1.436   -29.82296    0.00122                                mtd6
     236   1.440   -29.82295    0.00121                                mtd6
     237   1.445   -29.82295    0.00120    0.00361      76       3     mtd3
     238   1.439   -29.82295    0.00121                                mtd3
     239   1.440   -29.82295    0.00121                                mtd6
     240   1.445   -29.82295    0.00120    0.00120      77       1     mtd4
     241   1.446   -29.82294    0.00120    0.00240      78       2     mtd3
     242   1.441   -29.82295    0.00121                                mtd1
     243   1.455   -29.82293    0.00118    0.00118      79       1     mtd5
     244   1.458   -29.82292    0.00117    0.00813      80       7     mtd1
     245   1.460   -29.82292    0.00117                                mtd2
     246   1.461   -29.82292    0.00116                                mtd2
     247   1.462   -29.82292    0.00116                                mtd2
     248   1.465   -29.82291    0.00116                                mtd5
     249   1.465   -29.82291    0.00116                                mtd5
     250   1.471   -29.82290    0.00115                                mtd2
     251   1.487   -29.82288    0.00112    0.00112      81       1     mtd6
     252   1.488   -29.82288    0.00111    0.00550      82       5     mtd5
     253   1.492   -29.82287    0.00111                                mtd4
     254   1.494   -29.82287    0.00110                                mtd5
     255   1.497   -29.82286    0.00110                                mtd5
     256   1.503   -29.82285    0.00109                                mtd4
     257   1.496   -29.82287    0.00110    0.00433      83       4     mtd1
     258   1.496   -29.82286    0.00110                                mtd1
     259   1.507   -29.82285    0.00108                                mtd1
     260   1.519   -29.82283    0.00106                                mtd6
     261   1.525   -29.82282    0.00105    0.00208      84       2     mtd5
     262   1.534   -29.82280    0.00103                                mtd3
     263   1.546   -29.82278    0.00101    0.00101      85       1     mtd3
     264   1.568   -29.82275    0.00097    0.00097      86       1     mtd4
     265   1.569   -29.82275    0.00097    0.00387      87       4     mtd5
     266   1.569   -29.82275    0.00097                                mtd5
     267   1.573   -29.82274    0.00096                                mtd1
     268   1.575   -29.82274    0.00096                                mtd3
     269   1.570   -29.82275    0.00097    0.00290      88       3     mtd3
     270   1.576   -29.82274    0.00096                                mtd1
     271   1.571   -29.82275    0.00097                                mtd3
     272   1.583   -29.82273    0.00095    0.00095      89       1     mtd3
     273   1.591   -29.82271    0.00094    0.00094      90       1     mtd5
     274   1.609   -29.82269    0.00091    0.00182      91       2     mtd5
     275   1.609   -29.82269    0.00091                                mtd4
     276   1.609   -29.82268    0.00091    0.00091      92       1     mtd3
     277   1.634   -29.82264    0.00087    0.00087      93       1     mtd1
     278   1.640   -29.82264    0.00086    0.00430      94       5     mtd1
     279   1.643   -29.82263    0.00086                                mtd6
     280   1.640   -29.82264    0.00086                                mtd4
     281   1.641   -29.82263    0.00086                                mtd3
     282   1.642   -29.82263    0.00086                                mtd3
     283   1.642   -29.82263    0.00086    0.00086      95       1     mtd3
     284   1.649   -29.82262    0.00085    0.00085      96       1     mtd1
     285   1.673   -29.82258    0.00082    0.00082      97       1     mtd5
     286   1.675   -29.82258    0.00081    0.00081      98       1     mtd4
     287   1.678   -29.82257    0.00081    0.00161      99       2     mtd1
     288   1.679   -29.82257    0.00081                                mtd1
     289   1.686   -29.82256    0.00080    0.00080     100       1     mtd1
     290   1.693   -29.82255    0.00079    0.00079     101       1     mtd1
     291   1.699   -29.82254    0.00078    0.00078     102       1     mtd2
     292   1.708   -29.82253    0.00077    0.00077     103       1     mtd4
     293   1.711   -29.82252    0.00076    0.00153     104       2     mtd1
     294   1.713   -29.82252    0.00076                                mtd3
     295   1.731   -29.82249    0.00074    0.00146     105       2     mtd4
     296   1.745   -29.82247    0.00072                                mtd4
     297   1.740   -29.82248    0.00073    0.00073     106       1     mtd5
     298   1.745   -29.82247    0.00072    0.00072     107       1     mtd4
     299   1.754   -29.82245    0.00071    0.00141     108       2     mtd5
     300   1.762   -29.82244    0.00070                                mtd1
     301   1.761   -29.82244    0.00070    0.00208     109       3     mtd5
     302   1.771   -29.82243    0.00069                                mtd5
     303   1.774   -29.82242    0.00069                                mtd5
     304   1.775   -29.82242    0.00069    0.00207     110       3     mtd2
     305   1.762   -29.82244    0.00070                                mtd5
     306   1.777   -29.82242    0.00068                                mtd2
     307   1.764   -29.82244    0.00070    0.00070     111       1     mtd6
     308   1.780   -29.82241    0.00068    0.00340     112       5     mtd2
     309   1.781   -29.82241    0.00068                                mtd1
     310   1.781   -29.82241    0.00068                                mtd1
     311   1.781   -29.82241    0.00068                                mtd4
     312   1.782   -29.82241    0.00068                                mtd1
     313   1.781   -29.82241    0.00068    0.00068     113       1     mtd5
     314   1.787   -29.82240    0.00067    0.00067     114       1     mtd1
     315   1.787   -29.82240    0.00067    0.00067     115       1     mtd5
     316   1.793   -29.82239    0.00067    0.00330     116       5     mtd1
     317   1.795   -29.82239    0.00066                                mtd1
     318   1.795   -29.82239    0.00066                                mtd1
     319   1.800   -29.82238    0.00066                                mtd1
     320   1.804   -29.82237    0.00065                                mtd1
     321   1.811   -29.82236    0.00065    0.00065     117       1     mtd4
     322   1.817   -29.82235    0.00064    0.00064     118       1     mtd4
     323   1.836   -29.82232    0.00062    0.00123     119       2     mtd3
     324   1.840   -29.82232    0.00062                                mtd2
     325   1.838   -29.82232    0.00062    0.00062     120       1     mtd2
     326   1.847   -29.82231    0.00061    0.00182     121       3     mtd2
     327   1.847   -29.82230    0.00061                                mtd2
     328   1.850   -29.82230    0.00060                                mtd4
     329   1.859   -29.82229    0.00060    0.00060     122       1     mtd1
     330   1.889   -29.82224    0.00057    0.00057     123       1     mtd2
     331   1.940   -29.82216    0.00052    0.00104     124       2     mtd2
     332   1.941   -29.82216    0.00052                                mtd1
     333   1.966   -29.82212    0.00050    0.00050     125       1     mtd5
     334   1.968   -29.82211    0.00050    0.00099     126       2     mtd3
     335   1.974   -29.82210    0.00049                                mtd1
     336   1.969   -29.82211    0.00049    0.00049     127       1     mtd2
     337   1.986   -29.82208    0.00048    0.00048     128       1     mtd2
     338   2.002   -29.82206    0.00047    0.00047     129       1     mtd5
     339   2.007   -29.82205    0.00046    0.00046     130       1     mtd1
     340   2.050   -29.82198    0.00043    0.00043     131       1     mtd6
     341   2.076   -29.82194    0.00041    0.00082     132       2     mtd3
     342   2.084   -29.82193    0.00041                                mtd6
     343   2.100   -29.82190    0.00040    0.00078     133       2     mtd5
     344   2.118   -29.82187    0.00038                                mtd5
     345   2.111   -29.82188    0.00039    0.00039     134       1     mtd3
     346   2.120   -29.82187    0.00038    0.00153     135       4     mtd1
     347   2.122   -29.82187    0.00038                                mtd1
     348   2.124   -29.82186    0.00038                                mtd3
     349   2.127   -29.82186    0.00038                                mtd6
     350   2.128   -29.82186    0.00038    0.00038     136       1     mtd1
     351   2.125   -29.82186    0.00038    0.00076     137       2     mtd5
     352   2.129   -29.82186    0.00038                                mtd5
     353   2.142   -29.82184    0.00037    0.00110     138       3     mtd1
     354   2.143   -29.82183    0.00037                                mtd6
     355   2.155   -29.82181    0.00036                                mtd3
     356   2.158   -29.82181    0.00036    0.00179     139       5     mtd5
     357   2.159   -29.82181    0.00036                                mtd5
     358   2.164   -29.82180    0.00036                                mtd3
     359   2.172   -29.82179    0.00035                                mtd6
     360   2.148   -29.82183    0.00037                                mtd5
     361   2.193   -29.82175    0.00034    0.00034     140       1     mtd3
     362   2.216   -29.82172    0.00033    0.00033     141       1     mtd5
     363   2.228   -29.82170    0.00032    0.00032     142       1     mtd1
     364   2.232   -29.82169    0.00032    0.00032     143       1     mtd1
     365   2.263   -29.82164    0.00030    0.00030     144       1     mtd5
     366   2.281   -29.82161    0.00029    0.00029     145       1     mtd1
     367   2.282   -29.82161    0.00029    0.00029     146       1     mtd6
     368   2.282   -29.82161    0.00029    0.00029     147       1     mtd3
     369   2.288   -29.82160    0.00029    0.00057     148       2     mtd4
     370   2.298   -29.82159    0.00028                                mtd1
     371   2.304   -29.82158    0.00028    0.00028     149       1     mtd3
     372   2.314   -29.82156    0.00028    0.00055     150       2     mtd1
     373   2.320   -29.82155    0.00027                                mtd1
     374   2.314   -29.82156    0.00028    0.00028     151       1     mtd5
     375   2.343   -29.82151    0.00026    0.00026     152       1     mtd2
     376   2.344   -29.82151    0.00026    0.00026     153       1     mtd3
     377   2.354   -29.82150    0.00026    0.00076     154       3     mtd3
     378   2.371   -29.82147    0.00025                                mtd1
     379   2.373   -29.82147    0.00025                                mtd5
     380   2.376   -29.82146    0.00025    0.00025     155       1     mtd3
     381   2.379   -29.82146    0.00025    0.00025     156       1     mtd3
     382   2.360   -29.82149    0.00026    0.00026     157       1     mtd3
     383   2.369   -29.82147    0.00025    0.00050     158       2     mtd2
     384   2.383   -29.82145    0.00025                                mtd1
     385   2.387   -29.82144    0.00024    0.00072     159       3     mtd6
     386   2.403   -29.82142    0.00024                                mtd6
     387   2.404   -29.82142    0.00024                                mtd2
     388   2.405   -29.82142    0.00024    0.00024     160       1     mtd1
     389   2.485   -29.82129    0.00021    0.00021     161       1     mtd6
     390   2.489   -29.82128    0.00021    0.00021     162       1     mtd3
     391   2.497   -29.82127    0.00020    0.00040     163       2     mtd1
     392   2.505   -29.82126    0.00020                                mtd1
     393   2.536   -29.82121    0.00019    0.00038     164       2     mtd6
     394   2.551   -29.82118    0.00019                                mtd2
     395   2.557   -29.82117    0.00018    0.00018     165       1     mtd6
     396   2.543   -29.82120    0.00019    0.00019     166       1     mtd3
     397   2.575   -29.82115    0.00018    0.00018     167       1     mtd5
     398   2.605   -29.82110    0.00017    0.00017     168       1     mtd3
     399   2.650   -29.82103    0.00016    0.00016     169       1     mtd4
     400   2.659   -29.82101    0.00015    0.00015     170       1     mtd4
     401   2.666   -29.82100    0.00015    0.00015     171       1     mtd6
     402   2.676   -29.82098    0.00015    0.00015     172       1     mtd6
     403   2.683   -29.82097    0.00015    0.00015     173       1     mtd3
     404   2.731   -29.82090    0.00014    0.00027     174       2     mtd1
     405   2.734   -29.82089    0.00014                                mtd1
     406   2.746   -29.82087    0.00013    0.00013     175       1     mtd2
     407   2.753   -29.82086    0.00013    0.00013     176       1     mtd2
     408   2.757   -29.82086    0.00013    0.00026     177       2     mtd1
     409   2.777   -29.82082    0.00013                                mtd1
     410   2.762   -29.82085    0.00013    0.00013     178       1     mtd3
     411   2.779   -29.82082    0.00013    0.00013     179       1     mtd5
     412   2.793   -29.82080    0.00012    0.00012     180       1     mtd3
     413   2.811   -29.82077    0.00012    0.00023     181       2     mtd3
     414   2.834   -29.82073    0.00011                                mtd2
     415   2.836   -29.82073    0.00011    0.00023     182       2     mtd3
     416   2.837   -29.82073    0.00011                                mtd4
     417   2.841   -29.82072    0.00011    0.00056     183       5     mtd4
     418   2.850   -29.82071    0.00011                                mtd4
     419   2.853   -29.82070    0.00011                                mtd4
     420   2.854   -29.82070    0.00011                                mtd4
     421   2.855   -29.82070    0.00011                                mtd3
     422   2.855   -29.82070    0.00011    0.00033     184       3     mtd2
     423   2.857   -29.82070    0.00011                                mtd1
     424   2.868   -29.82068    0.00011                                mtd3
     425   2.854   -29.82070    0.00011    0.00011     185       1     mtd1
     426   2.878   -29.82066    0.00011    0.00011     186       1     mtd1
     427   2.884   -29.82065    0.00011    0.00011     187       1     mtd1
     428   2.902   -29.82062    0.00010    0.00021     188       2     mtd1
     429   2.856   -29.82070    0.00011                                mtd3
     430   2.907   -29.82062    0.00010    0.00010     189       1     mtd3
     431   2.890   -29.82064    0.00010    0.00010     190       1     mtd1
     432   2.915   -29.82060    0.00010    0.00010     191       1     mtd3
     433   2.925   -29.82059    0.00010    0.00010     192       1     mtd5
     434   2.933   -29.82057    0.00010    0.00010     193       1     mtd3
     435   2.941   -29.82056    0.00010    0.00010     194       1     mtd3
     436   2.949   -29.82055    0.00009    0.00009     195       1     mtd3
     437   2.977   -29.82051    0.00009    0.00009     196       1     mtd1
     438   2.979   -29.82050    0.00009    0.00009     197       1     mtd4
     439   2.988   -29.82049    0.00009    0.00026     198       3     mtd3
     440   3.010   -29.82045    0.00009                                mtd6
     441   2.990   -29.82048    0.00009                                mtd4
     442   3.020   -29.82044    0.00008    0.00017     199       2     mtd4
     443   2.992   -29.82048    0.00009                                mtd3
     444   3.027   -29.82042    0.00008    0.00008     200       1     mtd4
     445   3.032   -29.82042    0.00008    0.00033     201       4     mtd3
     446   3.034   -29.82041    0.00008                                mtd4
     447   3.037   -29.82041    0.00008                                mtd4
     448   3.013   -29.82045    0.00009                                mtd3
     449   3.069   -29.82036    0.00008    0.00008     202       1     mtd3
     450   3.070   -29.82036    0.00008    0.00008     203       1     mtd2
     451   3.170   -29.82020    0.00007    0.00007     204       1     mtd3
     452   3.216   -29.82012    0.00006    0.00006     205       1     mtd1
     453   3.217   -29.82012    0.00006    0.00012     206       2     mtd3
     454   3.217   -29.82012    0.00006                                mtd3
     455   3.221   -29.82012    0.00006    0.00006     207       1     mtd4
     456   3.230   -29.82010    0.00006    0.00012     208       2     mtd5
     457   3.260   -29.82005    0.00006                                mtd1
     458   3.273   -29.82003    0.00005    0.00011     209       2     mtd6
     459   3.268   -29.82004    0.00006                                mtd5
     460   3.255   -29.82006    0.00006    0.00006     210       1     mtd3
     461   3.312   -29.81997    0.00005    0.00005     211       1     mtd1
     462   3.315   -29.81997    0.00005    0.00005     212       1     mtd1
     463   3.315   -29.81997    0.00005    0.00005     213       1     mtd3
     464   3.326   -29.81995    0.00005    0.00005     214       1     mtd1
     465   3.340   -29.81993    0.00005    0.00005     215       1     mtd3
     466   3.370   -29.81988    0.00005    0.00005     216       1     mtd3
     467   3.403   -29.81983    0.00004    0.00004     217       1     mtd1
     468   3.410   -29.81981    0.00004    0.00004     218       1     mtd3
     469   3.439   -29.81977    0.00004    0.00004     219       1     mtd1
     470   3.454   -29.81974    0.00004    0.00004     220       1     mtd1
     471   3.470   -29.81972    0.00004    0.00012     221       3     mtd5
     472   3.472   -29.81972    0.00004                                mtd5
     473   3.472   -29.81972    0.00004                                mtd4
     474   3.478   -29.81971    0.00004    0.00008     222       2     mtd3
     475   3.480   -29.81970    0.00004                                mtd3
     476   3.486   -29.81969    0.00004    0.00004     223       1     mtd5
     477   3.495   -29.81968    0.00004    0.00011     224       3     mtd2
     478   3.472   -29.81972    0.00004                                mtd4
     479   3.496   -29.81968    0.00004                                mtd3
     480   3.475   -29.81971    0.00004    0.00004     225       1     mtd3
     481   3.499   -29.81967    0.00004    0.00007     226       2     mtd4
     482   3.501   -29.81967    0.00004                                mtd4
     483   3.501   -29.81967    0.00004    0.00004     227       1     mtd2
     484   3.512   -29.81965    0.00004    0.00011     228       3     mtd2
     485   3.525   -29.81963    0.00004                                mtd2
     486   3.518   -29.81964    0.00004                                mtd3
     487   3.520   -29.81964    0.00004    0.00004     229       1     mtd1
     488   3.542   -29.81960    0.00003    0.00003     230       1     mtd3
     489   3.655   -29.81942    0.00003    0.00003     231       1     mtd3
     490   3.680   -29.81938    0.00003    0.00005     232       2     mtd3
     491   3.706   -29.81934    0.00003                                mtd3
     492   3.713   -29.81933    0.00003    0.00003     233       1     mtd3
     493   3.763   -29.81925    0.00002    0.00002     234       1     mtd3
     494   3.783   -29.81922    0.00002    0.00002     235       1     mtd3
     495   3.807   -29.81918    0.00002    0.00002     236       1     mtd3
     496   3.820   -29.81916    0.00002    0.00004     237       2     mtd3
     497   3.841   -29.81913    0.00002                                mtd3
     498   3.887   -29.81906    0.00002    0.00008     238       4     mtd4
     499   3.887   -29.81905    0.00002                                mtd4
     500   3.891   -29.81905    0.00002                                mtd4
     501   3.895   -29.81904    0.00002                                mtd4
     502   3.893   -29.81904    0.00002    0.00002     239       1     mtd5
     503   3.919   -29.81900    0.00002    0.00002     240       1     mtd3
     504   3.940   -29.81897    0.00002    0.00002     241       1     mtd3
     505   3.998   -29.81888    0.00002    0.00002     242       1     mtd1
     506   4.268   -29.81845    0.00001    0.00002     243       2     mtd3
     507   4.273   -29.81844    0.00001                                mtd3
     508   4.953   -29.81736    0.00000    0.00000     244       1     mtd3
     509   4.971   -29.81733    0.00000    0.00000     245       1     mtd3
     510   5.155   -29.81703    0.00000    0.00000     246       1     mtd6
     511   5.454   -29.81656    0.00000    0.00000     247       1     mtd5
T /K                                  :   298.15
E lowest                              :   -29.82525
ensemble average energy (kcal)        :    0.770
ensemble entropy (J/mol K, cal/mol K) :   46.471   11.107
ensemble free energy (kcal/mol)       :   -3.311
population of lowest in %             :    7.865
 number of unique conformers for further calc          247
 list of relative energies saved as "crest.energies"

 -----------------
 Wall Time Summary
 -----------------
             test MD wall time :         0h : 0m : 0s
                 MTD wall time :         0h : 0m : 5s
      multilevel OPT wall time :         0h : 0m :17s
--------------------
Overall wall time  : 0h : 0m :28s

 CREST terminated normally.
