
       ==============================================
       |                                            |
       |                 C R E S T                  |
       |                                            |
       |  Conformer-Rotamer Ensemble Sampling Tool  |
       |          based on the GFN methods          |
       |             P.Pracht, S.Grimme             |
       |          Universitaet Bonn, MCTC           |
       ==============================================
       Version 2.12,   Thu 19. Mai 16:32:32 CEST 2022
  Using the xTB program. Compatible with xTB version 6.4.0

   Cite work conducted with this code as

   • P.Pracht, F.Bohle, S.Grimme, PCCP, 2020, 22, 7169-7192.
   • S.Grimme, JCTC, 2019, 15, 2847-2862.

   and for works involving QCG as

   • S.Spicher, C.Plett, P.Pracht, A.Hansen, S.Grimme,
     JCTC, 2022, 18 (5), 3174-3189.

   with help from:
   C.Bannwarth, F.Bohle, S.Ehlert, S.Grimme,
   C.Plett, P.Pracht, S.Spicher

   This program is distributed in the hope that it will be useful,
   but WITHOUT ANY WARRANTY; without even the implied warranty of
   MERCHANTABILITY or FITNESS FOR A PARTICULAR PURPOSE.

 Command line input:
 > crest xtbopt.xyz --gfn2//gfnff --chrg 0 --uhf 0 --nci --cbonds -T 128

  -gfn2//gfnff : energy reweighting
  --chrg 0
  --uhf 0
  --nci  : Special NCI mode for non-covalently bound complexes or clusters.
  -T 128 (CPUs/Threads selected)
  Automatically generated ellipsoide potential for NCI mode:
> $wall
>   potential=polynomial
>   ellipsoid: 33.851445368596416, 31.142909860166043, 29.775311686897947, all


 -------------------------
 xTB Geometry Optimization
 -------------------------
 Geometry successfully optimized.

------------------------------------------------
Generating MTD length from a flexibility measure
------------------------------------------------
 System flexiblity is set to 1.0 for NCI mode
 flexibility measure :   1.000
 t(MTD) / ps    :    20.0
 Σ(t(MTD)) / ps :   120.0 (6 MTDs)

-------------------------------------
Starting a trial MTD to test settings
-------------------------------------
 Estimated runtime for one MTD (20.0 ps) on a single thread: 49 min 52 sec
 Estimated runtime for a batch of 6 MTDs on 128 threads: 2 min 22 sec

 list of Vbias parameters applied:
$metadyn    0.00100   1.000
$metadyn    0.00050   1.000
$metadyn    0.00100   0.500
$metadyn    0.00050   0.500
$metadyn    0.00100   0.250
$metadyn    0.00050   0.250

*******************************************************************************************
**                        N E W    I T E R A T I O N    C Y C L E                        **
*******************************************************************************************

========================================
            MTD Iteration  1
========================================

     ========================================
     |         Meta-MD (MTD) Sampling       |
     ========================================

Starting Meta-MD   1 with the settings:
     MD time /ps        :    20.0
     dt /fs             :     2.0
     dumpstep(trj) /fs  :     100
     dumpstep(Vbias)/ps :     1.0
     Vbias factor k /Eh :  0.0400
     Vbias exp α /bohr⁻²:    1.00
Starting Meta-MD   3 with the settings:
     MD time /ps        :    20.0
     dt /fs             :     2.0
     dumpstep(trj) /fs  :     100
     dumpstep(Vbias)/ps :     1.0
     Vbias factor k /Eh :  0.0400
     Vbias exp α /bohr⁻²:    0.50
Starting Meta-MD   4 with the settings:
     MD time /ps        :    20.0
     dt /fs             :     2.0
     dumpstep(trj) /fs  :     100
     dumpstep(Vbias)/ps :     1.0
     Vbias factor k /Eh :  0.0200
     Vbias exp α /bohr⁻²:    0.50
Starting Meta-MD   6 with the settings:
     MD time /ps        :    20.0
     dt /fs             :     2.0
     dumpstep(trj) /fs  :     100
     dumpstep(Vbias)/ps :     1.0
     Vbias factor k /Eh :  0.0200
     Vbias exp α /bohr⁻²:    0.25
Starting Meta-MD   2 with the settings:
     MD time /ps        :    20.0
     dt /fs             :     2.0
     dumpstep(trj) /fs  :     100
     dumpstep(Vbias)/ps :     1.0
     Vbias factor k /Eh :  0.0200
     Vbias exp α /bohr⁻²:    1.00
Starting Meta-MD   5 with the settings:
     MD time /ps        :    20.0
     dt /fs             :     2.0
     dumpstep(trj) /fs  :     100
     dumpstep(Vbias)/ps :     1.0
     Vbias factor k /Eh :  0.0400
     Vbias exp α /bohr⁻²:    0.25
*Meta-MTD 5 finished*
*Meta-MTD 2 finished*
*Meta-MTD 4 finished*
*Meta-MTD 3 finished*
*Meta-MTD 6 finished*
*Meta-MTD 1 finished*

-----------------------
Multilevel Optimization
-----------------------

 -------------------------
 1. crude pre-optimization
 -------------------------
 Optimizing all 1194 structures from file "crest_rotamers_0.xyz" ...
 1 2 3 4 5 6 7 8 9 10 11 12 13 14 15 16 17 18 19 20 21 22 23 24 25 26 27 28 29 30 31 32 33 34 35 36 37 38 39 40 41 42 43 44 45 46 47 48 49 50 51 52 53 54 55 56 57 58 59 60 61 62 63 64 65 66 67 68 69 70 71 72 73 74 75 76 77 78 79 80 81 82 83 84 85 86 87 88 89 90 91 92 93 94 95 96 97 98 99 100 101 102 103 104 105 106 107 108 109 110 111 112 113 114 115 116 117 118 119 120 121 122 123 124 125 126 127 128 129 130 131 132 133 134 135 136 137 138 139 140 141 142 143 144 145 146 147 148 149 150 151 152 153 154 155 156 157 158 159 160 161 162 163 164 165 166 167 168 169 170 171 172 173 174 175 176 177 178 179 180 181 182 183 184 185 186 187 188 189 190 191 192 193 194 195 196 197 198 199 200 201 202 203 204 205 206 207 208 209 210 211 212 213 214 215 216 217 218 219 220 221 222 223 224 225 226 227 228 229 230 231 232 233 234 235 236 237 238 239 240 241 242 243 244 245 246 247 248 249 250 251 252 253 254 255 256 257 258 259 260 261 262 263 264 265 266 267 268 269 270 271 272 273 274 275 276 277 278 279 280 281 282 283 284 285 286 287 288 289 290 291 292 293 294 295 296 297 298 299 300 301 302 303 304 305 306 307 308 309 310 311 312 313 314 315 316 317 318 319 320 321 322 323 324 325 326 327 328 329 330 331 332 333 334 335 336 337 338 339 340 341 342 343 344 345 346 347 348 349 350 351 352 353 354 355 356 357 358 359 360 361 362 363 364 365 366 367 368 369 370 371 372 373 374 375 376 377 378 379 380 381 382 383 384 385 386 387 388 389 390 391 392 393 394 395 396 397 398 399 400 401 402 403 404 405 406 407 408 409 410 411 412 413 414 415 416 417 418 419 420 421 422 423 424 425 426 427 428 429 430 431 432 433 434 435 436 437 438 439 440 441 442 443 444 445 446 447 448 449 450 451 452 453 454 455 456 457 458 459 460 461 462 463 464 465 466 467 468 469 470 471 472 473 474 475 476 477 478 479 480 481 482 483 484 485 486 487 488 489 490 491 492 493 494 495 496 497 498 499 500 501 502 503 504 505 506 507 508 509 510 511 512 513 514 515 516 517 518 519 520 521 522 523 524 525 526 527 528 529 530 531 532 533 534 535 536 537 538 539 540 541 542 543 544 545 546 547 548 549 550 551 552 553 554 555 556 557 558 559 560 561 562 563 564 565 566 567 568 569 570 571 572 573 574 575 576 577 578 579 580 581 582 583 584 585 586 587 588 589 590 591 592 593 594 595 596 597 598 599 600 601 602 603 604 605 606 607 608 609 610 611 612 613 614 615 616 617 618 619 620 621 622 623 624 625 626 627 628 629 630 631 632 633 634 635 636 637 638 639 640 641 642 643 644 645 646 647 648 649 650 651 652 653 654 655 656 657 658 659 660 661 662 663 664 665 666 667 668 669 670 671 672 673 674 675 676 677 678 679 680 681 682 683 684 685 686 687 688 689 690 691 692 693 694 695 696 697 698 699 700 701 702 703 704 705 706 707 708 709 710 711 712 713 714 715 716 717 718 719 720 721 722 723 724 725 726 727 728 729 730 731 732 733 734 735 736 737 738 739 740 741 742 743 744 745 746 747 748 749 750 751 752 753 754 755 756 757 758 759 760 761 762 763 764 765 766 767 768 769 770 771 772 773 774 775 776 777 778 779 780 781 782 783 784 785 786 787 788 789 790 791 792 793 794 795 796 797 798 799 800 801 802 803 804 805 806 807 808 809 810 811 812 813 814 815 816 817 818 819 820 821 822 823 824 825 826 827 828 829 830 831 832 833 834 835 836 837 838 839 840 841 842 843 844 845 846 847 848 849 850 851 852 853 854 855 856 857 858 859 860 861 862 863 864 865 866 867 868 869 870 871 872 873 874 875 876 877 878 879 880 881 882 883 884 885 886 887 888 889 890 891 892 893 894 895 896 897 898 899 900 901 902 903 904 905 906 907 908 909 910 911 912 913 914 915 916 917 918 919 920 921 922 923 924 925 926 927 928 929 930 931 932 933 934 935 936 937 938 939 940 941 942 943 944 945 946 947 948 949 950 951 952 953 954 955 956 957 958 959 960 961 962 963 964 965 966 967 968 969 970 971 972 973 974 975 976 977 978 979 980 981 982 983 984 985 986 987 988 989 990 991 992 993 994 995 996 997 998 999 1000 1001 1002 1003 1004 1005 1006 1007 1008 1009 1010 1011 1012 1013 1014 1015 1016 1017 1018 1019 1020 1021 1022 1023 1024 1025 1026 1027 1028 1029 1030 1031 1032 1033 1034 1035 1036 1037 1038 1039 1040 1041 1042 1043 1044 1045 1046 1047 1048 1049 1050 1051 1052 1053 1054 1055 1056 1057 1058 1059 1060 1061 1062 1063 1064 1065 1066 1067 1068 1069 1070 1071 1072 1073 1074 1075 1076 1077 1078 1079 1080 1081 1082 1083 1084 1085 1086 1087 1088 1089 1090 1091 1092 1093 1094 1095 1096 1097 1098 1099 1100 1101 1102 1103 1104 1105 1106 1107 1108 1109 1110 1111 1112 1113 1114 1115 1116 1117 1118 1119 1120 1121 1122 1123 1124 1125 1126 1127 1128 1129 1130 1131 1132 1133 1134 1135 1136 1137 1138 1139 1140 1141 1142 1143 1144 1145 1146 1147 1148 1149 1150 1151 1152 1153 1154 1155 1156 1157 1158 1159 1160 1161 1162 1163 1164 1165 1166 1167 1168 1169 1170 1171 1172 1173 1174 1175 1176 1177 1178 1179 1180 1181 1182 1183 1184 1185 1186 1187 1188 1189 1190 1191 1192 1193 1194
 done.
 running RMSDs...
 done.
 E lowest :   -55.33431
 931 structures remain within    12.00 kcal/mol window

 -------------------------------------
 2. optimization with tight thresholds
 -------------------------------------
 Optimizing all 932 structures from file "crest_rotamers_1.xyz" ...
 1 2 3 4 5 6 7 8 9 10 11 12 13 14 15 16 17 18 19 20 21 22 23 24 25 26 27 28 29 30 31 32 33 34 35 36 37 38 39 40 41 42 43 44 45 46 47 48 49 50 51 52 53 54 55 56 57 58 59 60 61 62 63 64 65 66 67 68 69 70 71 72 73 74 75 76 77 78 79 80 81 82 83 84 85 86 87 88 89 90 91 92 93 94 95 96 97 98 99 100 101 102 103 104 105 106 107 108 109 110 111 112 113 114 115 116 117 118 119 120 121 122 123 124 125 126 127 128 129 130 131 132 133 134 135 136 137 138 139 140 141 142 143 144 145 146 147 148 149 150 151 152 153 154 155 156 157 158 159 160 161 162 163 164 165 166 167 168 169 170 171 172 173 174 175 176 177 178 179 180 181 182 183 184 185 186 187 188 189 190 191 192 193 194 195 196 197 198 199 200 201 202 203 204 205 206 207 208 209 210 211 212 213 214 215 216 217 218 219 220 221 222 223 224 225 226 227 228 229 230 231 232 233 234 235 236 237 238 239 240 241 242 243 244 245 246 247 248 249 250 251 252 253 254 255 256 257 258 259 260 261 262 263 264 265 266 267 268 269 270 271 272 273 274 275 276 277 278 279 280 281 282 283 284 285 286 287 288 289 290 291 292 293 294 295 296 297 298 299 300 301 302 303 304 305 306 307 308 309 310 311 312 313 314 315 316 317 318 319 320 321 322 323 324 325 326 327 328 329 330 331 332 333 334 335 336 337 338 339 340 341 342 343 344 345 346 347 348 349 350 351 352 353 354 355 356 357 358 359 360 361 362 363 364 365 366 367 368 369 370 371 372 373 374 375 376 377 378 379 380 381 382 383 384 385 386 387 388 389 390 391 392 393 394 395 396 397 398 399 400 401 402 403 404 405 406 407 408 409 410 411 412 413 414 415 416 417 418 419 420 421 422 423 424 425 426 427 428 429 430 431 432 433 434 435 436 437 438 439 440 441 442 443 444 445 446 447 448 449 450 451 452 453 454 455 456 457 458 459 460 461 462 463 464 465 466 467 468 469 470 471 472 473 474 475 476 477 478 479 480 481 482 483 484 485 486 487 488 489 490 491 492 493 494 495 496 497 498 499 500 501 502 503 504 505 506 507 508 509 510 511 512 513 514 515 516 517 518 519 520 521 522 523 524 525 526 527 528 529 530 531 532 533 534 535 536 537 538 539 540 541 542 543 544 545 546 547 548 549 550 551 552 553 554 555 556 557 558 559 560 561 562 563 564 565 566 567 568 569 570 571 572 573 574 575 576 577 578 579 580 581 582 583 584 585 586 587 588 589 590 591 592 593 594 595 596 597 598 599 600 601 602 603 604 605 606 607 608 609 610 611 612 613 614 615 616 617 618 619 620 621 622 623 624 625 626 627 628 629 630 631 632 633 634 635 636 637 638 639 640 641 642 643 644 645 646 647 648 649 650 651 652 653 654 655 656 657 658 659 660 661 662 663 664 665 666 667 668 669 670 671 672 673 674 675 676 677 678 679 680 681 682 683 684 685 686 687 688 689 690 691 692 693 694 695 696 697 698 699 700 701 702 703 704 705 706 707 708 709 710 711 712 713 714 715 716 717 718 719 720 721 722 723 724 725 726 727 728 729 730 731 732 733 734 735 736 737 738 739 740 741 742 743 744 745 746 747 748 749 750 751 752 753 754 755 756 757 758 759 760 761 762 763 764 765 766 767 768 769 770 771 772 773 774 775 776 777 778 779 780 781 782 783 784 785 786 787 788 789 790 791 792 793 794 795 796 797 798 799 800 801 802 803 804 805 806 807 808 809 810 811 812 813 814 815 816 817 818 819 820 821 822 823 824 825 826 827 828 829 830 831 832 833 834 835 836 837 838 839 840 841 842 843 844 845 846 847 848 849 850 851 852 853 854 855 856 857 858 859 860 861 862 863 864 865 866 867 868 869 870 871 872 873 874 875 876 877 878 879 880 881 882 883 884 885 886 887 888 889 890 891 892 893 894 895 896 897 898 899 900 901 902 903 904 905 906 907 908 909 910 911 912 913 914 915 916 917 918 919 920 921 922 923 924 925 926 927 928 929 930 931 932
 done.
 running RMSDs...
 done.
 E lowest :   -55.33560
 102 structures remain within     6.00 kcal/mol window


========================================
            MTD Iteration  2
========================================

     ========================================
     |         Meta-MD (MTD) Sampling       |
     ========================================

Starting Meta-MD   1 with the settings:
     MD time /ps        :    20.0
     dt /fs             :     2.0
     dumpstep(trj) /fs  :     100
     dumpstep(Vbias)/ps :     1.0
     Vbias factor k /Eh :  0.0400
     Vbias exp α /bohr⁻²:    1.00
Starting Meta-MD   2 with the settings:
     MD time /ps        :    20.0
     dt /fs             :     2.0
     dumpstep(trj) /fs  :     100
     dumpstep(Vbias)/ps :     1.0
     Vbias factor k /Eh :  0.0200
     Vbias exp α /bohr⁻²:    1.00
Starting Meta-MD   4 with the settings:
     MD time /ps        :    20.0
     dt /fs             :     2.0
     dumpstep(trj) /fs  :     100
     dumpstep(Vbias)/ps :     1.0
     Vbias factor k /Eh :  0.0200
     Vbias exp α /bohr⁻²:    0.50
Starting Meta-MD   3 with the settings:
     MD time /ps        :    20.0
     dt /fs             :     2.0
     dumpstep(trj) /fs  :     100
     dumpstep(Vbias)/ps :     1.0
     Vbias factor k /Eh :  0.0400
     Vbias exp α /bohr⁻²:    0.50
*Meta-MTD 4 finished*
*Meta-MTD 3 finished*
*Meta-MTD 2 finished*
*Meta-MTD 1 finished*

-----------------------
Multilevel Optimization
-----------------------

 -------------------------
 1. crude pre-optimization
 -------------------------
 Optimizing all 796 structures from file "crest_rotamers_0.xyz" ...
 1 2 3 4 5 6 7 8 9 10 11 12 13 14 15 16 17 18 19 20 21 22 23 24 25 26 27 28 29 30 31 32 33 34 35 36 37 38 39 40 41 42 43 44 45 46 47 48 49 50 51 52 53 54 55 56 57 58 59 60 61 62 63 64 65 66 67 68 69 70 71 72 73 74 75 76 77 78 79 80 81 82 83 84 85 86 87 88 89 90 91 92 93 94 95 96 97 98 99 100 101 102 103 104 105 106 107 108 109 110 111 112 113 114 115 116 117 118 119 120 121 122 123 124 125 126 127 128 129 130 131 132 133 134 135 136 137 138 139 140 141 142 143 144 145 146 147 148 149 150 151 152 153 154 155 156 157 158 159 160 161 162 163 164 165 166 167 168 169 170 171 172 173 174 175 176 177 178 179 180 181 182 183 184 185 186 187 188 189 190 191 192 193 194 195 196 197 198 199 200 201 202 203 204 205 206 207 208 209 210 211 212 213 214 215 216 217 218 219 220 221 222 223 224 225 226 227 228 229 230 231 232 233 234 235 236 237 238 239 240 241 242 243 244 245 246 247 248 249 250 251 252 253 254 255 256 257 258 259 260 261 262 263 264 265 266 267 268 269 270 271 272 273 274 275 276 277 278 279 280 281 282 283 284 285 286 287 288 289 290 291 292 293 294 295 296 297 298 299 300 301 302 303 304 305 306 307 308 309 310 311 312 313 314 315 316 317 318 319 320 321 322 323 324 325 326 327 328 329 330 331 332 333 334 335 336 337 338 339 340 341 342 343 344 345 346 347 348 349 350 351 352 353 354 355 356 357 358 359 360 361 362 363 364 365 366 367 368 369 370 371 372 373 374 375 376 377 378 379 380 381 382 383 384 385 386 387 388 389 390 391 392 393 394 395 396 397 398 399 400 401 402 403 404 405 406 407 408 409 410 411 412 413 414 415 416 417 418 419 420 421 422 423 424 425 426 427 428 429 430 431 432 433 434 435 436 437 438 439 440 441 442 443 444 445 446 447 448 449 450 451 452 453 454 455 456 457 458 459 460 461 462 463 464 465 466 467 468 469 470 471 472 473 474 475 476 477 478 479 480 481 482 483 484 485 486 487 488 489 490 491 492 493 494 495 496 497 498 499 500 501 502 503 504 505 506 507 508 509 510 511 512 513 514 515 516 517 518 519 520 521 522 523 524 525 526 527 528 529 530 531 532 533 534 535 536 537 538 539 540 541 542 543 544 545 546 547 548 549 550 551 552 553 554 555 556 557 558 559 560 561 562 563 564 565 566 567 568 569 570 571 572 573 574 575 576 577 578 579 580 581 582 583 584 585 586 587 588 589 590 591 592 593 594 595 596 597 598 599 600 601 602 603 604 605 606 607 608 609 610 611 612 613 614 615 616 617 618 619 620 621 622 623 624 625 626 627 628 629 630 631 632 633 634 635 636 637 638 639 640 641 642 643 644 645 646 647 648 649 650 651 652 653 654 655 656 657 658 659 660 661 662 663 664 665 666 667 668 669 670 671 672 673 674 675 676 677 678 679 680 681 682 683 684 685 686 687 688 689 690 691 692 693 694 695 696 697 698 699 700 701 702 703 704 705 706 707 708 709 710 711 712 713 714 715 716 717 718 719 720 721 722 723 724 725 726 727 728 729 730 731 732 733 734 735 736 737 738 739 740 741 742 743 744 745 746 747 748 749 750 751 752 753 754 755 756 757 758 759 760 761 762 763 764 765 766 767 768 769 770 771 772 773 774 775 776 777 778 779 780 781 782 783 784 785 786 787 788 789 790 791 792 793 794 795 796
 done.
 running RMSDs...
 done.
 E lowest :   -55.33504
 553 structures remain within    12.00 kcal/mol window

 -------------------------------------
 2. optimization with tight thresholds
 -------------------------------------
 Optimizing all 554 structures from file "crest_rotamers_1.xyz" ...
 1 2 3 4 5 6 7 8 9 10 11 12 13 14 15 16 17 18 19 20 21 22 23 24 25 26 27 28 29 30 31 32 33 34 35 36 37 38 39 40 41 42 43 44 45 46 47 48 49 50 51 52 53 54 55 56 57 58 59 60 61 62 63 64 65 66 67 68 69 70 71 72 73 74 75 76 77 78 79 80 81 82 83 84 85 86 87 88 89 90 91 92 93 94 95 96 97 98 99 100 101 102 103 104 105 106 107 108 109 110 111 112 113 114 115 116 117 118 119 120 121 122 123 124 125 126 127 128 129 130 131 132 133 134 135 136 137 138 139 140 141 142 143 144 145 146 147 148 149 150 151 152 153 154 155 156 157 158 159 160 161 162 163 164 165 166 167 168 169 170 171 172 173 174 175 176 177 178 179 180 181 182 183 184 185 186 187 188 189 190 191 192 193 194 195 196 197 198 199 200 201 202 203 204 205 206 207 208 209 210 211 212 213 214 215 216 217 218 219 220 221 222 223 224 225 226 227 228 229 230 231 232 233 234 235 236 237 238 239 240 241 242 243 244 245 246 247 248 249 250 251 252 253 254 255 256 257 258 259 260 261 262 263 264 265 266 267 268 269 270 271 272 273 274 275 276 277 278 279 280 281 282 283 284 285 286 287 288 289 290 291 292 293 294 295 296 297 298 299 300 301 302 303 304 305 306 307 308 309 310 311 312 313 314 315 316 317 318 319 320 321 322 323 324 325 326 327 328 329 330 331 332 333 334 335 336 337 338 339 340 341 342 343 344 345 346 347 348 349 350 351 352 353 354 355 356 357 358 359 360 361 362 363 364 365 366 367 368 369 370 371 372 373 374 375 376 377 378 379 380 381 382 383 384 385 386 387 388 389 390 391 392 393 394 395 396 397 398 399 400 401 402 403 404 405 406 407 408 409 410 411 412 413 414 415 416 417 418 419 420 421 422 423 424 425 426 427 428 429 430 431 432 433 434 435 436 437 438 439 440 441 442 443 444 445 446 447 448 449 450 451 452 453 454 455 456 457 458 459 460 461 462 463 464 465 466 467 468 469 470 471 472 473 474 475 476 477 478 479 480 481 482 483 484 485 486 487 488 489 490 491 492 493 494 495 496 497 498 499 500 501 502 503 504 505 506 507 508 509 510 511 512 513 514 515 516 517 518 519 520 521 522 523 524 525 526 527 528 529 530 531 532 533 534 535 536 537 538 539 540 541 542 543 544 545 546 547 548 549 550 551 552 553 554
 done.
 running RMSDs...
 done.
 E lowest :   -55.33558
 42 structures remain within     6.00 kcal/mol window

========================================
            MTD Iterations done         
========================================
 Collecting ensmbles.
 running RMSDs...
 done.
 E lowest :   -55.33560
 137 structures remain within     6.00 kcal/mol window



   ================================================
   |           Final Geometry Optimization        |
   ================================================
 ------------------------------------------------
 Ensemble optimization with very tight thresholds
 ------------------------------------------------
 Optimizing all 137 structures from file "crest_rotamers_1.xyz" ...
 1 2 3 4 5 6 7 8 9 10 11 12 13 14 15 16 17 18 19 20 21 22 23 24 25 26 27 28 29 30 31 32 33 34 35 36 37 38 39 40 41 42 43 44 45 46 47 48 49 50 51 52 53 54 55 56 57 58 59 60 61 62 63 64 65 66 67 68 69 70 71 72 73 74 75 76 77 78 79 80 81 82 83 84 85 86 87 88 89 90 91 92 93 94 95 96 97 98 99 100 101 102 103 104 105 106 107 108 109 110 111 112 113 114 115 116 117 118 119 120 121 122 123 124 125 126 127 128 129 130 131 132 133 134 135 136 137
 done.
 running RMSDs...
 done.
 E lowest :   -55.33562
 115 structures remain within     6.00 kcal/mol window

 input  file name : crest_rotamers_2.xyz
 output file name : crest_rotamers_3.xyz
 number of atoms                :   40
 number of points on xyz files  :   137
 RMSD threshold                 :   0.1250
 Bconst threshold               :   0.0100
 population threshold           :   0.0500
 conformer energy window  /kcal :   6.0000
 # fragment in coord            :     2
 # bonds in reference structure :    41
   => # of C=C bonds :     4
 number of reliable points      :   137
 number of removed by energy    :     3
 number of remaining points     :   134
 reference state Etot :  -55.335617270000000
 number of doubles removed by rot/RMSD         :          19
 total number unique points considered further :         115
       Erel/kcal        Etot weight/tot  conformer     set   degen     origin
       1   0.000   -55.33562    0.07717    0.07717       1       1     mtd1
       2   0.001   -55.33562    0.07700    0.07700       2       1     mtd6
       3   0.061   -55.33552    0.06961    0.06961       3       1     mtd2
       4   0.134   -55.33540    0.06153    0.12250       4       2     mtd1
       5   0.140   -55.33539    0.06096                                mtd6
       6   0.176   -55.33534    0.05737    0.05737       5       1     mtd3
       7   0.204   -55.33529    0.05475    0.10796       6       2     mtd3
       8   0.220   -55.33527    0.05321                                mtd6
       9   0.268   -55.33519    0.04911    0.04911       7       1     mtd2
      10   0.287   -55.33516    0.04752    0.04752       8       1     mtd3
      11   0.367   -55.33503    0.04159    0.04159       9       1     mtd1
      12   0.462   -55.33488    0.03539    0.03539      10       1     mtd3
      13   0.625   -55.33462    0.02688    0.02688      11       1     mtd5
      14   0.658   -55.33457    0.02543    0.04906      12       2     mtd4
      15   0.702   -55.33450    0.02363                                mtd4
      16   0.754   -55.33442    0.02162    0.02162      13       1     mtd1
      17   0.763   -55.33440    0.02131    0.02131      14       1     mtd4
      18   0.819   -55.33431    0.01940    0.01940      15       1     mtd4
      19   0.848   -55.33427    0.01847    0.01847      16       1     mtd4
      20   0.881   -55.33421    0.01746    0.01746      17       1     mtd5
      21   1.082   -55.33389    0.01244    0.01244      18       1     mtd3
      22   1.107   -55.33385    0.01194    0.01194      19       1     mtd2
      23   1.154   -55.33378    0.01103    0.01103      20       1     mtd6
      24   1.177   -55.33374    0.01060    0.01060      21       1     mtd3
      25   1.335   -55.33349    0.00812    0.00812      22       1     mtd4
      26   1.411   -55.33337    0.00714    0.00714      23       1     mtd4
      27   1.489   -55.33325    0.00627    0.00627      24       1     mtd1
      28   1.508   -55.33321    0.00607    0.00607      25       1     mtd5
      29   1.731   -55.33286    0.00416    0.00416      26       1     mtd6
      30   1.739   -55.33285    0.00411    0.00411      27       1     mtd4
      31   1.744   -55.33284    0.00408    0.00408      28       1     mtd6
      32   1.812   -55.33273    0.00364    0.00364      29       1     mtd6
      33   1.821   -55.33272    0.00358    0.00358      30       1     mtd6
      34   1.843   -55.33268    0.00345    0.00345      31       1     mtd4
      35   1.861   -55.33265    0.00335    0.00335      32       1     mtd4
      36   1.864   -55.33265    0.00333    0.00333      33       1     mtd2
      37   1.868   -55.33264    0.00331    0.00331      34       1     mtd2
      38   1.876   -55.33263    0.00326    0.00326      35       1     mtd2
      39   1.999   -55.33243    0.00265    0.00265      36       1     mtd6
      40   2.015   -55.33241    0.00258    0.00258      37       1     mtd3
      41   2.019   -55.33240    0.00256    0.00256      38       1     mtd1
      42   2.108   -55.33226    0.00220    0.00220      39       1     mtd4
      43   2.195   -55.33212    0.00191    0.00191      40       1     mtd2
      44   2.216   -55.33209    0.00184    0.00184      41       1     mtd3
      45   2.257   -55.33202    0.00172    0.00172      42       1     mtd2
      46   2.324   -55.33191    0.00153    0.00153      43       1     mtd3
      47   2.445   -55.33172    0.00125    0.00125      44       1     mtd4
      48   2.573   -55.33152    0.00101    0.00101      45       1     mtd1
      49   2.614   -55.33145    0.00094    0.00094      46       1     mtd3
      50   2.642   -55.33141    0.00090    0.00090      47       1     mtd1
      51   2.648   -55.33140    0.00089    0.00089      48       1     mtd4
      52   2.675   -55.33135    0.00085    0.00085      49       1     mtd2
      53   2.726   -55.33127    0.00078    0.00078      50       1     mtd3
      54   2.753   -55.33123    0.00074    0.00074      51       1     mtd3
      55   2.778   -55.33119    0.00071    0.00071      52       1     mtd3
      56   2.864   -55.33105    0.00062    0.00062      53       1     mtd3
      57   2.913   -55.33098    0.00057    0.00113      54       2     mtd4
      58   2.918   -55.33097    0.00056                                mtd2
      59   3.039   -55.33077    0.00046    0.00046      55       1     mtd3
      60   3.052   -55.33075    0.00045    0.00045      56       1     mtd5
      61   3.120   -55.33064    0.00040    0.00040      57       1     mtd5
      62   3.149   -55.33060    0.00038    0.00038      58       1     mtd3
      63   3.197   -55.33052    0.00035    0.00035      59       1     mtd1
      64   3.216   -55.33049    0.00034    0.00034      60       1     mtd5
      65   3.397   -55.33020    0.00025    0.00025      61       1     mtd6
      66   3.769   -55.32961    0.00013    0.00013      62       1     mtd5
      67   3.839   -55.32950    0.00012    0.00012      63       1     mtd5
      68   4.107   -55.32907    0.00008    0.00008      64       1     mtd6
      69   4.112   -55.32906    0.00008    0.00008      65       1     mtd5
      70   4.133   -55.32903    0.00007    0.00007      66       1     mtd1
      71   4.137   -55.32902    0.00007    0.00007      67       1     mtd2
      72   4.317   -55.32874    0.00005    0.00005      68       1     mtd1
      73   4.468   -55.32850    0.00004    0.00008      69       2     mtd4
      74   4.512   -55.32843    0.00004                                mtd5
      75   4.536   -55.32839    0.00004    0.00004      70       1     mtd4
      76   4.539   -55.32838    0.00004    0.00004      71       1     mtd1
      77   4.569   -55.32834    0.00003    0.00003      72       1     mtd4
      78   4.589   -55.32830    0.00003    0.00003      73       1     mtd4
      79   4.597   -55.32829    0.00003    0.00003      74       1     mtd3
      80   4.607   -55.32828    0.00003    0.00003      75       1     mtd6
      81   4.688   -55.32815    0.00003    0.00003      76       1     mtd4
      82   4.700   -55.32813    0.00003    0.00003      77       1     mtd2
      83   4.842   -55.32790    0.00002    0.00002      78       1     mtd3
      84   4.855   -55.32788    0.00002    0.00002      79       1     mtd6
      85   4.917   -55.32778    0.00002    0.00002      80       1     mtd4
      86   4.955   -55.32772    0.00002    0.00002      81       1     mtd1
      87   4.997   -55.32765    0.00002    0.00002      82       1     mtd6
      88   5.022   -55.32761    0.00002    0.00002      83       1     mtd1
      89   5.025   -55.32761    0.00002    0.00002      84       1     mtd1
      90   5.057   -55.32756    0.00002    0.00002      85       1     mtd6
      91   5.099   -55.32749    0.00001    0.00001      86       1     mtd2
      92   5.121   -55.32746    0.00001    0.00001      87       1     mtd5
      93   5.129   -55.32744    0.00001    0.00001      88       1     mtd2
      94   5.170   -55.32738    0.00001    0.00001      89       1     mtd1
      95   5.178   -55.32736    0.00001    0.00001      90       1     mtd6
      96   5.218   -55.32730    0.00001    0.00001      91       1     mtd5
      97   5.221   -55.32730    0.00001    0.00001      92       1     mtd1
      98   5.254   -55.32724    0.00001    0.00001      93       1     mtd3
      99   5.265   -55.32723    0.00001    0.00001      94       1     mtd4
     100   5.390   -55.32703    0.00001    0.00001      95       1     mtd4
     101   5.461   -55.32691    0.00001    0.00001      96       1     mtd1
     102   5.473   -55.32690    0.00001    0.00001      97       1     mtd6
     103   5.510   -55.32684    0.00001    0.00001      98       1     mtd4
     104   5.517   -55.32683    0.00001    0.00001      99       1     mtd5
     105   5.590   -55.32671    0.00001    0.00001     100       1     mtd1
     106   5.593   -55.32670    0.00001    0.00001     101       1     mtd6
     107   5.637   -55.32663    0.00001    0.00001     102       1     mtd1
     108   5.723   -55.32650    0.00000    0.00000     103       1     mtd5
     109   5.740   -55.32647    0.00000    0.00000     104       1     mtd1
     110   5.743   -55.32646    0.00000    0.00000     105       1     mtd1
     111   5.904   -55.32621    0.00000    0.00000     106       1     mtd1
     112   5.913   -55.32619    0.00000    0.00000     107       1     mtd4
     113   5.918   -55.32619    0.00000    0.00000     108       1     mtd5
     114   5.969   -55.32611    0.00000    0.00000     109       1     mtd5
     115   5.978   -55.32609    0.00000    0.00000     110       1     mtd1
T /K                                  :   298.15
E lowest                              :   -55.33562
ensemble average energy (kcal)        :    0.475
ensemble entropy (J/mol K, cal/mol K) :   27.967    6.684
ensemble free energy (kcal/mol)       :   -1.993
population of lowest in %             :    7.717
 number of unique conformers for further calc          110
 list of relative energies saved as "crest.energies"

 -----------------
 Wall Time Summary
 -----------------
             test MD wall time :         0h : 0m : 0s
                 MTD wall time :         0h : 0m :19s
      multilevel OPT wall time :         0h : 0m :31s
--------------------
Overall wall time  : 0h : 0m :52s

 CREST terminated normally.
