
       ==============================================
       |                                            |
       |                 C R E S T                  |
       |                                            |
       |  Conformer-Rotamer Ensemble Sampling Tool  |
       |          based on the GFN methods          |
       |             P.Pracht, S.Grimme             |
       |          Universitaet Bonn, MCTC           |
       ==============================================
       Version 2.12,   Thu 19. Mai 16:32:32 CEST 2022
  Using the xTB program. Compatible with xTB version 6.4.0

   Cite work conducted with this code as

   • P.Pracht, F.Bohle, S.Grimme, PCCP, 2020, 22, 7169-7192.
   • S.Grimme, JCTC, 2019, 15, 2847-2862.

   and for works involving QCG as

   • S.Spicher, C.Plett, P.Pracht, A.Hansen, S.Grimme,
     JCTC, 2022, 18 (5), 3174-3189.

   with help from:
   C.Bannwarth, F.Bohle, S.Ehlert, S.Grimme,
   C.Plett, P.Pracht, S.Spicher

   This program is distributed in the hope that it will be useful,
   but WITHOUT ANY WARRANTY; without even the implied warranty of
   MERCHANTABILITY or FITNESS FOR A PARTICULAR PURPOSE.

 Command line input:
 > crest init.xyz --gfn2//gfnff --chrg 1 --uhf 0 --cbonds -T 256 --noreftopo

  -gfn2//gfnff : energy reweighting
  --chrg 1
  --uhf 0
  -T 256 (CPUs/Threads selected)

 -------------------------
 xTB Geometry Optimization
 -------------------------
 Geometry successfully optimized.

------------------------------------------------
Generating MTD length from a flexibility measure
------------------------------------------------
 Calculating WBOs... done.
 Calculating NCI flexibility... done.
     covalent flexibility measure :   0.775
 non-covalent flexibility measure :   0.866
 flexibility measure :   0.769
 t(MTD) / ps    :     8.0
 Σ(t(MTD)) / ps :   112.0 (14 MTDs)

-------------------------------------
Starting a trial MTD to test settings
-------------------------------------
 Estimated runtime for one MTD (8.0 ps) on a single thread: 10 min 37 sec
 Estimated runtime for a batch of 14 MTDs on 256 threads: 35 sec

 list of Vbias parameters applied:
$metadyn    0.00300   1.300
$metadyn    0.00150   1.300
$metadyn    0.00075   1.300
$metadyn    0.00300   0.780
$metadyn    0.00150   0.780
$metadyn    0.00075   0.780
$metadyn    0.00300   0.468
$metadyn    0.00150   0.468
$metadyn    0.00075   0.468
$metadyn    0.00300   0.281
$metadyn    0.00150   0.281
$metadyn    0.00075   0.281
$metadyn    0.00100   0.100
$metadyn    0.00500   0.800

*******************************************************************************************
**                        N E W    I T E R A T I O N    C Y C L E                        **
*******************************************************************************************

========================================
            MTD Iteration  1
========================================

     ========================================
     |         Meta-MD (MTD) Sampling       |
     ========================================

Starting Meta-MD   1 with the settings:
     MD time /ps        :     8.0
     dt /fs             :     2.0
     dumpstep(trj) /fs  :     100
     dumpstep(Vbias)/ps :     1.0
     Vbias factor k /Eh :  0.0600
     Vbias exp α /bohr⁻²:    1.30
Starting Meta-MD   2 with the settings:
     MD time /ps        :     8.0
     dt /fs             :     2.0
     dumpstep(trj) /fs  :     100
     dumpstep(Vbias)/ps :     1.0
     Vbias factor k /Eh :  0.0300
     Vbias exp α /bohr⁻²:    1.30
Starting Meta-MD   4 with the settings:
     MD time /ps        :     8.0
     dt /fs             :     2.0
     dumpstep(trj) /fs  :     100
     dumpstep(Vbias)/ps :     1.0
     Vbias factor k /Eh :  0.0600
     Vbias exp α /bohr⁻²:    0.78
Starting Meta-MD   3 with the settings:
     MD time /ps        :     8.0
     dt /fs             :     2.0
     dumpstep(trj) /fs  :     100
     dumpstep(Vbias)/ps :     1.0
     Vbias factor k /Eh :  0.0150
     Vbias exp α /bohr⁻²:    1.30
Starting Meta-MD   5 with the settings:
     MD time /ps        :     8.0
     dt /fs             :     2.0
     dumpstep(trj) /fs  :     100
     dumpstep(Vbias)/ps :     1.0
     Vbias factor k /Eh :  0.0300
     Vbias exp α /bohr⁻²:    0.78
Starting Meta-MD   6 with the settings:
     MD time /ps        :     8.0
     dt /fs             :     2.0
     dumpstep(trj) /fs  :     100
     dumpstep(Vbias)/ps :     1.0
     Vbias factor k /Eh :  0.0150
     Vbias exp α /bohr⁻²:    0.78
Starting Meta-MD   7 with the settings:
     MD time /ps        :     8.0
     dt /fs             :     2.0
     dumpstep(trj) /fs  :     100
     dumpstep(Vbias)/ps :     1.0
     Vbias factor k /Eh :  0.0600
     Vbias exp α /bohr⁻²:    0.47
Starting Meta-MD   8 with the settings:
     MD time /ps        :     8.0
     dt /fs             :     2.0
     dumpstep(trj) /fs  :     100
     dumpstep(Vbias)/ps :     1.0
     Vbias factor k /Eh :  0.0300
     Vbias exp α /bohr⁻²:    0.47
Starting Meta-MD   9 with the settings:
     MD time /ps        :     8.0
     dt /fs             :     2.0
     dumpstep(trj) /fs  :     100
     dumpstep(Vbias)/ps :     1.0
     Vbias factor k /Eh :  0.0150
     Vbias exp α /bohr⁻²:    0.47
Starting Meta-MD  14 with the settings:
     MD time /ps        :     8.0
     dt /fs             :     2.0
     dumpstep(trj) /fs  :     100
     dumpstep(Vbias)/ps :     1.0
     Vbias factor k /Eh :  0.1000
     Vbias exp α /bohr⁻²:    0.80
Starting Meta-MD  10 with the settings:
     MD time /ps        :     8.0
     dt /fs             :     2.0
     dumpstep(trj) /fs  :     100
     dumpstep(Vbias)/ps :     1.0
     Vbias factor k /Eh :  0.0600
     Vbias exp α /bohr⁻²:    0.28
Starting Meta-MD  11 with the settings:
     MD time /ps        :     8.0
     dt /fs             :     2.0
     dumpstep(trj) /fs  :     100
     dumpstep(Vbias)/ps :     1.0
     Vbias factor k /Eh :  0.0300
     Vbias exp α /bohr⁻²:    0.28
Starting Meta-MD  12 with the settings:
     MD time /ps        :     8.0
     dt /fs             :     2.0
     dumpstep(trj) /fs  :     100
     dumpstep(Vbias)/ps :     1.0
     Vbias factor k /Eh :  0.0150
     Vbias exp α /bohr⁻²:    0.28
Starting Meta-MD  13 with the settings:
     MD time /ps        :     8.0
     dt /fs             :     2.0
     dumpstep(trj) /fs  :     100
     dumpstep(Vbias)/ps :     1.0
     Vbias factor k /Eh :  0.0200
     Vbias exp α /bohr⁻²:    0.10
*Meta-MTD 4 finished*
*Meta-MTD 5 finished*
*Meta-MTD 9 finished*
*Meta-MTD 8 finished*
*Meta-MTD 13 finished*
*Meta-MTD 14 finished*
*Meta-MTD 6 finished*
*Meta-MTD 10 finished*
*Meta-MTD 3 finished*
*Meta-MTD 1 finished*
*Meta-MTD 2 finished*
*Meta-MTD 7 finished*
*Meta-MTD 12 finished*
*Meta-MTD 11 finished*

-----------------------
Multilevel Optimization
-----------------------

 -------------------------
 1. crude pre-optimization
 -------------------------
 Optimizing all 1106 structures from file "crest_rotamers_0.xyz" ...
 1 2 3 4 5 6 7 8 9 10 11 12 13 14 15 16 17 18 19 20 21 22 23 24 25 26 27 28 29 30 31 32 33 34 35 36 37 38 39 40 41 42 43 44 45 46 47 48 49 50 51 52 53 54 55 56 57 58 59 60 61 62 63 64 65 66 67 68 69 70 71 72 73 74 75 76 77 78 79 80 81 82 83 84 85 86 87 88 89 90 91 92 93 94 95 96 97 98 99 100 101 102 103 104 105 106 107 108 109 110 111 112 113 114 115 116 117 118 119 120 121 122 123 124 125 126 127 128 129 130 131 132 133 134 135 136 137 138 139 140 141 142 143 144 145 146 147 148 149 150 151 152 153 154 155 156 157 158 159 160 161 162 163 164 165 166 167 168 169 170 171 172 173 174 175 176 177 178 179 180 181 182 183 184 185 186 187 188 189 190 191 192 193 194 195 196 197 198 199 200 201 202 203 204 205 206 207 208 209 210 211 212 213 214 215 216 217 218 219 220 221 222 223 224 225 226 227 228 229 230 231 232 233 234 235 236 237 238 239 240 241 242 243 244 245 246 247 248 249 250 251 252 253 254 255 256 257 258 259 260 261 262 263 264 265 266 267 268 269 270 271 272 273 274 275 276 277 278 279 280 281 282 283 284 285 286 287 288 289 290 291 292 293 294 295 296 297 298 299 300 301 302 303 304 305 306 307 308 309 310 311 312 313 314 315 316 317 318 319 320 321 322 323 324 325 326 327 328 329 330 331 332 333 334 335 336 337 338 339 340 341 342 343 344 345 346 347 348 349 350 351 352 353 354 355 356 357 358 359 360 361 362 363 364 365 366 367 368 369 370 371 372 373 374 375 376 377 378 379 380 381 382 383 384 385 386 387 388 389 390 391 392 393 394 395 396 397 398 399 400 401 402 403 404 405 406 407 408 409 410 411 412 413 414 415 416 417 418 419 420 421 422 423 424 425 426 427 428 429 430 431 432 433 434 435 436 437 438 439 440 441 442 443 444 445 446 447 448 449 450 451 452 453 454 455 456 457 458 459 460 461 462 463 464 465 466 467 468 469 470 471 472 473 474 475 476 477 478 479 480 481 482 483 484 485 486 487 488 489 490 491 492 493 494 495 496 497 498 499 500 501 502 503 504 505 506 507 508 509 510 511 512 513 514 515 516 517 518 519 520 521 522 523 524 525 526 527 528 529 530 531 532 533 534 535 536 537 538 539 540 541 542 543 544 545 546 547 548 549 550 551 552 553 554 555 556 557 558 559 560 561 562 563 564 565 566 567 568 569 570 571 572 573 574 575 576 577 578 579 580 581 582 583 584 585 586 587 588 589 590 591 592 593 594 595 596 597 598 599 600 601 602 603 604 605 606 607 608 609 610 611 612 613 614 615 616 617 618 619 620 621 622 623 624 625 626 627 628 629 630 631 632 633 634 635 636 637 638 639 640 641 642 643 644 645 646 647 648 649 650 651 652 653 654 655 656 657 658 659 660 661 662 663 664 665 666 667 668 669 670 671 672 673 674 675 676 677 678 679 680 681 682 683 684 685 686 687 688 689 690 691 692 693 694 695 696 697 698 699 700 701 702 703 704 705 706 707 708 709 710 711 712 713 714 715 716 717 718 719 720 721 722 723 724 725 726 727 728 729 730 731 732 733 734 735 736 737 738 739 740 741 742 743 744 745 746 747 748 749 750 751 752 753 754 755 756 757 758 759 760 761 762 763 764 765 766 767 768 769 770 771 772 773 774 775 776 777 778 779 780 781 782 783 784 785 786 787 788 789 790 791 792 793 794 795 796 797 798 799 800 801 802 803 804 805 806 807 808 809 810 811 812 813 814 815 816 817 818 819 820 821 822 823 824 825 826 827 828 829 830 831 832 833 834 835 836 837 838 839 840 841 842 843 844 845 846 847 848 849 850 851 852 853 854 855 856 857 858 859 860 861 862 863 864 865 866 867 868 869 870 871 872 873 874 875 876 877 878 879 880 881 882 883 884 885 886 887 888 889 890 891 892 893 894 895 896 897 898 899 900 901 902 903 904 905 906 907 908 909 910 911 912 913 914 915 916 917 918 919 920 921 922 923 924 925 926 927 928 929 930 931 932 933 934 935 936 937 938 939 940 941 942 943 944 945 946 947 948 949 950 951 952 953 954 955 956 957 958 959 960 961 962 963 964 965 966 967 968 969 970 971 972 973 974 975 976 977 978 979 980 981 982 983 984 985 986 987 988 989 990 991 992 993 994 995 996 997 998 999 1000 1001 1002 1003 1004 1005 1006 1007 1008 1009 1010 1011 1012 1013 1014 1015 1016 1017 1018 1019 1020 1021 1022 1023 1024 1025 1026 1027 1028 1029 1030 1031 1032 1033 1034 1035 1036 1037 1038 1039 1040 1041 1042 1043 1044 1045 1046 1047 1048 1049 1050 1051 1052 1053 1054 1055 1056 1057 1058 1059 1060 1061 1062 1063 1064 1065 1066 1067 1068 1069 1070 1071 1072 1073 1074 1075 1076 1077 1078 1079 1080 1081 1082 1083 1084 1085 1086 1087 1088 1089 1090 1091 1092 1093 1094 1095 1096 1097 1098 1099 1100 1101 1102 1103 1104 1105 1106
 done.
 running RMSDs...
 done.
 E lowest :   -20.33202
 1044 structures remain within    12.00 kcal/mol window

 -------------------------------------
 2. optimization with tight thresholds
 -------------------------------------
 Optimizing all 1045 structures from file "crest_rotamers_1.xyz" ...
 1 2 3 4 5 6 7 8 9 10 11 12 13 14 15 16 17 18 19 20 21 22 23 24 25 26 27 28 29 30 31 32 33 34 35 36 37 38 39 40 41 42 43 44 45 46 47 48 49 50 51 52 53 54 55 56 57 58 59 60 61 62 63 64 65 66 67 68 69 70 71 72 73 74 75 76 77 78 79 80 81 82 83 84 85 86 87 88 89 90 91 92 93 94 95 96 97 98 99 100 101 102 103 104 105 106 107 108 109 110 111 112 113 114 115 116 117 118 119 120 121 122 123 124 125 126 127 128 129 130 131 132 133 134 135 136 137 138 139 140 141 142 143 144 145 146 147 148 149 150 151 152 153 154 155 156 157 158 159 160 161 162 163 164 165 166 167 168 169 170 171 172 173 174 175 176 177 178 179 180 181 182 183 184 185 186 187 188 189 190 191 192 193 194 195 196 197 198 199 200 201 202 203 204 205 206 207 208 209 210 211 212 213 214 215 216 217 218 219 220 221 222 223 224 225 226 227 228 229 230 231 232 233 234 235 236 237 238 239 240 241 242 243 244 245 246 247 248 249 250 251 252 253 254 255 256 257 258 259 260 261 262 263 264 265 266 267 268 269 270 271 272 273 274 275 276 277 278 279 280 281 282 283 284 285 286 287 288 289 290 291 292 293 294 295 296 297 298 299 300 301 302 303 304 305 306 307 308 309 310 311 312 313 314 315 316 317 318 319 320 321 322 323 324 325 326 327 328 329 330 331 332 333 334 335 336 337 338 339 340 341 342 343 344 345 346 347 348 349 350 351 352 353 354 355 356 357 358 359 360 361 362 363 364 365 366 367 368 369 370 371 372 373 374 375 376 377 378 379 380 381 382 383 384 385 386 387 388 389 390 391 392 393 394 395 396 397 398 399 400 401 402 403 404 405 406 407 408 409 410 411 412 413 414 415 416 417 418 419 420 421 422 423 424 425 426 427 428 429 430 431 432 433 434 435 436 437 438 439 440 441 442 443 444 445 446 447 448 449 450 451 452 453 454 455 456 457 458 459 460 461 462 463 464 465 466 467 468 469 470 471 472 473 474 475 476 477 478 479 480 481 482 483 484 485 486 487 488 489 490 491 492 493 494 495 496 497 498 499 500 501 502 503 504 505 506 507 508 509 510 511 512 513 514 515 516 517 518 519 520 521 522 523 524 525 526 527 528 529 530 531 532 533 534 535 536 537 538 539 540 541 542 543 544 545 546 547 548 549 550 551 552 553 554 555 556 557 558 559 560 561 562 563 564 565 566 567 568 569 570 571 572 573 574 575 576 577 578 579 580 581 582 583 584 585 586 587 588 589 590 591 592 593 594 595 596 597 598 599 600 601 602 603 604 605 606 607 608 609 610 611 612 613 614 615 616 617 618 619 620 621 622 623 624 625 626 627 628 629 630 631 632 633 634 635 636 637 638 639 640 641 642 643 644 645 646 647 648 649 650 651 652 653 654 655 656 657 658 659 660 661 662 663 664 665 666 667 668 669 670 671 672 673 674 675 676 677 678 679 680 681 682 683 684 685 686 687 688 689 690 691 692 693 694 695 696 697 698 699 700 701 702 703 704 705 706 707 708 709 710 711 712 713 714 715 716 717 718 719 720 721 722 723 724 725 726 727 728 729 730 731 732 733 734 735 736 737 738 739 740 741 742 743 744 745 746 747 748 749 750 751 752 753 754 755 756 757 758 759 760 761 762 763 764 765 766 767 768 769 770 771 772 773 774 775 776 777 778 779 780 781 782 783 784 785 786 787 788 789 790 791 792 793 794 795 796 797 798 799 800 801 802 803 804 805 806 807 808 809 810 811 812 813 814 815 816 817 818 819 820 821 822 823 824 825 826 827 828 829 830 831 832 833 834 835 836 837 838 839 840 841 842 843 844 845 846 847 848 849 850 851 852 853 854 855 856 857 858 859 860 861 862 863 864 865 866 867 868 869 870 871 872 873 874 875 876 877 878 879 880 881 882 883 884 885 886 887 888 889 890 891 892 893 894 895 896 897 898 899 900 901 902 903 904 905 906 907 908 909 910 911 912 913 914 915 916 917 918 919 920 921 922 923 924 925 926 927 928 929 930 931 932 933 934 935 936 937 938 939 940 941 942 943 944 945 946 947 948 949 950 951 952 953 954 955 956 957 958 959 960 961 962 963 964 965 966 967 968 969 970 971 972 973 974 975 976 977 978 979 980 981 982 983 984 985 986 987 988 989 990 991 992 993 994 995 996 997 998 999 1000 1001 1002 1003 1004 1005 1006 1007 1008 1009 1010 1011 1012 1013 1014 1015 1016 1017 1018 1019 1020 1021 1022 1023 1024 1025 1026 1027 1028 1029 1030 1031 1032 1033 1034 1035 1036 1037 1038 1039 1040 1041 1042 1043 1044 1045
 done.
 running RMSDs...
 done.
 E lowest :   -20.33203
 272 structures remain within     6.00 kcal/mol window


========================================
            MTD Iteration  2
========================================

     ========================================
     |         Meta-MD (MTD) Sampling       |
     ========================================

Starting Meta-MD   1 with the settings:
     MD time /ps        :     8.0
     dt /fs             :     2.0
     dumpstep(trj) /fs  :     100
     dumpstep(Vbias)/ps :     1.0
     Vbias factor k /Eh :  0.0600
     Vbias exp α /bohr⁻²:    1.30
Starting Meta-MD   2 with the settings:
     MD time /ps        :     8.0
     dt /fs             :     2.0
     dumpstep(trj) /fs  :     100
     dumpstep(Vbias)/ps :     1.0
     Vbias factor k /Eh :  0.0300
     Vbias exp α /bohr⁻²:    1.30
Starting Meta-MD   3 with the settings:
     MD time /ps        :     8.0
     dt /fs             :     2.0
     dumpstep(trj) /fs  :     100
     dumpstep(Vbias)/ps :     1.0
     Vbias factor k /Eh :  0.0150
     Vbias exp α /bohr⁻²:    1.30
Starting Meta-MD   4 with the settings:
     MD time /ps        :     8.0
     dt /fs             :     2.0
     dumpstep(trj) /fs  :     100
     dumpstep(Vbias)/ps :     1.0
     Vbias factor k /Eh :  0.0600
     Vbias exp α /bohr⁻²:    0.78
Starting Meta-MD   5 with the settings:
     MD time /ps        :     8.0
     dt /fs             :     2.0
     dumpstep(trj) /fs  :     100
     dumpstep(Vbias)/ps :     1.0
     Vbias factor k /Eh :  0.0300
     Vbias exp α /bohr⁻²:    0.78
Starting Meta-MD   7 with the settings:
     MD time /ps        :     8.0
     dt /fs             :     2.0
     dumpstep(trj) /fs  :     100
     dumpstep(Vbias)/ps :     1.0
     Vbias factor k /Eh :  0.0600
     Vbias exp α /bohr⁻²:    0.47
Starting Meta-MD   6 with the settings:
     MD time /ps        :     8.0
     dt /fs             :     2.0
     dumpstep(trj) /fs  :     100
     dumpstep(Vbias)/ps :     1.0
     Vbias factor k /Eh :  0.0150
     Vbias exp α /bohr⁻²:    0.78
Starting Meta-MD   8 with the settings:
     MD time /ps        :     8.0
     dt /fs             :     2.0
     dumpstep(trj) /fs  :     100
     dumpstep(Vbias)/ps :     1.0
     Vbias factor k /Eh :  0.0300
     Vbias exp α /bohr⁻²:    0.47
Starting Meta-MD   9 with the settings:
     MD time /ps        :     8.0
     dt /fs             :     2.0
     dumpstep(trj) /fs  :     100
     dumpstep(Vbias)/ps :     1.0
     Vbias factor k /Eh :  0.0150
     Vbias exp α /bohr⁻²:    0.47
Starting Meta-MD  10 with the settings:
     MD time /ps        :     8.0
     dt /fs             :     2.0
     dumpstep(trj) /fs  :     100
     dumpstep(Vbias)/ps :     1.0
     Vbias factor k /Eh :  0.0600
     Vbias exp α /bohr⁻²:    0.28
Starting Meta-MD  12 with the settings:
     MD time /ps        :     8.0
     dt /fs             :     2.0
     dumpstep(trj) /fs  :     100
     dumpstep(Vbias)/ps :     1.0
     Vbias factor k /Eh :  0.0150
     Vbias exp α /bohr⁻²:    0.28
Starting Meta-MD  11 with the settings:
     MD time /ps        :     8.0
     dt /fs             :     2.0
     dumpstep(trj) /fs  :     100
     dumpstep(Vbias)/ps :     1.0
     Vbias factor k /Eh :  0.0300
     Vbias exp α /bohr⁻²:    0.28
*Meta-MTD 10 finished*
*Meta-MTD 7 finished*
*Meta-MTD 1 finished*
*Meta-MTD 8 finished*
*Meta-MTD 3 finished*
*Meta-MTD 2 finished*
*Meta-MTD 9 finished*
*Meta-MTD 4 finished*
*Meta-MTD 6 finished*
*Meta-MTD 11 finished*
*Meta-MTD 12 finished*
*Meta-MTD 5 finished*

-----------------------
Multilevel Optimization
-----------------------

 -------------------------
 1. crude pre-optimization
 -------------------------
 Optimizing all 948 structures from file "crest_rotamers_0.xyz" ...
 1 2 3 4 5 6 7 8 9 10 11 12 13 14 15 16 17 18 19 20 21 22 23 24 25 26 27 28 29 30 31 32 33 34 35 36 37 38 39 40 41 42 43 44 45 46 47 48 49 50 51 52 53 54 55 56 57 58 59 60 61 62 63 64 65 66 67 68 69 70 71 72 73 74 75 76 77 78 79 80 81 82 83 84 85 86 87 88 89 90 91 92 93 94 95 96 97 98 99 100 101 102 103 104 105 106 107 108 109 110 111 112 113 114 115 116 117 118 119 120 121 122 123 124 125 126 127 128 129 130 131 132 133 134 135 136 137 138 139 140 141 142 143 144 145 146 147 148 149 150 151 152 153 154 155 156 157 158 159 160 161 162 163 164 165 166 167 168 169 170 171 172 173 174 175 176 177 178 179 180 181 182 183 184 185 186 187 188 189 190 191 192 193 194 195 196 197 198 199 200 201 202 203 204 205 206 207 208 209 210 211 212 213 214 215 216 217 218 219 220 221 222 223 224 225 226 227 228 229 230 231 232 233 234 235 236 237 238 239 240 241 242 243 244 245 246 247 248 249 250 251 252 253 254 255 256 257 258 259 260 261 262 263 264 265 266 267 268 269 270 271 272 273 274 275 276 277 278 279 280 281 282 283 284 285 286 287 288 289 290 291 292 293 294 295 296 297 298 299 300 301 302 303 304 305 306 307 308 309 310 311 312 313 314 315 316 317 318 319 320 321 322 323 324 325 326 327 328 329 330 331 332 333 334 335 336 337 338 339 340 341 342 343 344 345 346 347 348 349 350 351 352 353 354 355 356 357 358 359 360 361 362 363 364 365 366 367 368 369 370 371 372 373 374 375 376 377 378 379 380 381 382 383 384 385 386 387 388 389 390 391 392 393 394 395 396 397 398 399 400 401 402 403 404 405 406 407 408 409 410 411 412 413 414 415 416 417 418 419 420 421 422 423 424 425 426 427 428 429 430 431 432 433 434 435 436 437 438 439 440 441 442 443 444 445 446 447 448 449 450 451 452 453 454 455 456 457 458 459 460 461 462 463 464 465 466 467 468 469 470 471 472 473 474 475 476 477 478 479 480 481 482 483 484 485 486 487 488 489 490 491 492 493 494 495 496 497 498 499 500 501 502 503 504 505 506 507 508 509 510 511 512 513 514 515 516 517 518 519 520 521 522 523 524 525 526 527 528 529 530 531 532 533 534 535 536 537 538 539 540 541 542 543 544 545 546 547 548 549 550 551 552 553 554 555 556 557 558 559 560 561 562 563 564 565 566 567 568 569 570 571 572 573 574 575 576 577 578 579 580 581 582 583 584 585 586 587 588 589 590 591 592 593 594 595 596 597 598 599 600 601 602 603 604 605 606 607 608 609 610 611 612 613 614 615 616 617 618 619 620 621 622 623 624 625 626 627 628 629 630 631 632 633 634 635 636 637 638 639 640 641 642 643 644 645 646 647 648 649 650 651 652 653 654 655 656 657 658 659 660 661 662 663 664 665 666 667 668 669 670 671 672 673 674 675 676 677 678 679 680 681 682 683 684 685 686 687 688 689 690 691 692 693 694 695 696 697 698 699 700 701 702 703 704 705 706 707 708 709 710 711 712 713 714 715 716 717 718 719 720 721 722 723 724 725 726 727 728 729 730 731 732 733 734 735 736 737 738 739 740 741 742 743 744 745 746 747 748 749 750 751 752 753 754 755 756 757 758 759 760 761 762 763 764 765 766 767 768 769 770 771 772 773 774 775 776 777 778 779 780 781 782 783 784 785 786 787 788 789 790 791 792 793 794 795 796 797 798 799 800 801 802 803 804 805 806 807 808 809 810 811 812 813 814 815 816 817 818 819 820 821 822 823 824 825 826 827 828 829 830 831 832 833 834 835 836 837 838 839 840 841 842 843 844 845 846 847 848 849 850 851 852 853 854 855 856 857 858 859 860 861 862 863 864 865 866 867 868 869 870 871 872 873 874 875 876 877 878 879 880 881 882 883 884 885 886 887 888 889 890 891 892 893 894 895 896 897 898 899 900 901 902 903 904 905 906 907 908 909 910 911 912 913 914 915 916 917 918 919 920 921 922 923 924 925 926 927 928 929 930 931 932 933 934 935 936 937 938 939 940 941 942 943 944 945 946 947 948
 done.
 running RMSDs...
 done.
 E lowest :   -20.33207
 891 structures remain within    12.00 kcal/mol window

 -------------------------------------
 2. optimization with tight thresholds
 -------------------------------------
 Optimizing all 892 structures from file "crest_rotamers_1.xyz" ...
 1 2 3 4 5 6 7 8 9 10 11 12 13 14 15 16 17 18 19 20 21 22 23 24 25 26 27 28 29 30 31 32 33 34 35 36 37 38 39 40 41 42 43 44 45 46 47 48 49 50 51 52 53 54 55 56 57 58 59 60 61 62 63 64 65 66 67 68 69 70 71 72 73 74 75 76 77 78 79 80 81 82 83 84 85 86 87 88 89 90 91 92 93 94 95 96 97 98 99 100 101 102 103 104 105 106 107 108 109 110 111 112 113 114 115 116 117 118 119 120 121 122 123 124 125 126 127 128 129 130 131 132 133 134 135 136 137 138 139 140 141 142 143 144 145 146 147 148 149 150 151 152 153 154 155 156 157 158 159 160 161 162 163 164 165 166 167 168 169 170 171 172 173 174 175 176 177 178 179 180 181 182 183 184 185 186 187 188 189 190 191 192 193 194 195 196 197 198 199 200 201 202 203 204 205 206 207 208 209 210 211 212 213 214 215 216 217 218 219 220 221 222 223 224 225 226 227 228 229 230 231 232 233 234 235 236 237 238 239 240 241 242 243 244 245 246 247 248 249 250 251 252 253 254 255 256 257 258 259 260 261 262 263 264 265 266 267 268 269 270 271 272 273 274 275 276 277 278 279 280 281 282 283 284 285 286 287 288 289 290 291 292 293 294 295 296 297 298 299 300 301 302 303 304 305 306 307 308 309 310 311 312 313 314 315 316 317 318 319 320 321 322 323 324 325 326 327 328 329 330 331 332 333 334 335 336 337 338 339 340 341 342 343 344 345 346 347 348 349 350 351 352 353 354 355 356 357 358 359 360 361 362 363 364 365 366 367 368 369 370 371 372 373 374 375 376 377 378 379 380 381 382 383 384 385 386 387 388 389 390 391 392 393 394 395 396 397 398 399 400 401 402 403 404 405 406 407 408 409 410 411 412 413 414 415 416 417 418 419 420 421 422 423 424 425 426 427 428 429 430 431 432 433 434 435 436 437 438 439 440 441 442 443 444 445 446 447 448 449 450 451 452 453 454 455 456 457 458 459 460 461 462 463 464 465 466 467 468 469 470 471 472 473 474 475 476 477 478 479 480 481 482 483 484 485 486 487 488 489 490 491 492 493 494 495 496 497 498 499 500 501 502 503 504 505 506 507 508 509 510 511 512 513 514 515 516 517 518 519 520 521 522 523 524 525 526 527 528 529 530 531 532 533 534 535 536 537 538 539 540 541 542 543 544 545 546 547 548 549 550 551 552 553 554 555 556 557 558 559 560 561 562 563 564 565 566 567 568 569 570 571 572 573 574 575 576 577 578 579 580 581 582 583 584 585 586 587 588 589 590 591 592 593 594 595 596 597 598 599 600 601 602 603 604 605 606 607 608 609 610 611 612 613 614 615 616 617 618 619 620 621 622 623 624 625 626 627 628 629 630 631 632 633 634 635 636 637 638 639 640 641 642 643 644 645 646 647 648 649 650 651 652 653 654 655 656 657 658 659 660 661 662 663 664 665 666 667 668 669 670 671 672 673 674 675 676 677 678 679 680 681 682 683 684 685 686 687 688 689 690 691 692 693 694 695 696 697 698 699 700 701 702 703 704 705 706 707 708 709 710 711 712 713 714 715 716 717 718 719 720 721 722 723 724 725 726 727 728 729 730 731 732 733 734 735 736 737 738 739 740 741 742 743 744 745 746 747 748 749 750 751 752 753 754 755 756 757 758 759 760 761 762 763 764 765 766 767 768 769 770 771 772 773 774 775 776 777 778 779 780 781 782 783 784 785 786 787 788 789 790 791 792 793 794 795 796 797 798 799 800 801 802 803 804 805 806 807 808 809 810 811 812 813 814 815 816 817 818 819 820 821 822 823 824 825 826 827 828 829 830 831 832 833 834 835 836 837 838 839 840 841 842 843 844 845 846 847 848 849 850 851 852 853 854 855 856 857 858 859 860 861 862 863 864 865 866 867 868 869 870 871 872 873 874 875 876 877 878 879 880 881 882 883 884 885 886 887 888 889 890 891 892
 done.
 running RMSDs...
 done.
 E lowest :   -20.33203
 241 structures remain within     6.00 kcal/mol window

========================================
            MTD Iterations done         
========================================
 Collecting ensmbles.
 running RMSDs...
 done.
 E lowest :   -20.33203
 326 structures remain within     6.00 kcal/mol window

-----------------------------------------------
Additional regular MDs on lowest 4 conformer(s)
-----------------------------------------------
Starting MD   1 with the settings:
     MD time /ps        :     4.0
     MD Temperature /K  :   400.0
     dt /fs             :     2.0
     dumpstep(trj) /fs  :     100
Starting MD   2 with the settings:
     MD time /ps        :     4.0
     MD Temperature /K  :   500.0
     dt /fs             :     2.0
     dumpstep(trj) /fs  :     100
Starting MD   3 with the settings:
     MD time /ps        :     4.0
     MD Temperature /K  :   400.0
     dt /fs             :     2.0
     dumpstep(trj) /fs  :     100
Starting MD   4 with the settings:
     MD time /ps        :     4.0
     MD Temperature /K  :   500.0
     dt /fs             :     2.0
     dumpstep(trj) /fs  :     100
Starting MD   5 with the settings:
     MD time /ps        :     4.0
     MD Temperature /K  :   400.0
     dt /fs             :     2.0
     dumpstep(trj) /fs  :     100
Starting MD   6 with the settings:
     MD time /ps        :     4.0
     MD Temperature /K  :   500.0
     dt /fs             :     2.0
     dumpstep(trj) /fs  :     100
Starting MD   8 with the settings:
     MD time /ps        :     4.0
     MD Temperature /K  :   500.0
     dt /fs             :     2.0
     dumpstep(trj) /fs  :     100
Starting MD   7 with the settings:
     MD time /ps        :     4.0
     MD Temperature /K  :   400.0
     dt /fs             :     2.0
     dumpstep(trj) /fs  :     100
*MD 1 finished*
*MD 2 finished*
*MD 4 finished*
*MD 3 finished*
*MD 5 finished*
*MD 8 finished*
*MD 7 finished*
*MD 6 finished*
 Appending file crest_rotamers_1.xyz with new structures

 -------------------------------------------
 Ensemble optimization with tight thresholds
 -------------------------------------------
 Optimizing all 638 structures from file "crest_rotamers_1.xyz" ...
 1 2 3 4 5 6 7 8 9 10 11 12 13 14 15 16 17 18 19 20 21 22 23 24 25 26 27 28 29 30 31 32 33 34 35 36 37 38 39 40 41 42 43 44 45 46 47 48 49 50 51 52 53 54 55 56 57 58 59 60 61 62 63 64 65 66 67 68 69 70 71 72 73 74 75 76 77 78 79 80 81 82 83 84 85 86 87 88 89 90 91 92 93 94 95 96 97 98 99 100 101 102 103 104 105 106 107 108 109 110 111 112 113 114 115 116 117 118 119 120 121 122 123 124 125 126 127 128 129 130 131 132 133 134 135 136 137 138 139 140 141 142 143 144 145 146 147 148 149 150 151 152 153 154 155 156 157 158 159 160 161 162 163 164 165 166 167 168 169 170 171 172 173 174 175 176 177 178 179 180 181 182 183 184 185 186 187 188 189 190 191 192 193 194 195 196 197 198 199 200 201 202 203 204 205 206 207 208 209 210 211 212 213 214 215 216 217 218 219 220 221 222 223 224 225 226 227 228 229 230 231 232 233 234 235 236 237 238 239 240 241 242 243 244 245 246 247 248 249 250 251 252 253 254 255 256 257 258 259 260 261 262 263 264 265 266 267 268 269 270 271 272 273 274 275 276 277 278 279 280 281 282 283 284 285 286 287 288 289 290 291 292 293 294 295 296 297 298 299 300 301 302 303 304 305 306 307 308 309 310 311 312 313 314 315 316 317 318 319 320 321 322 323 324 325 326 327 328 329 330 331 332 333 334 335 336 337 338 339 340 341 342 343 344 345 346 347 348 349 350 351 352 353 354 355 356 357 358 359 360 361 362 363 364 365 366 367 368 369 370 371 372 373 374 375 376 377 378 379 380 381 382 383 384 385 386 387 388 389 390 391 392 393 394 395 396 397 398 399 400 401 402 403 404 405 406 407 408 409 410 411 412 413 414 415 416 417 418 419 420 421 422 423 424 425 426 427 428 429 430 431 432 433 434 435 436 437 438 439 440 441 442 443 444 445 446 447 448 449 450 451 452 453 454 455 456 457 458 459 460 461 462 463 464 465 466 467 468 469 470 471 472 473 474 475 476 477 478 479 480 481 482 483 484 485 486 487 488 489 490 491 492 493 494 495 496 497 498 499 500 501 502 503 504 505 506 507 508 509 510 511 512 513 514 515 516 517 518 519 520 521 522 523 524 525 526 527 528 529 530 531 532 533 534 535 536 537 538 539 540 541 542 543 544 545 546 547 548 549 550 551 552 553 554 555 556 557 558 559 560 561 562 563 564 565 566 567 568 569 570 571 572 573 574 575 576 577 578 579 580 581 582 583 584 585 586 587 588 589 590 591 592 593 594 595 596 597 598 599 600 601 602 603 604 605 606 607 608 609 610 611 612 613 614 615 616 617 618 619 620 621 622 623 624 625 626 627 628 629 630 631 632 633 634 635 636 637 638
 done.
 running RMSDs...
 done.
 E lowest :   -20.33203
 323 structures remain within     6.00 kcal/mol window


     ========================================
     |        Structure Crossing (GC)       |
     ========================================
 =============================
  # threads =         256
 =============================
 input  file name : crest_rotamers_3.xyz
number of atoms                :    20
number of points on xyz files  :   323
conformer energy window  /kcal :    6.00
CN per atom difference cut-off :  0.3000
RMSD threshold                 :  0.2500
max. # of generated structures : 400
 reading xyz file ...
 # in E window                323
 generating pairs ...       52325
  54.2 % done
  59.4 % done
  97.5 % done
 generated pairs           :       43976
 number of clash discarded :        8027
 average rmsd w.r.t input  : 2.99203
 sd of ensemble            : 0.55894
 number of new structures      :         301
 removed identical structures  :         499
 writing          301  TMPCONF* dirs ...
 --------------------------
 GC: loose pre-optimization
 --------------------------
 Starting optimization of generated structures
 301 jobs to do.
 1 2 3 4 5 6 7 8 9 10 11 12 13 14 15 16 17 18 19 20 21 22 23 24 25 26 27 28 29 30 31 32 33 34 35 36 37 38 39 40 41 42 43 44 45 46 47 48 49 50 51 52 53 54 55 56 57 58 59 60 61 62 63 64 65 66 67 68 69 70 71 72 73 74 75 76 77 78 79 80 81 82 83 84 85 86 87 88 89 90 91 92 93 94 95 96 97 98 99 100 101 102 103 104 105 106 107 108 109 110 111 112 113 114 115 116 117 118 119 120 121 122 123 124 125 126 127 128 129 130 131 132 133 134 135 136 137 138 139 140 141 142 143 144 145 146 147 148 149 150 151 152 153 154 155 156 157 158 159 160 161 162 163 164 165 166 167 168 169 170 171 172 173 174 175 176 177 178 179 180 181 182 183 184 185 186 187 188 189 190 191 192 193 194 195 196 197 198 199 200 201 202 203 204 205 206 207 208 209 210 211 212 213 214 215 216 217 218 219 220 221 222 223 224 225 226 227 228 229 230 231 232 233 234 235 236 237 238 239 240 241 242 243 244 245 246 247 248 249 250 251 252 253 254 255 256 257 258 259 260 261 262 263 264 265 266 267 268 269 270 271 272 273 274 275 276 277 278 279 280 281 282 283 284 285 286 287 288 289 290 291 292 293 294 295 296 297 298 299 300 301 
 done.
 Now appending opt.xyz file with new structures
 running RMSDs...
 done.
 E lowest :   -20.33209
 250 structures remain within    10.00 kcal/mol window
 --------------------------------------
 GC: optimization with tight thresholds
 --------------------------------------
 Optimizing all 250 structures from file "crest_rotamers_1.xyz" ...
 1 2 3 4 5 6 7 8 9 10 11 12 13 14 15 16 17 18 19 20 21 22 23 24 25 26 27 28 29 30 31 32 33 34 35 36 37 38 39 40 41 42 43 44 45 46 47 48 49 50 51 52 53 54 55 56 57 58 59 60 61 62 63 64 65 66 67 68 69 70 71 72 73 74 75 76 77 78 79 80 81 82 83 84 85 86 87 88 89 90 91 92 93 94 95 96 97 98 99 100 101 102 103 104 105 106 107 108 109 110 111 112 113 114 115 116 117 118 119 120 121 122 123 124 125 126 127 128 129 130 131 132 133 134 135 136 137 138 139 140 141 142 143 144 145 146 147 148 149 150 151 152 153 154 155 156 157 158 159 160 161 162 163 164 165 166 167 168 169 170 171 172 173 174 175 176 177 178 179 180 181 182 183 184 185 186 187 188 189 190 191 192 193 194 195 196 197 198 199 200 201 202 203 204 205 206 207 208 209 210 211 212 213 214 215 216 217 218 219 220 221 222 223 224 225 226 227 228 229 230 231 232 233 234 235 236 237 238 239 240 241 242 243 244 245 246 247 248 249 250
 done.
 running RMSDs...
 done.
 E lowest :   -20.33203


   ================================================
   |           Final Geometry Optimization        |
   ================================================
 ------------------------------------------------
 Ensemble optimization with very tight thresholds
 ------------------------------------------------
 Optimizing all 347 structures from file "crest_rotamers_4.xyz" ...
 1 2 3 4 5 6 7 8 9 10 11 12 13 14 15 16 17 18 19 20 21 22 23 24 25 26 27 28 29 30 31 32 33 34 35 36 37 38 39 40 41 42 43 44 45 46 47 48 49 50 51 52 53 54 55 56 57 58 59 60 61 62 63 64 65 66 67 68 69 70 71 72 73 74 75 76 77 78 79 80 81 82 83 84 85 86 87 88 89 90 91 92 93 94 95 96 97 98 99 100 101 102 103 104 105 106 107 108 109 110 111 112 113 114 115 116 117 118 119 120 121 122 123 124 125 126 127 128 129 130 131 132 133 134 135 136 137 138 139 140 141 142 143 144 145 146 147 148 149 150 151 152 153 154 155 156 157 158 159 160 161 162 163 164 165 166 167 168 169 170 171 172 173 174 175 176 177 178 179 180 181 182 183 184 185 186 187 188 189 190 191 192 193 194 195 196 197 198 199 200 201 202 203 204 205 206 207 208 209 210 211 212 213 214 215 216 217 218 219 220 221 222 223 224 225 226 227 228 229 230 231 232 233 234 235 236 237 238 239 240 241 242 243 244 245 246 247 248 249 250 251 252 253 254 255 256 257 258 259 260 261 262 263 264 265 266 267 268 269 270 271 272 273 274 275 276 277 278 279 280 281 282 283 284 285 286 287 288 289 290 291 292 293 294 295 296 297 298 299 300 301 302 303 304 305 306 307 308 309 310 311 312 313 314 315 316 317 318 319 320 321 322 323 324 325 326 327 328 329 330 331 332 333 334 335 336 337 338 339 340 341 342 343 344 345 346 347
 done.
 running RMSDs...
 done.
 E lowest :   -20.33203
 331 structures remain within     6.00 kcal/mol window

 input  file name : crest_rotamers_5.xyz
 output file name : crest_rotamers_6.xyz
 number of atoms                :   20
 number of points on xyz files  :   347
 RMSD threshold                 :   0.1250
 Bconst threshold               :   0.0100
 population threshold           :   0.0500
 conformer energy window  /kcal :   6.0000
 # fragment in coord            :     1
 # bonds in reference structure :    19
 number of reliable points      :   347
 reference state Etot :  -20.332028170000001
 number of doubles removed by rot/RMSD         :          16
 total number unique points considered further :         331
       Erel/kcal        Etot weight/tot  conformer     set   degen     origin
       1   0.000   -20.33203    0.01001    0.17800       1      18     md8
       2   0.001   -20.33203    0.00999                                gc
       3   0.001   -20.33203    0.00998                                gc
       4   0.002   -20.33203    0.00998                                gc
       5   0.006   -20.33202    0.00991                                mtd4
       6   0.006   -20.33202    0.00990                                mtd7
       7   0.008   -20.33202    0.00987                                gc
       8   0.008   -20.33201    0.00987                                gc
       9   0.009   -20.33201    0.00986                                gc
      10   0.009   -20.33201    0.00986                                gc
      11   0.009   -20.33201    0.00986                                gc
      12   0.009   -20.33201    0.00986                                gc
      13   0.009   -20.33201    0.00986                                gc
      14   0.009   -20.33201    0.00985                                gc
      15   0.009   -20.33201    0.00985                                mtd6
      16   0.009   -20.33201    0.00985                                md8
      17   0.010   -20.33201    0.00985                                mtd7
      18   0.013   -20.33201    0.00979                                mtd4
      19   0.070   -20.33192    0.00889    0.15575       2      18     mtd13
      20   0.072   -20.33191    0.00886                                mtd10
      21   0.077   -20.33191    0.00879                                mtd10
      22   0.077   -20.33191    0.00878                                mtd12
      23   0.078   -20.33190    0.00878                                mtd9
      24   0.079   -20.33190    0.00875                                mtd9
      25   0.080   -20.33190    0.00875                                gc
      26   0.081   -20.33190    0.00873                                mtd8
      27   0.081   -20.33190    0.00873                                mtd4
      28   0.084   -20.33190    0.00869                                mtd9
      29   0.093   -20.33188    0.00855                                mtd8
      30   0.095   -20.33188    0.00853                                gc
      31   0.095   -20.33188    0.00852                                gc
      32   0.096   -20.33187    0.00850                                md3
      33   0.097   -20.33187    0.00849                                mtd10
      34   0.098   -20.33187    0.00848                                gc
      35   0.098   -20.33187    0.00848                                mtd5
      36   0.102   -20.33187    0.00842                                gc
      37   0.125   -20.33183    0.00811    0.01592       3       2     gc
      38   0.147   -20.33179    0.00781                                gc
      39   0.331   -20.33150    0.00572    0.10232       4      18     mtd10
      40   0.332   -20.33150    0.00572                                mtd4
      41   0.333   -20.33150    0.00571                                mtd4
      42   0.333   -20.33150    0.00570                                mtd3
      43   0.334   -20.33150    0.00570                                mtd8
      44   0.334   -20.33150    0.00570                                mtd4
      45   0.334   -20.33150    0.00569                                mtd10
      46   0.335   -20.33149    0.00569                                mtd10
      47   0.335   -20.33149    0.00569                                gc
      48   0.335   -20.33149    0.00569                                mtd4
      49   0.336   -20.33149    0.00568                                mtd10
      50   0.336   -20.33149    0.00568                                mtd11
      51   0.336   -20.33149    0.00567                                gc
      52   0.336   -20.33149    0.00567                                gc
      53   0.337   -20.33149    0.00567                                gc
      54   0.338   -20.33149    0.00566                                mtd7
      55   0.340   -20.33149    0.00564                                mtd2
      56   0.340   -20.33149    0.00564                                mtd4
      57   0.366   -20.33145    0.00540    0.06944       5      13     mtd13
      58   0.366   -20.33144    0.00540                                mtd4
      59   0.367   -20.33144    0.00539                                mtd12
      60   0.367   -20.33144    0.00538                                mtd5
      61   0.368   -20.33144    0.00538                                mtd12
      62   0.369   -20.33144    0.00537                                mtd10
      63   0.369   -20.33144    0.00537                                mtd4
      64   0.370   -20.33144    0.00536                                mtd7
      65   0.374   -20.33143    0.00532                                mtd1
      66   0.377   -20.33143    0.00530                                gc
      67   0.377   -20.33143    0.00530                                mtd4
      68   0.381   -20.33142    0.00527                                mtd3
      69   0.388   -20.33141    0.00520                                mtd4
      70   0.393   -20.33140    0.00516    0.02558       6       5     gc
      71   0.393   -20.33140    0.00516                                gc
      72   0.394   -20.33140    0.00515                                gc
      73   0.397   -20.33140    0.00513                                gc
      74   0.413   -20.33137    0.00499                                mtd4
      75   0.443   -20.33132    0.00474    0.02351       7       5     mtd3
      76   0.444   -20.33132    0.00473                                mtd3
      77   0.449   -20.33131    0.00469                                mtd14
      78   0.451   -20.33131    0.00468                                mtd2
      79   0.453   -20.33131    0.00466                                gc
      80   0.453   -20.33131    0.00466    0.08355       8      18     md1
      81   0.453   -20.33131    0.00466                                gc
      82   0.454   -20.33130    0.00465                                mtd7
      83   0.454   -20.33130    0.00465                                mtd1
      84   0.454   -20.33130    0.00465                                mtd8
      85   0.454   -20.33130    0.00465                                gc
      86   0.454   -20.33130    0.00465                                gc
      87   0.455   -20.33130    0.00465                                mtd1
      88   0.456   -20.33130    0.00464                                mtd14
      89   0.456   -20.33130    0.00464                                mtd11
      90   0.456   -20.33130    0.00463                                gc
      91   0.458   -20.33130    0.00462                                mtd1
      92   0.463   -20.33129    0.00458                                gc
      93   0.464   -20.33129    0.00457                                mtd10
      94   0.466   -20.33129    0.00456                                mtd4
      95   0.449   -20.33131    0.00470                                mtd6
      96   0.449   -20.33131    0.00469                                mtd10
      97   0.449   -20.33131    0.00469                                mtd3
      98   0.473   -20.33127    0.00451    0.01347       9       3     mtd5
      99   0.475   -20.33127    0.00449                                mtd12
     100   0.477   -20.33127    0.00448                                mtd7
     101   0.536   -20.33117    0.00405    0.03635      10       9     md3
     102   0.536   -20.33117    0.00405                                gc
     103   0.537   -20.33117    0.00405                                gc
     104   0.537   -20.33117    0.00405                                gc
     105   0.537   -20.33117    0.00404                                gc
     106   0.538   -20.33117    0.00404                                md2
     107   0.538   -20.33117    0.00404                                gc
     108   0.539   -20.33117    0.00403                                gc
     109   0.543   -20.33116    0.00401                                md5
     110   0.759   -20.33082    0.00278    0.03713      11      14     mtd3
     111   0.766   -20.33081    0.00275                                mtd9
     112   0.767   -20.33081    0.00275                                mtd6
     113   0.768   -20.33080    0.00274                                mtd2
     114   0.772   -20.33080    0.00272                                mtd10
     115   0.778   -20.33079    0.00269                                mtd4
     116   0.795   -20.33076    0.00262                                mtd1
     117   0.796   -20.33076    0.00262                                gc
     118   0.798   -20.33076    0.00260                                mtd10
     119   0.802   -20.33075    0.00259                                mtd11
     120   0.805   -20.33075    0.00258                                mtd2
     121   0.807   -20.33074    0.00257                                gc
     122   0.807   -20.33074    0.00257                                gc
     123   0.807   -20.33074    0.00256                                mtd8
     124   0.811   -20.33074    0.00255    0.01017      12       4     mtd13
     125   0.812   -20.33073    0.00254                                gc
     126   0.812   -20.33073    0.00254                                gc
     127   0.814   -20.33073    0.00254                                mtd11
     128   0.814   -20.33073    0.00254    0.04537      13      18     mtd4
     129   0.815   -20.33073    0.00253                                mtd3
     130   0.815   -20.33073    0.00253                                gc
     131   0.815   -20.33073    0.00253                                mtd11
     132   0.816   -20.33073    0.00253                                md4
     133   0.816   -20.33073    0.00253                                md3
     134   0.817   -20.33073    0.00252                                mtd13
     135   0.817   -20.33073    0.00252                                mtd9
     136   0.817   -20.33073    0.00252                                mtd8
     137   0.818   -20.33073    0.00252                                md5
     138   0.818   -20.33073    0.00252                                gc
     139   0.818   -20.33073    0.00252                                md3
     140   0.818   -20.33072    0.00252                                mtd5
     141   0.818   -20.33072    0.00252                                mtd7
     142   0.818   -20.33072    0.00252                                gc
     143   0.818   -20.33072    0.00252                                md2
     144   0.835   -20.33070    0.00245                                mtd10
     145   0.814   -20.33073    0.00254                                gc
     146   0.842   -20.33069    0.00242    0.00718      14       3     mtd12
     147   0.850   -20.33067    0.00239                                gc
     148   0.853   -20.33067    0.00237                                mtd5
     149   0.862   -20.33065    0.00234    0.03710      15      16     mtd4
     150   0.863   -20.33065    0.00233                                mtd12
     151   0.864   -20.33065    0.00233                                mtd9
     152   0.870   -20.33064    0.00231                                mtd14
     153   0.864   -20.33065    0.00233                                mtd10
     154   0.867   -20.33065    0.00232                                mtd9
     155   0.867   -20.33065    0.00232                                mtd10
     156   0.867   -20.33065    0.00232                                mtd7
     157   0.867   -20.33065    0.00232                                mtd7
     158   0.868   -20.33065    0.00232                                gc
     159   0.868   -20.33064    0.00231                                gc
     160   0.869   -20.33064    0.00231                                mtd11
     161   0.869   -20.33064    0.00231                                gc
     162   0.869   -20.33064    0.00231                                gc
     163   0.869   -20.33064    0.00231                                mtd5
     164   0.869   -20.33064    0.00231                                mtd7
     165   0.870   -20.33064    0.00231    0.00689      16       3     mtd5
     166   0.873   -20.33064    0.00230                                mtd12
     167   0.875   -20.33063    0.00229                                mtd13
     168   0.944   -20.33052    0.00204    0.03637      17      18     gc
     169   0.945   -20.33052    0.00203                                mtd2
     170   0.946   -20.33052    0.00203                                mtd2
     171   0.946   -20.33052    0.00203                                gc
     172   0.947   -20.33052    0.00203                                mtd7
     173   0.948   -20.33052    0.00202                                mtd12
     174   0.949   -20.33052    0.00202                                gc
     175   0.949   -20.33052    0.00202                                mtd1
     176   0.949   -20.33052    0.00202                                gc
     177   0.949   -20.33052    0.00202                                mtd5
     178   0.949   -20.33052    0.00202                                gc
     179   0.949   -20.33052    0.00202                                gc
     180   0.950   -20.33051    0.00202                                mtd1
     181   0.951   -20.33051    0.00201                                md7
     182   0.951   -20.33051    0.00201                                mtd11
     183   0.951   -20.33051    0.00201                                mtd1
     184   0.951   -20.33051    0.00201                                mtd11
     185   0.952   -20.33051    0.00201                                md7
     186   0.968   -20.33049    0.00196    0.01319      18       7     mtd4
     187   0.979   -20.33047    0.00192                                mtd10
     188   0.980   -20.33047    0.00192                                mtd1
     189   0.985   -20.33046    0.00190                                mtd5
     190   0.998   -20.33044    0.00186                                mtd10
     191   1.011   -20.33042    0.00182                                mtd14
     192   1.011   -20.33042    0.00182                                mtd7
     193   1.019   -20.33040    0.00179    0.01367      19       8     mtd14
     194   1.035   -20.33038    0.00175                                mtd10
     195   1.048   -20.33036    0.00171                                gc
     196   1.048   -20.33036    0.00171                                mtd7
     197   1.054   -20.33035    0.00169                                mtd10
     198   1.054   -20.33035    0.00169                                mtd13
     199   1.063   -20.33033    0.00167                                mtd2
     200   1.066   -20.33033    0.00166                                mtd11
     201   1.104   -20.33027    0.00156    0.00605      20       4     mtd12
     202   1.108   -20.33026    0.00154                                mtd7
     203   1.123   -20.33024    0.00151                                mtd10
     204   1.147   -20.33020    0.00145                                mtd5
     205   1.178   -20.33015    0.00137    0.02424      21      18     gc
     206   1.179   -20.33015    0.00137                                mtd11
     207   1.183   -20.33014    0.00136                                mtd8
     208   1.184   -20.33014    0.00136                                mtd2
     209   1.185   -20.33014    0.00136                                mtd6
     210   1.185   -20.33014    0.00136                                mtd13
     211   1.185   -20.33014    0.00136                                mtd4
     212   1.187   -20.33014    0.00135                                mtd4
     213   1.191   -20.33013    0.00134                                gc
     214   1.192   -20.33013    0.00134                                mtd12
     215   1.193   -20.33013    0.00134                                md6
     216   1.193   -20.33013    0.00134                                gc
     217   1.194   -20.33013    0.00134                                mtd1
     218   1.194   -20.33013    0.00134                                mtd8
     219   1.194   -20.33013    0.00134                                mtd10
     220   1.196   -20.33012    0.00133                                mtd7
     221   1.197   -20.33012    0.00133                                mtd12
     222   1.197   -20.33012    0.00133                                mtd2
     223   1.249   -20.33004    0.00122    0.00241      22       2     mtd5
     224   1.261   -20.33002    0.00119                                mtd12
     225   1.286   -20.32998    0.00114    0.01139      23      10     mtd2
     226   1.287   -20.32998    0.00114                                mtd2
     227   1.290   -20.32997    0.00114                                mtd14
     228   1.290   -20.32997    0.00114                                mtd14
     229   1.288   -20.32998    0.00114                                mtd2
     230   1.288   -20.32998    0.00114                                mtd7
     231   1.289   -20.32997    0.00114                                mtd11
     232   1.290   -20.32997    0.00114                                mtd11
     233   1.291   -20.32997    0.00113                                mtd10
     234   1.289   -20.32997    0.00114                                mtd9
     235   1.291   -20.32997    0.00113    0.00906      24       8     gc
     236   1.289   -20.32997    0.00114                                mtd11
     237   1.294   -20.32997    0.00113                                mtd2
     238   1.294   -20.32997    0.00113                                mtd10
     239   1.290   -20.32997    0.00114                                mtd10
     240   1.290   -20.32997    0.00114                                gc
     241   1.296   -20.32996    0.00112                                mtd2
     242   1.290   -20.32997    0.00114                                mtd10
     243   1.438   -20.32974    0.00089    0.00599      25       7     mtd6
     244   1.439   -20.32974    0.00088                                mtd11
     245   1.449   -20.32972    0.00087                                mtd14
     246   1.457   -20.32971    0.00086                                mtd4
     247   1.459   -20.32970    0.00085                                mtd7
     248   1.481   -20.32967    0.00082                                gc
     249   1.484   -20.32966    0.00082                                gc
     250   1.489   -20.32965    0.00081    0.00707      26       9     mtd10
     251   1.492   -20.32965    0.00081                                gc
     252   1.497   -20.32964    0.00080                                mtd1
     253   1.502   -20.32963    0.00079                                mtd14
     254   1.510   -20.32962    0.00078                                mtd14
     255   1.519   -20.32961    0.00077                                mtd5
     256   1.520   -20.32961    0.00077                                gc
     257   1.521   -20.32960    0.00077                                mtd4
     258   1.532   -20.32959    0.00076                                mtd14
     259   1.545   -20.32957    0.00074    0.00284      27       4     mtd10
     260   1.551   -20.32956    0.00073                                mtd1
     261   1.590   -20.32949    0.00068                                mtd14
     262   1.593   -20.32949    0.00068                                mtd5
     263   1.601   -20.32948    0.00067    0.00067      28       1     mtd14
     264   1.601   -20.32948    0.00067    0.00801      29      12     mtd11
     265   1.603   -20.32947    0.00067                                mtd10
     266   1.604   -20.32947    0.00067                                mtd14
     267   1.604   -20.32947    0.00067                                mtd3
     268   1.605   -20.32947    0.00067                                gc
     269   1.606   -20.32947    0.00067                                mtd7
     270   1.606   -20.32947    0.00067                                mtd5
     271   1.607   -20.32947    0.00067                                gc
     272   1.607   -20.32947    0.00067                                mtd6
     273   1.608   -20.32947    0.00067                                mtd14
     274   1.611   -20.32946    0.00066                                gc
     275   1.609   -20.32946    0.00066                                mtd10
     276   1.610   -20.32946    0.00066    0.00066      30       1     mtd10
     277   1.849   -20.32908    0.00044    0.00044      31       1     mtd7
     278   1.959   -20.32891    0.00037    0.00037      32       1     mtd5
     279   2.223   -20.32849    0.00024    0.00372      33      16     mtd14
     280   2.225   -20.32848    0.00023                                mtd5
     281   2.225   -20.32848    0.00023                                mtd1
     282   2.227   -20.32848    0.00023                                mtd4
     283   2.227   -20.32848    0.00023                                mtd10
     284   2.228   -20.32848    0.00023                                mtd6
     285   2.232   -20.32847    0.00023                                mtd11
     286   2.232   -20.32847    0.00023                                mtd12
     287   2.234   -20.32847    0.00023                                mtd6
     288   2.234   -20.32847    0.00023                                mtd8
     289   2.234   -20.32847    0.00023                                mtd1
     290   2.235   -20.32847    0.00023                                mtd11
     291   2.236   -20.32846    0.00023                                mtd10
     292   2.236   -20.32846    0.00023                                mtd4
     293   2.237   -20.32846    0.00023                                mtd12
     294   2.237   -20.32846    0.00023                                mtd7
     295   2.250   -20.32844    0.00022    0.00022      34       1     mtd7
     296   2.279   -20.32840    0.00021    0.00021      35       1     mtd1
     297   2.328   -20.32832    0.00020    0.00058      36       3     mtd10
     298   2.347   -20.32829    0.00019                                mtd7
     299   2.352   -20.32828    0.00019                                mtd7
     300   2.401   -20.32820    0.00017    0.00294      37      17     mtd3
     301   2.401   -20.32820    0.00017                                gc
     302   2.402   -20.32820    0.00017                                mtd5
     303   2.404   -20.32820    0.00017                                mtd8
     304   2.405   -20.32820    0.00017                                gc
     305   2.405   -20.32820    0.00017                                mtd5
     306   2.406   -20.32819    0.00017                                gc
     307   2.406   -20.32819    0.00017                                gc
     308   2.406   -20.32819    0.00017                                mtd11
     309   2.406   -20.32819    0.00017                                mtd4
     310   2.407   -20.32819    0.00017                                gc
     311   2.408   -20.32819    0.00017                                mtd1
     312   2.408   -20.32819    0.00017                                mtd4
     313   2.410   -20.32819    0.00017                                gc
     314   2.410   -20.32819    0.00017                                mtd7
     315   2.412   -20.32818    0.00017                                mtd10
     316   2.412   -20.32818    0.00017                                mtd14
     317   2.422   -20.32817    0.00017    0.00130      38       8     gc
     318   2.433   -20.32815    0.00017                                mtd14
     319   2.434   -20.32815    0.00017                                gc
     320   2.435   -20.32815    0.00016                                mtd10
     321   2.444   -20.32813    0.00016                                gc
     322   2.446   -20.32813    0.00016                                mtd8
     323   2.462   -20.32811    0.00016                                gc
     324   2.468   -20.32810    0.00016                                mtd8
     325   2.504   -20.32804    0.00015    0.00015      39       1     mtd8
     326   2.547   -20.32797    0.00014    0.00027      40       2     gc
     327   2.551   -20.32796    0.00014                                mtd4
     328   2.626   -20.32784    0.00012    0.00024      41       2     gc
     329   2.642   -20.32782    0.00012                                gc
     330   2.719   -20.32769    0.00010    0.00010      42       1     mtd14
     331   2.787   -20.32759    0.00009    0.00009      43       1     mtd8
T /K                                  :   298.15
E lowest                              :   -20.33203
ensemble average energy (kcal)        :    0.471
ensemble entropy (J/mol K, cal/mol K) :   44.888   10.728
ensemble free energy (kcal/mol)       :   -3.199
population of lowest in %             :   17.800
 number of unique conformers for further calc           43
 list of relative energies saved as "crest.energies"

 -----------------
 Wall Time Summary
 -----------------
             test MD wall time :         0h : 0m : 0s
                 MTD wall time :         0h : 0m :11s
      multilevel OPT wall time :         0h : 0m :35s
                  MD wall time :         0h : 0m :12s
                  GC wall time :         0h : 0m : 5s
--------------------
Overall wall time  : 0h : 1m :10s

 CREST terminated normally.
