
       ==============================================
       |                                            |
       |                 C R E S T                  |
       |                                            |
       |  Conformer-Rotamer Ensemble Sampling Tool  |
       |          based on the GFN methods          |
       |             P.Pracht, S.Grimme             |
       |          Universitaet Bonn, MCTC           |
       ==============================================
       Version 2.12,   Thu 19. Mai 16:32:32 CEST 2022
  Using the xTB program. Compatible with xTB version 6.4.0

   Cite work conducted with this code as

   • P.Pracht, F.Bohle, S.Grimme, PCCP, 2020, 22, 7169-7192.
   • S.Grimme, JCTC, 2019, 15, 2847-2862.

   and for works involving QCG as

   • S.Spicher, C.Plett, P.Pracht, A.Hansen, S.Grimme,
     JCTC, 2022, 18 (5), 3174-3189.

   with help from:
   C.Bannwarth, F.Bohle, S.Ehlert, S.Grimme,
   C.Plett, P.Pracht, S.Spicher

   This program is distributed in the hope that it will be useful,
   but WITHOUT ANY WARRANTY; without even the implied warranty of
   MERCHANTABILITY or FITNESS FOR A PARTICULAR PURPOSE.

 Command line input:
 > crest xtbopt.xyz --gfn2//gfnff --chrg 0 --uhf 0 --cbonds --alpb water -T 128

  -gfn2//gfnff : energy reweighting
  --chrg 0
  --uhf 0
  --alpb water : implicit solvation
  -T 128 (CPUs/Threads selected)

 -------------------------
 xTB Geometry Optimization
 -------------------------
 Geometry successfully optimized.

------------------------------------------------
Generating MTD length from a flexibility measure
------------------------------------------------
 Calculating WBOs... done.
 Calculating NCI flexibility... done.
     covalent flexibility measure :   0.000
 non-covalent flexibility measure :   0.646
 flexibility measure :   0.000
 t(MTD) / ps    :     5.0
 Σ(t(MTD)) / ps :    70.0 (14 MTDs)

-------------------------------------
Starting a trial MTD to test settings
-------------------------------------
 Estimated runtime for one MTD (5.0 ps) on a single thread: 5 min 53 sec
 Estimated runtime for a batch of 14 MTDs on 128 threads: 39 sec

 list of Vbias parameters applied:
$metadyn    0.00300   1.300
$metadyn    0.00150   1.300
$metadyn    0.00075   1.300
$metadyn    0.00300   0.780
$metadyn    0.00150   0.780
$metadyn    0.00075   0.780
$metadyn    0.00300   0.468
$metadyn    0.00150   0.468
$metadyn    0.00075   0.468
$metadyn    0.00300   0.281
$metadyn    0.00150   0.281
$metadyn    0.00075   0.281
$metadyn    0.00100   0.100
$metadyn    0.00500   0.800

*******************************************************************************************
**                        N E W    I T E R A T I O N    C Y C L E                        **
*******************************************************************************************

========================================
            MTD Iteration  1
========================================

     ========================================
     |         Meta-MD (MTD) Sampling       |
     ========================================

Starting Meta-MD   2 with the settings:
     MD time /ps        :     5.0
     dt /fs             :     2.0
     dumpstep(trj) /fs  :     100
     dumpstep(Vbias)/ps :     1.0
     Vbias factor k /Eh :  0.0180
     Vbias exp α /bohr⁻²:    1.30
Starting Meta-MD   1 with the settings:
     MD time /ps        :     5.0
     dt /fs             :     2.0
     dumpstep(trj) /fs  :     100
     dumpstep(Vbias)/ps :     1.0
     Vbias factor k /Eh :  0.0360
     Vbias exp α /bohr⁻²:    1.30
Starting Meta-MD   6 with the settings:
     MD time /ps        :     5.0
     dt /fs             :     2.0
     dumpstep(trj) /fs  :     100
     dumpstep(Vbias)/ps :     1.0
     Vbias factor k /Eh :  0.0090
     Vbias exp α /bohr⁻²:    0.78
Starting Meta-MD   5 with the settings:
     MD time /ps        :     5.0
     dt /fs             :     2.0
     dumpstep(trj) /fs  :     100
     dumpstep(Vbias)/ps :     1.0
     Vbias factor k /Eh :  0.0180
     Vbias exp α /bohr⁻²:    0.78
Starting Meta-MD   3 with the settings:
     MD time /ps        :     5.0
     dt /fs             :     2.0
     dumpstep(trj) /fs  :     100
     dumpstep(Vbias)/ps :     1.0
     Vbias factor k /Eh :  0.0090
     Vbias exp α /bohr⁻²:    1.30
Starting Meta-MD   7 with the settings:
     MD time /ps        :     5.0
     dt /fs             :     2.0
     dumpstep(trj) /fs  :     100
     dumpstep(Vbias)/ps :     1.0
     Vbias factor k /Eh :  0.0360
     Vbias exp α /bohr⁻²:    0.47
Starting Meta-MD   8 with the settings:
     MD time /ps        :     5.0
     dt /fs             :     2.0
     dumpstep(trj) /fs  :     100
     dumpstep(Vbias)/ps :     1.0
     Vbias factor k /Eh :  0.0180
     Vbias exp α /bohr⁻²:    0.47
Starting Meta-MD   4 with the settings:
     MD time /ps        :     5.0
     dt /fs             :     2.0
     dumpstep(trj) /fs  :     100
     dumpstep(Vbias)/ps :     1.0
     Vbias factor k /Eh :  0.0360
     Vbias exp α /bohr⁻²:    0.78
Starting Meta-MD   9 with the settings:
     MD time /ps        :     5.0
     dt /fs             :     2.0
     dumpstep(trj) /fs  :     100
     dumpstep(Vbias)/ps :     1.0
     Vbias factor k /Eh :  0.0090
     Vbias exp α /bohr⁻²:    0.47
Starting Meta-MD  10 with the settings:
     MD time /ps        :     5.0
     dt /fs             :     2.0
     dumpstep(trj) /fs  :     100
     dumpstep(Vbias)/ps :     1.0
     Vbias factor k /Eh :  0.0360
     Vbias exp α /bohr⁻²:    0.28
Starting Meta-MD  14 with the settings:
     MD time /ps        :     5.0
     dt /fs             :     2.0
     dumpstep(trj) /fs  :     100
     dumpstep(Vbias)/ps :     1.0
     Vbias factor k /Eh :  0.0600
     Vbias exp α /bohr⁻²:    0.80
Starting Meta-MD  11 with the settings:
     MD time /ps        :     5.0
     dt /fs             :     2.0
     dumpstep(trj) /fs  :     100
     dumpstep(Vbias)/ps :     1.0
     Vbias factor k /Eh :  0.0180
     Vbias exp α /bohr⁻²:    0.28
Starting Meta-MD  12 with the settings:
     MD time /ps        :     5.0
     dt /fs             :     2.0
     dumpstep(trj) /fs  :     100
     dumpstep(Vbias)/ps :     1.0
     Vbias factor k /Eh :  0.0090
     Vbias exp α /bohr⁻²:    0.28
Starting Meta-MD  13 with the settings:
     MD time /ps        :     5.0
     dt /fs             :     2.0
     dumpstep(trj) /fs  :     100
     dumpstep(Vbias)/ps :     1.0
     Vbias factor k /Eh :  0.0120
     Vbias exp α /bohr⁻²:    0.10
*Meta-MTD 3 finished*
*Meta-MTD 7 finished*
*Meta-MTD 5 finished*
*Meta-MTD 12 finished*
*Meta-MTD 6 finished*
*Meta-MTD 14 finished*
*Meta-MTD 11 finished*
*Meta-MTD 13 finished*
*Meta-MTD 8 finished*
*Meta-MTD 9 finished*
*Meta-MTD 1 finished*
*Meta-MTD 2 finished*
*Meta-MTD 10 finished*
*Meta-MTD 4 finished*

-----------------------
Multilevel Optimization
-----------------------

 -------------------------
 1. crude pre-optimization
 -------------------------
 Optimizing all 686 structures from file "crest_rotamers_0.xyz" ...
 1 2 3 4 5 6 7 8 9 10 11 12 13 14 15 16 17 18 19 20 21 22 23 24 25 26 27 28 29 30 31 32 33 34 35 36 37 38 39 40 41 42 43 44 45 46 47 48 49 50 51 52 53 54 55 56 57 58 59 60 61 62 63 64 65 66 67 68 69 70 71 72 73 74 75 76 77 78 79 80 81 82 83 84 85 86 87 88 89 90 91 92 93 94 95 96 97 98 99 100 101 102 103 104 105 106 107 108 109 110 111 112 113 114 115 116 117 118 119 120 121 122 123 124 125 126 127 128 129 130 131 132 133 134 135 136 137 138 139 140 141 142 143 144 145 146 147 148 149 150 151 152 153 154 155 156 157 158 159 160 161 162 163 164 165 166 167 168 169 170 171 172 173 174 175 176 177 178 179 180 181 182 183 184 185 186 187 188 189 190 191 192 193 194 195 196 197 198 199 200 201 202 203 204 205 206 207 208 209 210 211 212 213 214 215 216 217 218 219 220 221 222 223 224 225 226 227 228 229 230 231 232 233 234 235 236 237 238 239 240 241 242 243 244 245 246 247 248 249 250 251 252 253 254 255 256 257 258 259 260 261 262 263 264 265 266 267 268 269 270 271 272 273 274 275 276 277 278 279 280 281 282 283 284 285 286 287 288 289 290 291 292 293 294 295 296 297 298 299 300 301 302 303 304 305 306 307 308 309 310 311 312 313 314 315 316 317 318 319 320 321 322 323 324 325 326 327 328 329 330 331 332 333 334 335 336 337 338 339 340 341 342 343 344 345 346 347 348 349 350 351 352 353 354 355 356 357 358 359 360 361 362 363 364 365 366 367 368 369 370 371 372 373 374 375 376 377 378 379 380 381 382 383 384 385 386 387 388 389 390 391 392 393 394 395 396 397 398 399 400 401 402 403 404 405 406 407 408 409 410 411 412 413 414 415 416 417 418 419 420 421 422 423 424 425 426 427 428 429 430 431 432 433 434 435 436 437 438 439 440 441 442 443 444 445 446 447 448 449 450 451 452 453 454 455 456 457 458 459 460 461 462 463 464 465 466 467 468 469 470 471 472 473 474 475 476 477 478 479 480 481 482 483 484 485 486 487 488 489 490 491 492 493 494 495 496 497 498 499 500 501 502 503 504 505 506 507 508 509 510 511 512 513 514 515 516 517 518 519 520 521 522 523 524 525 526 527 528 529 530 531 532 533 534 535 536 537 538 539 540 541 542 543 544 545 546 547 548 549 550 551 552 553 554 555 556 557 558 559 560 561 562 563 564 565 566 567 568 569 570 571 572 573 574 575 576 577 578 579 580 581 582 583 584 585 586 587 588 589 590 591 592 593 594 595 596 597 598 599 600 601 602 603 604 605 606 607 608 609 610 611 612 613 614 615 616 617 618 619 620 621 622 623 624 625 626 627 628 629 630 631 632 633 634 635 636 637 638 639 640 641 642 643 644 645 646 647 648 649 650 651 652 653 654 655 656 657 658 659 660 661 662 663 664 665 666 667 668 669 670 671 672 673 674 675 676 677 678 679 680 681 682 683 684 685 686
 done.
 running RMSDs...
 done.
 E lowest :   -15.86093
 403 structures remain within    12.00 kcal/mol window

 -------------------------------------
 2. optimization with tight thresholds
 -------------------------------------
 Optimizing all 404 structures from file "crest_rotamers_1.xyz" ...
 1 2 3 4 5 6 7 8 9 10 11 12 13 14 15 16 17 18 19 20 21 22 23 24 25 26 27 28 29 30 31 32 33 34 35 36 37 38 39 40 41 42 43 44 45 46 47 48 49 50 51 52 53 54 55 56 57 58 59 60 61 62 63 64 65 66 67 68 69 70 71 72 73 74 75 76 77 78 79 80 81 82 83 84 85 86 87 88 89 90 91 92 93 94 95 96 97 98 99 100 101 102 103 104 105 106 107 108 109 110 111 112 113 114 115 116 117 118 119 120 121 122 123 124 125 126 127 128 129 130 131 132 133 134 135 136 137 138 139 140 141 142 143 144 145 146 147 148 149 150 151 152 153 154 155 156 157 158 159 160 161 162 163 164 165 166 167 168 169 170 171 172 173 174 175 176 177 178 179 180 181 182 183 184 185 186 187 188 189 190 191 192 193 194 195 196 197 198 199 200 201 202 203 204 205 206 207 208 209 210 211 212 213 214 215 216 217 218 219 220 221 222 223 224 225 226 227 228 229 230 231 232 233 234 235 236 237 238 239 240 241 242 243 244 245 246 247 248 249 250 251 252 253 254 255 256 257 258 259 260 261 262 263 264 265 266 267 268 269 270 271 272 273 274 275 276 277 278 279 280 281 282 283 284 285 286 287 288 289 290 291 292 293 294 295 296 297 298 299 300 301 302 303 304 305 306 307 308 309 310 311 312 313 314 315 316 317 318 319 320 321 322 323 324 325 326 327 328 329 330 331 332 333 334 335 336 337 338 339 340 341 342 343 344 345 346 347 348 349 350 351 352 353 354 355 356 357 358 359 360 361 362 363 364 365 366 367 368 369 370 371 372 373 374 375 376 377 378 379 380 381 382 383 384 385 386 387 388 389 390 391 392 393 394 395 396 397 398 399 400 401 402 403 404
 done.
 running RMSDs...
 done.
 E lowest :   -15.86087
 19 structures remain within     6.00 kcal/mol window
 This is less than 5% of the initial 404 structures.
 Increasing energy window to include more...
 running RMSDs...
 done.
 E lowest :   -15.86087
 382 structures remain within     9.00 kcal/mol window


========================================
            MTD Iteration  2
========================================

     ========================================
     |         Meta-MD (MTD) Sampling       |
     ========================================

Starting Meta-MD   1 with the settings:
     MD time /ps        :     5.0
     dt /fs             :     2.0
     dumpstep(trj) /fs  :     100
     dumpstep(Vbias)/ps :     1.0
     Vbias factor k /Eh :  0.0360
     Vbias exp α /bohr⁻²:    1.30
Starting Meta-MD   2 with the settings:
     MD time /ps        :     5.0
     dt /fs             :     2.0
     dumpstep(trj) /fs  :     100
     dumpstep(Vbias)/ps :     1.0
     Vbias factor k /Eh :  0.0180
     Vbias exp α /bohr⁻²:    1.30
Starting Meta-MD   3 with the settings:
     MD time /ps        :     5.0
     dt /fs             :     2.0
     dumpstep(trj) /fs  :     100
     dumpstep(Vbias)/ps :     1.0
     Vbias factor k /Eh :  0.0090
     Vbias exp α /bohr⁻²:    1.30
Starting Meta-MD   4 with the settings:
     MD time /ps        :     5.0
     dt /fs             :     2.0
     dumpstep(trj) /fs  :     100
     dumpstep(Vbias)/ps :     1.0
     Vbias factor k /Eh :  0.0360
     Vbias exp α /bohr⁻²:    0.78
Starting Meta-MD   5 with the settings:
     MD time /ps        :     5.0
     dt /fs             :     2.0
     dumpstep(trj) /fs  :     100
     dumpstep(Vbias)/ps :     1.0
     Vbias factor k /Eh :  0.0180
     Vbias exp α /bohr⁻²:    0.78
Starting Meta-MD   6 with the settings:
     MD time /ps        :     5.0
     dt /fs             :     2.0
     dumpstep(trj) /fs  :     100
     dumpstep(Vbias)/ps :     1.0
     Vbias factor k /Eh :  0.0090
     Vbias exp α /bohr⁻²:    0.78
Starting Meta-MD   7 with the settings:
     MD time /ps        :     5.0
     dt /fs             :     2.0
     dumpstep(trj) /fs  :     100
     dumpstep(Vbias)/ps :     1.0
     Vbias factor k /Eh :  0.0360
     Vbias exp α /bohr⁻²:    0.47
Starting Meta-MD   8 with the settings:
     MD time /ps        :     5.0
     dt /fs             :     2.0
     dumpstep(trj) /fs  :     100
     dumpstep(Vbias)/ps :     1.0
     Vbias factor k /Eh :  0.0180
     Vbias exp α /bohr⁻²:    0.47
Starting Meta-MD   9 with the settings:
     MD time /ps        :     5.0
     dt /fs             :     2.0
     dumpstep(trj) /fs  :     100
     dumpstep(Vbias)/ps :     1.0
     Vbias factor k /Eh :  0.0090
     Vbias exp α /bohr⁻²:    0.47
Starting Meta-MD  10 with the settings:
     MD time /ps        :     5.0
     dt /fs             :     2.0
     dumpstep(trj) /fs  :     100
     dumpstep(Vbias)/ps :     1.0
     Vbias factor k /Eh :  0.0360
     Vbias exp α /bohr⁻²:    0.28
Starting Meta-MD  12 with the settings:
     MD time /ps        :     5.0
     dt /fs             :     2.0
     dumpstep(trj) /fs  :     100
     dumpstep(Vbias)/ps :     1.0
     Vbias factor k /Eh :  0.0090
     Vbias exp α /bohr⁻²:    0.28
Starting Meta-MD  11 with the settings:
     MD time /ps        :     5.0
     dt /fs             :     2.0
     dumpstep(trj) /fs  :     100
     dumpstep(Vbias)/ps :     1.0
     Vbias factor k /Eh :  0.0180
     Vbias exp α /bohr⁻²:    0.28
*Meta-MTD 7 finished*
*Meta-MTD 9 finished*
*Meta-MTD 12 finished*
*Meta-MTD 11 finished*
*Meta-MTD 6 finished*
*Meta-MTD 10 finished*
*Meta-MTD 5 finished*
*Meta-MTD 1 finished*
*Meta-MTD 3 finished*
*Meta-MTD 8 finished*
*Meta-MTD 4 finished*
*Meta-MTD 2 finished*

-----------------------
Multilevel Optimization
-----------------------

 -------------------------
 1. crude pre-optimization
 -------------------------
 Optimizing all 588 structures from file "crest_rotamers_0.xyz" ...
 1 2 3 4 5 6 7 8 9 10 11 12 13 14 15 16 17 18 19 20 21 22 23 24 25 26 27 28 29 30 31 32 33 34 35 36 37 38 39 40 41 42 43 44 45 46 47 48 49 50 51 52 53 54 55 56 57 58 59 60 61 62 63 64 65 66 67 68 69 70 71 72 73 74 75 76 77 78 79 80 81 82 83 84 85 86 87 88 89 90 91 92 93 94 95 96 97 98 99 100 101 102 103 104 105 106 107 108 109 110 111 112 113 114 115 116 117 118 119 120 121 122 123 124 125 126 127 128 129 130 131 132 133 134 135 136 137 138 139 140 141 142 143 144 145 146 147 148 149 150 151 152 153 154 155 156 157 158 159 160 161 162 163 164 165 166 167 168 169 170 171 172 173 174 175 176 177 178 179 180 181 182 183 184 185 186 187 188 189 190 191 192 193 194 195 196 197 198 199 200 201 202 203 204 205 206 207 208 209 210 211 212 213 214 215 216 217 218 219 220 221 222 223 224 225 226 227 228 229 230 231 232 233 234 235 236 237 238 239 240 241 242 243 244 245 246 247 248 249 250 251 252 253 254 255 256 257 258 259 260 261 262 263 264 265 266 267 268 269 270 271 272 273 274 275 276 277 278 279 280 281 282 283 284 285 286 287 288 289 290 291 292 293 294 295 296 297 298 299 300 301 302 303 304 305 306 307 308 309 310 311 312 313 314 315 316 317 318 319 320 321 322 323 324 325 326 327 328 329 330 331 332 333 334 335 336 337 338 339 340 341 342 343 344 345 346 347 348 349 350 351 352 353 354 355 356 357 358 359 360 361 362 363 364 365 366 367 368 369 370 371 372 373 374 375 376 377 378 379 380 381 382 383 384 385 386 387 388 389 390 391 392 393 394 395 396 397 398 399 400 401 402 403 404 405 406 407 408 409 410 411 412 413 414 415 416 417 418 419 420 421 422 423 424 425 426 427 428 429 430 431 432 433 434 435 436 437 438 439 440 441 442 443 444 445 446 447 448 449 450 451 452 453 454 455 456 457 458 459 460 461 462 463 464 465 466 467 468 469 470 471 472 473 474 475 476 477 478 479 480 481 482 483 484 485 486 487 488 489 490 491 492 493 494 495 496 497 498 499 500 501 502 503 504 505 506 507 508 509 510 511 512 513 514 515 516 517 518 519 520 521 522 523 524 525 526 527 528 529 530 531 532 533 534 535 536 537 538 539 540 541 542 543 544 545 546 547 548 549 550 551 552 553 554 555 556 557 558 559 560 561 562 563 564 565 566 567 568 569 570 571 572 573 574 575 576 577 578 579 580 581 582 583 584 585 586 587 588
 done.
 running RMSDs...
 done.
 E lowest :   -15.86056
 382 structures remain within    12.00 kcal/mol window

 -------------------------------------
 2. optimization with tight thresholds
 -------------------------------------
 Optimizing all 383 structures from file "crest_rotamers_1.xyz" ...
 1 2 3 4 5 6 7 8 9 10 11 12 13 14 15 16 17 18 19 20 21 22 23 24 25 26 27 28 29 30 31 32 33 34 35 36 37 38 39 40 41 42 43 44 45 46 47 48 49 50 51 52 53 54 55 56 57 58 59 60 61 62 63 64 65 66 67 68 69 70 71 72 73 74 75 76 77 78 79 80 81 82 83 84 85 86 87 88 89 90 91 92 93 94 95 96 97 98 99 100 101 102 103 104 105 106 107 108 109 110 111 112 113 114 115 116 117 118 119 120 121 122 123 124 125 126 127 128 129 130 131 132 133 134 135 136 137 138 139 140 141 142 143 144 145 146 147 148 149 150 151 152 153 154 155 156 157 158 159 160 161 162 163 164 165 166 167 168 169 170 171 172 173 174 175 176 177 178 179 180 181 182 183 184 185 186 187 188 189 190 191 192 193 194 195 196 197 198 199 200 201 202 203 204 205 206 207 208 209 210 211 212 213 214 215 216 217 218 219 220 221 222 223 224 225 226 227 228 229 230 231 232 233 234 235 236 237 238 239 240 241 242 243 244 245 246 247 248 249 250 251 252 253 254 255 256 257 258 259 260 261 262 263 264 265 266 267 268 269 270 271 272 273 274 275 276 277 278 279 280 281 282 283 284 285 286 287 288 289 290 291 292 293 294 295 296 297 298 299 300 301 302 303 304 305 306 307 308 309 310 311 312 313 314 315 316 317 318 319 320 321 322 323 324 325 326 327 328 329 330 331 332 333 334 335 336 337 338 339 340 341 342 343 344 345 346 347 348 349 350 351 352 353 354 355 356 357 358 359 360 361 362 363 364 365 366 367 368 369 370 371 372 373 374 375 376 377 378 379 380 381 382 383
 done.
 running RMSDs...
 done.
 E lowest :   -15.86089
 17 structures remain within     6.00 kcal/mol window
 This is less than 5% of the initial 383 structures.
 Increasing energy window to include more...
 running RMSDs...
 done.
 E lowest :   -15.86089
 356 structures remain within     9.00 kcal/mol window

========================================
            MTD Iterations done         
========================================
 Collecting ensmbles.
 running RMSDs...
 done.
 E lowest :   -15.86089
 30 structures remain within     6.00 kcal/mol window

-----------------------------------------------
Additional regular MDs on lowest 4 conformer(s)
-----------------------------------------------
Starting MD   1 with the settings:
     MD time /ps        :     2.5
     MD Temperature /K  :   400.0
     dt /fs             :     2.0
     dumpstep(trj) /fs  :     100
Starting MD   2 with the settings:
     MD time /ps        :     2.5
     MD Temperature /K  :   500.0
     dt /fs             :     2.0
     dumpstep(trj) /fs  :     100
Starting MD   3 with the settings:
     MD time /ps        :     2.5
     MD Temperature /K  :   400.0
     dt /fs             :     2.0
     dumpstep(trj) /fs  :     100
Starting MD   4 with the settings:
     MD time /ps        :     2.5
     MD Temperature /K  :   500.0
     dt /fs             :     2.0
     dumpstep(trj) /fs  :     100
Starting MD   5 with the settings:
     MD time /ps        :     2.5
     MD Temperature /K  :   400.0
     dt /fs             :     2.0
     dumpstep(trj) /fs  :     100
Starting MD   8 with the settings:
     MD time /ps        :     2.5
     MD Temperature /K  :   500.0
     dt /fs             :     2.0
     dumpstep(trj) /fs  :     100
Starting MD   6 with the settings:
     MD time /ps        :     2.5
     MD Temperature /K  :   500.0
     dt /fs             :     2.0
     dumpstep(trj) /fs  :     100
Starting MD   7 with the settings:
     MD time /ps        :     2.5
     MD Temperature /K  :   400.0
     dt /fs             :     2.0
     dumpstep(trj) /fs  :     100
*MD 3 finished*
*MD 8 finished*
*MD 4 finished*
*MD 5 finished*
*MD 2 finished*
*MD 1 finished*
*MD 7 finished*
*MD 6 finished*
 Appending file crest_rotamers_1.xyz with new structures

 -------------------------------------------
 Ensemble optimization with tight thresholds
 -------------------------------------------
 Optimizing all 222 structures from file "crest_rotamers_1.xyz" ...
 1 2 3 4 5 6 7 8 9 10 11 12 13 14 15 16 17 18 19 20 21 22 23 24 25 26 27 28 29 30 31 32 33 34 35 36 37 38 39 40 41 42 43 44 45 46 47 48 49 50 51 52 53 54 55 56 57 58 59 60 61 62 63 64 65 66 67 68 69 70 71 72 73 74 75 76 77 78 79 80 81 82 83 84 85 86 87 88 89 90 91 92 93 94 95 96 97 98 99 100 101 102 103 104 105 106 107 108 109 110 111 112 113 114 115 116 117 118 119 120 121 122 123 124 125 126 127 128 129 130 131 132 133 134 135 136 137 138 139 140 141 142 143 144 145 146 147 148 149 150 151 152 153 154 155 156 157 158 159 160 161 162 163 164 165 166 167 168 169 170 171 172 173 174 175 176 177 178 179 180 181 182 183 184 185 186 187 188 189 190 191 192 193 194 195 196 197 198 199 200 201 202 203 204 205 206 207 208 209 210 211 212 213 214 215 216 217 218 219 220 221 222
 done.
 running RMSDs...
 done.
 E lowest :   -15.86086
 52 structures remain within     6.00 kcal/mol window


     ========================================
     |        Structure Crossing (GC)       |
     ========================================
 =============================
  # threads =         128
 =============================
 input  file name : crest_rotamers_3.xyz
number of atoms                :    12
number of points on xyz files  :    52
conformer energy window  /kcal :    6.00
CN per atom difference cut-off :  0.3000
RMSD threshold                 :  0.2500
max. # of generated structures : 250
 reading xyz file ...
 # in E window                 52
 generating pairs ...        1377
 generated pairs           :         623
 number of clash discarded :         703
 average rmsd w.r.t input  : 2.25165
 sd of ensemble            : 0.75393
 number of new structures      :         146
 removed identical structures  :         354
 writing          146  TMPCONF* dirs ...
 --------------------------
 GC: loose pre-optimization
 --------------------------
 Starting optimization of generated structures
 146 jobs to do.
 1 2 3 4 5 6 7 8 9 10 11 12 13 14 15 16 17 18 19 20 21 22 23 24 25 26 27 28 29 30 31 32 33 34 35 36 37 38 39 40 41 42 43 44 45 46 47 48 49 50 51 52 53 54 55 56 57 58 59 60 61 62 63 64 65 66 67 68 69 70 71 72 73 74 75 76 77 78 79 80 81 82 83 84 85 86 87 88 89 90 91 92 93 94 95 96 97 98 99 100 101 102 103 104 105 106 107 108 109 110 111 112 113 114 115 116 117 118 119 120 121 122 123 124 125 126 127 128 129 130 131 132 133 134 135 136 137 138 139 140 141 142 143 144 145 146 
 done.
 Now appending opt.xyz file with new structures
 running RMSDs...
 done.
 E lowest :   -15.86140
 139 structures remain within    10.00 kcal/mol window
 --------------------------------------
 GC: optimization with tight thresholds
 --------------------------------------
 Optimizing all 139 structures from file "crest_rotamers_1.xyz" ...
 1 2 3 4 5 6 7 8 9 10 11 12 13 14 15 16 17 18 19 20 21 22 23 24 25 26 27 28 29 30 31 32 33 34 35 36 37 38 39 40 41 42 43 44 45 46 47 48 49 50 51 52 53 54 55 56 57 58 59 60 61 62 63 64 65 66 67 68 69 70 71 72 73 74 75 76 77 78 79 80 81 82 83 84 85 86 87 88 89 90 91 92 93 94 95 96 97 98 99 100 101 102 103 104 105 106 107 108 109 110 111 112 113 114 115 116 117 118 119 120 121 122 123 124 125 126 127 128 129 130 131 132 133 134 135 136 137 138 139
 done.
 running RMSDs...
 done.
 E lowest :   -15.86086


   ================================================
   |           Final Geometry Optimization        |
   ================================================
 ------------------------------------------------
 Ensemble optimization with very tight thresholds
 ------------------------------------------------
 Optimizing all 78 structures from file "crest_rotamers_4.xyz" ...
 1 2 3 4 5 6 7 8 9 10 11 12 13 14 15 16 17 18 19 20 21 22 23 24 25 26 27 28 29 30 31 32 33 34 35 36 37 38 39 40 41 42 43 44 45 46 47 48 49 50 51 52 53 54 55 56 57 58 59 60 61 62 63 64 65 66 67 68 69 70 71 72 73 74 75 76 77 78
 done.
 running RMSDs...
 done.
 E lowest :   -15.86085
 36 structures remain within     6.00 kcal/mol window

 input  file name : crest_rotamers_5.xyz
 output file name : crest_rotamers_6.xyz
 number of atoms                :   12
 number of points on xyz files  :   78
 RMSD threshold                 :   0.1250
 Bconst threshold               :   0.0100
 population threshold           :   0.0500
 conformer energy window  /kcal :   6.0000
 # fragment in coord            :     2
 # bonds in reference structure :    10
 number of reliable points      :    78
 number of removed by energy    :    38
 number of remaining points     :    40
 reference state Etot :  -15.860854410000000
 number of doubles removed by rot/RMSD         :           4
 total number unique points considered further :          36
       Erel/kcal        Etot weight/tot  conformer     set   degen     origin
       1   0.000   -15.86085    0.04881    0.59787       1      13     md2
       2   0.023   -15.86082    0.04699                                md8
       3   0.023   -15.86082    0.04698                                gc
       4   0.028   -15.86081    0.04660                                gc
       5   0.031   -15.86081    0.04633                                md1
       6   0.038   -15.86079    0.04574                                md1
       7   0.041   -15.86079    0.04556                                md7
       8   0.042   -15.86079    0.04544                                gc
       9   0.044   -15.86078    0.04530                                md3
      10   0.046   -15.86078    0.04518                                gc
      11   0.046   -15.86078    0.04517                                gc
      12   0.050   -15.86078    0.04489                                gc
      13   0.050   -15.86077    0.04488                                gc
      14   0.052   -15.86077    0.04469    0.17840       2       4     gc
      15   0.053   -15.86077    0.04467                                gc
      16   0.054   -15.86077    0.04456                                gc
      17   0.055   -15.86077    0.04449                                gc
      18   0.389   -15.86023    0.02534    0.22370       3       9     gc
      19   0.391   -15.86023    0.02524                                gc
      20   0.393   -15.86023    0.02517                                gc
      21   0.397   -15.86022    0.02500                                md5
      22   0.401   -15.86022    0.02483                                gc
      23   0.402   -15.86021    0.02478                                gc
      24   0.405   -15.86021    0.02468                                gc
      25   0.411   -15.86020    0.02439                                gc
      26   0.414   -15.86019    0.02428                                gc
      27   5.321   -15.85238    0.00001    0.00001       4       1     mtd7
      28   5.609   -15.85192    0.00000    0.00000       5       1     md1
      29   5.626   -15.85189    0.00000    0.00000       6       1     mtd13
      30   5.704   -15.85176    0.00000    0.00000       7       1     md1
      31   5.725   -15.85173    0.00000    0.00000       8       1     md2
      32   5.776   -15.85165    0.00000    0.00000       9       1     mtd12
      33   5.876   -15.85149    0.00000    0.00000      10       1     mtd2
      34   5.959   -15.85136    0.00000    0.00000      11       1     mtd1
      35   5.986   -15.85132    0.00000    0.00000      12       1     gc
      36   5.989   -15.85131    0.00000    0.00000      13       1     md5
T /K                                  :   298.15
E lowest                              :   -15.86085
ensemble average energy (kcal)        :    0.120
ensemble entropy (J/mol K, cal/mol K) :   26.794    6.404
ensemble free energy (kcal/mol)       :   -1.909
population of lowest in %             :   59.787
 number of unique conformers for further calc           13
 list of relative energies saved as "crest.energies"

 -----------------
 Wall Time Summary
 -----------------
             test MD wall time :         0h : 0m : 0s
                 MTD wall time :         0h : 0m : 3s
      multilevel OPT wall time :         0h : 0m :15s
                  MD wall time :         0h : 0m : 3s
                  GC wall time :         0h : 0m : 2s
--------------------
Overall wall time  : 0h : 0m :25s

 CREST terminated normally.
