
       ==============================================
       |                                            |
       |                 C R E S T                  |
       |                                            |
       |  Conformer-Rotamer Ensemble Sampling Tool  |
       |          based on the GFN methods          |
       |             P.Pracht, S.Grimme             |
       |          Universitaet Bonn, MCTC           |
       ==============================================
       Version 2.12,   Thu 19. Mai 16:32:32 CEST 2022
  Using the xTB program. Compatible with xTB version 6.4.0

   Cite work conducted with this code as

   • P.Pracht, F.Bohle, S.Grimme, PCCP, 2020, 22, 7169-7192.
   • S.Grimme, JCTC, 2019, 15, 2847-2862.

   and for works involving QCG as

   • S.Spicher, C.Plett, P.Pracht, A.Hansen, S.Grimme,
     JCTC, 2022, 18 (5), 3174-3189.

   with help from:
   C.Bannwarth, F.Bohle, S.Ehlert, S.Grimme,
   C.Plett, P.Pracht, S.Spicher

   This program is distributed in the hope that it will be useful,
   but WITHOUT ANY WARRANTY; without even the implied warranty of
   MERCHANTABILITY or FITNESS FOR A PARTICULAR PURPOSE.

 Command line input:
 > crest xtbopt.xyz --gfn2//gfnff --chrg 0 --uhf 0 --nci --cbonds -T 128

  -gfn2//gfnff : energy reweighting
  --chrg 0
  --uhf 0
  --nci  : Special NCI mode for non-covalently bound complexes or clusters.
  -T 128 (CPUs/Threads selected)
  Automatically generated ellipsoide potential for NCI mode:
> $wall
>   potential=polynomial
>   ellipsoid: 32.383295475857707, 21.828955017110818, 21.034181969773002, all


 -------------------------
 xTB Geometry Optimization
 -------------------------
 Geometry successfully optimized.

------------------------------------------------
Generating MTD length from a flexibility measure
------------------------------------------------
 System flexiblity is set to 1.0 for NCI mode
 flexibility measure :   1.000
 t(MTD) / ps    :     6.0
 Σ(t(MTD)) / ps :    36.0 (6 MTDs)

-------------------------------------
Starting a trial MTD to test settings
-------------------------------------
 Estimated runtime for one MTD (6.0 ps) on a single thread: 7 min 30 sec
 Estimated runtime for a batch of 6 MTDs on 128 threads: 21 sec

 list of Vbias parameters applied:
$metadyn    0.00100   1.000
$metadyn    0.00050   1.000
$metadyn    0.00100   0.500
$metadyn    0.00050   0.500
$metadyn    0.00100   0.250
$metadyn    0.00050   0.250

*******************************************************************************************
**                        N E W    I T E R A T I O N    C Y C L E                        **
*******************************************************************************************

========================================
            MTD Iteration  1
========================================

     ========================================
     |         Meta-MD (MTD) Sampling       |
     ========================================

Starting Meta-MD   1 with the settings:
     MD time /ps        :     6.0
     dt /fs             :     2.0
     dumpstep(trj) /fs  :     100
     dumpstep(Vbias)/ps :     1.0
     Vbias factor k /Eh :  0.0190
     Vbias exp α /bohr⁻²:    1.00
Starting Meta-MD   2 with the settings:
     MD time /ps        :     6.0
     dt /fs             :     2.0
     dumpstep(trj) /fs  :     100
     dumpstep(Vbias)/ps :     1.0
     Vbias factor k /Eh :  0.0095
     Vbias exp α /bohr⁻²:    1.00
Starting Meta-MD   3 with the settings:
     MD time /ps        :     6.0
     dt /fs             :     2.0
     dumpstep(trj) /fs  :     100
     dumpstep(Vbias)/ps :     1.0
     Vbias factor k /Eh :  0.0190
     Vbias exp α /bohr⁻²:    0.50
Starting Meta-MD   6 with the settings:
     MD time /ps        :     6.0
     dt /fs             :     2.0
     dumpstep(trj) /fs  :     100
     dumpstep(Vbias)/ps :     1.0
     Vbias factor k /Eh :  0.0095
     Vbias exp α /bohr⁻²:    0.25
Starting Meta-MD   4 with the settings:
     MD time /ps        :     6.0
     dt /fs             :     2.0
     dumpstep(trj) /fs  :     100
     dumpstep(Vbias)/ps :     1.0
     Vbias factor k /Eh :  0.0095
     Vbias exp α /bohr⁻²:    0.50
Starting Meta-MD   5 with the settings:
     MD time /ps        :     6.0
     dt /fs             :     2.0
     dumpstep(trj) /fs  :     100
     dumpstep(Vbias)/ps :     1.0
     Vbias factor k /Eh :  0.0190
     Vbias exp α /bohr⁻²:    0.25
*Meta-MTD 3 finished*
*Meta-MTD 2 finished*
*Meta-MTD 6 finished*
*Meta-MTD 1 finished*
*Meta-MTD 5 finished*
*Meta-MTD 4 finished*

-----------------------
Multilevel Optimization
-----------------------

 -------------------------
 1. crude pre-optimization
 -------------------------
 Optimizing all 354 structures from file "crest_rotamers_0.xyz" ...
 1 2 3 4 5 6 7 8 9 10 11 12 13 14 15 16 17 18 19 20 21 22 23 24 25 26 27 28 29 30 31 32 33 34 35 36 37 38 39 40 41 42 43 44 45 46 47 48 49 50 51 52 53 54 55 56 57 58 59 60 61 62 63 64 65 66 67 68 69 70 71 72 73 74 75 76 77 78 79 80 81 82 83 84 85 86 87 88 89 90 91 92 93 94 95 96 97 98 99 100 101 102 103 104 105 106 107 108 109 110 111 112 113 114 115 116 117 118 119 120 121 122 123 124 125 126 127 128 129 130 131 132 133 134 135 136 137 138 139 140 141 142 143 144 145 146 147 148 149 150 151 152 153 154 155 156 157 158 159 160 161 162 163 164 165 166 167 168 169 170 171 172 173 174 175 176 177 178 179 180 181 182 183 184 185 186 187 188 189 190 191 192 193 194 195 196 197 198 199 200 201 202 203 204 205 206 207 208 209 210 211 212 213 214 215 216 217 218 219 220 221 222 223 224 225 226 227 228 229 230 231 232 233 234 235 236 237 238 239 240 241 242 243 244 245 246 247 248 249 250 251 252 253 254 255 256 257 258 259 260 261 262 263 264 265 266 267 268 269 270 271 272 273 274 275 276 277 278 279 280 281 282 283 284 285 286 287 288 289 290 291 292 293 294 295 296 297 298 299 300 301 302 303 304 305 306 307 308 309 310 311 312 313 314 315 316 317 318 319 320 321 322 323 324 325 326 327 328 329 330 331 332 333 334 335 336 337 338 339 340 341 342 343 344 345 346 347 348 349 350 351 352 353 354
 done.
 running RMSDs...
 done.
 E lowest :   -26.20274
 333 structures remain within    12.00 kcal/mol window

 -------------------------------------
 2. optimization with tight thresholds
 -------------------------------------
 Optimizing all 334 structures from file "crest_rotamers_1.xyz" ...
 1 2 3 4 5 6 7 8 9 10 11 12 13 14 15 16 17 18 19 20 21 22 23 24 25 26 27 28 29 30 31 32 33 34 35 36 37 38 39 40 41 42 43 44 45 46 47 48 49 50 51 52 53 54 55 56 57 58 59 60 61 62 63 64 65 66 67 68 69 70 71 72 73 74 75 76 77 78 79 80 81 82 83 84 85 86 87 88 89 90 91 92 93 94 95 96 97 98 99 100 101 102 103 104 105 106 107 108 109 110 111 112 113 114 115 116 117 118 119 120 121 122 123 124 125 126 127 128 129 130 131 132 133 134 135 136 137 138 139 140 141 142 143 144 145 146 147 148 149 150 151 152 153 154 155 156 157 158 159 160 161 162 163 164 165 166 167 168 169 170 171 172 173 174 175 176 177 178 179 180 181 182 183 184 185 186 187 188 189 190 191 192 193 194 195 196 197 198 199 200 201 202 203 204 205 206 207 208 209 210 211 212 213 214 215 216 217 218 219 220 221 222 223 224 225 226 227 228 229 230 231 232 233 234 235 236 237 238 239 240 241 242 243 244 245 246 247 248 249 250 251 252 253 254 255 256 257 258 259 260 261 262 263 264 265 266 267 268 269 270 271 272 273 274 275 276 277 278 279 280 281 282 283 284 285 286 287 288 289 290 291 292 293 294 295 296 297 298 299 300 301 302 303 304 305 306 307 308 309 310 311 312 313 314 315 316 317 318 319 320 321 322 323 324 325 326 327 328 329 330 331 332 333 334
 done.
 running RMSDs...
 done.
 E lowest :   -26.20348
 59 structures remain within     6.00 kcal/mol window


========================================
            MTD Iteration  2
========================================

     ========================================
     |         Meta-MD (MTD) Sampling       |
     ========================================

Starting Meta-MD   1 with the settings:
     MD time /ps        :     6.0
     dt /fs             :     2.0
     dumpstep(trj) /fs  :     100
     dumpstep(Vbias)/ps :     1.0
     Vbias factor k /Eh :  0.0190
     Vbias exp α /bohr⁻²:    1.00
Starting Meta-MD   2 with the settings:
     MD time /ps        :     6.0
     dt /fs             :     2.0
     dumpstep(trj) /fs  :     100
     dumpstep(Vbias)/ps :     1.0
     Vbias factor k /Eh :  0.0095
     Vbias exp α /bohr⁻²:    1.00
Starting Meta-MD   3 with the settings:
     MD time /ps        :     6.0
     dt /fs             :     2.0
     dumpstep(trj) /fs  :     100
     dumpstep(Vbias)/ps :     1.0
     Vbias factor k /Eh :  0.0190
     Vbias exp α /bohr⁻²:    0.50
Starting Meta-MD   4 with the settings:
     MD time /ps        :     6.0
     dt /fs             :     2.0
     dumpstep(trj) /fs  :     100
     dumpstep(Vbias)/ps :     1.0
     Vbias factor k /Eh :  0.0095
     Vbias exp α /bohr⁻²:    0.50
*Meta-MTD 3 finished*
*Meta-MTD 2 finished*
*Meta-MTD 4 finished*
*Meta-MTD 1 finished*

-----------------------
Multilevel Optimization
-----------------------

 -------------------------
 1. crude pre-optimization
 -------------------------
 Optimizing all 236 structures from file "crest_rotamers_0.xyz" ...
 1 2 3 4 5 6 7 8 9 10 11 12 13 14 15 16 17 18 19 20 21 22 23 24 25 26 27 28 29 30 31 32 33 34 35 36 37 38 39 40 41 42 43 44 45 46 47 48 49 50 51 52 53 54 55 56 57 58 59 60 61 62 63 64 65 66 67 68 69 70 71 72 73 74 75 76 77 78 79 80 81 82 83 84 85 86 87 88 89 90 91 92 93 94 95 96 97 98 99 100 101 102 103 104 105 106 107 108 109 110 111 112 113 114 115 116 117 118 119 120 121 122 123 124 125 126 127 128 129 130 131 132 133 134 135 136 137 138 139 140 141 142 143 144 145 146 147 148 149 150 151 152 153 154 155 156 157 158 159 160 161 162 163 164 165 166 167 168 169 170 171 172 173 174 175 176 177 178 179 180 181 182 183 184 185 186 187 188 189 190 191 192 193 194 195 196 197 198 199 200 201 202 203 204 205 206 207 208 209 210 211 212 213 214 215 216 217 218 219 220 221 222 223 224 225 226 227 228 229 230 231 232 233 234 235 236
 done.
 running RMSDs...
 done.
 E lowest :   -26.20341
 228 structures remain within    12.00 kcal/mol window

 -------------------------------------
 2. optimization with tight thresholds
 -------------------------------------
 Optimizing all 229 structures from file "crest_rotamers_1.xyz" ...
 1 2 3 4 5 6 7 8 9 10 11 12 13 14 15 16 17 18 19 20 21 22 23 24 25 26 27 28 29 30 31 32 33 34 35 36 37 38 39 40 41 42 43 44 45 46 47 48 49 50 51 52 53 54 55 56 57 58 59 60 61 62 63 64 65 66 67 68 69 70 71 72 73 74 75 76 77 78 79 80 81 82 83 84 85 86 87 88 89 90 91 92 93 94 95 96 97 98 99 100 101 102 103 104 105 106 107 108 109 110 111 112 113 114 115 116 117 118 119 120 121 122 123 124 125 126 127 128 129 130 131 132 133 134 135 136 137 138 139 140 141 142 143 144 145 146 147 148 149 150 151 152 153 154 155 156 157 158 159 160 161 162 163 164 165 166 167 168 169 170 171 172 173 174 175 176 177 178 179 180 181 182 183 184 185 186 187 188 189 190 191 192 193 194 195 196 197 198 199 200 201 202 203 204 205 206 207 208 209 210 211 212 213 214 215 216 217 218 219 220 221 222 223 224 225 226 227 228 229
 done.
 running RMSDs...
 done.
 E lowest :   -26.20405
 49 structures remain within     6.00 kcal/mol window

 ...............................................
 A new lower conformer was found!
 Improved by    0.00058 Eh or    0.36103kcal/mol
 ...............................................

========================================
            MTD Iteration  3
========================================

     ========================================
     |         Meta-MD (MTD) Sampling       |
     ========================================

Starting Meta-MD   1 with the settings:
     MD time /ps        :     6.0
     dt /fs             :     2.0
     dumpstep(trj) /fs  :     100
     dumpstep(Vbias)/ps :     1.0
     Vbias factor k /Eh :  0.0190
     Vbias exp α /bohr⁻²:    1.00
Starting Meta-MD   2 with the settings:
     MD time /ps        :     6.0
     dt /fs             :     2.0
     dumpstep(trj) /fs  :     100
     dumpstep(Vbias)/ps :     1.0
     Vbias factor k /Eh :  0.0095
     Vbias exp α /bohr⁻²:    1.00
Starting Meta-MD   3 with the settings:
     MD time /ps        :     6.0
     dt /fs             :     2.0
     dumpstep(trj) /fs  :     100
     dumpstep(Vbias)/ps :     1.0
     Vbias factor k /Eh :  0.0190
     Vbias exp α /bohr⁻²:    0.50
Starting Meta-MD   4 with the settings:
     MD time /ps        :     6.0
     dt /fs             :     2.0
     dumpstep(trj) /fs  :     100
     dumpstep(Vbias)/ps :     1.0
     Vbias factor k /Eh :  0.0095
     Vbias exp α /bohr⁻²:    0.50
*Meta-MTD 2 finished*
*Meta-MTD 4 finished*
*Meta-MTD 1 finished*
*Meta-MTD 3 finished*

-----------------------
Multilevel Optimization
-----------------------

 -------------------------
 1. crude pre-optimization
 -------------------------
 Optimizing all 236 structures from file "crest_rotamers_0.xyz" ...
 1 2 3 4 5 6 7 8 9 10 11 12 13 14 15 16 17 18 19 20 21 22 23 24 25 26 27 28 29 30 31 32 33 34 35 36 37 38 39 40 41 42 43 44 45 46 47 48 49 50 51 52 53 54 55 56 57 58 59 60 61 62 63 64 65 66 67 68 69 70 71 72 73 74 75 76 77 78 79 80 81 82 83 84 85 86 87 88 89 90 91 92 93 94 95 96 97 98 99 100 101 102 103 104 105 106 107 108 109 110 111 112 113 114 115 116 117 118 119 120 121 122 123 124 125 126 127 128 129 130 131 132 133 134 135 136 137 138 139 140 141 142 143 144 145 146 147 148 149 150 151 152 153 154 155 156 157 158 159 160 161 162 163 164 165 166 167 168 169 170 171 172 173 174 175 176 177 178 179 180 181 182 183 184 185 186 187 188 189 190 191 192 193 194 195 196 197 198 199 200 201 202 203 204 205 206 207 208 209 210 211 212 213 214 215 216 217 218 219 220 221 222 223 224 225 226 227 228 229 230 231 232 233 234 235 236
 done.
 running RMSDs...
 done.
 E lowest :   -26.20323
 225 structures remain within    12.00 kcal/mol window

 -------------------------------------
 2. optimization with tight thresholds
 -------------------------------------
 Optimizing all 226 structures from file "crest_rotamers_1.xyz" ...
 1 2 3 4 5 6 7 8 9 10 11 12 13 14 15 16 17 18 19 20 21 22 23 24 25 26 27 28 29 30 31 32 33 34 35 36 37 38 39 40 41 42 43 44 45 46 47 48 49 50 51 52 53 54 55 56 57 58 59 60 61 62 63 64 65 66 67 68 69 70 71 72 73 74 75 76 77 78 79 80 81 82 83 84 85 86 87 88 89 90 91 92 93 94 95 96 97 98 99 100 101 102 103 104 105 106 107 108 109 110 111 112 113 114 115 116 117 118 119 120 121 122 123 124 125 126 127 128 129 130 131 132 133 134 135 136 137 138 139 140 141 142 143 144 145 146 147 148 149 150 151 152 153 154 155 156 157 158 159 160 161 162 163 164 165 166 167 168 169 170 171 172 173 174 175 176 177 178 179 180 181 182 183 184 185 186 187 188 189 190 191 192 193 194 195 196 197 198 199 200 201 202 203 204 205 206 207 208 209 210 211 212 213 214 215 216 217 218 219 220 221 222 223 224 225 226
 done.
 running RMSDs...
 done.
 E lowest :   -26.20405
 24 structures remain within     6.00 kcal/mol window

========================================
            MTD Iterations done         
========================================
 Collecting ensmbles.
 running RMSDs...
 done.
 E lowest :   -26.20405
 114 structures remain within     6.00 kcal/mol window

 -------------------------------
 Additional orientation sampling
 -------------------------------
 Optimizing all 102 structures from file "oh_ensemble.xyz" ...
 1 2 3 4 5 6 7 8 9 10 11 12 13 14 15 16 17 18 19 20 21 22 23 24 25 26 27 28 29 30 31 32 33 34 35 36 37 38 39 40 41 42 43 44 45 46 47 48 49 50 51 52 53 54 55 56 57 58 59 60 61 62 63 64 65 66 67 68 69 70 71 72 73 74 75 76 77 78 79 80 81 82 83 84 85 86 87 88 89 90 91 92 93 94 95 96 97 98 99 100 101 102
 done.
 running RMSDs...
 done.
 E lowest :   -26.20405
 161 structures remain within     6.00 kcal/mol window



   ================================================
   |           Final Geometry Optimization        |
   ================================================
 ------------------------------------------------
 Ensemble optimization with very tight thresholds
 ------------------------------------------------
 Optimizing all 161 structures from file "crest_rotamers_2.xyz" ...
 1 2 3 4 5 6 7 8 9 10 11 12 13 14 15 16 17 18 19 20 21 22 23 24 25 26 27 28 29 30 31 32 33 34 35 36 37 38 39 40 41 42 43 44 45 46 47 48 49 50 51 52 53 54 55 56 57 58 59 60 61 62 63 64 65 66 67 68 69 70 71 72 73 74 75 76 77 78 79 80 81 82 83 84 85 86 87 88 89 90 91 92 93 94 95 96 97 98 99 100 101 102 103 104 105 106 107 108 109 110 111 112 113 114 115 116 117 118 119 120 121 122 123 124 125 126 127 128 129 130 131 132 133 134 135 136 137 138 139 140 141 142 143 144 145 146 147 148 149 150 151 152 153 154 155 156 157 158 159 160 161
 done.
 running RMSDs...
 done.
 E lowest :   -26.20403
 154 structures remain within     6.00 kcal/mol window

 input  file name : crest_rotamers_3.xyz
 output file name : crest_rotamers_4.xyz
 number of atoms                :   19
 number of points on xyz files  :   161
 RMSD threshold                 :   0.1250
 Bconst threshold               :   0.0100
 population threshold           :   0.0500
 conformer energy window  /kcal :   6.0000
 # fragment in coord            :     2
 # bonds in reference structure :    17
 number of reliable points      :   161
 reference state Etot :  -26.204033089999999
 number of doubles removed by rot/RMSD         :           7
 total number unique points considered further :         154
       Erel/kcal        Etot weight/tot  conformer     set   degen     origin
       1   0.000   -26.20403    0.06407    0.12792       1       2     mtd1
       2   0.002   -26.20403    0.06385                                mtd1
       3   0.303   -26.20355    0.03844    0.07657       2       2     hor
       4   0.308   -26.20354    0.03814                                mtd1
       5   0.360   -26.20346    0.03490    0.06972       3       2     mtd4
       6   0.361   -26.20346    0.03483                                mtd2
       7   0.410   -26.20338    0.03208    0.06341       4       2     mtd1
       8   0.424   -26.20336    0.03133                                mtd2
       9   0.442   -26.20333    0.03039    0.03039       5       1     hor
      10   0.589   -26.20309    0.02373    0.02373       6       1     mtd2
      11   0.649   -26.20300    0.02144    0.02144       7       1     hor
      12   0.661   -26.20298    0.02100    0.02100       8       1     hor
      13   0.676   -26.20296    0.02049    0.04060       9       2     mtd3
      14   0.687   -26.20294    0.02011                                hor
      15   0.710   -26.20290    0.01936    0.03815      10       2     mtd4
      16   0.727   -26.20287    0.01879                                mtd4
      17   0.799   -26.20276    0.01664    0.01664      11       1     mtd1
      18   0.846   -26.20269    0.01539    0.01539      12       1     mtd1
      19   0.857   -26.20267    0.01511    0.03015      13       2     mtd1
      20   0.859   -26.20266    0.01504                                hor
      21   0.857   -26.20267    0.01509    0.03012      14       2     mtd2
      22   0.860   -26.20266    0.01503                                hor
      23   0.887   -26.20262    0.01435    0.02864      15       2     mtd2
      24   0.890   -26.20262    0.01429                                mtd3
      25   0.923   -26.20256    0.01352    0.02696      16       2     mtd3
      26   0.926   -26.20256    0.01345                                mtd3
      27   0.932   -26.20255    0.01331    0.01331      17       1     hor
      28   0.955   -26.20251    0.01281    0.01281      18       1     mtd3
      29   0.971   -26.20249    0.01246    0.02487      19       2     mtd6
      30   0.973   -26.20248    0.01241                                mtd1
      31   1.046   -26.20237    0.01097    0.01097      20       1     mtd3
      32   1.050   -26.20236    0.01091    0.02168      21       2     mtd4
      33   1.057   -26.20235    0.01077                                mtd1
      34   1.108   -26.20227    0.00990    0.00990      22       1     hor
      35   1.113   -26.20226    0.00980    0.01957      23       2     mtd4
      36   1.115   -26.20226    0.00977                                mtd5
      37   1.120   -26.20225    0.00969    0.00969      24       1     mtd1
      38   1.123   -26.20224    0.00964    0.00964      25       1     mtd3
      39   1.126   -26.20224    0.00960    0.00960      26       1     mtd1
      40   1.146   -26.20221    0.00928    0.00928      27       1     mtd3
      41   1.245   -26.20205    0.00785    0.00785      28       1     mtd3
      42   1.316   -26.20194    0.00697    0.00697      29       1     mtd4
      43   1.325   -26.20192    0.00685    0.00685      30       1     mtd4
      44   1.362   -26.20186    0.00645    0.01277      31       2     mtd1
      45   1.373   -26.20184    0.00632                                mtd3
      46   1.365   -26.20186    0.00641    0.00641      32       1     mtd3
      47   1.393   -26.20181    0.00612    0.00612      33       1     hor
      48   1.402   -26.20180    0.00602    0.00602      34       1     mtd3
      49   1.455   -26.20171    0.00551    0.00551      35       1     hor
      50   1.463   -26.20170    0.00544    0.00544      36       1     mtd3
      51   1.479   -26.20168    0.00529    0.00529      37       1     mtd2
      52   1.536   -26.20158    0.00480    0.00480      38       1     mtd2
      53   1.563   -26.20154    0.00459    0.00459      39       1     mtd3
      54   1.605   -26.20148    0.00428    0.00842      40       2     mtd1
      55   1.624   -26.20145    0.00414                                hor
      56   1.627   -26.20144    0.00412    0.00412      41       1     mtd6
      57   1.640   -26.20142    0.00403    0.00403      42       1     mtd3
      58   1.611   -26.20147    0.00423    0.00423      43       1     mtd4
      59   1.664   -26.20138    0.00387    0.00387      44       1     hor
      60   1.666   -26.20138    0.00386    0.00758      45       2     hor
      61   1.687   -26.20134    0.00372                                mtd3
      62   1.787   -26.20118    0.00314    0.00626      46       2     mtd1
      63   1.792   -26.20118    0.00312                                hor
      64   1.829   -26.20112    0.00293    0.00293      47       1     hor
      65   1.857   -26.20107    0.00280    0.00280      48       1     mtd3
      66   1.879   -26.20104    0.00269    0.00269      49       1     mtd1
      67   1.895   -26.20101    0.00262    0.00518      50       2     hor
      68   1.910   -26.20099    0.00256                                hor
      69   1.911   -26.20099    0.00255    0.00255      51       1     mtd3
      70   1.929   -26.20096    0.00248    0.00500      52       2     mtd5
      71   1.919   -26.20098    0.00252                                mtd1
      72   1.899   -26.20101    0.00260    0.00260      53       1     mtd6
      73   2.038   -26.20079    0.00206    0.00206      54       1     mtd6
      74   2.073   -26.20073    0.00194    0.00194      55       1     mtd3
      75   2.122   -26.20065    0.00179    0.00356      56       2     hor
      76   2.127   -26.20064    0.00177                                hor
      77   2.123   -26.20065    0.00178    0.00178      57       1     mtd4
      78   2.226   -26.20048    0.00150    0.00150      58       1     mtd3
      79   2.232   -26.20048    0.00148    0.00296      59       2     hor
      80   2.234   -26.20047    0.00148                                mtd1
      81   2.288   -26.20039    0.00135    0.00135      60       1     mtd6
      82   2.297   -26.20037    0.00133    0.00133      61       1     mtd3
      83   2.302   -26.20036    0.00132    0.00132      62       1     mtd1
      84   2.321   -26.20033    0.00128    0.00128      63       1     hor
      85   2.366   -26.20026    0.00119    0.00119      64       1     hor
      86   2.368   -26.20026    0.00118    0.00118      65       1     mtd6
      87   2.411   -26.20019    0.00110    0.00110      66       1     hor
      88   2.464   -26.20011    0.00100    0.00199      67       2     mtd1
      89   2.474   -26.20009    0.00099                                mtd3
      90   2.541   -26.19998    0.00088    0.00176      68       2     hor
      91   2.543   -26.19998    0.00088                                hor
      92   2.554   -26.19996    0.00086    0.00171      69       2     hor
      93   2.566   -26.19994    0.00085                                mtd4
      94   2.566   -26.19994    0.00085    0.00085      70       1     hor
      95   2.568   -26.19994    0.00084    0.00084      71       1     mtd3
      96   2.585   -26.19991    0.00082    0.00082      72       1     hor
      97   2.586   -26.19991    0.00082    0.00163      73       2     hor
      98   2.587   -26.19991    0.00082                                hor
      99   2.610   -26.19987    0.00079    0.00157      74       2     mtd3
     100   2.611   -26.19987    0.00078                                hor
     101   2.618   -26.19986    0.00078    0.00078      75       1     hor
     102   2.644   -26.19982    0.00074    0.00074      76       1     mtd1
     103   2.727   -26.19969    0.00064    0.00064      77       1     mtd4
     104   2.745   -26.19966    0.00063    0.00063      78       1     mtd1
     105   2.766   -26.19963    0.00060    0.00060      79       1     mtd4
     106   2.811   -26.19955    0.00056    0.00056      80       1     hor
     107   2.830   -26.19952    0.00054    0.00054      81       1     mtd1
     108   2.858   -26.19948    0.00052    0.00052      82       1     mtd4
     109   2.908   -26.19940    0.00048    0.00048      83       1     mtd1
     110   2.933   -26.19936    0.00046    0.00046      84       1     mtd1
     111   2.942   -26.19934    0.00045    0.00045      85       1     mtd3
     112   2.985   -26.19928    0.00042    0.00042      86       1     hor
     113   2.999   -26.19925    0.00041    0.00041      87       1     mtd1
     114   3.077   -26.19913    0.00036    0.00036      88       1     mtd3
     115   3.092   -26.19911    0.00035    0.00069      89       2     mtd6
     116   3.097   -26.19910    0.00035                                mtd6
     117   3.137   -26.19903    0.00032    0.00064      90       2     hor
     118   3.139   -26.19903    0.00032                                hor
     119   3.162   -26.19899    0.00031    0.00062      91       2     hor
     120   3.164   -26.19899    0.00031                                hor
     121   3.195   -26.19894    0.00029    0.00029      92       1     mtd1
     122   3.234   -26.19888    0.00027    0.00027      93       1     hor
     123   3.248   -26.19886    0.00027    0.00027      94       1     mtd2
     124   3.269   -26.19882    0.00026    0.00052      95       2     hor
     125   3.271   -26.19882    0.00026                                mtd5
     126   3.290   -26.19879    0.00025    0.00025      96       1     hor
     127   3.334   -26.19872    0.00023    0.00023      97       1     hor
     128   3.376   -26.19865    0.00022    0.00022      98       1     hor
     129   3.381   -26.19865    0.00021    0.00021      99       1     hor
     130   3.619   -26.19827    0.00014    0.00028     100       2     mtd2
     131   3.635   -26.19824    0.00014                                mtd3
     132   3.744   -26.19807    0.00012    0.00012     101       1     mtd3
     133   3.777   -26.19801    0.00011    0.00011     102       1     mtd3
     134   3.781   -26.19801    0.00011    0.00011     103       1     hor
     135   3.806   -26.19797    0.00010    0.00010     104       1     hor
     136   3.877   -26.19786    0.00009    0.00009     105       1     hor
     137   3.915   -26.19779    0.00009    0.00009     106       1     hor
     138   3.954   -26.19773    0.00008    0.00008     107       1     hor
     139   4.005   -26.19765    0.00007    0.00007     108       1     hor
     140   4.073   -26.19754    0.00007    0.00007     109       1     hor
     141   4.132   -26.19745    0.00006    0.00006     110       1     mtd2
     142   4.244   -26.19727    0.00005    0.00005     111       1     hor
     143   4.288   -26.19720    0.00005    0.00005     112       1     mtd3
     144   4.645   -26.19663    0.00003    0.00003     113       1     hor
     145   4.922   -26.19619    0.00002    0.00002     114       1     hor
     146   5.037   -26.19601    0.00001    0.00001     115       1     mtd3
     147   5.069   -26.19596    0.00001    0.00001     116       1     hor
     148   5.185   -26.19577    0.00001    0.00001     117       1     hor
     149   5.242   -26.19568    0.00001    0.00002     118       2     hor
     150   5.250   -26.19567    0.00001                                mtd3
     151   5.382   -26.19546    0.00001    0.00001     119       1     mtd5
     152   5.462   -26.19533    0.00001    0.00001     120       1     hor
     153   5.490   -26.19528    0.00001    0.00001     121       1     hor
     154   5.557   -26.19518    0.00001    0.00001     122       1     hor
T /K                                  :   298.15
E lowest                              :   -26.20403
ensemble average energy (kcal)        :    0.810
ensemble entropy (J/mol K, cal/mol K) :   34.209    8.176
ensemble free energy (kcal/mol)       :   -2.438
population of lowest in %             :   12.792
 number of unique conformers for further calc          122
 list of relative energies saved as "crest.energies"

 -----------------
 Wall Time Summary
 -----------------
             test MD wall time :         0h : 0m : 0s
                 MTD wall time :         0h : 0m : 9s
      multilevel OPT wall time :         0h : 0m :14s
--------------------
Overall wall time  : 0h : 0m :25s

 CREST terminated normally.
