
       ==============================================
       |                                            |
       |                 C R E S T                  |
       |                                            |
       |  Conformer-Rotamer Ensemble Sampling Tool  |
       |          based on the GFN methods          |
       |             P.Pracht, S.Grimme             |
       |          Universitaet Bonn, MCTC           |
       ==============================================
       Version 2.12,   Thu 19. Mai 16:32:32 CEST 2022
  Using the xTB program. Compatible with xTB version 6.4.0

   Cite work conducted with this code as

   • P.Pracht, F.Bohle, S.Grimme, PCCP, 2020, 22, 7169-7192.
   • S.Grimme, JCTC, 2019, 15, 2847-2862.

   and for works involving QCG as

   • S.Spicher, C.Plett, P.Pracht, A.Hansen, S.Grimme,
     JCTC, 2022, 18 (5), 3174-3189.

   with help from:
   C.Bannwarth, F.Bohle, S.Ehlert, S.Grimme,
   C.Plett, P.Pracht, S.Spicher

   This program is distributed in the hope that it will be useful,
   but WITHOUT ANY WARRANTY; without even the implied warranty of
   MERCHANTABILITY or FITNESS FOR A PARTICULAR PURPOSE.

 Command line input:
 > crest xtbopt.xyz --gfn2//gfnff --chrg 0 --uhf 0 --nci --cbonds -T 128

  -gfn2//gfnff : energy reweighting
  --chrg 0
  --uhf 0
  --nci  : Special NCI mode for non-covalently bound complexes or clusters.
  -T 128 (CPUs/Threads selected)
  Automatically generated ellipsoide potential for NCI mode:
> $wall
>   potential=polynomial
>   ellipsoid: 59.081018986059398, 31.063509996839446, 30.603371632066551, all


 -------------------------
 xTB Geometry Optimization
 -------------------------
 Geometry successfully optimized.

------------------------------------------------
Generating MTD length from a flexibility measure
------------------------------------------------
 System flexiblity is set to 1.0 for NCI mode
 flexibility measure :   1.000
 t(MTD) / ps    :    17.0
 Σ(t(MTD)) / ps :   102.0 (6 MTDs)

-------------------------------------
Starting a trial MTD to test settings
-------------------------------------
 Estimated runtime for one MTD (17.0 ps) on a single thread: 41 min 5 sec
 Estimated runtime for a batch of 6 MTDs on 128 threads: 1 min 57 sec

 list of Vbias parameters applied:
$metadyn    0.00100   1.000
$metadyn    0.00050   1.000
$metadyn    0.00100   0.500
$metadyn    0.00050   0.500
$metadyn    0.00100   0.250
$metadyn    0.00050   0.250

*******************************************************************************************
**                        N E W    I T E R A T I O N    C Y C L E                        **
*******************************************************************************************

========================================
            MTD Iteration  1
========================================

     ========================================
     |         Meta-MD (MTD) Sampling       |
     ========================================

Starting Meta-MD   2 with the settings:
     MD time /ps        :    17.0
     dt /fs             :     2.0
     dumpstep(trj) /fs  :     100
     dumpstep(Vbias)/ps :     1.0
     Vbias factor k /Eh :  0.0180
     Vbias exp α /bohr⁻²:    1.00
Starting Meta-MD   1 with the settings:
     MD time /ps        :    17.0
     dt /fs             :     2.0
     dumpstep(trj) /fs  :     100
     dumpstep(Vbias)/ps :     1.0
     Vbias factor k /Eh :  0.0360
     Vbias exp α /bohr⁻²:    1.00
Starting Meta-MD   3 with the settings:
     MD time /ps        :    17.0
     dt /fs             :     2.0
     dumpstep(trj) /fs  :     100
     dumpstep(Vbias)/ps :     1.0
     Vbias factor k /Eh :  0.0360
     Vbias exp α /bohr⁻²:    0.50
Starting Meta-MD   4 with the settings:
     MD time /ps        :    17.0
     dt /fs             :     2.0
     dumpstep(trj) /fs  :     100
     dumpstep(Vbias)/ps :     1.0
     Vbias factor k /Eh :  0.0180
     Vbias exp α /bohr⁻²:    0.50
Starting Meta-MD   6 with the settings:
     MD time /ps        :    17.0
     dt /fs             :     2.0
     dumpstep(trj) /fs  :     100
     dumpstep(Vbias)/ps :     1.0
     Vbias factor k /Eh :  0.0180
     Vbias exp α /bohr⁻²:    0.25
Starting Meta-MD   5 with the settings:
     MD time /ps        :    17.0
     dt /fs             :     2.0
     dumpstep(trj) /fs  :     100
     dumpstep(Vbias)/ps :     1.0
     Vbias factor k /Eh :  0.0360
     Vbias exp α /bohr⁻²:    0.25
*Meta-MTD 1 finished*
*Meta-MTD 5 finished*
*Meta-MTD 2 finished*
*Meta-MTD 6 finished*
*Meta-MTD 4 finished*
*Meta-MTD 3 finished*

-----------------------
Multilevel Optimization
-----------------------

 -------------------------
 1. crude pre-optimization
 -------------------------
 Optimizing all 1014 structures from file "crest_rotamers_0.xyz" ...
 1 2 3 4 5 6 7 8 9 10 11 12 13 14 15 16 17 18 19 20 21 22 23 24 25 26 27 28 29 30 31 32 33 34 35 36 37 38 39 40 41 42 43 44 45 46 47 48 49 50 51 52 53 54 55 56 57 58 59 60 61 62 63 64 65 66 67 68 69 70 71 72 73 74 75 76 77 78 79 80 81 82 83 84 85 86 87 88 89 90 91 92 93 94 95 96 97 98 99 100 101 102 103 104 105 106 107 108 109 110 111 112 113 114 115 116 117 118 119 120 121 122 123 124 125 126 127 128 129 130 131 132 133 134 135 136 137 138 139 140 141 142 143 144 145 146 147 148 149 150 151 152 153 154 155 156 157 158 159 160 161 162 163 164 165 166 167 168 169 170 171 172 173 174 175 176 177 178 179 180 181 182 183 184 185 186 187 188 189 190 191 192 193 194 195 196 197 198 199 200 201 202 203 204 205 206 207 208 209 210 211 212 213 214 215 216 217 218 219 220 221 222 223 224 225 226 227 228 229 230 231 232 233 234 235 236 237 238 239 240 241 242 243 244 245 246 247 248 249 250 251 252 253 254 255 256 257 258 259 260 261 262 263 264 265 266 267 268 269 270 271 272 273 274 275 276 277 278 279 280 281 282 283 284 285 286 287 288 289 290 291 292 293 294 295 296 297 298 299 300 301 302 303 304 305 306 307 308 309 310 311 312 313 314 315 316 317 318 319 320 321 322 323 324 325 326 327 328 329 330 331 332 333 334 335 336 337 338 339 340 341 342 343 344 345 346 347 348 349 350 351 352 353 354 355 356 357 358 359 360 361 362 363 364 365 366 367 368 369 370 371 372 373 374 375 376 377 378 379 380 381 382 383 384 385 386 387 388 389 390 391 392 393 394 395 396 397 398 399 400 401 402 403 404 405 406 407 408 409 410 411 412 413 414 415 416 417 418 419 420 421 422 423 424 425 426 427 428 429 430 431 432 433 434 435 436 437 438 439 440 441 442 443 444 445 446 447 448 449 450 451 452 453 454 455 456 457 458 459 460 461 462 463 464 465 466 467 468 469 470 471 472 473 474 475 476 477 478 479 480 481 482 483 484 485 486 487 488 489 490 491 492 493 494 495 496 497 498 499 500 501 502 503 504 505 506 507 508 509 510 511 512 513 514 515 516 517 518 519 520 521 522 523 524 525 526 527 528 529 530 531 532 533 534 535 536 537 538 539 540 541 542 543 544 545 546 547 548 549 550 551 552 553 554 555 556 557 558 559 560 561 562 563 564 565 566 567 568 569 570 571 572 573 574 575 576 577 578 579 580 581 582 583 584 585 586 587 588 589 590 591 592 593 594 595 596 597 598 599 600 601 602 603 604 605 606 607 608 609 610 611 612 613 614 615 616 617 618 619 620 621 622 623 624 625 626 627 628 629 630 631 632 633 634 635 636 637 638 639 640 641 642 643 644 645 646 647 648 649 650 651 652 653 654 655 656 657 658 659 660 661 662 663 664 665 666 667 668 669 670 671 672 673 674 675 676 677 678 679 680 681 682 683 684 685 686 687 688 689 690 691 692 693 694 695 696 697 698 699 700 701 702 703 704 705 706 707 708 709 710 711 712 713 714 715 716 717 718 719 720 721 722 723 724 725 726 727 728 729 730 731 732 733 734 735 736 737 738 739 740 741 742 743 744 745 746 747 748 749 750 751 752 753 754 755 756 757 758 759 760 761 762 763 764 765 766 767 768 769 770 771 772 773 774 775 776 777 778 779 780 781 782 783 784 785 786 787 788 789 790 791 792 793 794 795 796 797 798 799 800 801 802 803 804 805 806 807 808 809 810 811 812 813 814 815 816 817 818 819 820 821 822 823 824 825 826 827 828 829 830 831 832 833 834 835 836 837 838 839 840 841 842 843 844 845 846 847 848 849 850 851 852 853 854 855 856 857 858 859 860 861 862 863 864 865 866 867 868 869 870 871 872 873 874 875 876 877 878 879 880 881 882 883 884 885 886 887 888 889 890 891 892 893 894 895 896 897 898 899 900 901 902 903 904 905 906 907 908 909 910 911 912 913 914 915 916 917 918 919 920 921 922 923 924 925 926 927 928 929 930 931 932 933 934 935 936 937 938 939 940 941 942 943 944 945 946 947 948 949 950 951 952 953 954 955 956 957 958 959 960 961 962 963 964 965 966 967 968 969 970 971 972 973 974 975 976 977 978 979 980 981 982 983 984 985 986 987 988 989 990 991 992 993 994 995 996 997 998 999 1000 1001 1002 1003 1004 1005 1006 1007 1008 1009 1010 1011 1012 1013 1014
 done.
 running RMSDs...
 done.
 E lowest :   -55.09579
 789 structures remain within    12.00 kcal/mol window

 -------------------------------------
 2. optimization with tight thresholds
 -------------------------------------
 Optimizing all 790 structures from file "crest_rotamers_1.xyz" ...
 1 2 3 4 5 6 7 8 9 10 11 12 13 14 15 16 17 18 19 20 21 22 23 24 25 26 27 28 29 30 31 32 33 34 35 36 37 38 39 40 41 42 43 44 45 46 47 48 49 50 51 52 53 54 55 56 57 58 59 60 61 62 63 64 65 66 67 68 69 70 71 72 73 74 75 76 77 78 79 80 81 82 83 84 85 86 87 88 89 90 91 92 93 94 95 96 97 98 99 100 101 102 103 104 105 106 107 108 109 110 111 112 113 114 115 116 117 118 119 120 121 122 123 124 125 126 127 128 129 130 131 132 133 134 135 136 137 138 139 140 141 142 143 144 145 146 147 148 149 150 151 152 153 154 155 156 157 158 159 160 161 162 163 164 165 166 167 168 169 170 171 172 173 174 175 176 177 178 179 180 181 182 183 184 185 186 187 188 189 190 191 192 193 194 195 196 197 198 199 200 201 202 203 204 205 206 207 208 209 210 211 212 213 214 215 216 217 218 219 220 221 222 223 224 225 226 227 228 229 230 231 232 233 234 235 236 237 238 239 240 241 242 243 244 245 246 247 248 249 250 251 252 253 254 255 256 257 258 259 260 261 262 263 264 265 266 267 268 269 270 271 272 273 274 275 276 277 278 279 280 281 282 283 284 285 286 287 288 289 290 291 292 293 294 295 296 297 298 299 300 301 302 303 304 305 306 307 308 309 310 311 312 313 314 315 316 317 318 319 320 321 322 323 324 325 326 327 328 329 330 331 332 333 334 335 336 337 338 339 340 341 342 343 344 345 346 347 348 349 350 351 352 353 354 355 356 357 358 359 360 361 362 363 364 365 366 367 368 369 370 371 372 373 374 375 376 377 378 379 380 381 382 383 384 385 386 387 388 389 390 391 392 393 394 395 396 397 398 399 400 401 402 403 404 405 406 407 408 409 410 411 412 413 414 415 416 417 418 419 420 421 422 423 424 425 426 427 428 429 430 431 432 433 434 435 436 437 438 439 440 441 442 443 444 445 446 447 448 449 450 451 452 453 454 455 456 457 458 459 460 461 462 463 464 465 466 467 468 469 470 471 472 473 474 475 476 477 478 479 480 481 482 483 484 485 486 487 488 489 490 491 492 493 494 495 496 497 498 499 500 501 502 503 504 505 506 507 508 509 510 511 512 513 514 515 516 517 518 519 520 521 522 523 524 525 526 527 528 529 530 531 532 533 534 535 536 537 538 539 540 541 542 543 544 545 546 547 548 549 550 551 552 553 554 555 556 557 558 559 560 561 562 563 564 565 566 567 568 569 570 571 572 573 574 575 576 577 578 579 580 581 582 583 584 585 586 587 588 589 590 591 592 593 594 595 596 597 598 599 600 601 602 603 604 605 606 607 608 609 610 611 612 613 614 615 616 617 618 619 620 621 622 623 624 625 626 627 628 629 630 631 632 633 634 635 636 637 638 639 640 641 642 643 644 645 646 647 648 649 650 651 652 653 654 655 656 657 658 659 660 661 662 663 664 665 666 667 668 669 670 671 672 673 674 675 676 677 678 679 680 681 682 683 684 685 686 687 688 689 690 691 692 693 694 695 696 697 698 699 700 701 702 703 704 705 706 707 708 709 710 711 712 713 714 715 716 717 718 719 720 721 722 723 724 725 726 727 728 729 730 731 732 733 734 735 736 737 738 739 740 741 742 743 744 745 746 747 748 749 750 751 752 753 754 755 756 757 758 759 760 761 762 763 764 765 766 767 768 769 770 771 772 773 774 775 776 777 778 779 780 781 782 783 784 785 786 787 788 789 790
 done.
 running RMSDs...
 done.
 E lowest :   -55.09592
 102 structures remain within     6.00 kcal/mol window


========================================
            MTD Iteration  2
========================================

     ========================================
     |         Meta-MD (MTD) Sampling       |
     ========================================

Starting Meta-MD   1 with the settings:
     MD time /ps        :    17.0
     dt /fs             :     2.0
     dumpstep(trj) /fs  :     100
     dumpstep(Vbias)/ps :     1.0
     Vbias factor k /Eh :  0.0360
     Vbias exp α /bohr⁻²:    1.00
Starting Meta-MD   2 with the settings:
     MD time /ps        :    17.0
     dt /fs             :     2.0
     dumpstep(trj) /fs  :     100
     dumpstep(Vbias)/ps :     1.0
     Vbias factor k /Eh :  0.0180
     Vbias exp α /bohr⁻²:    1.00
Starting Meta-MD   4 with the settings:
     MD time /ps        :    17.0
     dt /fs             :     2.0
     dumpstep(trj) /fs  :     100
     dumpstep(Vbias)/ps :     1.0
     Vbias factor k /Eh :  0.0180
     Vbias exp α /bohr⁻²:    0.50
Starting Meta-MD   3 with the settings:
     MD time /ps        :    17.0
     dt /fs             :     2.0
     dumpstep(trj) /fs  :     100
     dumpstep(Vbias)/ps :     1.0
     Vbias factor k /Eh :  0.0360
     Vbias exp α /bohr⁻²:    0.50
*Meta-MTD 2 finished*
*Meta-MTD 4 finished*
*Meta-MTD 3 finished*
*Meta-MTD 1 finished*

-----------------------
Multilevel Optimization
-----------------------

 -------------------------
 1. crude pre-optimization
 -------------------------
 Optimizing all 676 structures from file "crest_rotamers_0.xyz" ...
 1 2 3 4 5 6 7 8 9 10 11 12 13 14 15 16 17 18 19 20 21 22 23 24 25 26 27 28 29 30 31 32 33 34 35 36 37 38 39 40 41 42 43 44 45 46 47 48 49 50 51 52 53 54 55 56 57 58 59 60 61 62 63 64 65 66 67 68 69 70 71 72 73 74 75 76 77 78 79 80 81 82 83 84 85 86 87 88 89 90 91 92 93 94 95 96 97 98 99 100 101 102 103 104 105 106 107 108 109 110 111 112 113 114 115 116 117 118 119 120 121 122 123 124 125 126 127 128 129 130 131 132 133 134 135 136 137 138 139 140 141 142 143 144 145 146 147 148 149 150 151 152 153 154 155 156 157 158 159 160 161 162 163 164 165 166 167 168 169 170 171 172 173 174 175 176 177 178 179 180 181 182 183 184 185 186 187 188 189 190 191 192 193 194 195 196 197 198 199 200 201 202 203 204 205 206 207 208 209 210 211 212 213 214 215 216 217 218 219 220 221 222 223 224 225 226 227 228 229 230 231 232 233 234 235 236 237 238 239 240 241 242 243 244 245 246 247 248 249 250 251 252 253 254 255 256 257 258 259 260 261 262 263 264 265 266 267 268 269 270 271 272 273 274 275 276 277 278 279 280 281 282 283 284 285 286 287 288 289 290 291 292 293 294 295 296 297 298 299 300 301 302 303 304 305 306 307 308 309 310 311 312 313 314 315 316 317 318 319 320 321 322 323 324 325 326 327 328 329 330 331 332 333 334 335 336 337 338 339 340 341 342 343 344 345 346 347 348 349 350 351 352 353 354 355 356 357 358 359 360 361 362 363 364 365 366 367 368 369 370 371 372 373 374 375 376 377 378 379 380 381 382 383 384 385 386 387 388 389 390 391 392 393 394 395 396 397 398 399 400 401 402 403 404 405 406 407 408 409 410 411 412 413 414 415 416 417 418 419 420 421 422 423 424 425 426 427 428 429 430 431 432 433 434 435 436 437 438 439 440 441 442 443 444 445 446 447 448 449 450 451 452 453 454 455 456 457 458 459 460 461 462 463 464 465 466 467 468 469 470 471 472 473 474 475 476 477 478 479 480 481 482 483 484 485 486 487 488 489 490 491 492 493 494 495 496 497 498 499 500 501 502 503 504 505 506 507 508 509 510 511 512 513 514 515 516 517 518 519 520 521 522 523 524 525 526 527 528 529 530 531 532 533 534 535 536 537 538 539 540 541 542 543 544 545 546 547 548 549 550 551 552 553 554 555 556 557 558 559 560 561 562 563 564 565 566 567 568 569 570 571 572 573 574 575 576 577 578 579 580 581 582 583 584 585 586 587 588 589 590 591 592 593 594 595 596 597 598 599 600 601 602 603 604 605 606 607 608 609 610 611 612 613 614 615 616 617 618 619 620 621 622 623 624 625 626 627 628 629 630 631 632 633 634 635 636 637 638 639 640 641 642 643 644 645 646 647 648 649 650 651 652 653 654 655 656 657 658 659 660 661 662 663 664 665 666 667 668 669 670 671 672 673 674 675 676
 done.
 running RMSDs...
 done.
 E lowest :   -55.09545
 521 structures remain within    12.00 kcal/mol window

 -------------------------------------
 2. optimization with tight thresholds
 -------------------------------------
 Optimizing all 522 structures from file "crest_rotamers_1.xyz" ...
 1 2 3 4 5 6 7 8 9 10 11 12 13 14 15 16 17 18 19 20 21 22 23 24 25 26 27 28 29 30 31 32 33 34 35 36 37 38 39 40 41 42 43 44 45 46 47 48 49 50 51 52 53 54 55 56 57 58 59 60 61 62 63 64 65 66 67 68 69 70 71 72 73 74 75 76 77 78 79 80 81 82 83 84 85 86 87 88 89 90 91 92 93 94 95 96 97 98 99 100 101 102 103 104 105 106 107 108 109 110 111 112 113 114 115 116 117 118 119 120 121 122 123 124 125 126 127 128 129 130 131 132 133 134 135 136 137 138 139 140 141 142 143 144 145 146 147 148 149 150 151 152 153 154 155 156 157 158 159 160 161 162 163 164 165 166 167 168 169 170 171 172 173 174 175 176 177 178 179 180 181 182 183 184 185 186 187 188 189 190 191 192 193 194 195 196 197 198 199 200 201 202 203 204 205 206 207 208 209 210 211 212 213 214 215 216 217 218 219 220 221 222 223 224 225 226 227 228 229 230 231 232 233 234 235 236 237 238 239 240 241 242 243 244 245 246 247 248 249 250 251 252 253 254 255 256 257 258 259 260 261 262 263 264 265 266 267 268 269 270 271 272 273 274 275 276 277 278 279 280 281 282 283 284 285 286 287 288 289 290 291 292 293 294 295 296 297 298 299 300 301 302 303 304 305 306 307 308 309 310 311 312 313 314 315 316 317 318 319 320 321 322 323 324 325 326 327 328 329 330 331 332 333 334 335 336 337 338 339 340 341 342 343 344 345 346 347 348 349 350 351 352 353 354 355 356 357 358 359 360 361 362 363 364 365 366 367 368 369 370 371 372 373 374 375 376 377 378 379 380 381 382 383 384 385 386 387 388 389 390 391 392 393 394 395 396 397 398 399 400 401 402 403 404 405 406 407 408 409 410 411 412 413 414 415 416 417 418 419 420 421 422 423 424 425 426 427 428 429 430 431 432 433 434 435 436 437 438 439 440 441 442 443 444 445 446 447 448 449 450 451 452 453 454 455 456 457 458 459 460 461 462 463 464 465 466 467 468 469 470 471 472 473 474 475 476 477 478 479 480 481 482 483 484 485 486 487 488 489 490 491 492 493 494 495 496 497 498 499 500 501 502 503 504 505 506 507 508 509 510 511 512 513 514 515 516 517 518 519 520 521 522
 done.
 running RMSDs...
 done.
 E lowest :   -55.09592
 64 structures remain within     6.00 kcal/mol window

========================================
            MTD Iterations done         
========================================
 Collecting ensmbles.
 running RMSDs...
 done.
 E lowest :   -55.09592
 162 structures remain within     6.00 kcal/mol window



   ================================================
   |           Final Geometry Optimization        |
   ================================================
 ------------------------------------------------
 Ensemble optimization with very tight thresholds
 ------------------------------------------------
 Optimizing all 162 structures from file "crest_rotamers_1.xyz" ...
 1 2 3 4 5 6 7 8 9 10 11 12 13 14 15 16 17 18 19 20 21 22 23 24 25 26 27 28 29 30 31 32 33 34 35 36 37 38 39 40 41 42 43 44 45 46 47 48 49 50 51 52 53 54 55 56 57 58 59 60 61 62 63 64 65 66 67 68 69 70 71 72 73 74 75 76 77 78 79 80 81 82 83 84 85 86 87 88 89 90 91 92 93 94 95 96 97 98 99 100 101 102 103 104 105 106 107 108 109 110 111 112 113 114 115 116 117 118 119 120 121 122 123 124 125 126 127 128 129 130 131 132 133 134 135 136 137 138 139 140 141 142 143 144 145 146 147 148 149 150 151 152 153 154 155 156 157 158 159 160 161 162
 done.
 running RMSDs...
 done.
 E lowest :   -55.09592
 138 structures remain within     6.00 kcal/mol window

 input  file name : crest_rotamers_2.xyz
 output file name : crest_rotamers_3.xyz
 number of atoms                :   36
 number of points on xyz files  :   162
 RMSD threshold                 :   0.1250
 Bconst threshold               :   0.0100
 population threshold           :   0.0500
 conformer energy window  /kcal :   6.0000
 # fragment in coord            :     2
 # bonds in reference structure :    36
   => # of C=C bonds :     7
 number of reliable points      :   162
 number of removed by energy    :     4
 number of remaining points     :   158
 reference state Etot :  -55.095916580000001
 number of doubles removed by rot/RMSD         :          20
 total number unique points considered further :         138
       Erel/kcal        Etot weight/tot  conformer     set   degen     origin
       1   0.000   -55.09592    0.04700    0.32019       1       7     mtd2
       2   0.003   -55.09591    0.04675                                mtd3
       3   0.006   -55.09591    0.04656                                mtd2
       4   0.031   -55.09587    0.04460                                mtd4
       5   0.032   -55.09587    0.04456                                mtd2
       6   0.021   -55.09588    0.04539                                mtd2
       7   0.021   -55.09588    0.04533                                mtd2
       8   0.040   -55.09585    0.04393    0.08731       2       2     mtd2
       9   0.047   -55.09584    0.04338                                mtd3
      10   0.024   -55.09588    0.04517    0.09023       3       2     mtd2
      11   0.025   -55.09588    0.04506                                mtd1
      12   0.059   -55.09582    0.04254    0.04254       4       1     mtd6
      13   0.625   -55.09492    0.01639    0.04888       5       3     mtd2
      14   0.630   -55.09491    0.01625                                mtd1
      15   0.630   -55.09491    0.01623                                mtd3
      16   0.626   -55.09492    0.01636    0.08066       6       5     mtd1
      17   0.634   -55.09491    0.01613                                mtd5
      18   0.639   -55.09490    0.01601                                mtd1
      19   0.628   -55.09492    0.01630                                mtd3
      20   0.644   -55.09489    0.01586                                mtd5
      21   0.643   -55.09489    0.01589    0.01589       7       1     mtd2
      22   0.658   -55.09487    0.01550    0.01550       8       1     mtd2
      23   0.660   -55.09486    0.01543    0.03075       9       2     mtd1
      24   0.665   -55.09486    0.01532                                mtd2
      25   0.665   -55.09486    0.01531    0.01531      10       1     mtd2
      26   0.667   -55.09485    0.01527    0.01527      11       1     mtd1
      27   0.678   -55.09484    0.01499    0.04502      12       3     mtd4
      28   0.663   -55.09486    0.01537                                mtd4
      29   0.690   -55.09482    0.01467                                mtd1
      30   0.694   -55.09481    0.01458    0.01458      13       1     mtd1
      31   0.695   -55.09481    0.01456    0.04296      14       3     mtd2
      32   0.702   -55.09480    0.01439                                mtd4
      33   0.717   -55.09477    0.01401                                mtd2
      34   0.717   -55.09477    0.01404    0.01404      15       1     mtd2
      35   0.805   -55.09463    0.01209    0.01209      16       1     mtd4
      36   1.031   -55.09427    0.00827    0.02432      17       3     mtd2
      37   1.042   -55.09426    0.00811                                mtd2
      38   1.054   -55.09424    0.00795                                mtd1
      39   1.062   -55.09422    0.00784    0.03082      18       4     mtd1
      40   1.066   -55.09422    0.00779                                mtd1
      41   1.076   -55.09420    0.00765                                mtd5
      42   1.086   -55.09419    0.00753                                mtd1
      43   1.078   -55.09420    0.00763    0.02256      19       3     mtd1
      44   1.091   -55.09418    0.00747                                mtd2
      45   1.091   -55.09418    0.00747                                mtd2
      46   1.091   -55.09418    0.00747    0.00747      20       1     mtd4
      47   1.104   -55.09416    0.00730    0.00730      21       1     mtd2
      48   1.113   -55.09414    0.00719    0.00719      22       1     mtd4
      49   1.224   -55.09397    0.00597    0.00597      23       1     mtd3
      50   2.609   -55.09176    0.00058    0.00166      24       3     mtd4
      51   2.636   -55.09172    0.00055                                mtd6
      52   2.657   -55.09168    0.00053                                mtd2
      53   2.673   -55.09166    0.00052    0.00052      25       1     mtd4
      54   4.339   -55.08900    0.00003    0.00003      26       1     mtd4
      55   4.407   -55.08889    0.00003    0.00003      27       1     mtd4
      56   4.419   -55.08887    0.00003    0.00003      28       1     mtd4
      57   4.479   -55.08878    0.00002    0.00007      29       3     mtd4
      58   4.489   -55.08876    0.00002                                mtd1
      59   4.491   -55.08876    0.00002                                mtd3
      60   4.492   -55.08876    0.00002    0.00005      30       2     mtd4
      61   4.497   -55.08875    0.00002                                mtd3
      62   4.494   -55.08875    0.00002    0.00002      31       1     mtd3
      63   4.506   -55.08874    0.00002    0.00005      32       2     mtd4
      64   4.508   -55.08873    0.00002                                mtd3
      65   4.507   -55.08873    0.00002    0.00002      33       1     mtd4
      66   4.574   -55.08863    0.00002    0.00004      34       2     mtd1
      67   4.586   -55.08861    0.00002                                mtd1
      68   4.623   -55.08855    0.00002    0.00002      35       1     mtd4
      69   4.673   -55.08847    0.00002    0.00002      36       1     mtd2
      70   4.751   -55.08835    0.00002    0.00002      37       1     mtd6
      71   4.771   -55.08831    0.00002    0.00003      38       2     mtd6
      72   4.783   -55.08829    0.00001                                mtd2
      73   4.784   -55.08829    0.00001    0.00001      39       1     mtd6
      74   4.815   -55.08824    0.00001    0.00001      40       1     mtd6
      75   4.842   -55.08820    0.00001    0.00001      41       1     mtd1
      76   4.858   -55.08818    0.00001    0.00001      42       1     mtd1
      77   4.908   -55.08809    0.00001    0.00006      43       5     mtd4
      78   4.924   -55.08807    0.00001                                mtd4
      79   4.916   -55.08808    0.00001                                mtd4
      80   4.918   -55.08808    0.00001                                mtd3
      81   4.926   -55.08807    0.00001                                mtd4
      82   4.926   -55.08807    0.00001    0.00001      44       1     mtd4
      83   4.931   -55.08806    0.00001    0.00001      45       1     mtd4
      84   4.921   -55.08807    0.00001    0.00003      46       3     mtd4
      85   4.935   -55.08805    0.00001                                mtd3
      86   4.928   -55.08806    0.00001                                mtd4
      87   4.935   -55.08805    0.00001    0.00002      47       2     mtd2
      88   4.942   -55.08804    0.00001                                mtd4
      89   4.942   -55.08804    0.00001    0.00001      48       1     mtd4
      90   4.949   -55.08803    0.00001    0.00001      49       1     mtd2
      91   4.922   -55.08807    0.00001    0.00001      50       1     mtd2
      92   4.950   -55.08803    0.00001    0.00002      51       2     mtd3
      93   4.928   -55.08806    0.00001                                mtd1
      94   4.954   -55.08802    0.00001    0.00003      52       3     mtd3
      95   4.961   -55.08801    0.00001                                mtd3
      96   4.952   -55.08803    0.00001                                mtd4
      97   4.978   -55.08798    0.00001    0.00002      53       2     mtd3
      98   4.944   -55.08804    0.00001                                mtd3
      99   4.934   -55.08805    0.00001    0.00002      54       2     mtd3
     100   4.988   -55.08797    0.00001                                mtd6
     101   4.954   -55.08802    0.00001    0.00001      55       1     mtd1
     102   4.989   -55.08797    0.00001    0.00001      56       1     mtd3
     103   5.000   -55.08795    0.00001    0.00001      57       1     mtd2
     104   5.002   -55.08795    0.00001    0.00001      58       1     mtd1
     105   5.024   -55.08791    0.00001    0.00002      59       2     mtd3
     106   5.028   -55.08790    0.00001                                mtd6
     107   5.030   -55.08790    0.00001    0.00001      60       1     mtd4
     108   5.089   -55.08781    0.00001    0.00001      61       1     mtd4
     109   5.133   -55.08774    0.00001    0.00002      62       2     mtd3
     110   5.153   -55.08770    0.00001                                mtd3
     111   5.152   -55.08771    0.00001    0.00002      63       2     mtd3
     112   5.156   -55.08770    0.00001                                mtd6
     113   5.244   -55.08756    0.00001    0.00001      64       2     mtd1
     114   5.264   -55.08753    0.00001                                mtd4
     115   5.279   -55.08750    0.00001    0.00001      65       1     mtd3
     116   5.300   -55.08747    0.00001    0.00001      66       1     mtd3
     117   5.313   -55.08745    0.00001    0.00001      67       1     mtd5
     118   5.322   -55.08744    0.00001    0.00001      68       1     mtd6
     119   5.324   -55.08743    0.00001    0.00001      69       1     mtd3
     120   5.354   -55.08738    0.00001    0.00001      70       1     mtd3
     121   5.362   -55.08737    0.00001    0.00001      71       1     mtd3
     122   5.365   -55.08737    0.00001    0.00001      72       1     mtd3
     123   5.373   -55.08735    0.00001    0.00001      73       2     mtd3
     124   5.393   -55.08732    0.00001                                mtd6
     125   5.398   -55.08731    0.00001    0.00001      74       1     mtd5
     126   5.489   -55.08717    0.00000    0.00000      75       1     mtd3
     127   5.552   -55.08707    0.00000    0.00002      76       6     mtd2
     128   5.572   -55.08704    0.00000                                mtd2
     129   5.576   -55.08703    0.00000                                mtd1
     130   5.583   -55.08702    0.00000                                mtd3
     131   5.585   -55.08702    0.00000                                mtd1
     132   5.594   -55.08700    0.00000                                mtd4
     133   5.729   -55.08679    0.00000    0.00000      77       1     mtd1
     134   5.852   -55.08659    0.00000    0.00000      78       1     mtd6
     135   5.861   -55.08658    0.00000    0.00000      79       1     mtd3
     136   5.896   -55.08652    0.00000    0.00000      80       1     mtd1
     137   5.962   -55.08642    0.00000    0.00000      81       2     mtd6
     138   5.967   -55.08641    0.00000                                mtd3
T /K                                  :   298.15
E lowest                              :   -55.09592
ensemble average energy (kcal)        :    0.372
ensemble entropy (J/mol K, cal/mol K) :   30.642    7.324
ensemble free energy (kcal/mol)       :   -2.184
population of lowest in %             :   32.019
 number of unique conformers for further calc           81
 list of relative energies saved as "crest.energies"

 -----------------
 Wall Time Summary
 -----------------
             test MD wall time :         0h : 0m : 0s
                 MTD wall time :         0h : 0m :15s
      multilevel OPT wall time :         0h : 0m :26s
--------------------
Overall wall time  : 0h : 0m :44s

 CREST terminated normally.
